[ 2019-04-03T00:04:33+08:00 ] 127.0.0.1 /carshop/index.php/mobile
INFO: [ app_init ] --START--
INFO: Run Behavior\BuildLiteBehavior [ RunTime:0.000014s ]
INFO: [ app_init ] --END-- [ RunTime:0.000348s ]
INFO: [ app_begin ] --START--
INFO: Run Behavior\ReadHtmlCacheBehavior [ RunTime:0.000880s ]
INFO: [ app_begin ] --END-- [ RunTime:0.000941s ]
SQL: SHOW COLUMNS FROM `cs_cate` [ RunTime:0.0087s ]
SQL: SELECT * FROM `cs_cate` WHERE ( pc=0 ) ORDER BY id asc  [ RunTime:0.0006s ]
SQL: SHOW COLUMNS FROM `cs_article` [ RunTime:0.0073s ]
SQL: SELECT `id`,`title`,`rizu`,`pic` FROM `cs_article` WHERE ( cateid=93 ) ORDER BY id desc LIMIT 4   [ RunTime:0.0005s ]
SQL: SHOW COLUMNS FROM `cs_message` [ RunTime:0.0072s ]
SQL: SELECT * FROM `cs_message` WHERE ( type=0 ) ORDER BY id desc LIMIT 5   [ RunTime:0.0004s ]
INFO: [ view_parse ] --START--
INFO: [ template_filter ] --START--
INFO: Run Behavior\ContentReplaceBehavior [ RunTime:0.000192s ]
INFO: [ template_filter ] --END-- [ RunTime:0.000263s ]
NOTIC: [8] Undefined variable: catename C:\PHPWAMP_IN3\wwwroot\carshop\Application\Runtime\Cache\Mobile\59803a09875c7569286531ef77035039.php 第 85 行.
INFO: Run Behavior\ParseTemplateBehavior [ RunTime:0.019082s ]
INFO: [ view_parse ] --END-- [ RunTime:0.019152s ]
INFO: [ view_filter ] --START--
INFO: Run Behavior\WriteHtmlCacheBehavior [ RunTime:0.001155s ]
INFO: [ view_filter ] --END-- [ RunTime:0.001217s ]
INFO: [ app_end ] --START--
INFO: Run Behavior\ShowPageTraceBehavior [ RunTime:0.001144s ]
INFO: [ app_end ] --END-- [ RunTime:0.001216s ]

