[ 2019-04-02T00:26:09+08:00 ] 127.0.0.1 /carshop/index.php
INFO: [ app_init ] --START--
INFO: Run Behavior\BuildLiteBehavior [ RunTime:0.000016s ]
INFO: [ app_init ] --END-- [ RunTime:0.000298s ]
INFO: [ app_begin ] --START--
INFO: Run Behavior\ReadHtmlCacheBehavior [ RunTime:0.000492s ]
INFO: [ app_begin ] --END-- [ RunTime:0.000577s ]
SQL: SHOW COLUMNS FROM `cs_cate` [ RunTime:0.0097s ]
SQL: SELECT `id`,`name`,`type` FROM `cs_cate` WHERE `parentid` = 0 AND `pc` = 1 ORDER BY sort asc  [ RunTime:0.0005s ]
SQL: SHOW COLUMNS FROM `cs_link` [ RunTime:0.0083s ]
SQL: SELECT `title`,`url` FROM `cs_link`  [ RunTime:0.0003s ]
SQL: SHOW COLUMNS FROM `cs_article` [ RunTime:0.0091s ]
SQL: SELECT `id`,`title`,`pic`,`rizu` FROM `cs_article` WHERE ( cateid=70 ) ORDER BY id desc LIMIT 3   [ RunTime:0.0008s ]
SQL: SELECT `id`,`title`,`pic`,`rizu` FROM `cs_article` WHERE ( cateid=68 ) ORDER BY id desc  [ RunTime:0.0005s ]
SQL: SELECT `id`,`title`,`content` FROM `cs_article` WHERE ( cateid=67 ) LIMIT 1   [ RunTime:0.0003s ]
SQL: SELECT `id`,`title`,`content` FROM `cs_article` WHERE ( cateid=69 ) LIMIT 3   [ RunTime:0.0003s ]
INFO: [ view_parse ] --START--
INFO: [ template_filter ] --START--
INFO: Run Behavior\ContentReplaceBehavior [ RunTime:0.000153s ]
INFO: [ template_filter ] --END-- [ RunTime:0.000209s ]
NOTIC: [8] Undefined index: time C:\PHPWAMP_IN3\wwwroot\carshop\Application\Runtime\Cache\Home\2a94b8bda04ff446dcedd42276fc99ee.php 第 175 行.
NOTIC: [8] Undefined index: time C:\PHPWAMP_IN3\wwwroot\carshop\Application\Runtime\Cache\Home\2a94b8bda04ff446dcedd42276fc99ee.php 第 175 行.
NOTIC: [8] Undefined index: time C:\PHPWAMP_IN3\wwwroot\carshop\Application\Runtime\Cache\Home\2a94b8bda04ff446dcedd42276fc99ee.php 第 175 行.
INFO: Run Behavior\ParseTemplateBehavior [ RunTime:0.026337s ]
INFO: [ view_parse ] --END-- [ RunTime:0.026407s ]
INFO: [ view_filter ] --START--
INFO: Run Behavior\WriteHtmlCacheBehavior [ RunTime:0.000397s ]
INFO: [ view_filter ] --END-- [ RunTime:0.000450s ]
INFO: [ app_end ] --START--
INFO: Run Behavior\ShowPageTraceBehavior [ RunTime:0.000405s ]
INFO: [ app_end ] --END-- [ RunTime:0.000474s ]

[ 2019-04-02T00:26:49+08:00 ] 127.0.0.1 /carshop/index.php
INFO: [ app_init ] --START--
INFO: Run Behavior\BuildLiteBehavior [ RunTime:0.000013s ]
INFO: [ app_init ] --END-- [ RunTime:0.000311s ]
INFO: [ app_begin ] --START--
INFO: Run Behavior\ReadHtmlCacheBehavior [ RunTime:0.001123s ]
INFO: [ app_begin ] --END-- [ RunTime:0.001204s ]
SQL: SHOW COLUMNS FROM `cs_cate` [ RunTime:0.0075s ]
SQL: SELECT `id`,`name`,`type` FROM `cs_cate` WHERE `parentid` = 0 AND `pc` = 1 ORDER BY sort asc  [ RunTime:0.0004s ]
SQL: SHOW COLUMNS FROM `cs_link` [ RunTime:0.0071s ]
SQL: SELECT `title`,`url` FROM `cs_link`  [ RunTime:0.0003s ]
SQL: SHOW COLUMNS FROM `cs_article` [ RunTime:0.0081s ]
SQL: SELECT `id`,`title`,`pic`,`rizu` FROM `cs_article` WHERE ( cateid=70 ) ORDER BY id desc LIMIT 3   [ RunTime:0.0005s ]
SQL: SELECT `id`,`title`,`pic`,`rizu` FROM `cs_article` WHERE ( cateid=68 ) ORDER BY id desc  [ RunTime:0.0003s ]
SQL: SELECT `id`,`title`,`content` FROM `cs_article` WHERE ( cateid=67 ) LIMIT 1   [ RunTime:0.0002s ]
SQL: SELECT `id`,`title`,`content` FROM `cs_article` WHERE ( cateid=69 ) LIMIT 3   [ RunTime:0.0002s ]
INFO: [ view_parse ] --START--
INFO: [ template_filter ] --START--
INFO: Run Behavior\ContentReplaceBehavior [ RunTime:0.000140s ]
INFO: [ template_filter ] --END-- [ RunTime:0.000194s ]
NOTIC: [8] Undefined index: time C:\PHPWAMP_IN3\wwwroot\carshop\Application\Runtime\Cache\Home\2a94b8bda04ff446dcedd42276fc99ee.php 第 175 行.
NOTIC: [8] Undefined index: time C:\PHPWAMP_IN3\wwwroot\carshop\Application\Runtime\Cache\Home\2a94b8bda04ff446dcedd42276fc99ee.php 第 175 行.
NOTIC: [8] Undefined index: time C:\PHPWAMP_IN3\wwwroot\carshop\Application\Runtime\Cache\Home\2a94b8bda04ff446dcedd42276fc99ee.php 第 175 行.
INFO: Run Behavior\ParseTemplateBehavior [ RunTime:0.020999s ]
INFO: [ view_parse ] --END-- [ RunTime:0.021061s ]
INFO: [ view_filter ] --START--
INFO: Run Behavior\WriteHtmlCacheBehavior [ RunTime:0.000941s ]
INFO: [ view_filter ] --END-- [ RunTime:0.000984s ]
INFO: [ app_end ] --START--
INFO: Run Behavior\ShowPageTraceBehavior [ RunTime:0.001038s ]
INFO: [ app_end ] --END-- [ RunTime:0.001097s ]

[ 2019-04-02T00:27:23+08:00 ] 127.0.0.1 /carshop/index.php
INFO: [ app_init ] --START--
INFO: Run Behavior\BuildLiteBehavior [ RunTime:0.000019s ]
INFO: [ app_init ] --END-- [ RunTime:0.000386s ]
INFO: [ app_begin ] --START--
INFO: Run Behavior\ReadHtmlCacheBehavior [ RunTime:0.001245s ]
INFO: [ app_begin ] --END-- [ RunTime:0.001334s ]
SQL: SHOW COLUMNS FROM `cs_cate` [ RunTime:0.0074s ]
SQL: SELECT `id`,`name`,`type` FROM `cs_cate` WHERE `parentid` = 0 AND `pc` = 1 ORDER BY sort asc  [ RunTime:0.0004s ]
SQL: SHOW COLUMNS FROM `cs_link` [ RunTime:0.0065s ]
SQL: SELECT `title`,`url` FROM `cs_link`  [ RunTime:0.0004s ]
SQL: SHOW COLUMNS FROM `cs_article` [ RunTime:0.0070s ]
SQL: SELECT `id`,`title`,`pic`,`rizu` FROM `cs_article` WHERE ( cateid=70 ) ORDER BY id desc LIMIT 3   [ RunTime:0.0005s ]
SQL: SELECT `id`,`title`,`pic`,`rizu` FROM `cs_article` WHERE ( cateid=68 ) ORDER BY id desc  [ RunTime:0.0003s ]
SQL: SELECT `id`,`title`,`content` FROM `cs_article` WHERE ( cateid=67 ) LIMIT 1   [ RunTime:0.0003s ]
SQL: SELECT `id`,`title`,`content` FROM `cs_article` WHERE ( cateid=69 ) LIMIT 3   [ RunTime:0.0002s ]
INFO: [ view_parse ] --START--
INFO: [ template_filter ] --START--
INFO: Run Behavior\ContentReplaceBehavior [ RunTime:0.000178s ]
INFO: [ template_filter ] --END-- [ RunTime:0.000255s ]
NOTIC: [8] Undefined index: time C:\PHPWAMP_IN3\wwwroot\carshop\Application\Runtime\Cache\Home\2a94b8bda04ff446dcedd42276fc99ee.php 第 161 行.
NOTIC: [8] Undefined index: time C:\PHPWAMP_IN3\wwwroot\carshop\Application\Runtime\Cache\Home\2a94b8bda04ff446dcedd42276fc99ee.php 第 161 行.
NOTIC: [8] Undefined index: time C:\PHPWAMP_IN3\wwwroot\carshop\Application\Runtime\Cache\Home\2a94b8bda04ff446dcedd42276fc99ee.php 第 161 行.
INFO: Run Behavior\ParseTemplateBehavior [ RunTime:0.025898s ]
INFO: [ view_parse ] --END-- [ RunTime:0.025956s ]
INFO: [ view_filter ] --START--
INFO: Run Behavior\WriteHtmlCacheBehavior [ RunTime:0.001083s ]
INFO: [ view_filter ] --END-- [ RunTime:0.001144s ]
INFO: [ app_end ] --START--
INFO: Run Behavior\ShowPageTraceBehavior [ RunTime:0.001277s ]
INFO: [ app_end ] --END-- [ RunTime:0.001363s ]

[ 2019-04-02T06:35:47+08:00 ] 127.0.0.1 /carshop/index.php
INFO: [ app_init ] --START--
INFO: Run Behavior\BuildLiteBehavior [ RunTime:0.000018s ]
INFO: [ app_init ] --END-- [ RunTime:0.000216s ]
INFO: [ app_begin ] --START--
INFO: Run Behavior\ReadHtmlCacheBehavior [ RunTime:0.000420s ]
INFO: [ app_begin ] --END-- [ RunTime:0.000490s ]
SQL: SHOW COLUMNS FROM `cs_cate` [ RunTime:0.0076s ]
SQL: SELECT `id`,`name`,`type` FROM `cs_cate` WHERE `parentid` = 0 AND `pc` = 1 ORDER BY sort asc  [ RunTime:0.0004s ]
SQL: SHOW COLUMNS FROM `cs_link` [ RunTime:0.0085s ]
SQL: SELECT `title`,`url` FROM `cs_link`  [ RunTime:0.0003s ]
SQL: SHOW COLUMNS FROM `cs_article` [ RunTime:0.0069s ]
SQL: SELECT `id`,`title`,`pic`,`rizu` FROM `cs_article` WHERE ( cateid=70 ) ORDER BY id desc LIMIT 3   [ RunTime:0.0005s ]
SQL: SELECT `id`,`title`,`pic`,`rizu` FROM `cs_article` WHERE ( cateid=68 ) ORDER BY id desc  [ RunTime:0.0003s ]
SQL: SELECT `id`,`title`,`content` FROM `cs_article` WHERE ( cateid=67 ) LIMIT 1   [ RunTime:0.0003s ]
SQL: SELECT `id`,`title`,`content` FROM `cs_article` WHERE ( cateid=69 ) LIMIT 3   [ RunTime:0.0002s ]
INFO: [ view_parse ] --START--
INFO: [ template_filter ] --START--
INFO: Run Behavior\ContentReplaceBehavior [ RunTime:0.000143s ]
INFO: [ template_filter ] --END-- [ RunTime:0.000194s ]
NOTIC: [8] Undefined index: time C:\PHPWAMP_IN3\wwwroot\carshop\Application\Runtime\Cache\Home\2a94b8bda04ff446dcedd42276fc99ee.php 第 161 行.
NOTIC: [8] Undefined index: time C:\PHPWAMP_IN3\wwwroot\carshop\Application\Runtime\Cache\Home\2a94b8bda04ff446dcedd42276fc99ee.php 第 161 行.
NOTIC: [8] Undefined index: time C:\PHPWAMP_IN3\wwwroot\carshop\Application\Runtime\Cache\Home\2a94b8bda04ff446dcedd42276fc99ee.php 第 161 行.
INFO: Run Behavior\ParseTemplateBehavior [ RunTime:0.020667s ]
INFO: [ view_parse ] --END-- [ RunTime:0.020723s ]
INFO: [ view_filter ] --START--
INFO: Run Behavior\WriteHtmlCacheBehavior [ RunTime:0.000319s ]
INFO: [ view_filter ] --END-- [ RunTime:0.000354s ]
INFO: [ app_end ] --START--
INFO: Run Behavior\ShowPageTraceBehavior [ RunTime:0.000331s ]
INFO: [ app_end ] --END-- [ RunTime:0.000381s ]

[ 2019-04-02T06:54:49+08:00 ] 127.0.0.1 /carshop/index.php/Home/Carlist/index/cateid/68
INFO: [ app_init ] --START--
INFO: Run Behavior\BuildLiteBehavior [ RunTime:0.000018s ]
INFO: [ app_init ] --END-- [ RunTime:0.000330s ]
INFO: [ app_begin ] --START--
INFO: Run Behavior\ReadHtmlCacheBehavior [ RunTime:0.001492s ]
INFO: [ app_begin ] --END-- [ RunTime:0.001606s ]
SQL: SHOW COLUMNS FROM `cs_cate` [ RunTime:0.0095s ]
SQL: SELECT * FROM `cs_cate` WHERE `id` = 68 LIMIT 1   [ RunTime:0.0004s ]
SQL: SELECT * FROM `cs_cate` WHERE ( parentid=68 )  [ RunTime:0.0003s ]
SQL: SELECT * FROM `cs_cate` WHERE ( parentid=68 )  [ RunTime:0.0003s ]
SQL: SELECT `id`,`name`,`type` FROM `cs_cate` WHERE `parentid` = 0 AND `pc` = 1 ORDER BY sort asc  [ RunTime:0.0003s ]
SQL: SHOW COLUMNS FROM `cs_link` [ RunTime:0.0076s ]
SQL: SELECT `title`,`url` FROM `cs_link`  [ RunTime:0.0003s ]
SQL: SELECT * FROM `cs_cate` WHERE `id` = 68 LIMIT 1   [ RunTime:0.0003s ]
SQL: SELECT * FROM `cs_cate` WHERE `id` = 68 LIMIT 1   [ RunTime:0.0003s ]
SQL: SHOW COLUMNS FROM `cs_article` [ RunTime:0.0076s ]
SQL: SELECT COUNT(*) AS tp_count FROM `cs_article` WHERE ( cateid=68 ) LIMIT 1   [ RunTime:0.0005s ]
SQL: SELECT * FROM `cs_article` WHERE ( cateid=68 ) ORDER BY time asc LIMIT 0,2   [ RunTime:0.0004s ]
INFO: [ view_parse ] --START--
INFO: [ template_filter ] --START--
INFO: Run Behavior\ContentReplaceBehavior [ RunTime:0.000176s ]
INFO: [ template_filter ] --END-- [ RunTime:0.000286s ]
NOTIC: [8] Undefined variable: contro C:\PHPWAMP_IN3\wwwroot\carshop\Application\Runtime\Cache\Home\a48709bca952eced7bd8fa469ec83b13.php 第 154 行.
NOTIC: [8] Undefined variable: son3pid C:\PHPWAMP_IN3\wwwroot\carshop\Application\Runtime\Cache\Home\a48709bca952eced7bd8fa469ec83b13.php 第 159 行.
NOTIC: [8] Undefined variable: contro C:\PHPWAMP_IN3\wwwroot\carshop\Application\Runtime\Cache\Home\a48709bca952eced7bd8fa469ec83b13.php 第 154 行.
NOTIC: [8] Undefined variable: son3pid C:\PHPWAMP_IN3\wwwroot\carshop\Application\Runtime\Cache\Home\a48709bca952eced7bd8fa469ec83b13.php 第 159 行.
NOTIC: [8] Undefined variable: contro C:\PHPWAMP_IN3\wwwroot\carshop\Application\Runtime\Cache\Home\a48709bca952eced7bd8fa469ec83b13.php 第 154 行.
NOTIC: [8] Undefined variable: son3pid C:\PHPWAMP_IN3\wwwroot\carshop\Application\Runtime\Cache\Home\a48709bca952eced7bd8fa469ec83b13.php 第 159 行.
NOTIC: [8] Undefined variable: contro C:\PHPWAMP_IN3\wwwroot\carshop\Application\Runtime\Cache\Home\a48709bca952eced7bd8fa469ec83b13.php 第 154 行.
NOTIC: [8] Undefined variable: son3pid C:\PHPWAMP_IN3\wwwroot\carshop\Application\Runtime\Cache\Home\a48709bca952eced7bd8fa469ec83b13.php 第 159 行.
INFO: Run Behavior\ParseTemplateBehavior [ RunTime:0.020909s ]
INFO: [ view_parse ] --END-- [ RunTime:0.020959s ]
INFO: [ view_filter ] --START--
INFO: Run Behavior\WriteHtmlCacheBehavior [ RunTime:0.000860s ]
INFO: [ view_filter ] --END-- [ RunTime:0.000900s ]
INFO: [ app_end ] --START--
INFO: Run Behavior\ShowPageTraceBehavior [ RunTime:0.000942s ]
INFO: [ app_end ] --END-- [ RunTime:0.000990s ]

[ 2019-04-02T06:54:58+08:00 ] 127.0.0.1 /carshop/index.php/Home/Carlist/index/cateid/71
INFO: [ app_init ] --START--
INFO: Run Behavior\BuildLiteBehavior [ RunTime:0.000018s ]
INFO: [ app_init ] --END-- [ RunTime:0.000422s ]
INFO: [ app_begin ] --START--
INFO: Run Behavior\ReadHtmlCacheBehavior [ RunTime:0.001143s ]
INFO: [ app_begin ] --END-- [ RunTime:0.001214s ]
SQL: SHOW COLUMNS FROM `cs_cate` [ RunTime:0.0086s ]
SQL: SELECT * FROM `cs_cate` WHERE `id` = 71 LIMIT 1   [ RunTime:0.0004s ]
SQL: SELECT * FROM `cs_cate` WHERE ( parentid=71 )  [ RunTime:0.0004s ]
SQL: SELECT * FROM `cs_cate` WHERE ( id=68 ) LIMIT 1   [ RunTime:0.0003s ]
SQL: SELECT * FROM `cs_cate` WHERE ( parentid=68 )  [ RunTime:0.0003s ]
SQL: SELECT * FROM `cs_cate` WHERE ( parentid=71 )  [ RunTime:0.0003s ]
SQL: SELECT `id`,`name`,`type` FROM `cs_cate` WHERE `parentid` = 0 AND `pc` = 1 ORDER BY sort asc  [ RunTime:0.0003s ]
SQL: SHOW COLUMNS FROM `cs_link` [ RunTime:0.0076s ]
SQL: SELECT `title`,`url` FROM `cs_link`  [ RunTime:0.0003s ]
SQL: SELECT * FROM `cs_cate` WHERE `id` = 71 LIMIT 1   [ RunTime:0.0003s ]
SQL: SELECT * FROM `cs_cate` WHERE ( id=68 ) LIMIT 1   [ RunTime:0.0003s ]
SQL: SELECT * FROM `cs_cate` WHERE `id` = 71 LIMIT 1   [ RunTime:0.0003s ]
SQL: SELECT * FROM `cs_cate` WHERE `id` = 68 LIMIT 1   [ RunTime:0.0002s ]
SQL: SHOW COLUMNS FROM `cs_article` [ RunTime:0.0075s ]
SQL: SELECT COUNT(*) AS tp_count FROM `cs_article` WHERE ( cateid=71 ) LIMIT 1   [ RunTime:0.0004s ]
SQL: SELECT * FROM `cs_article` WHERE ( cateid=71 ) ORDER BY time asc LIMIT 0,2   [ RunTime:0.0004s ]
INFO: [ view_parse ] --START--
INFO: [ template_filter ] --START--
INFO: Run Behavior\ContentReplaceBehavior [ RunTime:0.000180s ]
INFO: [ template_filter ] --END-- [ RunTime:0.000247s ]
NOTIC: [8] Undefined variable: contro C:\PHPWAMP_IN3\wwwroot\carshop\Application\Runtime\Cache\Home\a48709bca952eced7bd8fa469ec83b13.php 第 154 行.
NOTIC: [8] Undefined variable: son3pid C:\PHPWAMP_IN3\wwwroot\carshop\Application\Runtime\Cache\Home\a48709bca952eced7bd8fa469ec83b13.php 第 159 行.
NOTIC: [8] Undefined variable: contro C:\PHPWAMP_IN3\wwwroot\carshop\Application\Runtime\Cache\Home\a48709bca952eced7bd8fa469ec83b13.php 第 154 行.
NOTIC: [8] Undefined variable: son3pid C:\PHPWAMP_IN3\wwwroot\carshop\Application\Runtime\Cache\Home\a48709bca952eced7bd8fa469ec83b13.php 第 159 行.
NOTIC: [8] Undefined variable: contro C:\PHPWAMP_IN3\wwwroot\carshop\Application\Runtime\Cache\Home\a48709bca952eced7bd8fa469ec83b13.php 第 154 行.
NOTIC: [8] Undefined variable: son3pid C:\PHPWAMP_IN3\wwwroot\carshop\Application\Runtime\Cache\Home\a48709bca952eced7bd8fa469ec83b13.php 第 159 行.
NOTIC: [8] Undefined variable: contro C:\PHPWAMP_IN3\wwwroot\carshop\Application\Runtime\Cache\Home\a48709bca952eced7bd8fa469ec83b13.php 第 154 行.
INFO: Run Behavior\ParseTemplateBehavior [ RunTime:0.025444s ]
INFO: [ view_parse ] --END-- [ RunTime:0.025513s ]
INFO: [ view_filter ] --START--
INFO: Run Behavior\WriteHtmlCacheBehavior [ RunTime:0.001457s ]
INFO: [ view_filter ] --END-- [ RunTime:0.001536s ]
INFO: [ app_end ] --START--
INFO: Run Behavior\ShowPageTraceBehavior [ RunTime:0.001262s ]
INFO: [ app_end ] --END-- [ RunTime:0.001332s ]

[ 2019-04-02T06:55:00+08:00 ] 127.0.0.1 /carshop/index.php/Home/Carlist/index/cateid/70
INFO: [ app_init ] --START--
INFO: Run Behavior\BuildLiteBehavior [ RunTime:0.000020s ]
INFO: [ app_init ] --END-- [ RunTime:0.000437s ]
INFO: [ app_begin ] --START--
INFO: Run Behavior\ReadHtmlCacheBehavior [ RunTime:0.001177s ]
INFO: [ app_begin ] --END-- [ RunTime:0.001266s ]
SQL: SHOW COLUMNS FROM `cs_cate` [ RunTime:0.0089s ]
SQL: SELECT * FROM `cs_cate` WHERE `id` = 70 LIMIT 1   [ RunTime:0.0004s ]
SQL: SELECT * FROM `cs_cate` WHERE ( parentid=70 )  [ RunTime:0.0003s ]
SQL: SELECT * FROM `cs_cate` WHERE ( id=68 ) LIMIT 1   [ RunTime:0.0003s ]
SQL: SELECT * FROM `cs_cate` WHERE ( parentid=68 )  [ RunTime:0.0003s ]
SQL: SELECT `id`,`name`,`type` FROM `cs_cate` WHERE `parentid` = 0 AND `pc` = 1 ORDER BY sort asc  [ RunTime:0.0003s ]
SQL: SHOW COLUMNS FROM `cs_link` [ RunTime:0.0069s ]
SQL: SELECT `title`,`url` FROM `cs_link`  [ RunTime:0.0003s ]
SQL: SELECT * FROM `cs_cate` WHERE `id` = 70 LIMIT 1   [ RunTime:0.0003s ]
SQL: SELECT * FROM `cs_cate` WHERE `id` = 70 LIMIT 1   [ RunTime:0.0003s ]
SQL: SHOW COLUMNS FROM `cs_article` [ RunTime:0.0076s ]
SQL: SELECT COUNT(*) AS tp_count FROM `cs_article` WHERE ( cateid=70 ) LIMIT 1   [ RunTime:0.0003s ]
SQL: SELECT * FROM `cs_article` WHERE ( cateid=70 ) ORDER BY time asc LIMIT 0,2   [ RunTime:0.0007s ]
INFO: [ view_parse ] --START--
INFO: [ template_filter ] --START--
INFO: Run Behavior\ContentReplaceBehavior [ RunTime:0.000140s ]
INFO: [ template_filter ] --END-- [ RunTime:0.000189s ]
NOTIC: [8] Undefined variable: son3pid C:\PHPWAMP_IN3\wwwroot\carshop\Application\Runtime\Cache\Home\a48709bca952eced7bd8fa469ec83b13.php 第 159 行.
NOTIC: [8] Undefined variable: son3pid C:\PHPWAMP_IN3\wwwroot\carshop\Application\Runtime\Cache\Home\a48709bca952eced7bd8fa469ec83b13.php 第 159 行.
NOTIC: [8] Undefined variable: son3pid C:\PHPWAMP_IN3\wwwroot\carshop\Application\Runtime\Cache\Home\a48709bca952eced7bd8fa469ec83b13.php 第 159 行.
NOTIC: [8] Undefined variable: son3pid C:\PHPWAMP_IN3\wwwroot\carshop\Application\Runtime\Cache\Home\a48709bca952eced7bd8fa469ec83b13.php 第 159 行.
INFO: Run Behavior\ParseTemplateBehavior [ RunTime:0.020045s ]
INFO: [ view_parse ] --END-- [ RunTime:0.020098s ]
INFO: [ view_filter ] --START--
INFO: Run Behavior\WriteHtmlCacheBehavior [ RunTime:0.001004s ]
INFO: [ view_filter ] --END-- [ RunTime:0.001046s ]
INFO: [ app_end ] --START--
INFO: Run Behavior\ShowPageTraceBehavior [ RunTime:0.000749s ]
INFO: [ app_end ] --END-- [ RunTime:0.000791s ]

[ 2019-04-02T06:55:04+08:00 ] 127.0.0.1 /carshop/index.php/Home/carlist/index/cateid/71
INFO: [ app_init ] --START--
INFO: Run Behavior\BuildLiteBehavior [ RunTime:0.000020s ]
INFO: [ app_init ] --END-- [ RunTime:0.000471s ]
INFO: [ app_begin ] --START--
INFO: Run Behavior\ReadHtmlCacheBehavior [ RunTime:0.001428s ]
INFO: [ app_begin ] --END-- [ RunTime:0.001520s ]
SQL: SHOW COLUMNS FROM `cs_cate` [ RunTime:0.0097s ]
SQL: SELECT * FROM `cs_cate` WHERE `id` = 71 LIMIT 1   [ RunTime:0.0003s ]
SQL: SELECT * FROM `cs_cate` WHERE ( parentid=71 )  [ RunTime:0.0003s ]
SQL: SELECT * FROM `cs_cate` WHERE ( id=68 ) LIMIT 1   [ RunTime:0.0002s ]
SQL: SELECT * FROM `cs_cate` WHERE ( parentid=68 )  [ RunTime:0.0002s ]
SQL: SELECT * FROM `cs_cate` WHERE ( parentid=71 )  [ RunTime:0.0002s ]
SQL: SELECT `id`,`name`,`type` FROM `cs_cate` WHERE `parentid` = 0 AND `pc` = 1 ORDER BY sort asc  [ RunTime:0.0002s ]
SQL: SHOW COLUMNS FROM `cs_link` [ RunTime:0.0066s ]
SQL: SELECT `title`,`url` FROM `cs_link`  [ RunTime:0.0002s ]
SQL: SELECT * FROM `cs_cate` WHERE `id` = 71 LIMIT 1   [ RunTime:0.0002s ]
SQL: SELECT * FROM `cs_cate` WHERE ( id=68 ) LIMIT 1   [ RunTime:0.0002s ]
SQL: SELECT * FROM `cs_cate` WHERE `id` = 71 LIMIT 1   [ RunTime:0.0002s ]
SQL: SELECT * FROM `cs_cate` WHERE `id` = 68 LIMIT 1   [ RunTime:0.0002s ]
SQL: SHOW COLUMNS FROM `cs_article` [ RunTime:0.0075s ]
SQL: SELECT COUNT(*) AS tp_count FROM `cs_article` WHERE ( cateid=71 ) LIMIT 1   [ RunTime:0.0004s ]
SQL: SELECT * FROM `cs_article` WHERE ( cateid=71 ) ORDER BY time asc LIMIT 0,2   [ RunTime:0.0005s ]
INFO: [ view_parse ] --START--
INFO: [ template_filter ] --START--
INFO: Run Behavior\ContentReplaceBehavior [ RunTime:0.000197s ]
INFO: [ template_filter ] --END-- [ RunTime:0.000277s ]
NOTIC: [8] Undefined variable: contro C:\PHPWAMP_IN3\wwwroot\carshop\Application\Runtime\Cache\Home\a48709bca952eced7bd8fa469ec83b13.php 第 154 行.
NOTIC: [8] Undefined variable: son3pid C:\PHPWAMP_IN3\wwwroot\carshop\Application\Runtime\Cache\Home\a48709bca952eced7bd8fa469ec83b13.php 第 159 行.
NOTIC: [8] Undefined variable: contro C:\PHPWAMP_IN3\wwwroot\carshop\Application\Runtime\Cache\Home\a48709bca952eced7bd8fa469ec83b13.php 第 154 行.
NOTIC: [8] Undefined variable: son3pid C:\PHPWAMP_IN3\wwwroot\carshop\Application\Runtime\Cache\Home\a48709bca952eced7bd8fa469ec83b13.php 第 159 行.
NOTIC: [8] Undefined variable: contro C:\PHPWAMP_IN3\wwwroot\carshop\Application\Runtime\Cache\Home\a48709bca952eced7bd8fa469ec83b13.php 第 154 行.
NOTIC: [8] Undefined variable: son3pid C:\PHPWAMP_IN3\wwwroot\carshop\Application\Runtime\Cache\Home\a48709bca952eced7bd8fa469ec83b13.php 第 159 行.
NOTIC: [8] Undefined variable: contro C:\PHPWAMP_IN3\wwwroot\carshop\Application\Runtime\Cache\Home\a48709bca952eced7bd8fa469ec83b13.php 第 154 行.
INFO: Run Behavior\ParseTemplateBehavior [ RunTime:0.037145s ]
INFO: [ view_parse ] --END-- [ RunTime:0.037228s ]
INFO: [ view_filter ] --START--
INFO: Run Behavior\WriteHtmlCacheBehavior [ RunTime:0.001382s ]
INFO: [ view_filter ] --END-- [ RunTime:0.001461s ]
INFO: [ app_end ] --START--
INFO: Run Behavior\ShowPageTraceBehavior [ RunTime:0.001380s ]
INFO: [ app_end ] --END-- [ RunTime:0.001468s ]

[ 2019-04-02T06:55:05+08:00 ] 127.0.0.1 /carshop/index.php/Home/carlist/index/cateid/71
INFO: [ app_init ] --START--
INFO: Run Behavior\BuildLiteBehavior [ RunTime:0.000018s ]
INFO: [ app_init ] --END-- [ RunTime:0.000401s ]
INFO: [ app_begin ] --START--
INFO: Run Behavior\ReadHtmlCacheBehavior [ RunTime:0.001021s ]
INFO: [ app_begin ] --END-- [ RunTime:0.001085s ]
SQL: SHOW COLUMNS FROM `cs_cate` [ RunTime:0.0084s ]
SQL: SELECT * FROM `cs_cate` WHERE `id` = 71 LIMIT 1   [ RunTime:0.0003s ]
SQL: SELECT * FROM `cs_cate` WHERE ( parentid=71 )  [ RunTime:0.0003s ]
SQL: SELECT * FROM `cs_cate` WHERE ( id=68 ) LIMIT 1   [ RunTime:0.0003s ]
SQL: SELECT * FROM `cs_cate` WHERE ( parentid=68 )  [ RunTime:0.0003s ]
SQL: SELECT * FROM `cs_cate` WHERE ( parentid=71 )  [ RunTime:0.0003s ]
SQL: SELECT `id`,`name`,`type` FROM `cs_cate` WHERE `parentid` = 0 AND `pc` = 1 ORDER BY sort asc  [ RunTime:0.0003s ]
SQL: SHOW COLUMNS FROM `cs_link` [ RunTime:0.0068s ]
SQL: SELECT `title`,`url` FROM `cs_link`  [ RunTime:0.0004s ]
SQL: SELECT * FROM `cs_cate` WHERE `id` = 71 LIMIT 1   [ RunTime:0.0004s ]
SQL: SELECT * FROM `cs_cate` WHERE ( id=68 ) LIMIT 1   [ RunTime:0.0003s ]
SQL: SELECT * FROM `cs_cate` WHERE `id` = 71 LIMIT 1   [ RunTime:0.0002s ]
SQL: SELECT * FROM `cs_cate` WHERE `id` = 68 LIMIT 1   [ RunTime:0.0002s ]
SQL: SHOW COLUMNS FROM `cs_article` [ RunTime:0.0073s ]
SQL: SELECT COUNT(*) AS tp_count FROM `cs_article` WHERE ( cateid=71 ) LIMIT 1   [ RunTime:0.0003s ]
SQL: SELECT * FROM `cs_article` WHERE ( cateid=71 ) ORDER BY time asc LIMIT 0,2   [ RunTime:0.0004s ]
INFO: [ view_parse ] --START--
INFO: [ template_filter ] --START--
INFO: Run Behavior\ContentReplaceBehavior [ RunTime:0.000178s ]
INFO: [ template_filter ] --END-- [ RunTime:0.000245s ]
NOTIC: [8] Undefined variable: contro C:\PHPWAMP_IN3\wwwroot\carshop\Application\Runtime\Cache\Home\a48709bca952eced7bd8fa469ec83b13.php 第 154 行.
NOTIC: [8] Undefined variable: son3pid C:\PHPWAMP_IN3\wwwroot\carshop\Application\Runtime\Cache\Home\a48709bca952eced7bd8fa469ec83b13.php 第 159 行.
NOTIC: [8] Undefined variable: contro C:\PHPWAMP_IN3\wwwroot\carshop\Application\Runtime\Cache\Home\a48709bca952eced7bd8fa469ec83b13.php 第 154 行.
NOTIC: [8] Undefined variable: son3pid C:\PHPWAMP_IN3\wwwroot\carshop\Application\Runtime\Cache\Home\a48709bca952eced7bd8fa469ec83b13.php 第 159 行.
NOTIC: [8] Undefined variable: contro C:\PHPWAMP_IN3\wwwroot\carshop\Application\Runtime\Cache\Home\a48709bca952eced7bd8fa469ec83b13.php 第 154 行.
NOTIC: [8] Undefined variable: son3pid C:\PHPWAMP_IN3\wwwroot\carshop\Application\Runtime\Cache\Home\a48709bca952eced7bd8fa469ec83b13.php 第 159 行.
NOTIC: [8] Undefined variable: contro C:\PHPWAMP_IN3\wwwroot\carshop\Application\Runtime\Cache\Home\a48709bca952eced7bd8fa469ec83b13.php 第 154 行.
INFO: Run Behavior\ParseTemplateBehavior [ RunTime:0.024473s ]
INFO: [ view_parse ] --END-- [ RunTime:0.024548s ]
INFO: [ view_filter ] --START--
INFO: Run Behavior\WriteHtmlCacheBehavior [ RunTime:0.001173s ]
INFO: [ view_filter ] --END-- [ RunTime:0.001234s ]
INFO: [ app_end ] --START--
INFO: Run Behavior\ShowPageTraceBehavior [ RunTime:0.001629s ]
INFO: [ app_end ] --END-- [ RunTime:0.001732s ]

[ 2019-04-02T06:55:06+08:00 ] 127.0.0.1 /carshop/index.php/Home/carlist/index/cateid/71
INFO: [ app_init ] --START--
INFO: Run Behavior\BuildLiteBehavior [ RunTime:0.000013s ]
INFO: [ app_init ] --END-- [ RunTime:0.000297s ]
INFO: [ app_begin ] --START--
INFO: Run Behavior\ReadHtmlCacheBehavior [ RunTime:0.001148s ]
INFO: [ app_begin ] --END-- [ RunTime:0.001224s ]
SQL: SHOW COLUMNS FROM `cs_cate` [ RunTime:0.0094s ]
SQL: SELECT * FROM `cs_cate` WHERE `id` = 71 LIMIT 1   [ RunTime:0.0004s ]
SQL: SELECT * FROM `cs_cate` WHERE ( parentid=71 )  [ RunTime:0.0004s ]
SQL: SELECT * FROM `cs_cate` WHERE ( id=68 ) LIMIT 1   [ RunTime:0.0004s ]
SQL: SELECT * FROM `cs_cate` WHERE ( parentid=68 )  [ RunTime:0.0004s ]
SQL: SELECT * FROM `cs_cate` WHERE ( parentid=71 )  [ RunTime:0.0003s ]
SQL: SELECT `id`,`name`,`type` FROM `cs_cate` WHERE `parentid` = 0 AND `pc` = 1 ORDER BY sort asc  [ RunTime:0.0004s ]
SQL: SHOW COLUMNS FROM `cs_link` [ RunTime:0.0072s ]
SQL: SELECT `title`,`url` FROM `cs_link`  [ RunTime:0.0003s ]
SQL: SELECT * FROM `cs_cate` WHERE `id` = 71 LIMIT 1   [ RunTime:0.0003s ]
SQL: SELECT * FROM `cs_cate` WHERE ( id=68 ) LIMIT 1   [ RunTime:0.0003s ]
SQL: SELECT * FROM `cs_cate` WHERE `id` = 71 LIMIT 1   [ RunTime:0.0003s ]
SQL: SELECT * FROM `cs_cate` WHERE `id` = 68 LIMIT 1   [ RunTime:0.0003s ]
SQL: SHOW COLUMNS FROM `cs_article` [ RunTime:0.0082s ]
SQL: SELECT COUNT(*) AS tp_count FROM `cs_article` WHERE ( cateid=71 ) LIMIT 1   [ RunTime:0.0004s ]
SQL: SELECT * FROM `cs_article` WHERE ( cateid=71 ) ORDER BY time asc LIMIT 0,2   [ RunTime:0.0004s ]
INFO: [ view_parse ] --START--
INFO: [ template_filter ] --START--
INFO: Run Behavior\ContentReplaceBehavior [ RunTime:0.000142s ]
INFO: [ template_filter ] --END-- [ RunTime:0.000192s ]
NOTIC: [8] Undefined variable: contro C:\PHPWAMP_IN3\wwwroot\carshop\Application\Runtime\Cache\Home\a48709bca952eced7bd8fa469ec83b13.php 第 154 行.
NOTIC: [8] Undefined variable: son3pid C:\PHPWAMP_IN3\wwwroot\carshop\Application\Runtime\Cache\Home\a48709bca952eced7bd8fa469ec83b13.php 第 159 行.
NOTIC: [8] Undefined variable: contro C:\PHPWAMP_IN3\wwwroot\carshop\Application\Runtime\Cache\Home\a48709bca952eced7bd8fa469ec83b13.php 第 154 行.
NOTIC: [8] Undefined variable: son3pid C:\PHPWAMP_IN3\wwwroot\carshop\Application\Runtime\Cache\Home\a48709bca952eced7bd8fa469ec83b13.php 第 159 行.
NOTIC: [8] Undefined variable: contro C:\PHPWAMP_IN3\wwwroot\carshop\Application\Runtime\Cache\Home\a48709bca952eced7bd8fa469ec83b13.php 第 154 行.
NOTIC: [8] Undefined variable: son3pid C:\PHPWAMP_IN3\wwwroot\carshop\Application\Runtime\Cache\Home\a48709bca952eced7bd8fa469ec83b13.php 第 159 行.
NOTIC: [8] Undefined variable: contro C:\PHPWAMP_IN3\wwwroot\carshop\Application\Runtime\Cache\Home\a48709bca952eced7bd8fa469ec83b13.php 第 154 行.
INFO: Run Behavior\ParseTemplateBehavior [ RunTime:0.026692s ]
INFO: [ view_parse ] --END-- [ RunTime:0.026765s ]
INFO: [ view_filter ] --START--
INFO: Run Behavior\WriteHtmlCacheBehavior [ RunTime:0.001163s ]
INFO: [ view_filter ] --END-- [ RunTime:0.001220s ]
INFO: [ app_end ] --START--
INFO: Run Behavior\ShowPageTraceBehavior [ RunTime:0.000782s ]
INFO: [ app_end ] --END-- [ RunTime:0.000825s ]

[ 2019-04-02T06:55:14+08:00 ] 127.0.0.1 /carshop/index.php
INFO: [ app_init ] --START--
INFO: Run Behavior\BuildLiteBehavior [ RunTime:0.000021s ]
INFO: [ app_init ] --END-- [ RunTime:0.000397s ]
INFO: [ app_begin ] --START--
INFO: Run Behavior\ReadHtmlCacheBehavior [ RunTime:0.000814s ]
INFO: [ app_begin ] --END-- [ RunTime:0.000882s ]
SQL: SHOW COLUMNS FROM `cs_cate` [ RunTime:0.0088s ]
SQL: SELECT `id`,`name`,`type` FROM `cs_cate` WHERE `parentid` = 0 AND `pc` = 1 ORDER BY sort asc  [ RunTime:0.0004s ]
SQL: SHOW COLUMNS FROM `cs_link` [ RunTime:0.0068s ]
SQL: SELECT `title`,`url` FROM `cs_link`  [ RunTime:0.0003s ]
SQL: SHOW COLUMNS FROM `cs_article` [ RunTime:0.0068s ]
SQL: SELECT `id`,`title`,`pic`,`rizu` FROM `cs_article` WHERE ( cateid=70 ) ORDER BY id desc LIMIT 3   [ RunTime:0.0005s ]
SQL: SELECT `id`,`title`,`pic`,`rizu` FROM `cs_article` WHERE ( cateid=68 ) ORDER BY id desc  [ RunTime:0.0003s ]
SQL: SELECT `id`,`title`,`content` FROM `cs_article` WHERE ( cateid=67 ) LIMIT 1   [ RunTime:0.0002s ]
SQL: SELECT `id`,`title`,`content` FROM `cs_article` WHERE ( cateid=69 ) LIMIT 3   [ RunTime:0.0002s ]
INFO: [ view_parse ] --START--
INFO: [ template_filter ] --START--
INFO: Run Behavior\ContentReplaceBehavior [ RunTime:0.000191s ]
INFO: [ template_filter ] --END-- [ RunTime:0.000261s ]
NOTIC: [8] Undefined index: time C:\PHPWAMP_IN3\wwwroot\carshop\Application\Runtime\Cache\Home\2a94b8bda04ff446dcedd42276fc99ee.php 第 161 行.
NOTIC: [8] Undefined index: time C:\PHPWAMP_IN3\wwwroot\carshop\Application\Runtime\Cache\Home\2a94b8bda04ff446dcedd42276fc99ee.php 第 161 行.
NOTIC: [8] Undefined index: time C:\PHPWAMP_IN3\wwwroot\carshop\Application\Runtime\Cache\Home\2a94b8bda04ff446dcedd42276fc99ee.php 第 161 行.
INFO: Run Behavior\ParseTemplateBehavior [ RunTime:0.025191s ]
INFO: [ view_parse ] --END-- [ RunTime:0.025250s ]
INFO: [ view_filter ] --START--
INFO: Run Behavior\WriteHtmlCacheBehavior [ RunTime:0.000952s ]
INFO: [ view_filter ] --END-- [ RunTime:0.000996s ]
INFO: [ app_end ] --START--
INFO: Run Behavior\ShowPageTraceBehavior [ RunTime:0.000911s ]
INFO: [ app_end ] --END-- [ RunTime:0.000966s ]

[ 2019-04-02T22:59:15+08:00 ] 127.0.0.1 /carshop/
INFO: [ app_init ] --START--
INFO: Run Behavior\BuildLiteBehavior [ RunTime:0.000014s ]
INFO: [ app_init ] --END-- [ RunTime:0.000289s ]
INFO: [ app_begin ] --START--
INFO: Run Behavior\ReadHtmlCacheBehavior [ RunTime:0.000789s ]
INFO: [ app_begin ] --END-- [ RunTime:0.000846s ]
SQL: SHOW COLUMNS FROM `cs_cate` [ RunTime:0.0084s ]
SQL: SELECT `id`,`name`,`type` FROM `cs_cate` WHERE `parentid` = 0 AND `pc` = 1 ORDER BY sort asc  [ RunTime:0.0004s ]
SQL: SHOW COLUMNS FROM `cs_link` [ RunTime:0.0078s ]
SQL: SELECT `title`,`url` FROM `cs_link`  [ RunTime:0.0004s ]
SQL: SHOW COLUMNS FROM `cs_article` [ RunTime:0.0069s ]
SQL: SELECT `id`,`title`,`pic`,`rizu` FROM `cs_article` WHERE ( cateid=70 ) ORDER BY id desc LIMIT 3   [ RunTime:0.0005s ]
SQL: SELECT `id`,`title`,`pic`,`rizu` FROM `cs_article` WHERE ( cateid=68 ) ORDER BY id desc  [ RunTime:0.0003s ]
SQL: SELECT `id`,`title`,`content` FROM `cs_article` WHERE ( cateid=67 ) LIMIT 1   [ RunTime:0.0002s ]
SQL: SELECT `id`,`title`,`content` FROM `cs_article` WHERE ( cateid=69 ) LIMIT 3   [ RunTime:0.0002s ]
INFO: [ view_parse ] --START--
INFO: [ template_filter ] --START--
INFO: Run Behavior\ContentReplaceBehavior [ RunTime:0.000135s ]
INFO: [ template_filter ] --END-- [ RunTime:0.000186s ]
NOTIC: [8] Undefined index: time C:\PHPWAMP_IN3\wwwroot\carshop\Application\Runtime\Cache\Home\2a94b8bda04ff446dcedd42276fc99ee.php 第 161 行.
NOTIC: [8] Undefined index: time C:\PHPWAMP_IN3\wwwroot\carshop\Application\Runtime\Cache\Home\2a94b8bda04ff446dcedd42276fc99ee.php 第 161 行.
NOTIC: [8] Undefined index: time C:\PHPWAMP_IN3\wwwroot\carshop\Application\Runtime\Cache\Home\2a94b8bda04ff446dcedd42276fc99ee.php 第 161 行.
INFO: Run Behavior\ParseTemplateBehavior [ RunTime:0.025799s ]
INFO: [ view_parse ] --END-- [ RunTime:0.025848s ]
INFO: [ view_filter ] --START--
INFO: Run Behavior\WriteHtmlCacheBehavior [ RunTime:0.000805s ]
INFO: [ view_filter ] --END-- [ RunTime:0.000840s ]
INFO: [ app_end ] --START--
INFO: Run Behavior\ShowPageTraceBehavior [ RunTime:0.000765s ]
INFO: [ app_end ] --END-- [ RunTime:0.000802s ]

[ 2019-04-02T22:59:20+08:00 ] 127.0.0.1 /carshop/
INFO: [ app_init ] --START--
INFO: Run Behavior\BuildLiteBehavior [ RunTime:0.000013s ]
INFO: [ app_init ] --END-- [ RunTime:0.000296s ]
INFO: [ app_begin ] --START--
INFO: Run Behavior\ReadHtmlCacheBehavior [ RunTime:0.001233s ]
INFO: [ app_begin ] --END-- [ RunTime:0.001321s ]
SQL: SHOW COLUMNS FROM `cs_cate` [ RunTime:0.0099s ]
SQL: SELECT `id`,`name`,`type` FROM `cs_cate` WHERE `parentid` = 0 AND `pc` = 1 ORDER BY sort asc  [ RunTime:0.0004s ]
SQL: SHOW COLUMNS FROM `cs_link` [ RunTime:0.0070s ]
SQL: SELECT `title`,`url` FROM `cs_link`  [ RunTime:0.0003s ]
SQL: SHOW COLUMNS FROM `cs_article` [ RunTime:0.0072s ]
SQL: SELECT `id`,`title`,`pic`,`rizu` FROM `cs_article` WHERE ( cateid=70 ) ORDER BY id desc LIMIT 3   [ RunTime:0.0005s ]
SQL: SELECT `id`,`title`,`pic`,`rizu` FROM `cs_article` WHERE ( cateid=68 ) ORDER BY id desc  [ RunTime:0.0003s ]
SQL: SELECT `id`,`title`,`content` FROM `cs_article` WHERE ( cateid=67 ) LIMIT 1   [ RunTime:0.0003s ]
SQL: SELECT `id`,`title`,`content` FROM `cs_article` WHERE ( cateid=69 ) LIMIT 3   [ RunTime:0.0002s ]
INFO: [ view_parse ] --START--
INFO: [ template_filter ] --START--
INFO: Run Behavior\ContentReplaceBehavior [ RunTime:0.000144s ]
INFO: [ template_filter ] --END-- [ RunTime:0.000195s ]
NOTIC: [8] Undefined index: time C:\PHPWAMP_IN3\wwwroot\carshop\Application\Runtime\Cache\Home\2a94b8bda04ff446dcedd42276fc99ee.php 第 161 行.
NOTIC: [8] Undefined index: time C:\PHPWAMP_IN3\wwwroot\carshop\Application\Runtime\Cache\Home\2a94b8bda04ff446dcedd42276fc99ee.php 第 161 行.
NOTIC: [8] Undefined index: time C:\PHPWAMP_IN3\wwwroot\carshop\Application\Runtime\Cache\Home\2a94b8bda04ff446dcedd42276fc99ee.php 第 161 行.
INFO: Run Behavior\ParseTemplateBehavior [ RunTime:0.019822s ]
INFO: [ view_parse ] --END-- [ RunTime:0.019891s ]
INFO: [ view_filter ] --START--
INFO: Run Behavior\WriteHtmlCacheBehavior [ RunTime:0.000902s ]
INFO: [ view_filter ] --END-- [ RunTime:0.000948s ]
INFO: [ app_end ] --START--
INFO: Run Behavior\ShowPageTraceBehavior [ RunTime:0.000907s ]
INFO: [ app_end ] --END-- [ RunTime:0.000973s ]

[ 2019-04-02T22:59:28+08:00 ] 127.0.0.1 /carshop/
INFO: [ app_init ] --START--
INFO: Run Behavior\BuildLiteBehavior [ RunTime:0.000019s ]
INFO: [ app_init ] --END-- [ RunTime:0.000438s ]
INFO: [ app_begin ] --START--
INFO: Run Behavior\ReadHtmlCacheBehavior [ RunTime:0.001119s ]
INFO: [ app_begin ] --END-- [ RunTime:0.001209s ]
SQL: SHOW COLUMNS FROM `cs_cate` [ RunTime:0.0089s ]
SQL: SELECT `id`,`name`,`type` FROM `cs_cate` WHERE `parentid` = 0 AND `pc` = 1 ORDER BY sort asc  [ RunTime:0.0004s ]
SQL: SHOW COLUMNS FROM `cs_link` [ RunTime:0.0070s ]
SQL: SELECT `title`,`url` FROM `cs_link`  [ RunTime:0.0003s ]
SQL: SHOW COLUMNS FROM `cs_article` [ RunTime:0.0069s ]
SQL: SELECT `id`,`title`,`pic`,`rizu` FROM `cs_article` WHERE ( cateid=70 ) ORDER BY id desc LIMIT 3   [ RunTime:0.0007s ]
SQL: SELECT `id`,`title`,`pic`,`rizu` FROM `cs_article` WHERE ( cateid=68 ) ORDER BY id desc  [ RunTime:0.0004s ]
SQL: SELECT `id`,`title`,`content` FROM `cs_article` WHERE ( cateid=67 ) LIMIT 1   [ RunTime:0.0002s ]
SQL: SELECT `id`,`title`,`content` FROM `cs_article` WHERE ( cateid=69 ) LIMIT 3   [ RunTime:0.0002s ]
INFO: [ view_parse ] --START--
INFO: [ template_filter ] --START--
INFO: Run Behavior\ContentReplaceBehavior [ RunTime:0.000132s ]
INFO: [ template_filter ] --END-- [ RunTime:0.000182s ]
NOTIC: [8] Undefined index: time C:\PHPWAMP_IN3\wwwroot\carshop\Application\Runtime\Cache\Home\2a94b8bda04ff446dcedd42276fc99ee.php 第 161 行.
NOTIC: [8] Undefined index: time C:\PHPWAMP_IN3\wwwroot\carshop\Application\Runtime\Cache\Home\2a94b8bda04ff446dcedd42276fc99ee.php 第 161 行.
NOTIC: [8] Undefined index: time C:\PHPWAMP_IN3\wwwroot\carshop\Application\Runtime\Cache\Home\2a94b8bda04ff446dcedd42276fc99ee.php 第 161 行.
INFO: Run Behavior\ParseTemplateBehavior [ RunTime:0.023125s ]
INFO: [ view_parse ] --END-- [ RunTime:0.023179s ]
INFO: [ view_filter ] --START--
INFO: Run Behavior\WriteHtmlCacheBehavior [ RunTime:0.000923s ]
INFO: [ view_filter ] --END-- [ RunTime:0.000978s ]
INFO: [ app_end ] --START--
INFO: Run Behavior\ShowPageTraceBehavior [ RunTime:0.000997s ]
INFO: [ app_end ] --END-- [ RunTime:0.001054s ]

[ 2019-04-02T23:00:05+08:00 ] 127.0.0.1 /carshop/
INFO: [ app_init ] --START--
INFO: Run Behavior\BuildLiteBehavior [ RunTime:0.000014s ]
INFO: [ app_init ] --END-- [ RunTime:0.000293s ]
INFO: [ app_begin ] --START--
INFO: Run Behavior\ReadHtmlCacheBehavior [ RunTime:0.000810s ]
INFO: [ app_begin ] --END-- [ RunTime:0.000871s ]
SQL: SHOW COLUMNS FROM `cs_cate` [ RunTime:0.0088s ]
SQL: SELECT `id`,`name`,`type` FROM `cs_cate` WHERE `parentid` = 0 AND `pc` = 1 ORDER BY sort asc  [ RunTime:0.0004s ]
SQL: SHOW COLUMNS FROM `cs_link` [ RunTime:0.0074s ]
SQL: SELECT `title`,`url` FROM `cs_link`  [ RunTime:0.0003s ]
SQL: SHOW COLUMNS FROM `cs_article` [ RunTime:0.0071s ]
SQL: SELECT `id`,`title`,`pic`,`rizu` FROM `cs_article` WHERE ( cateid=70 ) ORDER BY id desc LIMIT 3   [ RunTime:0.0006s ]
SQL: SELECT `id`,`title`,`pic`,`rizu` FROM `cs_article` WHERE ( cateid=68 ) ORDER BY id desc  [ RunTime:0.0003s ]
SQL: SELECT `id`,`title`,`content` FROM `cs_article` WHERE ( cateid=67 ) LIMIT 1   [ RunTime:0.0002s ]
SQL: SELECT `id`,`title`,`content` FROM `cs_article` WHERE ( cateid=69 ) LIMIT 3   [ RunTime:0.0002s ]
INFO: [ view_parse ] --START--
INFO: [ template_filter ] --START--
INFO: Run Behavior\ContentReplaceBehavior [ RunTime:0.000137s ]
INFO: [ template_filter ] --END-- [ RunTime:0.000189s ]
NOTIC: [8] Undefined index: time C:\PHPWAMP_IN3\wwwroot\carshop\Application\Runtime\Cache\Home\2a94b8bda04ff446dcedd42276fc99ee.php 第 161 行.
NOTIC: [8] Undefined index: time C:\PHPWAMP_IN3\wwwroot\carshop\Application\Runtime\Cache\Home\2a94b8bda04ff446dcedd42276fc99ee.php 第 161 行.
NOTIC: [8] Undefined index: time C:\PHPWAMP_IN3\wwwroot\carshop\Application\Runtime\Cache\Home\2a94b8bda04ff446dcedd42276fc99ee.php 第 161 行.
INFO: Run Behavior\ParseTemplateBehavior [ RunTime:0.022558s ]
INFO: [ view_parse ] --END-- [ RunTime:0.022627s ]
INFO: [ view_filter ] --START--
INFO: Run Behavior\WriteHtmlCacheBehavior [ RunTime:0.000911s ]
INFO: [ view_filter ] --END-- [ RunTime:0.000953s ]
INFO: [ app_end ] --START--
INFO: Run Behavior\ShowPageTraceBehavior [ RunTime:0.001035s ]
INFO: [ app_end ] --END-- [ RunTime:0.001117s ]

[ 2019-04-02T23:00:13+08:00 ] 127.0.0.1 /carshop/
INFO: [ app_init ] --START--
INFO: Run Behavior\BuildLiteBehavior [ RunTime:0.000012s ]
INFO: [ app_init ] --END-- [ RunTime:0.000109s ]
INFO: [ app_begin ] --START--
INFO: Run Behavior\ReadHtmlCacheBehavior [ RunTime:0.000329s ]
INFO: [ app_begin ] --END-- [ RunTime:0.000379s ]
SQL: SHOW COLUMNS FROM `cs_cate` [ RunTime:0.0100s ]
SQL: SELECT `id`,`name`,`type` FROM `cs_cate` WHERE `parentid` = 0 AND `pc` = 1 ORDER BY sort asc  [ RunTime:0.0004s ]
SQL: SHOW COLUMNS FROM `cs_link` [ RunTime:0.0065s ]
SQL: SELECT `title`,`url` FROM `cs_link`  [ RunTime:0.0003s ]
SQL: SHOW COLUMNS FROM `cs_article` [ RunTime:0.0079s ]
SQL: SELECT `id`,`title`,`pic`,`rizu` FROM `cs_article` WHERE ( cateid=70 ) ORDER BY id desc LIMIT 3   [ RunTime:0.0005s ]
SQL: SELECT `id`,`title`,`pic`,`rizu` FROM `cs_article` WHERE ( cateid=68 ) ORDER BY id desc  [ RunTime:0.0003s ]
SQL: SELECT `id`,`title`,`content` FROM `cs_article` WHERE ( cateid=67 ) LIMIT 1   [ RunTime:0.0002s ]
SQL: SELECT `id`,`title`,`content` FROM `cs_article` WHERE ( cateid=69 ) LIMIT 3   [ RunTime:0.0002s ]
INFO: [ view_parse ] --START--
INFO: [ template_filter ] --START--
INFO: Run Behavior\ContentReplaceBehavior [ RunTime:0.000143s ]
INFO: [ template_filter ] --END-- [ RunTime:0.000197s ]
NOTIC: [8] Undefined index: time C:\PHPWAMP_IN3\wwwroot\carshop\Application\Runtime\Cache\Home\2a94b8bda04ff446dcedd42276fc99ee.php 第 161 行.
NOTIC: [8] Undefined index: time C:\PHPWAMP_IN3\wwwroot\carshop\Application\Runtime\Cache\Home\2a94b8bda04ff446dcedd42276fc99ee.php 第 161 行.
NOTIC: [8] Undefined index: time C:\PHPWAMP_IN3\wwwroot\carshop\Application\Runtime\Cache\Home\2a94b8bda04ff446dcedd42276fc99ee.php 第 161 行.
INFO: Run Behavior\ParseTemplateBehavior [ RunTime:0.022395s ]
INFO: [ view_parse ] --END-- [ RunTime:0.022445s ]
INFO: [ view_filter ] --START--
INFO: Run Behavior\WriteHtmlCacheBehavior [ RunTime:0.000575s ]
INFO: [ view_filter ] --END-- [ RunTime:0.000618s ]
INFO: [ app_end ] --START--
INFO: Run Behavior\ShowPageTraceBehavior [ RunTime:0.000563s ]
INFO: [ app_end ] --END-- [ RunTime:0.000615s ]

[ 2019-04-02T23:00:18+08:00 ] 127.0.0.1 /carshop/
INFO: [ app_init ] --START--
INFO: Run Behavior\BuildLiteBehavior [ RunTime:0.000014s ]
INFO: [ app_init ] --END-- [ RunTime:0.000126s ]
INFO: [ app_begin ] --START--
INFO: Run Behavior\ReadHtmlCacheBehavior [ RunTime:0.000095s ]
INFO: [ app_begin ] --END-- [ RunTime:0.000144s ]
SQL: SHOW COLUMNS FROM `cs_cate` [ RunTime:0.0090s ]
SQL: SELECT `id`,`name`,`type` FROM `cs_cate` WHERE `parentid` = 0 AND `pc` = 1 ORDER BY sort asc  [ RunTime:0.0004s ]
SQL: SHOW COLUMNS FROM `cs_link` [ RunTime:0.0084s ]
SQL: SELECT `title`,`url` FROM `cs_link`  [ RunTime:0.0003s ]
SQL: SHOW COLUMNS FROM `cs_article` [ RunTime:0.0078s ]
SQL: SELECT `id`,`title`,`pic`,`rizu` FROM `cs_article` WHERE ( cateid=70 ) ORDER BY id desc LIMIT 3   [ RunTime:0.0005s ]
SQL: SELECT `id`,`title`,`pic`,`rizu` FROM `cs_article` WHERE ( cateid=68 ) ORDER BY id desc  [ RunTime:0.0004s ]
SQL: SELECT `id`,`title`,`content` FROM `cs_article` WHERE ( cateid=67 ) LIMIT 1   [ RunTime:0.0003s ]
SQL: SELECT `id`,`title`,`content` FROM `cs_article` WHERE ( cateid=69 ) LIMIT 3   [ RunTime:0.0003s ]
INFO: [ view_parse ] --START--
INFO: [ template_filter ] --START--
INFO: Run Behavior\ContentReplaceBehavior [ RunTime:0.000148s ]
INFO: [ template_filter ] --END-- [ RunTime:0.000196s ]
NOTIC: [8] Undefined index: time C:\PHPWAMP_IN3\wwwroot\carshop\Application\Runtime\Cache\Home\2a94b8bda04ff446dcedd42276fc99ee.php 第 161 行.
NOTIC: [8] Undefined index: time C:\PHPWAMP_IN3\wwwroot\carshop\Application\Runtime\Cache\Home\2a94b8bda04ff446dcedd42276fc99ee.php 第 161 行.
NOTIC: [8] Undefined index: time C:\PHPWAMP_IN3\wwwroot\carshop\Application\Runtime\Cache\Home\2a94b8bda04ff446dcedd42276fc99ee.php 第 161 行.
INFO: Run Behavior\ParseTemplateBehavior [ RunTime:0.017325s ]
INFO: [ view_parse ] --END-- [ RunTime:0.017403s ]
INFO: [ view_filter ] --START--
INFO: Run Behavior\WriteHtmlCacheBehavior [ RunTime:0.000619s ]
INFO: [ view_filter ] --END-- [ RunTime:0.000672s ]
INFO: [ app_end ] --START--
INFO: Run Behavior\ShowPageTraceBehavior [ RunTime:0.000834s ]
INFO: [ app_end ] --END-- [ RunTime:0.000921s ]

[ 2019-04-02T23:00:25+08:00 ] 127.0.0.1 /carshop/
INFO: [ app_init ] --START--
INFO: Run Behavior\BuildLiteBehavior [ RunTime:0.000013s ]
INFO: [ app_init ] --END-- [ RunTime:0.000132s ]
INFO: [ app_begin ] --START--
INFO: Run Behavior\ReadHtmlCacheBehavior [ RunTime:0.000120s ]
INFO: [ app_begin ] --END-- [ RunTime:0.000186s ]
SQL: SHOW COLUMNS FROM `cs_cate` [ RunTime:0.0079s ]
SQL: SELECT `id`,`name`,`type` FROM `cs_cate` WHERE `parentid` = 0 AND `pc` = 1 ORDER BY sort asc  [ RunTime:0.0004s ]
SQL: SHOW COLUMNS FROM `cs_link` [ RunTime:0.0068s ]
SQL: SELECT `title`,`url` FROM `cs_link`  [ RunTime:0.0003s ]
SQL: SHOW COLUMNS FROM `cs_article` [ RunTime:0.0066s ]
SQL: SELECT `id`,`title`,`pic`,`rizu` FROM `cs_article` WHERE ( cateid=70 ) ORDER BY id desc LIMIT 3   [ RunTime:0.0005s ]
SQL: SELECT `id`,`title`,`pic`,`rizu` FROM `cs_article` WHERE ( cateid=68 ) ORDER BY id desc  [ RunTime:0.0003s ]
SQL: SELECT `id`,`title`,`content` FROM `cs_article` WHERE ( cateid=67 ) LIMIT 1   [ RunTime:0.0002s ]
SQL: SELECT `id`,`title`,`content` FROM `cs_article` WHERE ( cateid=69 ) LIMIT 3   [ RunTime:0.0002s ]
INFO: [ view_parse ] --START--
INFO: [ template_filter ] --START--
INFO: Run Behavior\ContentReplaceBehavior [ RunTime:0.000180s ]
INFO: [ template_filter ] --END-- [ RunTime:0.000251s ]
NOTIC: [8] Undefined index: time C:\PHPWAMP_IN3\wwwroot\carshop\Application\Runtime\Cache\Home\2a94b8bda04ff446dcedd42276fc99ee.php 第 161 行.
NOTIC: [8] Undefined index: time C:\PHPWAMP_IN3\wwwroot\carshop\Application\Runtime\Cache\Home\2a94b8bda04ff446dcedd42276fc99ee.php 第 161 行.
NOTIC: [8] Undefined index: time C:\PHPWAMP_IN3\wwwroot\carshop\Application\Runtime\Cache\Home\2a94b8bda04ff446dcedd42276fc99ee.php 第 161 行.
INFO: Run Behavior\ParseTemplateBehavior [ RunTime:0.023555s ]
INFO: [ view_parse ] --END-- [ RunTime:0.023618s ]
INFO: [ view_filter ] --START--
INFO: Run Behavior\WriteHtmlCacheBehavior [ RunTime:0.000547s ]
INFO: [ view_filter ] --END-- [ RunTime:0.000593s ]
INFO: [ app_end ] --START--
INFO: Run Behavior\ShowPageTraceBehavior [ RunTime:0.000484s ]
INFO: [ app_end ] --END-- [ RunTime:0.000538s ]

[ 2019-04-02T23:05:27+08:00 ] 127.0.0.1 /carshop/index.php
INFO: [ app_init ] --START--
INFO: Run Behavior\BuildLiteBehavior [ RunTime:0.000019s ]
INFO: [ app_init ] --END-- [ RunTime:0.000407s ]
INFO: [ app_begin ] --START--
INFO: Run Behavior\ReadHtmlCacheBehavior [ RunTime:0.001078s ]
INFO: [ app_begin ] --END-- [ RunTime:0.001156s ]
SQL: SHOW COLUMNS FROM `cs_cate` [ RunTime:0.0114s ]
SQL: SELECT `id`,`name`,`type` FROM `cs_cate` WHERE `parentid` = 0 AND `pc` = 1 ORDER BY sort asc  [ RunTime:0.0005s ]
SQL: SHOW COLUMNS FROM `cs_link` [ RunTime:0.0089s ]
SQL: SELECT `title`,`url` FROM `cs_link`  [ RunTime:0.0003s ]
SQL: SHOW COLUMNS FROM `cs_article` [ RunTime:0.0077s ]
SQL: SELECT `id`,`title`,`pic`,`rizu` FROM `cs_article` WHERE ( cateid=70 ) ORDER BY id desc LIMIT 3   [ RunTime:0.0011s ]
SQL: SELECT `id`,`title`,`pic`,`rizu` FROM `cs_article` WHERE ( cateid=68 ) ORDER BY id desc  [ RunTime:0.0005s ]
SQL: SELECT `id`,`title`,`content` FROM `cs_article` WHERE ( cateid=67 ) LIMIT 1   [ RunTime:0.0003s ]
SQL: SELECT `id`,`title`,`content` FROM `cs_article` WHERE ( cateid=69 ) LIMIT 3   [ RunTime:0.0002s ]
INFO: [ view_parse ] --START--
INFO: [ template_filter ] --START--
INFO: Run Behavior\ContentReplaceBehavior [ RunTime:0.000214s ]
INFO: [ template_filter ] --END-- [ RunTime:0.000298s ]
NOTIC: [8] Undefined index: time C:\PHPWAMP_IN3\wwwroot\carshop\Application\Runtime\Cache\Home\2a94b8bda04ff446dcedd42276fc99ee.php 第 161 行.
NOTIC: [8] Undefined index: time C:\PHPWAMP_IN3\wwwroot\carshop\Application\Runtime\Cache\Home\2a94b8bda04ff446dcedd42276fc99ee.php 第 161 行.
NOTIC: [8] Undefined index: time C:\PHPWAMP_IN3\wwwroot\carshop\Application\Runtime\Cache\Home\2a94b8bda04ff446dcedd42276fc99ee.php 第 161 行.
INFO: Run Behavior\ParseTemplateBehavior [ RunTime:0.021518s ]
INFO: [ view_parse ] --END-- [ RunTime:0.021589s ]
INFO: [ view_filter ] --START--
INFO: Run Behavior\WriteHtmlCacheBehavior [ RunTime:0.000854s ]
INFO: [ view_filter ] --END-- [ RunTime:0.000903s ]
INFO: [ app_end ] --START--
INFO: Run Behavior\ShowPageTraceBehavior [ RunTime:0.000847s ]
INFO: [ app_end ] --END-- [ RunTime:0.000900s ]

[ 2019-04-02T23:06:06+08:00 ] 127.0.0.1 /carshop/index.php/Home/Carlist/index/cateid/70
INFO: [ app_init ] --START--
INFO: Run Behavior\BuildLiteBehavior [ RunTime:0.000019s ]
INFO: [ app_init ] --END-- [ RunTime:0.000372s ]
INFO: [ app_begin ] --START--
INFO: Run Behavior\ReadHtmlCacheBehavior [ RunTime:0.001162s ]
INFO: [ app_begin ] --END-- [ RunTime:0.001236s ]
SQL: SHOW COLUMNS FROM `cs_cate` [ RunTime:0.0090s ]
SQL: SELECT * FROM `cs_cate` WHERE `id` = 70 LIMIT 1   [ RunTime:0.0003s ]
SQL: SELECT * FROM `cs_cate` WHERE ( parentid=70 )  [ RunTime:0.0003s ]
SQL: SELECT * FROM `cs_cate` WHERE ( id=68 ) LIMIT 1   [ RunTime:0.0003s ]
SQL: SELECT * FROM `cs_cate` WHERE ( parentid=68 )  [ RunTime:0.0003s ]
SQL: SELECT `id`,`name`,`type` FROM `cs_cate` WHERE `parentid` = 0 AND `pc` = 1 ORDER BY sort asc  [ RunTime:0.0003s ]
SQL: SHOW COLUMNS FROM `cs_link` [ RunTime:0.0077s ]
SQL: SELECT `title`,`url` FROM `cs_link`  [ RunTime:0.0003s ]
SQL: SELECT * FROM `cs_cate` WHERE `id` = 70 LIMIT 1   [ RunTime:0.0002s ]
SQL: SELECT * FROM `cs_cate` WHERE `id` = 70 LIMIT 1   [ RunTime:0.0002s ]
SQL: SHOW COLUMNS FROM `cs_article` [ RunTime:0.0069s ]
SQL: SELECT COUNT(*) AS tp_count FROM `cs_article` WHERE ( cateid=70 ) LIMIT 1   [ RunTime:0.0004s ]
SQL: SELECT * FROM `cs_article` WHERE ( cateid=70 ) ORDER BY time asc LIMIT 0,2   [ RunTime:0.0004s ]
INFO: [ view_parse ] --START--
INFO: [ template_filter ] --START--
INFO: Run Behavior\ContentReplaceBehavior [ RunTime:0.000144s ]
INFO: [ template_filter ] --END-- [ RunTime:0.000199s ]
NOTIC: [8] Undefined variable: son3pid C:\PHPWAMP_IN3\wwwroot\carshop\Application\Runtime\Cache\Home\a48709bca952eced7bd8fa469ec83b13.php 第 159 行.
NOTIC: [8] Undefined variable: son3pid C:\PHPWAMP_IN3\wwwroot\carshop\Application\Runtime\Cache\Home\a48709bca952eced7bd8fa469ec83b13.php 第 159 行.
NOTIC: [8] Undefined variable: son3pid C:\PHPWAMP_IN3\wwwroot\carshop\Application\Runtime\Cache\Home\a48709bca952eced7bd8fa469ec83b13.php 第 159 行.
NOTIC: [8] Undefined variable: son3pid C:\PHPWAMP_IN3\wwwroot\carshop\Application\Runtime\Cache\Home\a48709bca952eced7bd8fa469ec83b13.php 第 159 行.
INFO: Run Behavior\ParseTemplateBehavior [ RunTime:0.028173s ]
INFO: [ view_parse ] --END-- [ RunTime:0.028237s ]
INFO: [ view_filter ] --START--
INFO: Run Behavior\WriteHtmlCacheBehavior [ RunTime:0.000867s ]
INFO: [ view_filter ] --END-- [ RunTime:0.000903s ]
INFO: [ app_end ] --START--
INFO: Run Behavior\ShowPageTraceBehavior [ RunTime:0.000880s ]
INFO: [ app_end ] --END-- [ RunTime:0.000940s ]

[ 2019-04-02T23:06:10+08:00 ] 127.0.0.1 /carshop/index.php/Home/Article/index/arid/9
INFO: [ app_init ] --START--
INFO: Run Behavior\BuildLiteBehavior [ RunTime:0.000019s ]
INFO: [ app_init ] --END-- [ RunTime:0.000387s ]
INFO: [ app_begin ] --START--
INFO: Run Behavior\ReadHtmlCacheBehavior [ RunTime:0.000820s ]
INFO: [ app_begin ] --END-- [ RunTime:0.000882s ]
SQL: SHOW COLUMNS FROM `cs_article` [ RunTime:0.0093s ]
SQL: SELECT * FROM `cs_article` WHERE `id` = 9 LIMIT 1   [ RunTime:0.0004s ]
SQL: SHOW COLUMNS FROM `cs_cate` [ RunTime:0.0074s ]
SQL: SELECT * FROM `cs_cate` WHERE `id` = 70 LIMIT 1   [ RunTime:0.0003s ]
SQL: SELECT * FROM `cs_cate` WHERE ( parentid=70 )  [ RunTime:0.0004s ]
SQL: SELECT * FROM `cs_cate` WHERE ( id=68 ) LIMIT 1   [ RunTime:0.0002s ]
SQL: SELECT * FROM `cs_cate` WHERE ( parentid=68 )  [ RunTime:0.0002s ]
SQL: SELECT `id`,`name`,`type` FROM `cs_cate` WHERE `parentid` = 0 AND `pc` = 1 ORDER BY sort asc  [ RunTime:0.0003s ]
SQL: SHOW COLUMNS FROM `cs_link` [ RunTime:0.0071s ]
SQL: SELECT `title`,`url` FROM `cs_link`  [ RunTime:0.0003s ]
SQL: SELECT * FROM `cs_cate` WHERE `id` = 70 LIMIT 1   [ RunTime:0.0002s ]
SQL: SELECT * FROM `cs_cate` WHERE `id` = 70 LIMIT 1   [ RunTime:0.0002s ]
SQL: SELECT * FROM `cs_article` WHERE `id` = 9 LIMIT 1   [ RunTime:0.0002s ]
SQL: SELECT * FROM `cs_article` WHERE ( id<9 ) ORDER BY id desc LIMIT 1   [ RunTime:0.0003s ]
SQL: SELECT * FROM `cs_article` WHERE ( id>9 ) ORDER BY id asc LIMIT 1   [ RunTime:0.0003s ]
INFO: [ view_parse ] --START--
INFO: [ template_filter ] --START--
INFO: Run Behavior\ContentReplaceBehavior [ RunTime:0.000191s ]
INFO: [ template_filter ] --END-- [ RunTime:0.000265s ]
NOTIC: [8] Undefined index: cateid C:\PHPWAMP_IN3\wwwroot\carshop\Application\Runtime\Cache\Home\2ac6c1276904b87404ed678dbabb985c.php 第 154 行.
NOTIC: [8] Undefined variable: son3pid C:\PHPWAMP_IN3\wwwroot\carshop\Application\Runtime\Cache\Home\2ac6c1276904b87404ed678dbabb985c.php 第 154 行.
NOTIC: [8] Undefined index: cateid C:\PHPWAMP_IN3\wwwroot\carshop\Application\Runtime\Cache\Home\2ac6c1276904b87404ed678dbabb985c.php 第 154 行.
NOTIC: [8] Undefined variable: son3pid C:\PHPWAMP_IN3\wwwroot\carshop\Application\Runtime\Cache\Home\2ac6c1276904b87404ed678dbabb985c.php 第 154 行.
NOTIC: [8] Undefined index: cateid C:\PHPWAMP_IN3\wwwroot\carshop\Application\Runtime\Cache\Home\2ac6c1276904b87404ed678dbabb985c.php 第 154 行.
NOTIC: [8] Undefined variable: son3pid C:\PHPWAMP_IN3\wwwroot\carshop\Application\Runtime\Cache\Home\2ac6c1276904b87404ed678dbabb985c.php 第 154 行.
NOTIC: [8] Undefined index: cateid C:\PHPWAMP_IN3\wwwroot\carshop\Application\Runtime\Cache\Home\2ac6c1276904b87404ed678dbabb985c.php 第 154 行.
NOTIC: [8] Undefined variable: son3pid C:\PHPWAMP_IN3\wwwroot\carshop\Application\Runtime\Cache\Home\2ac6c1276904b87404ed678dbabb985c.php 第 154 行.
NOTIC: [8] Undefined variable: aricles C:\PHPWAMP_IN3\wwwroot\carshop\Application\Runtime\Cache\Home\2ac6c1276904b87404ed678dbabb985c.php 第 197 行.
INFO: Run Behavior\ParseTemplateBehavior [ RunTime:0.019999s ]
INFO: [ view_parse ] --END-- [ RunTime:0.020066s ]
INFO: [ view_filter ] --START--
INFO: Run Behavior\WriteHtmlCacheBehavior [ RunTime:0.000913s ]
INFO: [ view_filter ] --END-- [ RunTime:0.000961s ]
INFO: [ app_end ] --START--
INFO: Run Behavior\ShowPageTraceBehavior [ RunTime:0.000830s ]
INFO: [ app_end ] --END-- [ RunTime:0.000881s ]

[ 2019-04-02T23:06:11+08:00 ] 127.0.0.1 /carshop/index.php/Home/Article/index/arid/js/fy.js
INFO: [ app_init ] --START--
INFO: Run Behavior\BuildLiteBehavior [ RunTime:0.000023s ]
INFO: [ app_init ] --END-- [ RunTime:0.000461s ]
INFO: [ app_begin ] --START--
INFO: Run Behavior\ReadHtmlCacheBehavior [ RunTime:0.001316s ]
INFO: [ app_begin ] --END-- [ RunTime:0.001399s ]
SQL: SHOW COLUMNS FROM `cs_article` [ RunTime:0.0086s ]
SQL: SELECT * FROM `cs_article` WHERE `id` = 0 LIMIT 1   [ RunTime:0.0004s ]
SQL: SHOW COLUMNS FROM `cs_cate` [ RunTime:0.0065s ]
SQL: SELECT `id`,`name`,`type` FROM `cs_cate` WHERE `parentid` = 0 AND `pc` = 1 ORDER BY sort asc  [ RunTime:0.0005s ]
SQL: SHOW COLUMNS FROM `cs_link` [ RunTime:0.0066s ]
SQL: SELECT `title`,`url` FROM `cs_link`  [ RunTime:0.0003s ]
SQL: SELECT * FROM `cs_article` WHERE `id` = 0 LIMIT 1   [ RunTime:0.0003s ]
ERR: 1054:Unknown column 'js' in 'where clause'
 [ SQL语句 ] : SELECT * FROM `cs_article` WHERE ( id<js ) ORDER BY id desc LIMIT 1  
ERR: 1054:Unknown column 'js' in 'where clause'
 [ SQL语句 ] : SELECT * FROM `cs_article` WHERE ( id<js ) ORDER BY id desc LIMIT 1  

