[ 2019-04-03T00:04:48+08:00 ] 127.0.0.1 /carshop/index.php
INFO: [ app_init ] --START--
INFO: Run Behavior\BuildLiteBehavior [ RunTime:0.000016s ]
INFO: [ app_init ] --END-- [ RunTime:0.000304s ]
INFO: [ app_begin ] --START--
INFO: Run Behavior\ReadHtmlCacheBehavior [ RunTime:0.000953s ]
INFO: [ app_begin ] --END-- [ RunTime:0.001016s ]
SQL: SHOW COLUMNS FROM `cs_cate` [ RunTime:0.0097s ]
SQL: SELECT `id`,`name`,`type` FROM `cs_cate` WHERE `parentid` = 0 AND `pc` = 1 ORDER BY sort asc  [ RunTime:0.0004s ]
SQL: SHOW COLUMNS FROM `cs_link` [ RunTime:0.0071s ]
SQL: SELECT `title`,`url` FROM `cs_link`  [ RunTime:0.0003s ]
SQL: SHOW COLUMNS FROM `cs_article` [ RunTime:0.0064s ]
SQL: SELECT `id`,`title`,`pic`,`rizu` FROM `cs_article` WHERE ( cateid=70 ) ORDER BY id desc LIMIT 3   [ RunTime:0.0005s ]
SQL: SELECT `id`,`title`,`pic`,`rizu` FROM `cs_article` WHERE ( cateid=68 ) ORDER BY id desc  [ RunTime:0.0003s ]
SQL: SELECT `id`,`title`,`content` FROM `cs_article` WHERE ( cateid=67 ) LIMIT 1   [ RunTime:0.0002s ]
SQL: SELECT `id`,`title`,`content` FROM `cs_article` WHERE ( cateid=69 ) LIMIT 3   [ RunTime:0.0003s ]
INFO: [ view_parse ] --START--
INFO: [ template_filter ] --START--
INFO: Run Behavior\ContentReplaceBehavior [ RunTime:0.000201s ]
INFO: [ template_filter ] --END-- [ RunTime:0.000277s ]
NOTIC: [8] Undefined index: time C:\PHPWAMP_IN3\wwwroot\carshop\Application\Runtime\Cache\Home\2a94b8bda04ff446dcedd42276fc99ee.php 第 161 行.
NOTIC: [8] Undefined index: time C:\PHPWAMP_IN3\wwwroot\carshop\Application\Runtime\Cache\Home\2a94b8bda04ff446dcedd42276fc99ee.php 第 161 行.
NOTIC: [8] Undefined index: time C:\PHPWAMP_IN3\wwwroot\carshop\Application\Runtime\Cache\Home\2a94b8bda04ff446dcedd42276fc99ee.php 第 161 行.
INFO: Run Behavior\ParseTemplateBehavior [ RunTime:0.023581s ]
INFO: [ view_parse ] --END-- [ RunTime:0.023644s ]
INFO: [ view_filter ] --START--
INFO: Run Behavior\WriteHtmlCacheBehavior [ RunTime:0.000903s ]
INFO: [ view_filter ] --END-- [ RunTime:0.000949s ]
INFO: [ app_end ] --START--
INFO: Run Behavior\ShowPageTraceBehavior [ RunTime:0.000964s ]
INFO: [ app_end ] --END-- [ RunTime:0.001021s ]

[ 2019-04-03T21:31:55+08:00 ] 127.0.0.1 /carshop/
INFO: [ app_init ] --START--
INFO: Run Behavior\BuildLiteBehavior [ RunTime:0.000022s ]
INFO: [ app_init ] --END-- [ RunTime:0.003432s ]
INFO: [ app_begin ] --START--
INFO: Run Behavior\ReadHtmlCacheBehavior [ RunTime:0.003942s ]
INFO: [ app_begin ] --END-- [ RunTime:0.004006s ]
SQL: SHOW COLUMNS FROM `cs_cate` [ RunTime:0.0096s ]
SQL: SELECT `id`,`name`,`type` FROM `cs_cate` WHERE `parentid` = 0 AND `pc` = 1 ORDER BY sort asc  [ RunTime:0.0026s ]
SQL: SHOW COLUMNS FROM `cs_link` [ RunTime:0.0092s ]
SQL: SELECT `title`,`url` FROM `cs_link`  [ RunTime:0.0003s ]
SQL: SHOW COLUMNS FROM `cs_article` [ RunTime:0.0091s ]
SQL: SELECT `id`,`title`,`pic`,`rizu` FROM `cs_article` WHERE ( cateid=70 ) ORDER BY id desc LIMIT 3   [ RunTime:0.0018s ]
SQL: SELECT `id`,`title`,`pic`,`rizu` FROM `cs_article` WHERE ( cateid=68 ) ORDER BY id desc  [ RunTime:0.0004s ]
SQL: SELECT `id`,`title`,`content` FROM `cs_article` WHERE ( cateid=67 ) LIMIT 1   [ RunTime:0.0003s ]
SQL: SELECT `id`,`title`,`content` FROM `cs_article` WHERE ( cateid=69 ) LIMIT 3   [ RunTime:0.0003s ]
INFO: [ view_parse ] --START--
INFO: [ template_filter ] --START--
INFO: Run Behavior\ContentReplaceBehavior [ RunTime:0.000149s ]
INFO: [ template_filter ] --END-- [ RunTime:0.000205s ]
NOTIC: [8] Undefined index: time C:\PHPWAMP_IN3\wwwroot\carshop\Application\Runtime\Cache\Home\2a94b8bda04ff446dcedd42276fc99ee.php 第 161 行.
NOTIC: [8] Undefined index: time C:\PHPWAMP_IN3\wwwroot\carshop\Application\Runtime\Cache\Home\2a94b8bda04ff446dcedd42276fc99ee.php 第 161 行.
NOTIC: [8] Undefined index: time C:\PHPWAMP_IN3\wwwroot\carshop\Application\Runtime\Cache\Home\2a94b8bda04ff446dcedd42276fc99ee.php 第 161 行.
INFO: Run Behavior\ParseTemplateBehavior [ RunTime:0.044710s ]
INFO: [ view_parse ] --END-- [ RunTime:0.044777s ]
INFO: [ view_filter ] --START--
INFO: Run Behavior\WriteHtmlCacheBehavior [ RunTime:0.004111s ]
INFO: [ view_filter ] --END-- [ RunTime:0.004170s ]
INFO: [ app_end ] --START--
INFO: Run Behavior\ShowPageTraceBehavior [ RunTime:0.004772s ]
INFO: [ app_end ] --END-- [ RunTime:0.004836s ]

[ 2019-04-03T21:32:00+08:00 ] 127.0.0.1 /carshop/index.php/Home/Carlist/index/cateid/68
INFO: [ app_init ] --START--
INFO: Run Behavior\BuildLiteBehavior [ RunTime:0.000013s ]
INFO: [ app_init ] --END-- [ RunTime:0.000130s ]
INFO: [ app_begin ] --START--
INFO: Run Behavior\ReadHtmlCacheBehavior [ RunTime:0.000408s ]
INFO: [ app_begin ] --END-- [ RunTime:0.000482s ]
SQL: SHOW COLUMNS FROM `cs_cate` [ RunTime:0.0087s ]
SQL: SELECT * FROM `cs_cate` WHERE `id` = 68 LIMIT 1   [ RunTime:0.0005s ]
SQL: SELECT * FROM `cs_cate` WHERE ( parentid=68 )  [ RunTime:0.0004s ]
SQL: SELECT * FROM `cs_cate` WHERE ( parentid=68 )  [ RunTime:0.0005s ]
SQL: SELECT `id`,`name`,`type` FROM `cs_cate` WHERE `parentid` = 0 AND `pc` = 1 ORDER BY sort asc  [ RunTime:0.0006s ]
SQL: SHOW COLUMNS FROM `cs_link` [ RunTime:0.0070s ]
SQL: SELECT `title`,`url` FROM `cs_link`  [ RunTime:0.0003s ]
SQL: SELECT * FROM `cs_cate` WHERE `id` = 68 LIMIT 1   [ RunTime:0.0003s ]
SQL: SELECT * FROM `cs_cate` WHERE `id` = 68 LIMIT 1   [ RunTime:0.0003s ]
SQL: SHOW COLUMNS FROM `cs_article` [ RunTime:0.0069s ]
SQL: SELECT COUNT(*) AS tp_count FROM `cs_article` WHERE ( cateid=68 ) LIMIT 1   [ RunTime:0.0021s ]
SQL: SELECT * FROM `cs_article` WHERE ( cateid=68 ) ORDER BY time asc LIMIT 0,2   [ RunTime:0.0006s ]
INFO: [ view_parse ] --START--
INFO: [ template_filter ] --START--
INFO: Run Behavior\ContentReplaceBehavior [ RunTime:0.000215s ]
INFO: [ template_filter ] --END-- [ RunTime:0.000295s ]
NOTIC: [8] Undefined variable: contro C:\PHPWAMP_IN3\wwwroot\carshop\Application\Runtime\Cache\Home\a48709bca952eced7bd8fa469ec83b13.php 第 154 行.
NOTIC: [8] Undefined variable: son3pid C:\PHPWAMP_IN3\wwwroot\carshop\Application\Runtime\Cache\Home\a48709bca952eced7bd8fa469ec83b13.php 第 159 行.
NOTIC: [8] Undefined variable: contro C:\PHPWAMP_IN3\wwwroot\carshop\Application\Runtime\Cache\Home\a48709bca952eced7bd8fa469ec83b13.php 第 154 行.
NOTIC: [8] Undefined variable: son3pid C:\PHPWAMP_IN3\wwwroot\carshop\Application\Runtime\Cache\Home\a48709bca952eced7bd8fa469ec83b13.php 第 159 行.
NOTIC: [8] Undefined variable: contro C:\PHPWAMP_IN3\wwwroot\carshop\Application\Runtime\Cache\Home\a48709bca952eced7bd8fa469ec83b13.php 第 154 行.
NOTIC: [8] Undefined variable: son3pid C:\PHPWAMP_IN3\wwwroot\carshop\Application\Runtime\Cache\Home\a48709bca952eced7bd8fa469ec83b13.php 第 159 行.
NOTIC: [8] Undefined variable: contro C:\PHPWAMP_IN3\wwwroot\carshop\Application\Runtime\Cache\Home\a48709bca952eced7bd8fa469ec83b13.php 第 154 行.
NOTIC: [8] Undefined variable: son3pid C:\PHPWAMP_IN3\wwwroot\carshop\Application\Runtime\Cache\Home\a48709bca952eced7bd8fa469ec83b13.php 第 159 行.
INFO: Run Behavior\ParseTemplateBehavior [ RunTime:0.025007s ]
INFO: [ view_parse ] --END-- [ RunTime:0.025072s ]
INFO: [ view_filter ] --START--
INFO: Run Behavior\WriteHtmlCacheBehavior [ RunTime:0.000300s ]
INFO: [ view_filter ] --END-- [ RunTime:0.000342s ]
INFO: [ app_end ] --START--
INFO: Run Behavior\ShowPageTraceBehavior [ RunTime:0.000603s ]
INFO: [ app_end ] --END-- [ RunTime:0.000659s ]

[ 2019-04-03T21:32:02+08:00 ] 127.0.0.1 /carshop/index.php/Home/Page/index/cateid/67
INFO: [ app_init ] --START--
INFO: Run Behavior\BuildLiteBehavior [ RunTime:0.000012s ]
INFO: [ app_init ] --END-- [ RunTime:0.000127s ]
INFO: [ app_begin ] --START--
INFO: Run Behavior\ReadHtmlCacheBehavior [ RunTime:0.000141s ]
INFO: [ app_begin ] --END-- [ RunTime:0.000269s ]
SQL: SHOW COLUMNS FROM `cs_cate` [ RunTime:0.0082s ]
SQL: SELECT * FROM `cs_cate` WHERE `id` = 67 LIMIT 1   [ RunTime:0.0006s ]
SQL: SELECT * FROM `cs_cate` WHERE ( parentid=67 )  [ RunTime:0.0005s ]
SQL: SELECT * FROM `cs_cate` WHERE ( id=68 ) LIMIT 1   [ RunTime:0.0002s ]
SQL: SELECT * FROM `cs_cate` WHERE ( parentid=68 )  [ RunTime:0.0003s ]
SQL: SELECT `id`,`name`,`type` FROM `cs_cate` WHERE `parentid` = 0 AND `pc` = 1 ORDER BY sort asc  [ RunTime:0.0002s ]
SQL: SHOW COLUMNS FROM `cs_link` [ RunTime:0.0064s ]
SQL: SELECT `title`,`url` FROM `cs_link`  [ RunTime:0.0002s ]
SQL: SELECT * FROM `cs_cate` WHERE `id` = 67 LIMIT 1   [ RunTime:0.0002s ]
SQL: SELECT * FROM `cs_cate` WHERE `id` = 67 LIMIT 1   [ RunTime:0.0003s ]
SQL: SELECT * FROM `cs_cate` WHERE `id` = 67 LIMIT 1   [ RunTime:0.0003s ]
INFO: [ view_parse ] --START--
INFO: [ template_filter ] --START--
INFO: Run Behavior\ContentReplaceBehavior [ RunTime:0.000138s ]
INFO: [ template_filter ] --END-- [ RunTime:0.000190s ]
NOTIC: [8] Undefined variable: son3pid C:\PHPWAMP_IN3\wwwroot\carshop\Application\Runtime\Cache\Home\68bce0ec7afdf8798ef65138f610dc8c.php 第 153 行.
NOTIC: [8] Undefined variable: son3pid C:\PHPWAMP_IN3\wwwroot\carshop\Application\Runtime\Cache\Home\68bce0ec7afdf8798ef65138f610dc8c.php 第 153 行.
NOTIC: [8] Undefined variable: son3pid C:\PHPWAMP_IN3\wwwroot\carshop\Application\Runtime\Cache\Home\68bce0ec7afdf8798ef65138f610dc8c.php 第 153 行.
NOTIC: [8] Undefined variable: son3pid C:\PHPWAMP_IN3\wwwroot\carshop\Application\Runtime\Cache\Home\68bce0ec7afdf8798ef65138f610dc8c.php 第 153 行.
INFO: Run Behavior\ParseTemplateBehavior [ RunTime:0.015657s ]
INFO: [ view_parse ] --END-- [ RunTime:0.015718s ]
INFO: [ view_filter ] --START--
INFO: Run Behavior\WriteHtmlCacheBehavior [ RunTime:0.000148s ]
INFO: [ view_filter ] --END-- [ RunTime:0.000191s ]
INFO: [ app_end ] --START--
INFO: Run Behavior\ShowPageTraceBehavior [ RunTime:0.000644s ]
INFO: [ app_end ] --END-- [ RunTime:0.000694s ]

[ 2019-04-03T21:32:06+08:00 ] 127.0.0.1 /carshop/index.php/Home/Ry/index/cateid/80
INFO: [ app_init ] --START--
INFO: Run Behavior\BuildLiteBehavior [ RunTime:0.000011s ]
INFO: [ app_init ] --END-- [ RunTime:0.000105s ]
INFO: [ app_begin ] --START--
INFO: Run Behavior\ReadHtmlCacheBehavior [ RunTime:0.000139s ]
INFO: [ app_begin ] --END-- [ RunTime:0.000211s ]
SQL: SHOW COLUMNS FROM `cs_cate` [ RunTime:0.0093s ]
SQL: SELECT * FROM `cs_cate` WHERE `id` = 80 LIMIT 1   [ RunTime:0.0003s ]
SQL: SELECT * FROM `cs_cate` WHERE ( parentid=80 )  [ RunTime:0.0003s ]
SQL: SELECT * FROM `cs_cate` WHERE ( id=68 ) LIMIT 1   [ RunTime:0.0002s ]
SQL: SELECT * FROM `cs_cate` WHERE ( parentid=68 )  [ RunTime:0.0004s ]
SQL: SELECT `id`,`name`,`type` FROM `cs_cate` WHERE `parentid` = 0 AND `pc` = 1 ORDER BY sort asc  [ RunTime:0.0005s ]
SQL: SHOW COLUMNS FROM `cs_link` [ RunTime:0.0072s ]
SQL: SELECT `title`,`url` FROM `cs_link`  [ RunTime:0.0003s ]
SQL: SELECT * FROM `cs_cate` WHERE `id` = 80 LIMIT 1   [ RunTime:0.0004s ]
SQL: SELECT * FROM `cs_cate` WHERE `id` = 80 LIMIT 1   [ RunTime:0.0003s ]
SQL: SHOW COLUMNS FROM `cs_article` [ RunTime:0.0068s ]
SQL: SELECT COUNT(*) AS tp_count FROM `cs_article` WHERE ( cateid=80 ) LIMIT 1   [ RunTime:0.0003s ]
SQL: SELECT * FROM `cs_article` WHERE ( cateid=80 ) ORDER BY time asc LIMIT 0,2   [ RunTime:0.0005s ]
INFO: [ view_parse ] --START--
INFO: [ template_filter ] --START--
INFO: Run Behavior\ContentReplaceBehavior [ RunTime:0.000182s ]
INFO: [ template_filter ] --END-- [ RunTime:0.000245s ]
NOTIC: [8] Undefined variable: son3pid C:\PHPWAMP_IN3\wwwroot\carshop\Application\Runtime\Cache\Home\baf4f4cb3ce169f386291e98251f0b6c.php 第 155 行.
NOTIC: [8] Undefined variable: son3pid C:\PHPWAMP_IN3\wwwroot\carshop\Application\Runtime\Cache\Home\baf4f4cb3ce169f386291e98251f0b6c.php 第 155 行.
NOTIC: [8] Undefined variable: son3pid C:\PHPWAMP_IN3\wwwroot\carshop\Application\Runtime\Cache\Home\baf4f4cb3ce169f386291e98251f0b6c.php 第 155 行.
NOTIC: [8] Undefined variable: son3pid C:\PHPWAMP_IN3\wwwroot\carshop\Application\Runtime\Cache\Home\baf4f4cb3ce169f386291e98251f0b6c.php 第 155 行.
INFO: Run Behavior\ParseTemplateBehavior [ RunTime:0.018824s ]
INFO: [ view_parse ] --END-- [ RunTime:0.018909s ]
INFO: [ view_filter ] --START--
INFO: Run Behavior\WriteHtmlCacheBehavior [ RunTime:0.000146s ]
INFO: [ view_filter ] --END-- [ RunTime:0.000198s ]
INFO: [ app_end ] --START--
INFO: Run Behavior\ShowPageTraceBehavior [ RunTime:0.000750s ]
INFO: [ app_end ] --END-- [ RunTime:0.000892s ]

[ 2019-04-03T21:32:08+08:00 ] 127.0.0.1 /carshop/index.php/Home/Page/index/cateid/84
INFO: [ app_init ] --START--
INFO: Run Behavior\BuildLiteBehavior [ RunTime:0.000012s ]
INFO: [ app_init ] --END-- [ RunTime:0.000124s ]
INFO: [ app_begin ] --START--
INFO: Run Behavior\ReadHtmlCacheBehavior [ RunTime:0.000148s ]
INFO: [ app_begin ] --END-- [ RunTime:0.000232s ]
SQL: SHOW COLUMNS FROM `cs_cate` [ RunTime:0.0067s ]
SQL: SELECT * FROM `cs_cate` WHERE `id` = 84 LIMIT 1   [ RunTime:0.0005s ]
SQL: SELECT * FROM `cs_cate` WHERE ( parentid=84 )  [ RunTime:0.0003s ]
SQL: SELECT * FROM `cs_cate` WHERE ( id=68 ) LIMIT 1   [ RunTime:0.0003s ]
SQL: SELECT * FROM `cs_cate` WHERE ( parentid=68 )  [ RunTime:0.0002s ]
SQL: SELECT `id`,`name`,`type` FROM `cs_cate` WHERE `parentid` = 0 AND `pc` = 1 ORDER BY sort asc  [ RunTime:0.0003s ]
SQL: SHOW COLUMNS FROM `cs_link` [ RunTime:0.0060s ]
SQL: SELECT `title`,`url` FROM `cs_link`  [ RunTime:0.0003s ]
SQL: SELECT * FROM `cs_cate` WHERE `id` = 84 LIMIT 1   [ RunTime:0.0003s ]
SQL: SELECT * FROM `cs_cate` WHERE `id` = 84 LIMIT 1   [ RunTime:0.0002s ]
SQL: SELECT * FROM `cs_cate` WHERE `id` = 84 LIMIT 1   [ RunTime:0.0002s ]
INFO: [ view_parse ] --START--
INFO: [ template_filter ] --START--
INFO: Run Behavior\ContentReplaceBehavior [ RunTime:0.000169s ]
INFO: [ template_filter ] --END-- [ RunTime:0.000247s ]
NOTIC: [8] Undefined variable: son3pid C:\PHPWAMP_IN3\wwwroot\carshop\Application\Runtime\Cache\Home\68bce0ec7afdf8798ef65138f610dc8c.php 第 153 行.
NOTIC: [8] Undefined variable: son3pid C:\PHPWAMP_IN3\wwwroot\carshop\Application\Runtime\Cache\Home\68bce0ec7afdf8798ef65138f610dc8c.php 第 153 行.
NOTIC: [8] Undefined variable: son3pid C:\PHPWAMP_IN3\wwwroot\carshop\Application\Runtime\Cache\Home\68bce0ec7afdf8798ef65138f610dc8c.php 第 153 行.
NOTIC: [8] Undefined variable: son3pid C:\PHPWAMP_IN3\wwwroot\carshop\Application\Runtime\Cache\Home\68bce0ec7afdf8798ef65138f610dc8c.php 第 153 行.
INFO: Run Behavior\ParseTemplateBehavior [ RunTime:0.015647s ]
INFO: [ view_parse ] --END-- [ RunTime:0.015708s ]
INFO: [ view_filter ] --START--
INFO: Run Behavior\WriteHtmlCacheBehavior [ RunTime:0.000139s ]
INFO: [ view_filter ] --END-- [ RunTime:0.000179s ]
INFO: [ app_end ] --START--
INFO: Run Behavior\ShowPageTraceBehavior [ RunTime:0.000629s ]
INFO: [ app_end ] --END-- [ RunTime:0.000674s ]

[ 2019-04-03T21:32:10+08:00 ] 127.0.0.1 /carshop/index.php/Home/Zplist/index/cateid/85
INFO: [ app_init ] --START--
INFO: Run Behavior\BuildLiteBehavior [ RunTime:0.000014s ]
INFO: [ app_init ] --END-- [ RunTime:0.000150s ]
INFO: [ app_begin ] --START--
INFO: Run Behavior\ReadHtmlCacheBehavior [ RunTime:0.000141s ]
INFO: [ app_begin ] --END-- [ RunTime:0.000220s ]
SQL: SHOW COLUMNS FROM `cs_cate` [ RunTime:0.0070s ]
SQL: SELECT * FROM `cs_cate` WHERE `id` = 85 LIMIT 1   [ RunTime:0.0004s ]
SQL: SELECT * FROM `cs_cate` WHERE ( parentid=85 )  [ RunTime:0.0004s ]
SQL: SELECT * FROM `cs_cate` WHERE ( id=68 ) LIMIT 1   [ RunTime:0.0002s ]
SQL: SELECT * FROM `cs_cate` WHERE ( parentid=68 )  [ RunTime:0.0002s ]
SQL: SELECT `id`,`name`,`type` FROM `cs_cate` WHERE `parentid` = 0 AND `pc` = 1 ORDER BY sort asc  [ RunTime:0.0003s ]
SQL: SHOW COLUMNS FROM `cs_link` [ RunTime:0.0069s ]
SQL: SELECT `title`,`url` FROM `cs_link`  [ RunTime:0.0003s ]
SQL: SELECT * FROM `cs_cate` WHERE `id` = 85 LIMIT 1   [ RunTime:0.0005s ]
SQL: SELECT * FROM `cs_cate` WHERE `id` = 85 LIMIT 1   [ RunTime:0.0004s ]
SQL: SHOW COLUMNS FROM `cs_article` [ RunTime:0.0064s ]
SQL: SELECT COUNT(*) AS tp_count FROM `cs_article` WHERE ( cateid=85 ) LIMIT 1   [ RunTime:0.0003s ]
SQL: SELECT * FROM `cs_article` WHERE ( cateid=85 ) ORDER BY time asc LIMIT 0,6   [ RunTime:0.0004s ]
INFO: [ view_parse ] --START--
INFO: [ template_filter ] --START--
INFO: Run Behavior\ContentReplaceBehavior [ RunTime:0.000193s ]
INFO: [ template_filter ] --END-- [ RunTime:0.000264s ]
NOTIC: [8] Undefined variable: son3pid C:\PHPWAMP_IN3\wwwroot\carshop\Application\Runtime\Cache\Home\a725b31f0cd63b69a227c1dbbab8aa77.php 第 153 行.
NOTIC: [8] Undefined variable: son3pid C:\PHPWAMP_IN3\wwwroot\carshop\Application\Runtime\Cache\Home\a725b31f0cd63b69a227c1dbbab8aa77.php 第 153 行.
NOTIC: [8] Undefined variable: son3pid C:\PHPWAMP_IN3\wwwroot\carshop\Application\Runtime\Cache\Home\a725b31f0cd63b69a227c1dbbab8aa77.php 第 153 行.
NOTIC: [8] Undefined variable: son3pid C:\PHPWAMP_IN3\wwwroot\carshop\Application\Runtime\Cache\Home\a725b31f0cd63b69a227c1dbbab8aa77.php 第 153 行.
INFO: Run Behavior\ParseTemplateBehavior [ RunTime:0.018474s ]
INFO: [ view_parse ] --END-- [ RunTime:0.018537s ]
INFO: [ view_filter ] --START--
INFO: Run Behavior\WriteHtmlCacheBehavior [ RunTime:0.000171s ]
INFO: [ view_filter ] --END-- [ RunTime:0.000222s ]
INFO: [ app_end ] --START--
INFO: Run Behavior\ShowPageTraceBehavior [ RunTime:0.000801s ]
INFO: [ app_end ] --END-- [ RunTime:0.000870s ]

[ 2019-04-03T21:32:12+08:00 ] 127.0.0.1 /carshop/index.php/Home/Message/index/cateid/86
INFO: [ app_init ] --START--
INFO: Run Behavior\BuildLiteBehavior [ RunTime:0.000014s ]
INFO: [ app_init ] --END-- [ RunTime:0.000139s ]
INFO: [ app_begin ] --START--
INFO: Run Behavior\ReadHtmlCacheBehavior [ RunTime:0.000126s ]
INFO: [ app_begin ] --END-- [ RunTime:0.000191s ]
SQL: SHOW COLUMNS FROM `cs_cate` [ RunTime:0.0065s ]
SQL: SELECT * FROM `cs_cate` WHERE `id` = 86 LIMIT 1   [ RunTime:0.0003s ]
SQL: SELECT * FROM `cs_cate` WHERE ( parentid=86 )  [ RunTime:0.0002s ]
SQL: SELECT * FROM `cs_cate` WHERE ( id=68 ) LIMIT 1   [ RunTime:0.0002s ]
SQL: SELECT * FROM `cs_cate` WHERE ( parentid=68 )  [ RunTime:0.0003s ]
SQL: SELECT `id`,`name`,`type` FROM `cs_cate` WHERE `parentid` = 0 AND `pc` = 1 ORDER BY sort asc  [ RunTime:0.0002s ]
SQL: SHOW COLUMNS FROM `cs_link` [ RunTime:0.0066s ]
SQL: SELECT `title`,`url` FROM `cs_link`  [ RunTime:0.0003s ]
SQL: SELECT * FROM `cs_cate` WHERE `id` = 86 LIMIT 1   [ RunTime:0.0004s ]
SQL: SELECT * FROM `cs_cate` WHERE `id` = 86 LIMIT 1   [ RunTime:0.0004s ]
SQL: SHOW COLUMNS FROM `cs_message` [ RunTime:0.0090s ]
SQL: SHOW COLUMNS FROM `cs_reply` [ RunTime:0.0090s ]
SQL: SELECT * FROM `cs_message` WHERE ( checked=1 )  [ RunTime:0.0004s ]
SQL: SELECT * FROM `cs_reply`  [ RunTime:0.0003s ]
INFO: [ view_parse ] --START--
INFO: [ template_filter ] --START--
INFO: Run Behavior\ContentReplaceBehavior [ RunTime:0.000189s ]
INFO: [ template_filter ] --END-- [ RunTime:0.000247s ]
NOTIC: [8] Undefined variable: son3pid C:\PHPWAMP_IN3\wwwroot\carshop\Application\Runtime\Cache\Home\455a6242d1c94ccc41106a388080363b.php 第 167 行.
NOTIC: [8] Undefined variable: son3pid C:\PHPWAMP_IN3\wwwroot\carshop\Application\Runtime\Cache\Home\455a6242d1c94ccc41106a388080363b.php 第 167 行.
NOTIC: [8] Undefined variable: son3pid C:\PHPWAMP_IN3\wwwroot\carshop\Application\Runtime\Cache\Home\455a6242d1c94ccc41106a388080363b.php 第 167 行.
NOTIC: [8] Undefined variable: son3pid C:\PHPWAMP_IN3\wwwroot\carshop\Application\Runtime\Cache\Home\455a6242d1c94ccc41106a388080363b.php 第 167 行.
NOTIC: [8] Undefined index: type C:\PHPWAMP_IN3\wwwroot\carshop\Application\Runtime\Cache\Home\455a6242d1c94ccc41106a388080363b.php 第 190 行.
NOTIC: [8] Undefined index: type C:\PHPWAMP_IN3\wwwroot\carshop\Application\Runtime\Cache\Home\455a6242d1c94ccc41106a388080363b.php 第 190 行.
NOTIC: [8] Undefined index: type C:\PHPWAMP_IN3\wwwroot\carshop\Application\Runtime\Cache\Home\455a6242d1c94ccc41106a388080363b.php 第 190 行.
NOTIC: [8] Undefined index: type C:\PHPWAMP_IN3\wwwroot\carshop\Application\Runtime\Cache\Home\455a6242d1c94ccc41106a388080363b.php 第 190 行.
NOTIC: [8] Undefined index: type C:\PHPWAMP_IN3\wwwroot\carshop\Application\Runtime\Cache\Home\455a6242d1c94ccc41106a388080363b.php 第 190 行.
NOTIC: [8] Undefined index: type C:\PHPWAMP_IN3\wwwroot\carshop\Application\Runtime\Cache\Home\455a6242d1c94ccc41106a388080363b.php 第 190 行.
NOTIC: [8] Undefined index: type C:\PHPWAMP_IN3\wwwroot\carshop\Application\Runtime\Cache\Home\455a6242d1c94ccc41106a388080363b.php 第 190 行.
NOTIC: [8] Undefined index: name C:\PHPWAMP_IN3\wwwroot\carshop\Application\Runtime\Cache\Home\455a6242d1c94ccc41106a388080363b.php 第 190 行.
NOTIC: [8] Undefined index: type C:\PHPWAMP_IN3\wwwroot\carshop\Application\Runtime\Cache\Home\455a6242d1c94ccc41106a388080363b.php 第 190 行.
NOTIC: [8] Undefined index: type C:\PHPWAMP_IN3\wwwroot\carshop\Application\Runtime\Cache\Home\455a6242d1c94ccc41106a388080363b.php 第 190 行.
NOTIC: [8] Undefined index: type C:\PHPWAMP_IN3\wwwroot\carshop\Application\Runtime\Cache\Home\455a6242d1c94ccc41106a388080363b.php 第 190 行.
NOTIC: [8] Undefined index: type C:\PHPWAMP_IN3\wwwroot\carshop\Application\Runtime\Cache\Home\455a6242d1c94ccc41106a388080363b.php 第 190 行.
NOTIC: [8] Undefined index: type C:\PHPWAMP_IN3\wwwroot\carshop\Application\Runtime\Cache\Home\455a6242d1c94ccc41106a388080363b.php 第 190 行.
NOTIC: [8] Undefined index: type C:\PHPWAMP_IN3\wwwroot\carshop\Application\Runtime\Cache\Home\455a6242d1c94ccc41106a388080363b.php 第 190 行.
NOTIC: [8] Undefined index: type C:\PHPWAMP_IN3\wwwroot\carshop\Application\Runtime\Cache\Home\455a6242d1c94ccc41106a388080363b.php 第 190 行.
NOTIC: [8] Undefined index: name C:\PHPWAMP_IN3\wwwroot\carshop\Application\Runtime\Cache\Home\455a6242d1c94ccc41106a388080363b.php 第 190 行.
NOTIC: [8] Undefined index: type C:\PHPWAMP_IN3\wwwroot\carshop\Application\Runtime\Cache\Home\455a6242d1c94ccc41106a388080363b.php 第 190 行.
NOTIC: [8] Undefined index: type C:\PHPWAMP_IN3\wwwroot\carshop\Application\Runtime\Cache\Home\455a6242d1c94ccc41106a388080363b.php 第 190 行.
NOTIC: [8] Undefined index: type C:\PHPWAMP_IN3\wwwroot\carshop\Application\Runtime\Cache\Home\455a6242d1c94ccc41106a388080363b.php 第 190 行.
NOTIC: [8] Undefined index: type C:\PHPWAMP_IN3\wwwroot\carshop\Application\Runtime\Cache\Home\455a6242d1c94ccc41106a388080363b.php 第 190 行.
NOTIC: [8] Undefined index: type C:\PHPWAMP_IN3\wwwroot\carshop\Application\Runtime\Cache\Home\455a6242d1c94ccc41106a388080363b.php 第 190 行.
NOTIC: [8] Undefined index: type C:\PHPWAMP_IN3\wwwroot\carshop\Application\Runtime\Cache\Home\455a6242d1c94ccc41106a388080363b.php 第 190 行.
NOTIC: [8] Undefined index: type C:\PHPWAMP_IN3\wwwroot\carshop\Application\Runtime\Cache\Home\455a6242d1c94ccc41106a388080363b.php 第 190 行.
NOTIC: [8] Undefined index: name C:\PHPWAMP_IN3\wwwroot\carshop\Application\Runtime\Cache\Home\455a6242d1c94ccc41106a388080363b.php 第 190 行.
NOTIC: [8] Undefined index: type C:\PHPWAMP_IN3\wwwroot\carshop\Application\Runtime\Cache\Home\455a6242d1c94ccc41106a388080363b.php 第 190 行.
NOTIC: [8] Undefined index: type C:\PHPWAMP_IN3\wwwroot\carshop\Application\Runtime\Cache\Home\455a6242d1c94ccc41106a388080363b.php 第 190 行.
NOTIC: [8] Undefined index: type C:\PHPWAMP_IN3\wwwroot\carshop\Application\Runtime\Cache\Home\455a6242d1c94ccc41106a388080363b.php 第 190 行.
NOTIC: [8] Undefined index: type C:\PHPWAMP_IN3\wwwroot\carshop\Application\Runtime\Cache\Home\455a6242d1c94ccc41106a388080363b.php 第 190 行.
NOTIC: [8] Undefined index: type C:\PHPWAMP_IN3\wwwroot\carshop\Application\Runtime\Cache\Home\455a6242d1c94ccc41106a388080363b.php 第 190 行.
NOTIC: [8] Undefined index: type C:\PHPWAMP_IN3\wwwroot\carshop\Application\Runtime\Cache\Home\455a6242d1c94ccc41106a388080363b.php 第 190 行.
NOTIC: [8] Undefined index: type C:\PHPWAMP_IN3\wwwroot\carshop\Application\Runtime\Cache\Home\455a6242d1c94ccc41106a388080363b.php 第 190 行.
NOTIC: [8] Undefined index: name C:\PHPWAMP_IN3\wwwroot\carshop\Application\Runtime\Cache\Home\455a6242d1c94ccc41106a388080363b.php 第 190 行.
NOTIC: [8] Undefined index: name C:\PHPWAMP_IN3\wwwroot\carshop\Application\Runtime\Cache\Home\455a6242d1c94ccc41106a388080363b.php 第 192 行.
INFO: Run Behavior\ParseTemplateBehavior [ RunTime:0.018495s ]
INFO: [ view_parse ] --END-- [ RunTime:0.018552s ]
INFO: [ view_filter ] --START--
INFO: Run Behavior\WriteHtmlCacheBehavior [ RunTime:0.000126s ]
INFO: [ view_filter ] --END-- [ RunTime:0.000162s ]
INFO: [ app_end ] --START--
INFO: Run Behavior\ShowPageTraceBehavior [ RunTime:0.000600s ]
INFO: [ app_end ] --END-- [ RunTime:0.000650s ]

[ 2019-04-03T21:32:13+08:00 ] 127.0.0.1 /carshop/index.php/Home/Message/code
INFO: [ app_init ] --START--
INFO: Run Behavior\BuildLiteBehavior [ RunTime:0.000017s ]
INFO: [ app_init ] --END-- [ RunTime:0.000179s ]
INFO: [ app_begin ] --START--
INFO: Run Behavior\ReadHtmlCacheBehavior [ RunTime:0.000814s ]
INFO: [ app_begin ] --END-- [ RunTime:0.001197s ]
SQL: SHOW COLUMNS FROM `cs_cate` [ RunTime:0.0066s ]
SQL: SELECT `id`,`name`,`type` FROM `cs_cate` WHERE `parentid` = 0 AND `pc` = 1 ORDER BY sort asc  [ RunTime:0.0003s ]
SQL: SHOW COLUMNS FROM `cs_link` [ RunTime:0.0088s ]
SQL: SELECT `title`,`url` FROM `cs_link`  [ RunTime:0.0002s ]
INFO: [ app_end ] --START--
INFO: Run Behavior\ShowPageTraceBehavior [ RunTime:0.000421s ]
INFO: [ app_end ] --END-- [ RunTime:0.000488s ]

[ 2019-04-03T21:32:22+08:00 ] 127.0.0.1 /carshop/index.php/Home/Page/index/cateid/87
INFO: [ app_init ] --START--
INFO: Run Behavior\BuildLiteBehavior [ RunTime:0.000015s ]
INFO: [ app_init ] --END-- [ RunTime:0.000159s ]
INFO: [ app_begin ] --START--
INFO: Run Behavior\ReadHtmlCacheBehavior [ RunTime:0.000098s ]
INFO: [ app_begin ] --END-- [ RunTime:0.000152s ]
SQL: SHOW COLUMNS FROM `cs_cate` [ RunTime:0.0069s ]
SQL: SELECT * FROM `cs_cate` WHERE `id` = 87 LIMIT 1   [ RunTime:0.0004s ]
SQL: SELECT * FROM `cs_cate` WHERE ( parentid=87 )  [ RunTime:0.0002s ]
SQL: SELECT * FROM `cs_cate` WHERE ( id=68 ) LIMIT 1   [ RunTime:0.0002s ]
SQL: SELECT * FROM `cs_cate` WHERE ( parentid=68 )  [ RunTime:0.0003s ]
SQL: SELECT `id`,`name`,`type` FROM `cs_cate` WHERE `parentid` = 0 AND `pc` = 1 ORDER BY sort asc  [ RunTime:0.0003s ]
SQL: SHOW COLUMNS FROM `cs_link` [ RunTime:0.0071s ]
SQL: SELECT `title`,`url` FROM `cs_link`  [ RunTime:0.0003s ]
SQL: SELECT * FROM `cs_cate` WHERE `id` = 87 LIMIT 1   [ RunTime:0.0002s ]
SQL: SELECT * FROM `cs_cate` WHERE `id` = 87 LIMIT 1   [ RunTime:0.0004s ]
SQL: SELECT * FROM `cs_cate` WHERE `id` = 87 LIMIT 1   [ RunTime:0.0003s ]
INFO: [ view_parse ] --START--
INFO: [ template_filter ] --START--
INFO: Run Behavior\ContentReplaceBehavior [ RunTime:0.000182s ]
INFO: [ template_filter ] --END-- [ RunTime:0.000253s ]
NOTIC: [8] Undefined variable: son3pid C:\PHPWAMP_IN3\wwwroot\carshop\Application\Runtime\Cache\Home\68bce0ec7afdf8798ef65138f610dc8c.php 第 153 行.
NOTIC: [8] Undefined variable: son3pid C:\PHPWAMP_IN3\wwwroot\carshop\Application\Runtime\Cache\Home\68bce0ec7afdf8798ef65138f610dc8c.php 第 153 行.
NOTIC: [8] Undefined variable: son3pid C:\PHPWAMP_IN3\wwwroot\carshop\Application\Runtime\Cache\Home\68bce0ec7afdf8798ef65138f610dc8c.php 第 153 行.
NOTIC: [8] Undefined variable: son3pid C:\PHPWAMP_IN3\wwwroot\carshop\Application\Runtime\Cache\Home\68bce0ec7afdf8798ef65138f610dc8c.php 第 153 行.
INFO: Run Behavior\ParseTemplateBehavior [ RunTime:0.019101s ]
INFO: [ view_parse ] --END-- [ RunTime:0.019166s ]
INFO: [ view_filter ] --START--
INFO: Run Behavior\WriteHtmlCacheBehavior [ RunTime:0.000759s ]
INFO: [ view_filter ] --END-- [ RunTime:0.000825s ]
INFO: [ app_end ] --START--
INFO: Run Behavior\ShowPageTraceBehavior [ RunTime:0.000164s ]
INFO: [ app_end ] --END-- [ RunTime:0.000227s ]

[ 2019-04-03T21:32:27+08:00 ] 127.0.0.1 /carshop/index.php
INFO: [ app_init ] --START--
INFO: Run Behavior\BuildLiteBehavior [ RunTime:0.000011s ]
INFO: [ app_init ] --END-- [ RunTime:0.000102s ]
INFO: [ app_begin ] --START--
INFO: Run Behavior\ReadHtmlCacheBehavior [ RunTime:0.000088s ]
INFO: [ app_begin ] --END-- [ RunTime:0.000133s ]
SQL: SHOW COLUMNS FROM `cs_cate` [ RunTime:0.0092s ]
SQL: SELECT `id`,`name`,`type` FROM `cs_cate` WHERE `parentid` = 0 AND `pc` = 1 ORDER BY sort asc  [ RunTime:0.0004s ]
SQL: SHOW COLUMNS FROM `cs_link` [ RunTime:0.0072s ]
SQL: SELECT `title`,`url` FROM `cs_link`  [ RunTime:0.0004s ]
SQL: SHOW COLUMNS FROM `cs_article` [ RunTime:0.0067s ]
SQL: SELECT `id`,`title`,`pic`,`rizu` FROM `cs_article` WHERE ( cateid=70 ) ORDER BY id desc LIMIT 3   [ RunTime:0.0005s ]
SQL: SELECT `id`,`title`,`pic`,`rizu` FROM `cs_article` WHERE ( cateid=68 ) ORDER BY id desc  [ RunTime:0.0003s ]
SQL: SELECT `id`,`title`,`content` FROM `cs_article` WHERE ( cateid=67 ) LIMIT 1   [ RunTime:0.0002s ]
SQL: SELECT `id`,`title`,`content` FROM `cs_article` WHERE ( cateid=69 ) LIMIT 3   [ RunTime:0.0002s ]
INFO: [ view_parse ] --START--
INFO: [ template_filter ] --START--
INFO: Run Behavior\ContentReplaceBehavior [ RunTime:0.000137s ]
INFO: [ template_filter ] --END-- [ RunTime:0.000190s ]
NOTIC: [8] Undefined index: time C:\PHPWAMP_IN3\wwwroot\carshop\Application\Runtime\Cache\Home\2a94b8bda04ff446dcedd42276fc99ee.php 第 161 行.
NOTIC: [8] Undefined index: time C:\PHPWAMP_IN3\wwwroot\carshop\Application\Runtime\Cache\Home\2a94b8bda04ff446dcedd42276fc99ee.php 第 161 行.
NOTIC: [8] Undefined index: time C:\PHPWAMP_IN3\wwwroot\carshop\Application\Runtime\Cache\Home\2a94b8bda04ff446dcedd42276fc99ee.php 第 161 行.
INFO: Run Behavior\ParseTemplateBehavior [ RunTime:0.017097s ]
INFO: [ view_parse ] --END-- [ RunTime:0.017153s ]
INFO: [ view_filter ] --START--
INFO: Run Behavior\WriteHtmlCacheBehavior [ RunTime:0.000694s ]
INFO: [ view_filter ] --END-- [ RunTime:0.000750s ]
INFO: [ app_end ] --START--
INFO: Run Behavior\ShowPageTraceBehavior [ RunTime:0.000130s ]
INFO: [ app_end ] --END-- [ RunTime:0.000186s ]

[ 2019-04-03T21:35:27+08:00 ] 127.0.0.1 /carshop/index.php
INFO: [ app_init ] --START--
INFO: Run Behavior\BuildLiteBehavior [ RunTime:0.000017s ]
INFO: [ app_init ] --END-- [ RunTime:0.000310s ]
INFO: [ app_begin ] --START--
INFO: Run Behavior\ReadHtmlCacheBehavior [ RunTime:0.000515s ]
INFO: [ app_begin ] --END-- [ RunTime:0.000614s ]
INFO: [ view_parse ] --START--
INFO: [ template_filter ] --START--
INFO: Run Behavior\ContentReplaceBehavior [ RunTime:0.000134s ]
INFO: [ template_filter ] --END-- [ RunTime:0.000182s ]
NOTIC: [8] Undefined index: time C:\PHPWAMP_IN3\wwwroot\carshop\Application\Runtime\Cache\Home\2a94b8bda04ff446dcedd42276fc99ee.php 第 161 行.
NOTIC: [8] Undefined index: time C:\PHPWAMP_IN3\wwwroot\carshop\Application\Runtime\Cache\Home\2a94b8bda04ff446dcedd42276fc99ee.php 第 161 行.
NOTIC: [8] Undefined index: time C:\PHPWAMP_IN3\wwwroot\carshop\Application\Runtime\Cache\Home\2a94b8bda04ff446dcedd42276fc99ee.php 第 161 行.
INFO: Run Behavior\ParseTemplateBehavior [ RunTime:0.019999s ]
INFO: [ view_parse ] --END-- [ RunTime:0.020059s ]
INFO: [ view_filter ] --START--
INFO: Run Behavior\WriteHtmlCacheBehavior [ RunTime:0.000396s ]
INFO: [ view_filter ] --END-- [ RunTime:0.000444s ]
INFO: [ app_end ] --START--
INFO: Run Behavior\ShowPageTraceBehavior [ RunTime:0.000682s ]
INFO: [ app_end ] --END-- [ RunTime:0.000743s ]

[ 2019-04-03T21:35:33+08:00 ] 127.0.0.1 /carshop/index.php/Home/Carlist/index/cateid/68
INFO: [ app_init ] --START--
INFO: Run Behavior\BuildLiteBehavior [ RunTime:0.000015s ]
INFO: [ app_init ] --END-- [ RunTime:0.000144s ]
INFO: [ app_begin ] --START--
INFO: Run Behavior\ReadHtmlCacheBehavior [ RunTime:0.000948s ]
INFO: [ app_begin ] --END-- [ RunTime:0.001055s ]
INFO: [ view_parse ] --START--
INFO: [ template_filter ] --START--
INFO: Run Behavior\ContentReplaceBehavior [ RunTime:0.000139s ]
INFO: [ template_filter ] --END-- [ RunTime:0.000190s ]
NOTIC: [8] Undefined variable: contro C:\PHPWAMP_IN3\wwwroot\carshop\Application\Runtime\Cache\Home\a48709bca952eced7bd8fa469ec83b13.php 第 154 行.
NOTIC: [8] Undefined variable: son3pid C:\PHPWAMP_IN3\wwwroot\carshop\Application\Runtime\Cache\Home\a48709bca952eced7bd8fa469ec83b13.php 第 159 行.
NOTIC: [8] Undefined variable: contro C:\PHPWAMP_IN3\wwwroot\carshop\Application\Runtime\Cache\Home\a48709bca952eced7bd8fa469ec83b13.php 第 154 行.
NOTIC: [8] Undefined variable: son3pid C:\PHPWAMP_IN3\wwwroot\carshop\Application\Runtime\Cache\Home\a48709bca952eced7bd8fa469ec83b13.php 第 159 行.
NOTIC: [8] Undefined variable: contro C:\PHPWAMP_IN3\wwwroot\carshop\Application\Runtime\Cache\Home\a48709bca952eced7bd8fa469ec83b13.php 第 154 行.
NOTIC: [8] Undefined variable: son3pid C:\PHPWAMP_IN3\wwwroot\carshop\Application\Runtime\Cache\Home\a48709bca952eced7bd8fa469ec83b13.php 第 159 行.
NOTIC: [8] Undefined variable: contro C:\PHPWAMP_IN3\wwwroot\carshop\Application\Runtime\Cache\Home\a48709bca952eced7bd8fa469ec83b13.php 第 154 行.
NOTIC: [8] Undefined variable: son3pid C:\PHPWAMP_IN3\wwwroot\carshop\Application\Runtime\Cache\Home\a48709bca952eced7bd8fa469ec83b13.php 第 159 行.
INFO: Run Behavior\ParseTemplateBehavior [ RunTime:0.027220s ]
INFO: [ view_parse ] --END-- [ RunTime:0.027302s ]
INFO: [ view_filter ] --START--
INFO: Run Behavior\WriteHtmlCacheBehavior [ RunTime:0.000921s ]
INFO: [ view_filter ] --END-- [ RunTime:0.000979s ]
INFO: [ app_end ] --START--
INFO: Run Behavior\ShowPageTraceBehavior [ RunTime:0.000804s ]
INFO: [ app_end ] --END-- [ RunTime:0.000871s ]

[ 2019-04-03T21:35:35+08:00 ] 127.0.0.1 /carshop/index.php/Home/Arlist/index/cateid/69
INFO: [ app_init ] --START--
INFO: Run Behavior\BuildLiteBehavior [ RunTime:0.000020s ]
INFO: [ app_init ] --END-- [ RunTime:0.000270s ]
INFO: [ app_begin ] --START--
INFO: Run Behavior\ReadHtmlCacheBehavior [ RunTime:0.000149s ]
INFO: [ app_begin ] --END-- [ RunTime:0.000229s ]
INFO: [ view_parse ] --START--
INFO: [ template_filter ] --START--
INFO: Run Behavior\ContentReplaceBehavior [ RunTime:0.000140s ]
INFO: [ template_filter ] --END-- [ RunTime:0.000200s ]
NOTIC: [8] Undefined variable: contro C:\PHPWAMP_IN3\wwwroot\carshop\Application\Runtime\Cache\Home\0b67f368aa9aa7c51ba19e336244a85a.php 第 148 行.
NOTIC: [8] Undefined variable: son3pid C:\PHPWAMP_IN3\wwwroot\carshop\Application\Runtime\Cache\Home\0b67f368aa9aa7c51ba19e336244a85a.php 第 153 行.
NOTIC: [8] Undefined variable: contro C:\PHPWAMP_IN3\wwwroot\carshop\Application\Runtime\Cache\Home\0b67f368aa9aa7c51ba19e336244a85a.php 第 148 行.
NOTIC: [8] Undefined variable: son3pid C:\PHPWAMP_IN3\wwwroot\carshop\Application\Runtime\Cache\Home\0b67f368aa9aa7c51ba19e336244a85a.php 第 153 行.
INFO: Run Behavior\ParseTemplateBehavior [ RunTime:0.016915s ]
INFO: [ view_parse ] --END-- [ RunTime:0.016987s ]
INFO: [ view_filter ] --START--
INFO: Run Behavior\WriteHtmlCacheBehavior [ RunTime:0.000194s ]
INFO: [ view_filter ] --END-- [ RunTime:0.000244s ]
INFO: [ app_end ] --START--
INFO: Run Behavior\ShowPageTraceBehavior [ RunTime:0.000639s ]
INFO: [ app_end ] --END-- [ RunTime:0.000682s ]

[ 2019-04-03T21:35:37+08:00 ] 127.0.0.1 /carshop/index.php/Home/Ry/index/cateid/80
INFO: [ app_init ] --START--
INFO: Run Behavior\BuildLiteBehavior [ RunTime:0.000016s ]
INFO: [ app_init ] --END-- [ RunTime:0.000165s ]
INFO: [ app_begin ] --START--
INFO: Run Behavior\ReadHtmlCacheBehavior [ RunTime:0.000107s ]
INFO: [ app_begin ] --END-- [ RunTime:0.000171s ]
INFO: [ view_parse ] --START--
INFO: [ template_filter ] --START--
INFO: Run Behavior\ContentReplaceBehavior [ RunTime:0.000141s ]
INFO: [ template_filter ] --END-- [ RunTime:0.000198s ]
NOTIC: [8] Undefined variable: son3pid C:\PHPWAMP_IN3\wwwroot\carshop\Application\Runtime\Cache\Home\baf4f4cb3ce169f386291e98251f0b6c.php 第 155 行.
NOTIC: [8] Undefined variable: son3pid C:\PHPWAMP_IN3\wwwroot\carshop\Application\Runtime\Cache\Home\baf4f4cb3ce169f386291e98251f0b6c.php 第 155 行.
NOTIC: [8] Undefined variable: son3pid C:\PHPWAMP_IN3\wwwroot\carshop\Application\Runtime\Cache\Home\baf4f4cb3ce169f386291e98251f0b6c.php 第 155 行.
NOTIC: [8] Undefined variable: son3pid C:\PHPWAMP_IN3\wwwroot\carshop\Application\Runtime\Cache\Home\baf4f4cb3ce169f386291e98251f0b6c.php 第 155 行.
INFO: Run Behavior\ParseTemplateBehavior [ RunTime:0.016467s ]
INFO: [ view_parse ] --END-- [ RunTime:0.016526s ]
INFO: [ view_filter ] --START--
INFO: Run Behavior\WriteHtmlCacheBehavior [ RunTime:0.000161s ]
INFO: [ view_filter ] --END-- [ RunTime:0.000217s ]
INFO: [ app_end ] --START--
INFO: Run Behavior\ShowPageTraceBehavior [ RunTime:0.000584s ]
INFO: [ app_end ] --END-- [ RunTime:0.000626s ]

[ 2019-04-03T21:35:40+08:00 ] 127.0.0.1 /carshop/index.php/Home/Page/index/cateid/84
INFO: [ app_init ] --START--
INFO: Run Behavior\BuildLiteBehavior [ RunTime:0.000016s ]
INFO: [ app_init ] --END-- [ RunTime:0.000163s ]
INFO: [ app_begin ] --START--
INFO: Run Behavior\ReadHtmlCacheBehavior [ RunTime:0.000108s ]
INFO: [ app_begin ] --END-- [ RunTime:0.000162s ]
INFO: [ view_parse ] --START--
INFO: [ template_filter ] --START--
INFO: Run Behavior\ContentReplaceBehavior [ RunTime:0.000157s ]
INFO: [ template_filter ] --END-- [ RunTime:0.000212s ]
NOTIC: [8] Undefined variable: son3pid C:\PHPWAMP_IN3\wwwroot\carshop\Application\Runtime\Cache\Home\68bce0ec7afdf8798ef65138f610dc8c.php 第 153 行.
NOTIC: [8] Undefined variable: son3pid C:\PHPWAMP_IN3\wwwroot\carshop\Application\Runtime\Cache\Home\68bce0ec7afdf8798ef65138f610dc8c.php 第 153 行.
NOTIC: [8] Undefined variable: son3pid C:\PHPWAMP_IN3\wwwroot\carshop\Application\Runtime\Cache\Home\68bce0ec7afdf8798ef65138f610dc8c.php 第 153 行.
NOTIC: [8] Undefined variable: son3pid C:\PHPWAMP_IN3\wwwroot\carshop\Application\Runtime\Cache\Home\68bce0ec7afdf8798ef65138f610dc8c.php 第 153 行.
INFO: Run Behavior\ParseTemplateBehavior [ RunTime:0.022847s ]
INFO: [ view_parse ] --END-- [ RunTime:0.022922s ]
INFO: [ view_filter ] --START--
INFO: Run Behavior\WriteHtmlCacheBehavior [ RunTime:0.000193s ]
INFO: [ view_filter ] --END-- [ RunTime:0.000326s ]
INFO: [ app_end ] --START--
INFO: Run Behavior\ShowPageTraceBehavior [ RunTime:0.000996s ]
INFO: [ app_end ] --END-- [ RunTime:0.001108s ]

[ 2019-04-03T21:35:42+08:00 ] 127.0.0.1 /carshop/index.php
INFO: [ app_init ] --START--
INFO: Run Behavior\BuildLiteBehavior [ RunTime:0.000012s ]
INFO: [ app_init ] --END-- [ RunTime:0.000110s ]
INFO: [ app_begin ] --START--
INFO: Run Behavior\ReadHtmlCacheBehavior [ RunTime:0.000121s ]
INFO: [ app_begin ] --END-- [ RunTime:0.000180s ]
INFO: [ view_parse ] --START--
INFO: [ template_filter ] --START--
INFO: Run Behavior\ContentReplaceBehavior [ RunTime:0.000178s ]
INFO: [ template_filter ] --END-- [ RunTime:0.000261s ]
NOTIC: [8] Undefined index: time C:\PHPWAMP_IN3\wwwroot\carshop\Application\Runtime\Cache\Home\2a94b8bda04ff446dcedd42276fc99ee.php 第 161 行.
NOTIC: [8] Undefined index: time C:\PHPWAMP_IN3\wwwroot\carshop\Application\Runtime\Cache\Home\2a94b8bda04ff446dcedd42276fc99ee.php 第 161 行.
NOTIC: [8] Undefined index: time C:\PHPWAMP_IN3\wwwroot\carshop\Application\Runtime\Cache\Home\2a94b8bda04ff446dcedd42276fc99ee.php 第 161 行.
INFO: Run Behavior\ParseTemplateBehavior [ RunTime:0.018724s ]
INFO: [ view_parse ] --END-- [ RunTime:0.018795s ]
INFO: [ view_filter ] --START--
INFO: Run Behavior\WriteHtmlCacheBehavior [ RunTime:0.000136s ]
INFO: [ view_filter ] --END-- [ RunTime:0.000183s ]
INFO: [ app_end ] --START--
INFO: Run Behavior\ShowPageTraceBehavior [ RunTime:0.000730s ]
INFO: [ app_end ] --END-- [ RunTime:0.000783s ]

[ 2019-04-03T21:35:44+08:00 ] 127.0.0.1 /carshop/index.php/Home/Page/index/cateid/67
INFO: [ app_init ] --START--
INFO: Run Behavior\BuildLiteBehavior [ RunTime:0.000016s ]
INFO: [ app_init ] --END-- [ RunTime:0.000371s ]
INFO: [ app_begin ] --START--
INFO: Run Behavior\ReadHtmlCacheBehavior [ RunTime:0.001273s ]
INFO: [ app_begin ] --END-- [ RunTime:0.001374s ]
INFO: [ view_parse ] --START--
INFO: [ template_filter ] --START--
INFO: Run Behavior\ContentReplaceBehavior [ RunTime:0.000133s ]
INFO: [ template_filter ] --END-- [ RunTime:0.000186s ]
NOTIC: [8] Undefined variable: son3pid C:\PHPWAMP_IN3\wwwroot\carshop\Application\Runtime\Cache\Home\68bce0ec7afdf8798ef65138f610dc8c.php 第 153 行.
NOTIC: [8] Undefined variable: son3pid C:\PHPWAMP_IN3\wwwroot\carshop\Application\Runtime\Cache\Home\68bce0ec7afdf8798ef65138f610dc8c.php 第 153 行.
NOTIC: [8] Undefined variable: son3pid C:\PHPWAMP_IN3\wwwroot\carshop\Application\Runtime\Cache\Home\68bce0ec7afdf8798ef65138f610dc8c.php 第 153 行.
NOTIC: [8] Undefined variable: son3pid C:\PHPWAMP_IN3\wwwroot\carshop\Application\Runtime\Cache\Home\68bce0ec7afdf8798ef65138f610dc8c.php 第 153 行.
INFO: Run Behavior\ParseTemplateBehavior [ RunTime:0.020762s ]
INFO: [ view_parse ] --END-- [ RunTime:0.020817s ]
INFO: [ view_filter ] --START--
INFO: Run Behavior\WriteHtmlCacheBehavior [ RunTime:0.000848s ]
INFO: [ view_filter ] --END-- [ RunTime:0.000895s ]
INFO: [ app_end ] --START--
INFO: Run Behavior\ShowPageTraceBehavior [ RunTime:0.000819s ]
INFO: [ app_end ] --END-- [ RunTime:0.000870s ]

[ 2019-04-03T21:35:47+08:00 ] 127.0.0.1 /carshop/index.php/Home/Carlist/index/cateid/68
INFO: [ app_init ] --START--
INFO: Run Behavior\BuildLiteBehavior [ RunTime:0.000019s ]
INFO: [ app_init ] --END-- [ RunTime:0.000405s ]
INFO: [ app_begin ] --START--
INFO: Run Behavior\ReadHtmlCacheBehavior [ RunTime:0.000864s ]
INFO: [ app_begin ] --END-- [ RunTime:0.000928s ]
INFO: [ view_parse ] --START--
INFO: [ template_filter ] --START--
INFO: Run Behavior\ContentReplaceBehavior [ RunTime:0.000145s ]
INFO: [ template_filter ] --END-- [ RunTime:0.000203s ]
NOTIC: [8] Undefined variable: contro C:\PHPWAMP_IN3\wwwroot\carshop\Application\Runtime\Cache\Home\a48709bca952eced7bd8fa469ec83b13.php 第 154 行.
NOTIC: [8] Undefined variable: son3pid C:\PHPWAMP_IN3\wwwroot\carshop\Application\Runtime\Cache\Home\a48709bca952eced7bd8fa469ec83b13.php 第 159 行.
NOTIC: [8] Undefined variable: contro C:\PHPWAMP_IN3\wwwroot\carshop\Application\Runtime\Cache\Home\a48709bca952eced7bd8fa469ec83b13.php 第 154 行.
NOTIC: [8] Undefined variable: son3pid C:\PHPWAMP_IN3\wwwroot\carshop\Application\Runtime\Cache\Home\a48709bca952eced7bd8fa469ec83b13.php 第 159 行.
NOTIC: [8] Undefined variable: contro C:\PHPWAMP_IN3\wwwroot\carshop\Application\Runtime\Cache\Home\a48709bca952eced7bd8fa469ec83b13.php 第 154 行.
NOTIC: [8] Undefined variable: son3pid C:\PHPWAMP_IN3\wwwroot\carshop\Application\Runtime\Cache\Home\a48709bca952eced7bd8fa469ec83b13.php 第 159 行.
NOTIC: [8] Undefined variable: contro C:\PHPWAMP_IN3\wwwroot\carshop\Application\Runtime\Cache\Home\a48709bca952eced7bd8fa469ec83b13.php 第 154 行.
NOTIC: [8] Undefined variable: son3pid C:\PHPWAMP_IN3\wwwroot\carshop\Application\Runtime\Cache\Home\a48709bca952eced7bd8fa469ec83b13.php 第 159 行.
INFO: Run Behavior\ParseTemplateBehavior [ RunTime:0.025146s ]
INFO: [ view_parse ] --END-- [ RunTime:0.025203s ]
INFO: [ view_filter ] --START--
INFO: Run Behavior\WriteHtmlCacheBehavior [ RunTime:0.000899s ]
INFO: [ view_filter ] --END-- [ RunTime:0.000946s ]
INFO: [ app_end ] --START--
INFO: Run Behavior\ShowPageTraceBehavior [ RunTime:0.000866s ]
INFO: [ app_end ] --END-- [ RunTime:0.000919s ]

[ 2019-04-03T21:35:50+08:00 ] 127.0.0.1 /carshop/index.php/Home/Carlist/index/cateid/68
INFO: [ app_init ] --START--
INFO: Run Behavior\BuildLiteBehavior [ RunTime:0.000017s ]
INFO: [ app_init ] --END-- [ RunTime:0.000402s ]
INFO: [ app_begin ] --START--
INFO: Run Behavior\ReadHtmlCacheBehavior [ RunTime:0.001141s ]
INFO: [ app_begin ] --END-- [ RunTime:0.001228s ]
INFO: [ view_parse ] --START--
INFO: [ template_filter ] --START--
INFO: Run Behavior\ContentReplaceBehavior [ RunTime:0.000216s ]
INFO: [ template_filter ] --END-- [ RunTime:0.000292s ]
NOTIC: [8] Undefined variable: contro C:\PHPWAMP_IN3\wwwroot\carshop\Application\Runtime\Cache\Home\a48709bca952eced7bd8fa469ec83b13.php 第 154 行.
NOTIC: [8] Undefined variable: son3pid C:\PHPWAMP_IN3\wwwroot\carshop\Application\Runtime\Cache\Home\a48709bca952eced7bd8fa469ec83b13.php 第 159 行.
NOTIC: [8] Undefined variable: contro C:\PHPWAMP_IN3\wwwroot\carshop\Application\Runtime\Cache\Home\a48709bca952eced7bd8fa469ec83b13.php 第 154 行.
NOTIC: [8] Undefined variable: son3pid C:\PHPWAMP_IN3\wwwroot\carshop\Application\Runtime\Cache\Home\a48709bca952eced7bd8fa469ec83b13.php 第 159 行.
NOTIC: [8] Undefined variable: contro C:\PHPWAMP_IN3\wwwroot\carshop\Application\Runtime\Cache\Home\a48709bca952eced7bd8fa469ec83b13.php 第 154 行.
NOTIC: [8] Undefined variable: son3pid C:\PHPWAMP_IN3\wwwroot\carshop\Application\Runtime\Cache\Home\a48709bca952eced7bd8fa469ec83b13.php 第 159 行.
NOTIC: [8] Undefined variable: contro C:\PHPWAMP_IN3\wwwroot\carshop\Application\Runtime\Cache\Home\a48709bca952eced7bd8fa469ec83b13.php 第 154 行.
NOTIC: [8] Undefined variable: son3pid C:\PHPWAMP_IN3\wwwroot\carshop\Application\Runtime\Cache\Home\a48709bca952eced7bd8fa469ec83b13.php 第 159 行.
INFO: Run Behavior\ParseTemplateBehavior [ RunTime:0.023818s ]
INFO: [ view_parse ] --END-- [ RunTime:0.023899s ]
INFO: [ view_filter ] --START--
INFO: Run Behavior\WriteHtmlCacheBehavior [ RunTime:0.001221s ]
INFO: [ view_filter ] --END-- [ RunTime:0.001294s ]
INFO: [ app_end ] --START--
INFO: Run Behavior\ShowPageTraceBehavior [ RunTime:0.000806s ]
INFO: [ app_end ] --END-- [ RunTime:0.000852s ]

[ 2019-04-03T21:35:52+08:00 ] 127.0.0.1 /carshop/index.php/Home/Carlist/index/cateid/68
INFO: [ app_init ] --START--
INFO: Run Behavior\BuildLiteBehavior [ RunTime:0.000020s ]
INFO: [ app_init ] --END-- [ RunTime:0.000429s ]
INFO: [ app_begin ] --START--
INFO: Run Behavior\ReadHtmlCacheBehavior [ RunTime:0.001194s ]
INFO: [ app_begin ] --END-- [ RunTime:0.001295s ]
INFO: [ view_parse ] --START--
INFO: [ template_filter ] --START--
INFO: Run Behavior\ContentReplaceBehavior [ RunTime:0.000144s ]
INFO: [ template_filter ] --END-- [ RunTime:0.000203s ]
NOTIC: [8] Undefined variable: contro C:\PHPWAMP_IN3\wwwroot\carshop\Application\Runtime\Cache\Home\a48709bca952eced7bd8fa469ec83b13.php 第 154 行.
NOTIC: [8] Undefined variable: son3pid C:\PHPWAMP_IN3\wwwroot\carshop\Application\Runtime\Cache\Home\a48709bca952eced7bd8fa469ec83b13.php 第 159 行.
NOTIC: [8] Undefined variable: contro C:\PHPWAMP_IN3\wwwroot\carshop\Application\Runtime\Cache\Home\a48709bca952eced7bd8fa469ec83b13.php 第 154 行.
NOTIC: [8] Undefined variable: son3pid C:\PHPWAMP_IN3\wwwroot\carshop\Application\Runtime\Cache\Home\a48709bca952eced7bd8fa469ec83b13.php 第 159 行.
NOTIC: [8] Undefined variable: contro C:\PHPWAMP_IN3\wwwroot\carshop\Application\Runtime\Cache\Home\a48709bca952eced7bd8fa469ec83b13.php 第 154 行.
NOTIC: [8] Undefined variable: son3pid C:\PHPWAMP_IN3\wwwroot\carshop\Application\Runtime\Cache\Home\a48709bca952eced7bd8fa469ec83b13.php 第 159 行.
NOTIC: [8] Undefined variable: contro C:\PHPWAMP_IN3\wwwroot\carshop\Application\Runtime\Cache\Home\a48709bca952eced7bd8fa469ec83b13.php 第 154 行.
NOTIC: [8] Undefined variable: son3pid C:\PHPWAMP_IN3\wwwroot\carshop\Application\Runtime\Cache\Home\a48709bca952eced7bd8fa469ec83b13.php 第 159 行.
INFO: Run Behavior\ParseTemplateBehavior [ RunTime:0.021252s ]
INFO: [ view_parse ] --END-- [ RunTime:0.021320s ]
INFO: [ view_filter ] --START--
INFO: Run Behavior\WriteHtmlCacheBehavior [ RunTime:0.000902s ]
INFO: [ view_filter ] --END-- [ RunTime:0.000948s ]
INFO: [ app_end ] --START--
INFO: Run Behavior\ShowPageTraceBehavior [ RunTime:0.001200s ]
INFO: [ app_end ] --END-- [ RunTime:0.001264s ]

[ 2019-04-03T21:35:56+08:00 ] 127.0.0.1 /carshop/index.php
INFO: [ app_init ] --START--
INFO: Run Behavior\BuildLiteBehavior [ RunTime:0.000017s ]
INFO: [ app_init ] --END-- [ RunTime:0.000380s ]
INFO: [ app_begin ] --START--
INFO: Run Behavior\ReadHtmlCacheBehavior [ RunTime:0.000967s ]
INFO: [ app_begin ] --END-- [ RunTime:0.001068s ]
INFO: [ view_parse ] --START--
INFO: [ template_filter ] --START--
INFO: Run Behavior\ContentReplaceBehavior [ RunTime:0.000191s ]
INFO: [ template_filter ] --END-- [ RunTime:0.000268s ]
NOTIC: [8] Undefined index: time C:\PHPWAMP_IN3\wwwroot\carshop\Application\Runtime\Cache\Home\2a94b8bda04ff446dcedd42276fc99ee.php 第 161 行.
NOTIC: [8] Undefined index: time C:\PHPWAMP_IN3\wwwroot\carshop\Application\Runtime\Cache\Home\2a94b8bda04ff446dcedd42276fc99ee.php 第 161 行.
NOTIC: [8] Undefined index: time C:\PHPWAMP_IN3\wwwroot\carshop\Application\Runtime\Cache\Home\2a94b8bda04ff446dcedd42276fc99ee.php 第 161 行.
INFO: Run Behavior\ParseTemplateBehavior [ RunTime:0.023760s ]
INFO: [ view_parse ] --END-- [ RunTime:0.023824s ]
INFO: [ view_filter ] --START--
INFO: Run Behavior\WriteHtmlCacheBehavior [ RunTime:0.000849s ]
INFO: [ view_filter ] --END-- [ RunTime:0.000888s ]
INFO: [ app_end ] --START--
INFO: Run Behavior\ShowPageTraceBehavior [ RunTime:0.001476s ]
INFO: [ app_end ] --END-- [ RunTime:0.001619s ]

[ 2019-04-03T21:35:59+08:00 ] 127.0.0.1 /carshop/index.php/Home/Ry/index/cateid/80
INFO: [ app_init ] --START--
INFO: Run Behavior\BuildLiteBehavior [ RunTime:0.000018s ]
INFO: [ app_init ] --END-- [ RunTime:0.000410s ]
INFO: [ app_begin ] --START--
INFO: Run Behavior\ReadHtmlCacheBehavior [ RunTime:0.001145s ]
INFO: [ app_begin ] --END-- [ RunTime:0.001247s ]
INFO: [ view_parse ] --START--
INFO: [ template_filter ] --START--
INFO: Run Behavior\ContentReplaceBehavior [ RunTime:0.000136s ]
INFO: [ template_filter ] --END-- [ RunTime:0.000187s ]
NOTIC: [8] Undefined variable: son3pid C:\PHPWAMP_IN3\wwwroot\carshop\Application\Runtime\Cache\Home\baf4f4cb3ce169f386291e98251f0b6c.php 第 155 行.
NOTIC: [8] Undefined variable: son3pid C:\PHPWAMP_IN3\wwwroot\carshop\Application\Runtime\Cache\Home\baf4f4cb3ce169f386291e98251f0b6c.php 第 155 行.
NOTIC: [8] Undefined variable: son3pid C:\PHPWAMP_IN3\wwwroot\carshop\Application\Runtime\Cache\Home\baf4f4cb3ce169f386291e98251f0b6c.php 第 155 行.
NOTIC: [8] Undefined variable: son3pid C:\PHPWAMP_IN3\wwwroot\carshop\Application\Runtime\Cache\Home\baf4f4cb3ce169f386291e98251f0b6c.php 第 155 行.
INFO: Run Behavior\ParseTemplateBehavior [ RunTime:0.021200s ]
INFO: [ view_parse ] --END-- [ RunTime:0.021269s ]
INFO: [ view_filter ] --START--
INFO: Run Behavior\WriteHtmlCacheBehavior [ RunTime:0.000848s ]
INFO: [ view_filter ] --END-- [ RunTime:0.000889s ]
INFO: [ app_end ] --START--
INFO: Run Behavior\ShowPageTraceBehavior [ RunTime:0.001309s ]
INFO: [ app_end ] --END-- [ RunTime:0.001377s ]

[ 2019-04-03T21:36:02+08:00 ] 127.0.0.1 /carshop/index.php/Home/Carlist/index/cateid/68
INFO: [ app_init ] --START--
INFO: Run Behavior\BuildLiteBehavior [ RunTime:0.000020s ]
INFO: [ app_init ] --END-- [ RunTime:0.000448s ]
INFO: [ app_begin ] --START--
INFO: Run Behavior\ReadHtmlCacheBehavior [ RunTime:0.001177s ]
INFO: [ app_begin ] --END-- [ RunTime:0.001274s ]
INFO: [ view_parse ] --START--
INFO: [ template_filter ] --START--
INFO: Run Behavior\ContentReplaceBehavior [ RunTime:0.000146s ]
INFO: [ template_filter ] --END-- [ RunTime:0.000206s ]
NOTIC: [8] Undefined variable: contro C:\PHPWAMP_IN3\wwwroot\carshop\Application\Runtime\Cache\Home\a48709bca952eced7bd8fa469ec83b13.php 第 154 行.
NOTIC: [8] Undefined variable: son3pid C:\PHPWAMP_IN3\wwwroot\carshop\Application\Runtime\Cache\Home\a48709bca952eced7bd8fa469ec83b13.php 第 159 行.
NOTIC: [8] Undefined variable: contro C:\PHPWAMP_IN3\wwwroot\carshop\Application\Runtime\Cache\Home\a48709bca952eced7bd8fa469ec83b13.php 第 154 行.
NOTIC: [8] Undefined variable: son3pid C:\PHPWAMP_IN3\wwwroot\carshop\Application\Runtime\Cache\Home\a48709bca952eced7bd8fa469ec83b13.php 第 159 行.
NOTIC: [8] Undefined variable: contro C:\PHPWAMP_IN3\wwwroot\carshop\Application\Runtime\Cache\Home\a48709bca952eced7bd8fa469ec83b13.php 第 154 行.
NOTIC: [8] Undefined variable: son3pid C:\PHPWAMP_IN3\wwwroot\carshop\Application\Runtime\Cache\Home\a48709bca952eced7bd8fa469ec83b13.php 第 159 行.
NOTIC: [8] Undefined variable: contro C:\PHPWAMP_IN3\wwwroot\carshop\Application\Runtime\Cache\Home\a48709bca952eced7bd8fa469ec83b13.php 第 154 行.
NOTIC: [8] Undefined variable: son3pid C:\PHPWAMP_IN3\wwwroot\carshop\Application\Runtime\Cache\Home\a48709bca952eced7bd8fa469ec83b13.php 第 159 行.
INFO: Run Behavior\ParseTemplateBehavior [ RunTime:0.020632s ]
INFO: [ view_parse ] --END-- [ RunTime:0.020710s ]
INFO: [ view_filter ] --START--
INFO: Run Behavior\WriteHtmlCacheBehavior [ RunTime:0.000977s ]
INFO: [ view_filter ] --END-- [ RunTime:0.001038s ]
INFO: [ app_end ] --START--
INFO: Run Behavior\ShowPageTraceBehavior [ RunTime:0.000833s ]
INFO: [ app_end ] --END-- [ RunTime:0.000881s ]

[ 2019-04-03T21:36:07+08:00 ] 127.0.0.1 /carshop/index.php/Home/Carlist/index/cateid/70
INFO: [ app_init ] --START--
INFO: Run Behavior\BuildLiteBehavior [ RunTime:0.000017s ]
INFO: [ app_init ] --END-- [ RunTime:0.000346s ]
INFO: [ app_begin ] --START--
INFO: Run Behavior\ReadHtmlCacheBehavior [ RunTime:0.001166s ]
INFO: [ app_begin ] --END-- [ RunTime:0.001262s ]
INFO: [ view_parse ] --START--
INFO: [ template_filter ] --START--
INFO: Run Behavior\ContentReplaceBehavior [ RunTime:0.000143s ]
INFO: [ template_filter ] --END-- [ RunTime:0.000193s ]
NOTIC: [8] Undefined variable: son3pid C:\PHPWAMP_IN3\wwwroot\carshop\Application\Runtime\Cache\Home\a48709bca952eced7bd8fa469ec83b13.php 第 159 行.
NOTIC: [8] Undefined variable: son3pid C:\PHPWAMP_IN3\wwwroot\carshop\Application\Runtime\Cache\Home\a48709bca952eced7bd8fa469ec83b13.php 第 159 行.
NOTIC: [8] Undefined variable: son3pid C:\PHPWAMP_IN3\wwwroot\carshop\Application\Runtime\Cache\Home\a48709bca952eced7bd8fa469ec83b13.php 第 159 行.
NOTIC: [8] Undefined variable: son3pid C:\PHPWAMP_IN3\wwwroot\carshop\Application\Runtime\Cache\Home\a48709bca952eced7bd8fa469ec83b13.php 第 159 行.
INFO: Run Behavior\ParseTemplateBehavior [ RunTime:0.021756s ]
INFO: [ view_parse ] --END-- [ RunTime:0.021836s ]
INFO: [ view_filter ] --START--
INFO: Run Behavior\WriteHtmlCacheBehavior [ RunTime:0.001143s ]
INFO: [ view_filter ] --END-- [ RunTime:0.001204s ]
INFO: [ app_end ] --START--
INFO: Run Behavior\ShowPageTraceBehavior [ RunTime:0.001093s ]
INFO: [ app_end ] --END-- [ RunTime:0.001149s ]

[ 2019-04-03T21:36:10+08:00 ] 127.0.0.1 /carshop/index.php/Home/Arlist/index/cateid/69
INFO: [ app_init ] --START--
INFO: Run Behavior\BuildLiteBehavior [ RunTime:0.000011s ]
INFO: [ app_init ] --END-- [ RunTime:0.000125s ]
INFO: [ app_begin ] --START--
INFO: Run Behavior\ReadHtmlCacheBehavior [ RunTime:0.000780s ]
INFO: [ app_begin ] --END-- [ RunTime:0.000859s ]
INFO: [ view_parse ] --START--
INFO: [ template_filter ] --START--
INFO: Run Behavior\ContentReplaceBehavior [ RunTime:0.000123s ]
INFO: [ template_filter ] --END-- [ RunTime:0.000169s ]
NOTIC: [8] Undefined variable: contro C:\PHPWAMP_IN3\wwwroot\carshop\Application\Runtime\Cache\Home\0b67f368aa9aa7c51ba19e336244a85a.php 第 148 行.
NOTIC: [8] Undefined variable: son3pid C:\PHPWAMP_IN3\wwwroot\carshop\Application\Runtime\Cache\Home\0b67f368aa9aa7c51ba19e336244a85a.php 第 153 行.
NOTIC: [8] Undefined variable: contro C:\PHPWAMP_IN3\wwwroot\carshop\Application\Runtime\Cache\Home\0b67f368aa9aa7c51ba19e336244a85a.php 第 148 行.
NOTIC: [8] Undefined variable: son3pid C:\PHPWAMP_IN3\wwwroot\carshop\Application\Runtime\Cache\Home\0b67f368aa9aa7c51ba19e336244a85a.php 第 153 行.
INFO: Run Behavior\ParseTemplateBehavior [ RunTime:0.019230s ]
INFO: [ view_parse ] --END-- [ RunTime:0.019295s ]
INFO: [ view_filter ] --START--
INFO: Run Behavior\WriteHtmlCacheBehavior [ RunTime:0.000619s ]
INFO: [ view_filter ] --END-- [ RunTime:0.000674s ]
INFO: [ app_end ] --START--
INFO: Run Behavior\ShowPageTraceBehavior [ RunTime:0.000713s ]
INFO: [ app_end ] --END-- [ RunTime:0.000775s ]

[ 2019-04-03T21:36:12+08:00 ] 127.0.0.1 /carshop/index.php/Home/Carlist/index/cateid/68
INFO: [ app_init ] --START--
INFO: Run Behavior\BuildLiteBehavior [ RunTime:0.000016s ]
INFO: [ app_init ] --END-- [ RunTime:0.000177s ]
INFO: [ app_begin ] --START--
INFO: Run Behavior\ReadHtmlCacheBehavior [ RunTime:0.000457s ]
INFO: [ app_begin ] --END-- [ RunTime:0.000534s ]
INFO: [ view_parse ] --START--
INFO: [ template_filter ] --START--
INFO: Run Behavior\ContentReplaceBehavior [ RunTime:0.000149s ]
INFO: [ template_filter ] --END-- [ RunTime:0.000210s ]
NOTIC: [8] Undefined variable: contro C:\PHPWAMP_IN3\wwwroot\carshop\Application\Runtime\Cache\Home\a48709bca952eced7bd8fa469ec83b13.php 第 154 行.
NOTIC: [8] Undefined variable: son3pid C:\PHPWAMP_IN3\wwwroot\carshop\Application\Runtime\Cache\Home\a48709bca952eced7bd8fa469ec83b13.php 第 159 行.
NOTIC: [8] Undefined variable: contro C:\PHPWAMP_IN3\wwwroot\carshop\Application\Runtime\Cache\Home\a48709bca952eced7bd8fa469ec83b13.php 第 154 行.
NOTIC: [8] Undefined variable: son3pid C:\PHPWAMP_IN3\wwwroot\carshop\Application\Runtime\Cache\Home\a48709bca952eced7bd8fa469ec83b13.php 第 159 行.
NOTIC: [8] Undefined variable: contro C:\PHPWAMP_IN3\wwwroot\carshop\Application\Runtime\Cache\Home\a48709bca952eced7bd8fa469ec83b13.php 第 154 行.
NOTIC: [8] Undefined variable: son3pid C:\PHPWAMP_IN3\wwwroot\carshop\Application\Runtime\Cache\Home\a48709bca952eced7bd8fa469ec83b13.php 第 159 行.
NOTIC: [8] Undefined variable: contro C:\PHPWAMP_IN3\wwwroot\carshop\Application\Runtime\Cache\Home\a48709bca952eced7bd8fa469ec83b13.php 第 154 行.
NOTIC: [8] Undefined variable: son3pid C:\PHPWAMP_IN3\wwwroot\carshop\Application\Runtime\Cache\Home\a48709bca952eced7bd8fa469ec83b13.php 第 159 行.
INFO: Run Behavior\ParseTemplateBehavior [ RunTime:0.021094s ]
INFO: [ view_parse ] --END-- [ RunTime:0.021159s ]
INFO: [ view_filter ] --START--
INFO: Run Behavior\WriteHtmlCacheBehavior [ RunTime:0.000403s ]
INFO: [ view_filter ] --END-- [ RunTime:0.000453s ]
INFO: [ app_end ] --START--
INFO: Run Behavior\ShowPageTraceBehavior [ RunTime:0.000561s ]
INFO: [ app_end ] --END-- [ RunTime:0.000607s ]

[ 2019-04-03T21:36:17+08:00 ] 127.0.0.1 /carshop/index.php
INFO: [ app_init ] --START--
INFO: Run Behavior\BuildLiteBehavior [ RunTime:0.000016s ]
INFO: [ app_init ] --END-- [ RunTime:0.000167s ]
INFO: [ app_begin ] --START--
INFO: Run Behavior\ReadHtmlCacheBehavior [ RunTime:0.000197s ]
INFO: [ app_begin ] --END-- [ RunTime:0.000312s ]
INFO: [ view_parse ] --START--
INFO: [ template_filter ] --START--
INFO: Run Behavior\ContentReplaceBehavior [ RunTime:0.000136s ]
INFO: [ template_filter ] --END-- [ RunTime:0.000187s ]
NOTIC: [8] Undefined index: time C:\PHPWAMP_IN3\wwwroot\carshop\Application\Runtime\Cache\Home\2a94b8bda04ff446dcedd42276fc99ee.php 第 161 行.
NOTIC: [8] Undefined index: time C:\PHPWAMP_IN3\wwwroot\carshop\Application\Runtime\Cache\Home\2a94b8bda04ff446dcedd42276fc99ee.php 第 161 行.
NOTIC: [8] Undefined index: time C:\PHPWAMP_IN3\wwwroot\carshop\Application\Runtime\Cache\Home\2a94b8bda04ff446dcedd42276fc99ee.php 第 161 行.
INFO: Run Behavior\ParseTemplateBehavior [ RunTime:0.015575s ]
INFO: [ view_parse ] --END-- [ RunTime:0.015641s ]
INFO: [ view_filter ] --START--
INFO: Run Behavior\WriteHtmlCacheBehavior [ RunTime:0.000332s ]
INFO: [ view_filter ] --END-- [ RunTime:0.000408s ]
INFO: [ app_end ] --START--
INFO: Run Behavior\ShowPageTraceBehavior [ RunTime:0.001215s ]
INFO: [ app_end ] --END-- [ RunTime:0.001314s ]

