[ 2019-05-10T14:58:59+08:00 ] 127.0.0.1 /carshop/
INFO: [ app_init ] --START--
INFO: Run Behavior\BuildLiteBehavior [ RunTime:0.000026s ]
INFO: [ app_init ] --END-- [ RunTime:0.002275s ]
INFO: [ app_begin ] --START--
INFO: Run Behavior\ReadHtmlCacheBehavior [ RunTime:0.001226s ]
INFO: [ app_begin ] --END-- [ RunTime:0.001342s ]
SQL: SHOW COLUMNS FROM `cs_cate` [ RunTime:0.0115s ]
SQL: SELECT `id`,`name`,`type` FROM `cs_cate` WHERE `parentid` = 0 AND `pc` = 1 ORDER BY sort asc  [ RunTime:0.0010s ]
SQL: SHOW COLUMNS FROM `cs_link` [ RunTime:0.0099s ]
SQL: SELECT `title`,`url` FROM `cs_link`  [ RunTime:0.0004s ]
SQL: SHOW COLUMNS FROM `cs_article` [ RunTime:0.0103s ]
SQL: SELECT `id`,`title`,`pic`,`rizu` FROM `cs_article` WHERE ( cateid=70 ) ORDER BY id desc LIMIT 3   [ RunTime:0.0013s ]
SQL: SELECT `id`,`title`,`pic`,`rizu` FROM `cs_article` WHERE ( cateid=68 ) ORDER BY id desc  [ RunTime:0.0005s ]
SQL: SELECT `id`,`title`,`content` FROM `cs_article` WHERE ( cateid=67 ) LIMIT 1   [ RunTime:0.0003s ]
SQL: SELECT `id`,`title`,`content` FROM `cs_article` WHERE ( cateid=69 ) LIMIT 3   [ RunTime:0.0002s ]
INFO: [ view_parse ] --START--
INFO: [ template_filter ] --START--
INFO: Run Behavior\ContentReplaceBehavior [ RunTime:0.000199s ]
INFO: [ template_filter ] --END-- [ RunTime:0.000312s ]
NOTIC: [8] Undefined index: time C:\PHPWAMP_IN3\wwwroot\carshop\Application\Runtime\Cache\Home\2a94b8bda04ff446dcedd42276fc99ee.php 第 161 行.
NOTIC: [8] Undefined index: time C:\PHPWAMP_IN3\wwwroot\carshop\Application\Runtime\Cache\Home\2a94b8bda04ff446dcedd42276fc99ee.php 第 161 行.
NOTIC: [8] Undefined index: time C:\PHPWAMP_IN3\wwwroot\carshop\Application\Runtime\Cache\Home\2a94b8bda04ff446dcedd42276fc99ee.php 第 161 行.
INFO: Run Behavior\ParseTemplateBehavior [ RunTime:0.050167s ]
INFO: [ view_parse ] --END-- [ RunTime:0.050262s ]
INFO: [ view_filter ] --START--
INFO: Run Behavior\WriteHtmlCacheBehavior [ RunTime:0.001337s ]
INFO: [ view_filter ] --END-- [ RunTime:0.001428s ]
INFO: [ app_end ] --START--
INFO: Run Behavior\ShowPageTraceBehavior [ RunTime:0.001396s ]
INFO: [ app_end ] --END-- [ RunTime:0.001495s ]

