[ 2019-05-21T11:14:31+08:00 ] 127.0.0.1 /carshop/
INFO: [ app_init ] --START--
INFO: Run Behavior\BuildLiteBehavior [ RunTime:0.000021s ]
INFO: [ app_init ] --END-- [ RunTime:0.000690s ]
INFO: [ app_begin ] --START--
INFO: Run Behavior\ReadHtmlCacheBehavior [ RunTime:0.000800s ]
INFO: [ app_begin ] --END-- [ RunTime:0.000880s ]
SQL: SHOW COLUMNS FROM `cs_cate` [ RunTime:0.0171s ]
SQL: SELECT `id`,`name`,`type` FROM `cs_cate` WHERE `parentid` = 0 AND `pc` = 1 ORDER BY sort asc  [ RunTime:0.0031s ]
SQL: SHOW COLUMNS FROM `cs_link` [ RunTime:0.0872s ]
SQL: SELECT `title`,`url` FROM `cs_link`  [ RunTime:0.0003s ]
SQL: SHOW COLUMNS FROM `cs_article` [ RunTime:0.0101s ]
SQL: SELECT `id`,`title`,`pic`,`rizu` FROM `cs_article` WHERE ( cateid=70 ) ORDER BY id desc LIMIT 3   [ RunTime:0.0016s ]
SQL: SELECT `id`,`title`,`pic`,`rizu` FROM `cs_article` WHERE ( cateid=68 ) ORDER BY id desc  [ RunTime:0.0004s ]
SQL: SELECT `id`,`title`,`content` FROM `cs_article` WHERE ( cateid=67 ) LIMIT 1   [ RunTime:0.0002s ]
SQL: SELECT `id`,`title`,`content` FROM `cs_article` WHERE ( cateid=69 ) LIMIT 3   [ RunTime:0.0002s ]
INFO: [ view_parse ] --START--
INFO: [ template_filter ] --START--
INFO: Run Behavior\ContentReplaceBehavior [ RunTime:0.000209s ]
INFO: [ template_filter ] --END-- [ RunTime:0.000299s ]
NOTIC: [8] Undefined index: time C:\PHPWAMP_IN3\wwwroot\carshop\Application\Runtime\Cache\Home\2a94b8bda04ff446dcedd42276fc99ee.php 第 161 行.
NOTIC: [8] Undefined index: time C:\PHPWAMP_IN3\wwwroot\carshop\Application\Runtime\Cache\Home\2a94b8bda04ff446dcedd42276fc99ee.php 第 161 行.
NOTIC: [8] Undefined index: time C:\PHPWAMP_IN3\wwwroot\carshop\Application\Runtime\Cache\Home\2a94b8bda04ff446dcedd42276fc99ee.php 第 161 行.
INFO: Run Behavior\ParseTemplateBehavior [ RunTime:0.058509s ]
INFO: [ view_parse ] --END-- [ RunTime:0.058583s ]
INFO: [ view_filter ] --START--
INFO: Run Behavior\WriteHtmlCacheBehavior [ RunTime:0.001211s ]
INFO: [ view_filter ] --END-- [ RunTime:0.001283s ]
INFO: [ app_end ] --START--
INFO: Run Behavior\ShowPageTraceBehavior [ RunTime:0.001227s ]
INFO: [ app_end ] --END-- [ RunTime:0.001312s ]

[ 2019-05-21T11:14:47+08:00 ] 127.0.0.1 /carshop/index.php/Home/Search/?kws=niaho&cateid=68
INFO: [ app_init ] --START--
INFO: Run Behavior\BuildLiteBehavior [ RunTime:0.000020s ]
INFO: [ app_init ] --END-- [ RunTime:0.000526s ]
INFO: [ app_begin ] --START--
INFO: Run Behavior\ReadHtmlCacheBehavior [ RunTime:0.000805s ]
INFO: [ app_begin ] --END-- [ RunTime:0.000909s ]
SQL: SHOW COLUMNS FROM `cs_cate` [ RunTime:0.0075s ]
SQL: SELECT * FROM `cs_cate` WHERE `id` = 68 LIMIT 1   [ RunTime:0.0004s ]
SQL: SELECT * FROM `cs_cate` WHERE ( parentid=68 )  [ RunTime:0.0003s ]
SQL: SELECT * FROM `cs_cate` WHERE ( parentid=68 )  [ RunTime:0.0003s ]
SQL: SELECT `id`,`name`,`type` FROM `cs_cate` WHERE `parentid` = 0 AND `pc` = 1 ORDER BY sort asc  [ RunTime:0.0005s ]
SQL: SHOW COLUMNS FROM `cs_link` [ RunTime:0.0066s ]
SQL: SELECT `title`,`url` FROM `cs_link`  [ RunTime:0.0005s ]
SQL: SELECT * FROM `cs_cate` WHERE `id` = 68 LIMIT 1   [ RunTime:0.0005s ]
SQL: SELECT * FROM `cs_cate` WHERE `id` = 68 LIMIT 1   [ RunTime:0.0003s ]
SQL: SHOW COLUMNS FROM `cs_article` [ RunTime:0.0072s ]
SQL: SELECT COUNT(*) AS tp_count FROM `cs_article` WHERE ( 1 AND title LIKE "%niaho%" AND cateid=68 ) LIMIT 1   [ RunTime:0.0016s ]
SQL: SELECT * FROM `cs_article` WHERE ( 1 AND title LIKE "%niaho%" AND cateid=68 ) ORDER BY id asc LIMIT 0,10   [ RunTime:0.0005s ]
INFO: [ view_parse ] --START--
INFO: [ template_filter ] --START--
INFO: Run Behavior\ContentReplaceBehavior [ RunTime:0.000167s ]
INFO: [ template_filter ] --END-- [ RunTime:0.000276s ]
NOTIC: [8] Undefined variable: contro C:\PHPWAMP_IN3\wwwroot\carshop\Application\Runtime\Cache\Home\c6b06d0c02609009ec81a7b136eca43f.php 第 154 行.
NOTIC: [8] Undefined variable: son3pid C:\PHPWAMP_IN3\wwwroot\carshop\Application\Runtime\Cache\Home\c6b06d0c02609009ec81a7b136eca43f.php 第 159 行.
NOTIC: [8] Undefined variable: contro C:\PHPWAMP_IN3\wwwroot\carshop\Application\Runtime\Cache\Home\c6b06d0c02609009ec81a7b136eca43f.php 第 154 行.
NOTIC: [8] Undefined variable: son3pid C:\PHPWAMP_IN3\wwwroot\carshop\Application\Runtime\Cache\Home\c6b06d0c02609009ec81a7b136eca43f.php 第 159 行.
NOTIC: [8] Undefined variable: contro C:\PHPWAMP_IN3\wwwroot\carshop\Application\Runtime\Cache\Home\c6b06d0c02609009ec81a7b136eca43f.php 第 154 行.
NOTIC: [8] Undefined variable: son3pid C:\PHPWAMP_IN3\wwwroot\carshop\Application\Runtime\Cache\Home\c6b06d0c02609009ec81a7b136eca43f.php 第 159 行.
NOTIC: [8] Undefined variable: contro C:\PHPWAMP_IN3\wwwroot\carshop\Application\Runtime\Cache\Home\c6b06d0c02609009ec81a7b136eca43f.php 第 154 行.
NOTIC: [8] Undefined variable: son3pid C:\PHPWAMP_IN3\wwwroot\carshop\Application\Runtime\Cache\Home\c6b06d0c02609009ec81a7b136eca43f.php 第 159 行.
INFO: Run Behavior\ParseTemplateBehavior [ RunTime:0.031206s ]
INFO: [ view_parse ] --END-- [ RunTime:0.031305s ]
INFO: [ view_filter ] --START--
INFO: Run Behavior\WriteHtmlCacheBehavior [ RunTime:0.000500s ]
INFO: [ view_filter ] --END-- [ RunTime:0.000563s ]
INFO: [ app_end ] --START--
INFO: Run Behavior\ShowPageTraceBehavior [ RunTime:0.000665s ]
INFO: [ app_end ] --END-- [ RunTime:0.000726s ]

[ 2019-05-21T11:15:00+08:00 ] 127.0.0.1 /carshop/index.php/Home/Search/?kws=%E6%B5%8B%E8%AF%95&cateid=69
INFO: [ app_init ] --START--
INFO: Run Behavior\BuildLiteBehavior [ RunTime:0.000020s ]
INFO: [ app_init ] --END-- [ RunTime:0.000590s ]
INFO: [ app_begin ] --START--
INFO: Run Behavior\ReadHtmlCacheBehavior [ RunTime:0.000651s ]
INFO: [ app_begin ] --END-- [ RunTime:0.000733s ]
SQL: SHOW COLUMNS FROM `cs_cate` [ RunTime:0.0070s ]
SQL: SELECT * FROM `cs_cate` WHERE `id` = 69 LIMIT 1   [ RunTime:0.0004s ]
SQL: SELECT * FROM `cs_cate` WHERE ( parentid=69 )  [ RunTime:0.0004s ]
SQL: SELECT * FROM `cs_cate` WHERE ( parentid=69 )  [ RunTime:0.0003s ]
SQL: SELECT `id`,`name`,`type` FROM `cs_cate` WHERE `parentid` = 0 AND `pc` = 1 ORDER BY sort asc  [ RunTime:0.0003s ]
SQL: SHOW COLUMNS FROM `cs_link` [ RunTime:0.0081s ]
SQL: SELECT `title`,`url` FROM `cs_link`  [ RunTime:0.0003s ]
SQL: SELECT * FROM `cs_cate` WHERE `id` = 69 LIMIT 1   [ RunTime:0.0003s ]
SQL: SELECT * FROM `cs_cate` WHERE `id` = 69 LIMIT 1   [ RunTime:0.0008s ]
SQL: SHOW COLUMNS FROM `cs_article` [ RunTime:0.0075s ]
SQL: SELECT COUNT(*) AS tp_count FROM `cs_article` WHERE ( 1 AND title LIKE "%测试%" AND cateid=69 ) LIMIT 1   [ RunTime:0.0008s ]
SQL: SELECT * FROM `cs_article` WHERE ( 1 AND title LIKE "%测试%" AND cateid=69 ) ORDER BY id asc LIMIT 0,10   [ RunTime:0.0010s ]
INFO: [ view_parse ] --START--
INFO: [ template_filter ] --START--
INFO: Run Behavior\ContentReplaceBehavior [ RunTime:0.000195s ]
INFO: [ template_filter ] --END-- [ RunTime:0.000285s ]
NOTIC: [8] Undefined variable: contro C:\PHPWAMP_IN3\wwwroot\carshop\Application\Runtime\Cache\Home\c18f86fce5c715a756feed52105828c0.php 第 148 行.
NOTIC: [8] Undefined variable: son3pid C:\PHPWAMP_IN3\wwwroot\carshop\Application\Runtime\Cache\Home\c18f86fce5c715a756feed52105828c0.php 第 153 行.
NOTIC: [8] Undefined variable: contro C:\PHPWAMP_IN3\wwwroot\carshop\Application\Runtime\Cache\Home\c18f86fce5c715a756feed52105828c0.php 第 148 行.
NOTIC: [8] Undefined variable: son3pid C:\PHPWAMP_IN3\wwwroot\carshop\Application\Runtime\Cache\Home\c18f86fce5c715a756feed52105828c0.php 第 153 行.
INFO: Run Behavior\ParseTemplateBehavior [ RunTime:0.078650s ]
INFO: [ view_parse ] --END-- [ RunTime:0.078741s ]
INFO: [ view_filter ] --START--
INFO: Run Behavior\WriteHtmlCacheBehavior [ RunTime:0.000541s ]
INFO: [ view_filter ] --END-- [ RunTime:0.000604s ]
INFO: [ app_end ] --START--
INFO: Run Behavior\ShowPageTraceBehavior [ RunTime:0.001220s ]
INFO: [ app_end ] --END-- [ RunTime:0.001314s ]

