[ 2019-03-31T02:56:30+08:00 ] 127.0.0.1 /carshop/
INFO: [ app_init ] --START--
INFO: Run Behavior\BuildLiteBehavior [ RunTime:0.000018s ]
INFO: [ app_init ] --END-- [ RunTime:0.000385s ]
INFO: [ app_begin ] --START--
INFO: Run Behavior\ReadHtmlCacheBehavior [ RunTime:0.001019s ]
INFO: [ app_begin ] --END-- [ RunTime:0.001098s ]
INFO: [ view_parse ] --START--
INFO: [ template_filter ] --START--
INFO: Run Behavior\ContentReplaceBehavior [ RunTime:0.000121s ]
INFO: [ template_filter ] --END-- [ RunTime:0.000178s ]
INFO: Run Behavior\ParseTemplateBehavior [ RunTime:0.014604s ]
INFO: [ view_parse ] --END-- [ RunTime:0.014679s ]
INFO: [ view_filter ] --START--
INFO: Run Behavior\WriteHtmlCacheBehavior [ RunTime:0.000811s ]
INFO: [ view_filter ] --END-- [ RunTime:0.000858s ]
INFO: [ app_end ] --START--
INFO: Run Behavior\ShowPageTraceBehavior [ RunTime:0.000825s ]
INFO: [ app_end ] --END-- [ RunTime:0.000881s ]

[ 2019-03-31T03:08:53+08:00 ] 127.0.0.1 /carshop/
INFO: [ app_init ] --START--
INFO: Run Behavior\BuildLiteBehavior [ RunTime:0.000019s ]
INFO: [ app_init ] --END-- [ RunTime:0.000325s ]
INFO: [ app_begin ] --START--
INFO: Run Behavior\ReadHtmlCacheBehavior [ RunTime:0.000459s ]
INFO: [ app_begin ] --END-- [ RunTime:0.000535s ]
INFO: [ view_parse ] --START--
INFO: [ template_filter ] --START--
INFO: Run Behavior\ContentReplaceBehavior [ RunTime:0.000159s ]
INFO: [ template_filter ] --END-- [ RunTime:0.000231s ]
INFO: Run Behavior\ParseTemplateBehavior [ RunTime:0.012754s ]
INFO: [ view_parse ] --END-- [ RunTime:0.012830s ]
INFO: [ view_filter ] --START--
INFO: Run Behavior\WriteHtmlCacheBehavior [ RunTime:0.000423s ]
INFO: [ view_filter ] --END-- [ RunTime:0.000482s ]
INFO: [ app_end ] --START--
INFO: Run Behavior\ShowPageTraceBehavior [ RunTime:0.000778s ]
INFO: [ app_end ] --END-- [ RunTime:0.000911s ]

[ 2019-03-31T03:11:59+08:00 ] 127.0.0.1 /carshop/
INFO: [ app_init ] --START--
INFO: Run Behavior\BuildLiteBehavior [ RunTime:0.000015s ]
INFO: [ app_init ] --END-- [ RunTime:0.000265s ]
INFO: [ app_begin ] --START--
INFO: Run Behavior\ReadHtmlCacheBehavior [ RunTime:0.000786s ]
INFO: [ app_begin ] --END-- [ RunTime:0.000828s ]
INFO: [ view_parse ] --START--
INFO: [ template_filter ] --START--
INFO: Run Behavior\ContentReplaceBehavior [ RunTime:0.000113s ]
INFO: [ template_filter ] --END-- [ RunTime:0.000166s ]
INFO: Run Behavior\ParseTemplateBehavior [ RunTime:0.013508s ]
INFO: [ view_parse ] --END-- [ RunTime:0.013566s ]
INFO: [ view_filter ] --START--
INFO: Run Behavior\WriteHtmlCacheBehavior [ RunTime:0.000759s ]
INFO: [ view_filter ] --END-- [ RunTime:0.000798s ]
INFO: [ app_end ] --START--
INFO: Run Behavior\ShowPageTraceBehavior [ RunTime:0.000778s ]
INFO: [ app_end ] --END-- [ RunTime:0.000828s ]

[ 2019-03-31T03:13:22+08:00 ] 127.0.0.1 /carshop/
INFO: [ app_init ] --START--
INFO: Run Behavior\BuildLiteBehavior [ RunTime:0.000018s ]
INFO: [ app_init ] --END-- [ RunTime:0.000370s ]
INFO: [ app_begin ] --START--
INFO: Run Behavior\ReadHtmlCacheBehavior [ RunTime:0.001063s ]
INFO: [ app_begin ] --END-- [ RunTime:0.001136s ]
INFO: [ view_parse ] --START--
INFO: [ template_filter ] --START--
INFO: Run Behavior\ContentReplaceBehavior [ RunTime:0.000164s ]
INFO: [ template_filter ] --END-- [ RunTime:0.000235s ]
INFO: Run Behavior\ParseTemplateBehavior [ RunTime:0.014040s ]
INFO: [ view_parse ] --END-- [ RunTime:0.014119s ]
INFO: [ view_filter ] --START--
INFO: Run Behavior\WriteHtmlCacheBehavior [ RunTime:0.001144s ]
INFO: [ view_filter ] --END-- [ RunTime:0.001205s ]
INFO: [ app_end ] --START--
INFO: Run Behavior\ShowPageTraceBehavior [ RunTime:0.000999s ]
INFO: [ app_end ] --END-- [ RunTime:0.001061s ]

[ 2019-03-31T03:13:32+08:00 ] 127.0.0.1 /carshop/
INFO: [ app_init ] --START--
INFO: Run Behavior\BuildLiteBehavior [ RunTime:0.000011s ]
INFO: [ app_init ] --END-- [ RunTime:0.000103s ]
INFO: [ app_begin ] --START--
INFO: Run Behavior\ReadHtmlCacheBehavior [ RunTime:0.000315s ]
INFO: [ app_begin ] --END-- [ RunTime:0.000355s ]
INFO: [ view_parse ] --START--
INFO: [ template_filter ] --START--
INFO: Run Behavior\ContentReplaceBehavior [ RunTime:0.000118s ]
INFO: [ template_filter ] --END-- [ RunTime:0.000168s ]
INFO: Run Behavior\ParseTemplateBehavior [ RunTime:0.010075s ]
INFO: [ view_parse ] --END-- [ RunTime:0.010178s ]
INFO: [ view_filter ] --START--
INFO: Run Behavior\WriteHtmlCacheBehavior [ RunTime:0.000284s ]
INFO: [ view_filter ] --END-- [ RunTime:0.000321s ]
INFO: [ app_end ] --START--
INFO: Run Behavior\ShowPageTraceBehavior [ RunTime:0.000429s ]
INFO: [ app_end ] --END-- [ RunTime:0.000488s ]

[ 2019-03-31T03:15:43+08:00 ] 127.0.0.1 /carshop/
INFO: [ app_init ] --START--
INFO: Run Behavior\BuildLiteBehavior [ RunTime:0.000021s ]
INFO: [ app_init ] --END-- [ RunTime:0.000320s ]
INFO: [ app_begin ] --START--
INFO: Run Behavior\ReadHtmlCacheBehavior [ RunTime:0.000545s ]
INFO: [ app_begin ] --END-- [ RunTime:0.000638s ]
INFO: [ view_parse ] --START--
INFO: [ template_filter ] --START--
INFO: Run Behavior\ContentReplaceBehavior [ RunTime:0.000158s ]
INFO: [ template_filter ] --END-- [ RunTime:0.000230s ]
INFO: Run Behavior\ParseTemplateBehavior [ RunTime:0.012989s ]
INFO: [ view_parse ] --END-- [ RunTime:0.013083s ]
INFO: [ view_filter ] --START--
INFO: Run Behavior\WriteHtmlCacheBehavior [ RunTime:0.000409s ]
INFO: [ view_filter ] --END-- [ RunTime:0.000465s ]
INFO: [ app_end ] --START--
INFO: Run Behavior\ShowPageTraceBehavior [ RunTime:0.000476s ]
INFO: [ app_end ] --END-- [ RunTime:0.000559s ]

[ 2019-03-31T03:16:24+08:00 ] 127.0.0.1 /carshop/
INFO: [ app_init ] --START--
INFO: Run Behavior\BuildLiteBehavior [ RunTime:0.000017s ]
INFO: [ app_init ] --END-- [ RunTime:0.000151s ]
INFO: [ app_begin ] --START--
INFO: Run Behavior\ReadHtmlCacheBehavior [ RunTime:0.000339s ]
INFO: [ app_begin ] --END-- [ RunTime:0.000397s ]
INFO: [ view_parse ] --START--
INFO: [ template_filter ] --START--
INFO: Run Behavior\ContentReplaceBehavior [ RunTime:0.000111s ]
INFO: [ template_filter ] --END-- [ RunTime:0.000167s ]
INFO: Run Behavior\ParseTemplateBehavior [ RunTime:0.011192s ]
INFO: [ view_parse ] --END-- [ RunTime:0.011278s ]
INFO: [ view_filter ] --START--
INFO: Run Behavior\WriteHtmlCacheBehavior [ RunTime:0.000776s ]
INFO: [ view_filter ] --END-- [ RunTime:0.000843s ]
INFO: [ app_end ] --START--
INFO: Run Behavior\ShowPageTraceBehavior [ RunTime:0.000720s ]
INFO: [ app_end ] --END-- [ RunTime:0.000807s ]

[ 2019-03-31T03:18:08+08:00 ] 127.0.0.1 /carshop/
INFO: [ app_init ] --START--
INFO: Run Behavior\BuildLiteBehavior [ RunTime:0.000015s ]
INFO: [ app_init ] --END-- [ RunTime:0.000461s ]
INFO: [ app_begin ] --START--
INFO: Run Behavior\ReadHtmlCacheBehavior [ RunTime:0.001054s ]
INFO: [ app_begin ] --END-- [ RunTime:0.001134s ]
INFO: [ view_parse ] --START--
INFO: [ template_filter ] --START--
INFO: Run Behavior\ContentReplaceBehavior [ RunTime:0.000118s ]
INFO: [ template_filter ] --END-- [ RunTime:0.000176s ]
INFO: Run Behavior\ParseTemplateBehavior [ RunTime:0.014303s ]
INFO: [ view_parse ] --END-- [ RunTime:0.014409s ]
INFO: [ view_filter ] --START--
INFO: Run Behavior\WriteHtmlCacheBehavior [ RunTime:0.001684s ]
INFO: [ view_filter ] --END-- [ RunTime:0.001757s ]
INFO: [ app_end ] --START--
INFO: Run Behavior\ShowPageTraceBehavior [ RunTime:0.001292s ]
INFO: [ app_end ] --END-- [ RunTime:0.001384s ]

[ 2019-03-31T03:21:23+08:00 ] 127.0.0.1 /carshop/
INFO: [ app_init ] --START--
INFO: Run Behavior\BuildLiteBehavior [ RunTime:0.000013s ]
INFO: [ app_init ] --END-- [ RunTime:0.000210s ]
INFO: [ app_begin ] --START--
INFO: Run Behavior\ReadHtmlCacheBehavior [ RunTime:0.000470s ]
INFO: [ app_begin ] --END-- [ RunTime:0.000553s ]
INFO: [ view_parse ] --START--
INFO: [ template_filter ] --START--
INFO: Run Behavior\ContentReplaceBehavior [ RunTime:0.000116s ]
INFO: [ template_filter ] --END-- [ RunTime:0.000169s ]
INFO: Run Behavior\ParseTemplateBehavior [ RunTime:0.013109s ]
INFO: [ view_parse ] --END-- [ RunTime:0.013191s ]
INFO: [ view_filter ] --START--
INFO: Run Behavior\WriteHtmlCacheBehavior [ RunTime:0.000648s ]
INFO: [ view_filter ] --END-- [ RunTime:0.000705s ]
INFO: [ app_end ] --START--
INFO: Run Behavior\ShowPageTraceBehavior [ RunTime:0.000567s ]
INFO: [ app_end ] --END-- [ RunTime:0.000625s ]

[ 2019-03-31T03:22:08+08:00 ] 127.0.0.1 /carshop/
INFO: [ app_init ] --START--
INFO: Run Behavior\BuildLiteBehavior [ RunTime:0.000018s ]
INFO: [ app_init ] --END-- [ RunTime:0.000159s ]
INFO: [ app_begin ] --START--
INFO: Run Behavior\ReadHtmlCacheBehavior [ RunTime:0.000490s ]
INFO: [ app_begin ] --END-- [ RunTime:0.000578s ]
INFO: [ view_parse ] --START--
INFO: [ template_filter ] --START--
INFO: Run Behavior\ContentReplaceBehavior [ RunTime:0.000162s ]
INFO: [ template_filter ] --END-- [ RunTime:0.000234s ]
INFO: Run Behavior\ParseTemplateBehavior [ RunTime:0.012727s ]
INFO: [ view_parse ] --END-- [ RunTime:0.012815s ]
INFO: [ view_filter ] --START--
INFO: Run Behavior\WriteHtmlCacheBehavior [ RunTime:0.000379s ]
INFO: [ view_filter ] --END-- [ RunTime:0.000436s ]
INFO: [ app_end ] --START--
INFO: Run Behavior\ShowPageTraceBehavior [ RunTime:0.000399s ]
INFO: [ app_end ] --END-- [ RunTime:0.000465s ]

[ 2019-03-31T03:22:50+08:00 ] 127.0.0.1 /carshop/
INFO: [ app_init ] --START--
INFO: Run Behavior\BuildLiteBehavior [ RunTime:0.000014s ]
INFO: [ app_init ] --END-- [ RunTime:0.000270s ]
INFO: [ app_begin ] --START--
INFO: Run Behavior\ReadHtmlCacheBehavior [ RunTime:0.000836s ]
INFO: [ app_begin ] --END-- [ RunTime:0.000904s ]
INFO: [ view_parse ] --START--
INFO: [ template_filter ] --START--
INFO: Run Behavior\ContentReplaceBehavior [ RunTime:0.000163s ]
INFO: [ template_filter ] --END-- [ RunTime:0.000243s ]
INFO: Run Behavior\ParseTemplateBehavior [ RunTime:0.010971s ]
INFO: [ view_parse ] --END-- [ RunTime:0.011044s ]
INFO: [ view_filter ] --START--
INFO: Run Behavior\WriteHtmlCacheBehavior [ RunTime:0.001295s ]
INFO: [ view_filter ] --END-- [ RunTime:0.001356s ]
INFO: [ app_end ] --START--
INFO: Run Behavior\ShowPageTraceBehavior [ RunTime:0.001200s ]
INFO: [ app_end ] --END-- [ RunTime:0.001285s ]

[ 2019-03-31T03:25:44+08:00 ] 127.0.0.1 /carshop/
INFO: [ app_init ] --START--
INFO: Run Behavior\BuildLiteBehavior [ RunTime:0.000026s ]
INFO: [ app_init ] --END-- [ RunTime:0.000317s ]
INFO: [ app_begin ] --START--
INFO: Run Behavior\ReadHtmlCacheBehavior [ RunTime:0.000411s ]
INFO: [ app_begin ] --END-- [ RunTime:0.000486s ]
INFO: [ view_parse ] --START--
INFO: [ template_filter ] --START--
INFO: Run Behavior\ContentReplaceBehavior [ RunTime:0.000121s ]
INFO: [ template_filter ] --END-- [ RunTime:0.000178s ]
INFO: Run Behavior\ParseTemplateBehavior [ RunTime:0.011295s ]
INFO: [ view_parse ] --END-- [ RunTime:0.011371s ]
INFO: [ view_filter ] --START--
INFO: Run Behavior\WriteHtmlCacheBehavior [ RunTime:0.000319s ]
INFO: [ view_filter ] --END-- [ RunTime:0.000361s ]
INFO: [ app_end ] --START--
INFO: Run Behavior\ShowPageTraceBehavior [ RunTime:0.000309s ]
INFO: [ app_end ] --END-- [ RunTime:0.000359s ]

[ 2019-03-31T03:25:55+08:00 ] 127.0.0.1 /carshop/
INFO: [ app_init ] --START--
INFO: Run Behavior\BuildLiteBehavior [ RunTime:0.000013s ]
INFO: [ app_init ] --END-- [ RunTime:0.000133s ]
INFO: [ app_begin ] --START--
INFO: Run Behavior\ReadHtmlCacheBehavior [ RunTime:0.000500s ]
INFO: [ app_begin ] --END-- [ RunTime:0.000589s ]
INFO: [ view_parse ] --START--
INFO: [ template_filter ] --START--
INFO: Run Behavior\ContentReplaceBehavior [ RunTime:0.000173s ]
INFO: [ template_filter ] --END-- [ RunTime:0.000251s ]
INFO: Run Behavior\ParseTemplateBehavior [ RunTime:0.011994s ]
INFO: [ view_parse ] --END-- [ RunTime:0.012078s ]
INFO: [ view_filter ] --START--
INFO: Run Behavior\WriteHtmlCacheBehavior [ RunTime:0.000679s ]
INFO: [ view_filter ] --END-- [ RunTime:0.000742s ]
INFO: [ app_end ] --START--
INFO: Run Behavior\ShowPageTraceBehavior [ RunTime:0.000763s ]
INFO: [ app_end ] --END-- [ RunTime:0.000850s ]

[ 2019-03-31T03:27:53+08:00 ] 127.0.0.1 /carshop/
INFO: [ app_init ] --START--
INFO: Run Behavior\BuildLiteBehavior [ RunTime:0.000013s ]
INFO: [ app_init ] --END-- [ RunTime:0.000195s ]
INFO: [ app_begin ] --START--
INFO: Run Behavior\ReadHtmlCacheBehavior [ RunTime:0.000311s ]
INFO: [ app_begin ] --END-- [ RunTime:0.000359s ]
INFO: [ view_parse ] --START--
INFO: [ template_filter ] --START--
INFO: Run Behavior\ContentReplaceBehavior [ RunTime:0.000120s ]
INFO: [ template_filter ] --END-- [ RunTime:0.000174s ]
INFO: Run Behavior\ParseTemplateBehavior [ RunTime:0.012393s ]
INFO: [ view_parse ] --END-- [ RunTime:0.012499s ]
INFO: [ view_filter ] --START--
INFO: Run Behavior\WriteHtmlCacheBehavior [ RunTime:0.001024s ]
INFO: [ view_filter ] --END-- [ RunTime:0.001128s ]
INFO: [ app_end ] --START--
INFO: Run Behavior\ShowPageTraceBehavior [ RunTime:0.000507s ]
INFO: [ app_end ] --END-- [ RunTime:0.000558s ]

[ 2019-03-31T03:30:31+08:00 ] 127.0.0.1 /carshop/home/page
INFO: [ app_init ] --START--
INFO: Run Behavior\BuildLiteBehavior [ RunTime:0.000019s ]
INFO: [ app_init ] --END-- [ RunTime:0.000381s ]
INFO: [ app_begin ] --START--
INFO: Run Behavior\ReadHtmlCacheBehavior [ RunTime:0.001106s ]
INFO: [ app_begin ] --END-- [ RunTime:0.001174s ]
INFO: [ view_parse ] --START--
INFO: [ template_filter ] --START--
INFO: Run Behavior\ContentReplaceBehavior [ RunTime:0.000128s ]
INFO: [ template_filter ] --END-- [ RunTime:0.000179s ]
NOTIC: [8] Undefined variable: navres C:\PHPWAMP_IN3\wwwroot\carshop\Application\Runtime\Cache\Home\68bce0ec7afdf8798ef65138f610dc8c.php 第 131 行.
NOTIC: [8] Undefined variable: topname C:\PHPWAMP_IN3\wwwroot\carshop\Application\Runtime\Cache\Home\68bce0ec7afdf8798ef65138f610dc8c.php 第 141 行.
NOTIC: [8] Undefined variable: son2 C:\PHPWAMP_IN3\wwwroot\carshop\Application\Runtime\Cache\Home\68bce0ec7afdf8798ef65138f610dc8c.php 第 146 行.
NOTIC: [2] Invalid argument supplied for foreach() C:\PHPWAMP_IN3\wwwroot\carshop\Application\Runtime\Cache\Home\68bce0ec7afdf8798ef65138f610dc8c.php 第 146 行.
NOTIC: [8] Undefined variable: selftop C:\PHPWAMP_IN3\wwwroot\carshop\Application\Runtime\Cache\Home\68bce0ec7afdf8798ef65138f610dc8c.php 第 174 行.
NOTIC: [8] Undefined variable: pres C:\PHPWAMP_IN3\wwwroot\carshop\Application\Runtime\Cache\Home\68bce0ec7afdf8798ef65138f610dc8c.php 第 175 行.
NOTIC: [8] Undefined variable: cates C:\PHPWAMP_IN3\wwwroot\carshop\Application\Runtime\Cache\Home\68bce0ec7afdf8798ef65138f610dc8c.php 第 181 行.
NOTIC: [8] Undefined variable: navres C:\PHPWAMP_IN3\wwwroot\carshop\Application\Runtime\Cache\Home\68bce0ec7afdf8798ef65138f610dc8c.php 第 195 行.
NOTIC: [8] Undefined variable: navres C:\PHPWAMP_IN3\wwwroot\carshop\Application\Runtime\Cache\Home\68bce0ec7afdf8798ef65138f610dc8c.php 第 200 行.
NOTIC: [8] Undefined variable: navres C:\PHPWAMP_IN3\wwwroot\carshop\Application\Runtime\Cache\Home\68bce0ec7afdf8798ef65138f610dc8c.php 第 208 行.
NOTIC: [8] Undefined variable: linkres C:\PHPWAMP_IN3\wwwroot\carshop\Application\Runtime\Cache\Home\68bce0ec7afdf8798ef65138f610dc8c.php 第 223 行.
INFO: Run Behavior\ParseTemplateBehavior [ RunTime:0.022451s ]
INFO: [ view_parse ] --END-- [ RunTime:0.022513s ]
INFO: [ view_filter ] --START--
INFO: Run Behavior\WriteHtmlCacheBehavior [ RunTime:0.000873s ]
INFO: [ view_filter ] --END-- [ RunTime:0.000917s ]
INFO: [ app_end ] --START--
INFO: Run Behavior\ShowPageTraceBehavior [ RunTime:0.000793s ]
INFO: [ app_end ] --END-- [ RunTime:0.000843s ]

[ 2019-03-31T03:34:26+08:00 ] 127.0.0.1 /carshop/index.php
INFO: [ app_init ] --START--
INFO: Run Behavior\BuildLiteBehavior [ RunTime:0.000014s ]
INFO: [ app_init ] --END-- [ RunTime:0.000205s ]
INFO: [ app_begin ] --START--
INFO: Run Behavior\ReadHtmlCacheBehavior [ RunTime:0.000409s ]
INFO: [ app_begin ] --END-- [ RunTime:0.000476s ]
INFO: [ view_parse ] --START--
INFO: [ template_filter ] --START--
INFO: Run Behavior\ContentReplaceBehavior [ RunTime:0.000117s ]
INFO: [ template_filter ] --END-- [ RunTime:0.000169s ]
INFO: Run Behavior\ParseTemplateBehavior [ RunTime:0.011488s ]
INFO: [ view_parse ] --END-- [ RunTime:0.011567s ]
INFO: [ view_filter ] --START--
INFO: Run Behavior\WriteHtmlCacheBehavior [ RunTime:0.000474s ]
INFO: [ view_filter ] --END-- [ RunTime:0.000511s ]
INFO: [ app_end ] --START--
INFO: Run Behavior\ShowPageTraceBehavior [ RunTime:0.000467s ]
INFO: [ app_end ] --END-- [ RunTime:0.000510s ]

[ 2019-03-31T03:34:29+08:00 ] 127.0.0.1 /carshop/index.php
INFO: [ app_init ] --START--
INFO: Run Behavior\BuildLiteBehavior [ RunTime:0.000016s ]
INFO: [ app_init ] --END-- [ RunTime:0.000142s ]
INFO: [ app_begin ] --START--
INFO: Run Behavior\ReadHtmlCacheBehavior [ RunTime:0.000128s ]
INFO: [ app_begin ] --END-- [ RunTime:0.000197s ]
INFO: [ view_parse ] --START--
INFO: [ template_filter ] --START--
INFO: Run Behavior\ContentReplaceBehavior [ RunTime:0.000122s ]
INFO: [ template_filter ] --END-- [ RunTime:0.000174s ]
INFO: Run Behavior\ParseTemplateBehavior [ RunTime:0.012324s ]
INFO: [ view_parse ] --END-- [ RunTime:0.012405s ]
INFO: [ view_filter ] --START--
INFO: Run Behavior\WriteHtmlCacheBehavior [ RunTime:0.000443s ]
INFO: [ view_filter ] --END-- [ RunTime:0.000480s ]
INFO: [ app_end ] --START--
INFO: Run Behavior\ShowPageTraceBehavior [ RunTime:0.000615s ]
INFO: [ app_end ] --END-- [ RunTime:0.000677s ]

[ 2019-03-31T03:36:01+08:00 ] 127.0.0.1 /carshop/index.php
INFO: [ app_init ] --START--
INFO: Run Behavior\BuildLiteBehavior [ RunTime:0.000019s ]
INFO: [ app_init ] --END-- [ RunTime:0.000170s ]
INFO: [ app_begin ] --START--
INFO: Run Behavior\ReadHtmlCacheBehavior [ RunTime:0.000155s ]
INFO: [ app_begin ] --END-- [ RunTime:0.000236s ]
INFO: [ view_parse ] --START--
INFO: [ template_filter ] --START--
INFO: Run Behavior\ContentReplaceBehavior [ RunTime:0.000120s ]
INFO: [ template_filter ] --END-- [ RunTime:0.000174s ]
INFO: Run Behavior\ParseTemplateBehavior [ RunTime:0.012150s ]
INFO: [ view_parse ] --END-- [ RunTime:0.012246s ]
INFO: [ view_filter ] --START--
INFO: Run Behavior\WriteHtmlCacheBehavior [ RunTime:0.000555s ]
INFO: [ view_filter ] --END-- [ RunTime:0.000610s ]
INFO: [ app_end ] --START--
INFO: Run Behavior\ShowPageTraceBehavior [ RunTime:0.000467s ]
INFO: [ app_end ] --END-- [ RunTime:0.000522s ]

[ 2019-03-31T03:36:04+08:00 ] 127.0.0.1 /carshop/index.php
INFO: [ app_init ] --START--
INFO: Run Behavior\BuildLiteBehavior [ RunTime:0.000018s ]
INFO: [ app_init ] --END-- [ RunTime:0.000331s ]
INFO: [ app_begin ] --START--
INFO: Run Behavior\ReadHtmlCacheBehavior [ RunTime:0.000855s ]
INFO: [ app_begin ] --END-- [ RunTime:0.000917s ]
INFO: [ view_parse ] --START--
INFO: [ template_filter ] --START--
INFO: Run Behavior\ContentReplaceBehavior [ RunTime:0.000152s ]
INFO: [ template_filter ] --END-- [ RunTime:0.000216s ]
INFO: Run Behavior\ParseTemplateBehavior [ RunTime:0.013525s ]
INFO: [ view_parse ] --END-- [ RunTime:0.013602s ]
INFO: [ view_filter ] --START--
INFO: Run Behavior\WriteHtmlCacheBehavior [ RunTime:0.001003s ]
INFO: [ view_filter ] --END-- [ RunTime:0.001058s ]
INFO: [ app_end ] --START--
INFO: Run Behavior\ShowPageTraceBehavior [ RunTime:0.001041s ]
INFO: [ app_end ] --END-- [ RunTime:0.001115s ]

[ 2019-03-31T03:36:11+08:00 ] 127.0.0.1 /carshop/index.php
INFO: [ app_init ] --START--
INFO: Run Behavior\BuildLiteBehavior [ RunTime:0.000018s ]
INFO: [ app_init ] --END-- [ RunTime:0.000385s ]
INFO: [ app_begin ] --START--
INFO: Run Behavior\ReadHtmlCacheBehavior [ RunTime:0.001277s ]
INFO: [ app_begin ] --END-- [ RunTime:0.001373s ]
INFO: [ view_parse ] --START--
INFO: [ template_filter ] --START--
INFO: Run Behavior\ContentReplaceBehavior [ RunTime:0.000118s ]
INFO: [ template_filter ] --END-- [ RunTime:0.000170s ]
INFO: Run Behavior\ParseTemplateBehavior [ RunTime:0.012603s ]
INFO: [ view_parse ] --END-- [ RunTime:0.012695s ]
INFO: [ view_filter ] --START--
INFO: Run Behavior\WriteHtmlCacheBehavior [ RunTime:0.000950s ]
INFO: [ view_filter ] --END-- [ RunTime:0.001006s ]
INFO: [ app_end ] --START--
INFO: Run Behavior\ShowPageTraceBehavior [ RunTime:0.000820s ]
INFO: [ app_end ] --END-- [ RunTime:0.000872s ]

[ 2019-03-31T03:36:52+08:00 ] 127.0.0.1 /carshop/index.php
INFO: [ app_init ] --START--
INFO: Run Behavior\BuildLiteBehavior [ RunTime:0.000020s ]
INFO: [ app_init ] --END-- [ RunTime:0.000393s ]
INFO: [ app_begin ] --START--
INFO: Run Behavior\ReadHtmlCacheBehavior [ RunTime:0.001264s ]
INFO: [ app_begin ] --END-- [ RunTime:0.001397s ]
INFO: [ view_parse ] --START--
INFO: [ template_filter ] --START--
INFO: Run Behavior\ContentReplaceBehavior [ RunTime:0.000116s ]
INFO: [ template_filter ] --END-- [ RunTime:0.000169s ]
INFO: Run Behavior\ParseTemplateBehavior [ RunTime:0.010907s ]
INFO: [ view_parse ] --END-- [ RunTime:0.010971s ]
INFO: [ view_filter ] --START--
INFO: Run Behavior\WriteHtmlCacheBehavior [ RunTime:0.000781s ]
INFO: [ view_filter ] --END-- [ RunTime:0.000821s ]
INFO: [ app_end ] --START--
INFO: Run Behavior\ShowPageTraceBehavior [ RunTime:0.000947s ]
INFO: [ app_end ] --END-- [ RunTime:0.001009s ]

[ 2019-03-31T03:37:16+08:00 ] 127.0.0.1 /carshop/home/
INFO: [ app_init ] --START--
INFO: Run Behavior\BuildLiteBehavior [ RunTime:0.000012s ]
INFO: [ app_init ] --END-- [ RunTime:0.000143s ]
INFO: [ app_begin ] --START--
INFO: Run Behavior\ReadHtmlCacheBehavior [ RunTime:0.000491s ]
INFO: [ app_begin ] --END-- [ RunTime:0.000576s ]
INFO: [ view_parse ] --START--
INFO: [ template_filter ] --START--
INFO: Run Behavior\ContentReplaceBehavior [ RunTime:0.000174s ]
INFO: [ template_filter ] --END-- [ RunTime:0.000248s ]
INFO: Run Behavior\ParseTemplateBehavior [ RunTime:0.012480s ]
INFO: [ view_parse ] --END-- [ RunTime:0.012572s ]
INFO: [ view_filter ] --START--
INFO: Run Behavior\WriteHtmlCacheBehavior [ RunTime:0.000717s ]
INFO: [ view_filter ] --END-- [ RunTime:0.000780s ]
INFO: [ app_end ] --START--
INFO: Run Behavior\ShowPageTraceBehavior [ RunTime:0.000522s ]
INFO: [ app_end ] --END-- [ RunTime:0.000570s ]

[ 2019-03-31T03:37:16+08:00 ] 127.0.0.1 /carshop/home/js/jquery.lightbox-0.5.min.js
INFO: [ app_init ] --START--
INFO: Run Behavior\BuildLiteBehavior [ RunTime:0.000021s ]
INFO: [ app_init ] --END-- [ RunTime:0.000424s ]
INFO: [ app_begin ] --START--
INFO: Run Behavior\ReadHtmlCacheBehavior [ RunTime:0.001365s ]
INFO: [ app_begin ] --END-- [ RunTime:0.001459s ]
ERR: 无法加载控制器:Js

[ 2019-03-31T03:37:16+08:00 ] 127.0.0.1 /carshop/home/images/er.gif
INFO: [ app_init ] --START--
INFO: Run Behavior\BuildLiteBehavior [ RunTime:0.000020s ]
INFO: [ app_init ] --END-- [ RunTime:0.000174s ]

[ 2019-03-31T03:37:16+08:00 ] 127.0.0.1 /carshop/home/js/jquery.lightbox-0.5.min.js
INFO: [ app_init ] --START--
INFO: Run Behavior\BuildLiteBehavior [ RunTime:0.000020s ]
INFO: [ app_init ] --END-- [ RunTime:0.000169s ]
INFO: [ app_begin ] --START--
INFO: Run Behavior\ReadHtmlCacheBehavior [ RunTime:0.000423s ]
INFO: [ app_begin ] --END-- [ RunTime:0.000492s ]
ERR: 无法加载控制器:Js

[ 2019-03-31T03:37:16+08:00 ] 127.0.0.1 /carshop/home/images/20150804112945-946058568.jpg
INFO: [ app_init ] --START--
INFO: Run Behavior\BuildLiteBehavior [ RunTime:0.000016s ]
INFO: [ app_init ] --END-- [ RunTime:0.000150s ]

[ 2019-03-31T03:37:16+08:00 ] 127.0.0.1 /carshop/home/images/20150804112848-251193540.jpg
INFO: [ app_init ] --START--
INFO: Run Behavior\BuildLiteBehavior [ RunTime:0.000023s ]
INFO: [ app_init ] --END-- [ RunTime:0.000488s ]

[ 2019-03-31T03:37:16+08:00 ] 127.0.0.1 /carshop/home/images/20150804112838-1533884976.jpg
INFO: [ app_init ] --START--
INFO: Run Behavior\BuildLiteBehavior [ RunTime:0.000023s ]
INFO: [ app_init ] --END-- [ RunTime:0.000508s ]

[ 2019-03-31T03:37:16+08:00 ] 127.0.0.1 /carshop/home/images/er.gif
INFO: [ app_init ] --START--
INFO: Run Behavior\BuildLiteBehavior [ RunTime:0.000024s ]
INFO: [ app_init ] --END-- [ RunTime:0.000183s ]

[ 2019-03-31T03:37:20+08:00 ] 127.0.0.1 /carshop/home/page
INFO: [ app_init ] --START--
INFO: Run Behavior\BuildLiteBehavior [ RunTime:0.000011s ]
INFO: [ app_init ] --END-- [ RunTime:0.000125s ]
INFO: [ app_begin ] --START--
INFO: Run Behavior\ReadHtmlCacheBehavior [ RunTime:0.000088s ]
INFO: [ app_begin ] --END-- [ RunTime:0.000131s ]
INFO: [ view_parse ] --START--
INFO: [ template_filter ] --START--
INFO: Run Behavior\ContentReplaceBehavior [ RunTime:0.000130s ]
INFO: [ template_filter ] --END-- [ RunTime:0.000182s ]
NOTIC: [8] Undefined variable: navres C:\PHPWAMP_IN3\wwwroot\carshop\Application\Runtime\Cache\Home\68bce0ec7afdf8798ef65138f610dc8c.php 第 131 行.
NOTIC: [8] Undefined variable: topname C:\PHPWAMP_IN3\wwwroot\carshop\Application\Runtime\Cache\Home\68bce0ec7afdf8798ef65138f610dc8c.php 第 141 行.
NOTIC: [8] Undefined variable: son2 C:\PHPWAMP_IN3\wwwroot\carshop\Application\Runtime\Cache\Home\68bce0ec7afdf8798ef65138f610dc8c.php 第 146 行.
NOTIC: [2] Invalid argument supplied for foreach() C:\PHPWAMP_IN3\wwwroot\carshop\Application\Runtime\Cache\Home\68bce0ec7afdf8798ef65138f610dc8c.php 第 146 行.
NOTIC: [8] Undefined variable: selftop C:\PHPWAMP_IN3\wwwroot\carshop\Application\Runtime\Cache\Home\68bce0ec7afdf8798ef65138f610dc8c.php 第 174 行.
NOTIC: [8] Undefined variable: pres C:\PHPWAMP_IN3\wwwroot\carshop\Application\Runtime\Cache\Home\68bce0ec7afdf8798ef65138f610dc8c.php 第 175 行.
NOTIC: [8] Undefined variable: cates C:\PHPWAMP_IN3\wwwroot\carshop\Application\Runtime\Cache\Home\68bce0ec7afdf8798ef65138f610dc8c.php 第 181 行.
NOTIC: [8] Undefined variable: navres C:\PHPWAMP_IN3\wwwroot\carshop\Application\Runtime\Cache\Home\68bce0ec7afdf8798ef65138f610dc8c.php 第 195 行.
NOTIC: [8] Undefined variable: navres C:\PHPWAMP_IN3\wwwroot\carshop\Application\Runtime\Cache\Home\68bce0ec7afdf8798ef65138f610dc8c.php 第 200 行.
NOTIC: [8] Undefined variable: navres C:\PHPWAMP_IN3\wwwroot\carshop\Application\Runtime\Cache\Home\68bce0ec7afdf8798ef65138f610dc8c.php 第 208 行.
NOTIC: [8] Undefined variable: linkres C:\PHPWAMP_IN3\wwwroot\carshop\Application\Runtime\Cache\Home\68bce0ec7afdf8798ef65138f610dc8c.php 第 223 行.
INFO: Run Behavior\ParseTemplateBehavior [ RunTime:0.016579s ]
INFO: [ view_parse ] --END-- [ RunTime:0.016642s ]
INFO: [ view_filter ] --START--
INFO: Run Behavior\WriteHtmlCacheBehavior [ RunTime:0.000612s ]
INFO: [ view_filter ] --END-- [ RunTime:0.000662s ]
INFO: [ app_end ] --START--
INFO: Run Behavior\ShowPageTraceBehavior [ RunTime:0.000515s ]
INFO: [ app_end ] --END-- [ RunTime:0.000566s ]

[ 2019-03-31T03:40:40+08:00 ] 127.0.0.1 /carshop/home
INFO: [ app_init ] --START--
INFO: Run Behavior\BuildLiteBehavior [ RunTime:0.000018s ]
INFO: [ app_init ] --END-- [ RunTime:0.000271s ]
INFO: [ app_begin ] --START--
INFO: Run Behavior\ReadHtmlCacheBehavior [ RunTime:0.000444s ]
INFO: [ app_begin ] --END-- [ RunTime:0.000520s ]
INFO: [ view_parse ] --START--
INFO: [ template_filter ] --START--
INFO: Run Behavior\ContentReplaceBehavior [ RunTime:0.000158s ]
INFO: [ template_filter ] --END-- [ RunTime:0.000227s ]
INFO: Run Behavior\ParseTemplateBehavior [ RunTime:0.011578s ]
INFO: [ view_parse ] --END-- [ RunTime:0.011719s ]
INFO: [ view_filter ] --START--
INFO: Run Behavior\WriteHtmlCacheBehavior [ RunTime:0.000851s ]
INFO: [ view_filter ] --END-- [ RunTime:0.000940s ]
INFO: [ app_end ] --START--
INFO: Run Behavior\ShowPageTraceBehavior [ RunTime:0.000392s ]
INFO: [ app_end ] --END-- [ RunTime:0.000456s ]

[ 2019-03-31T03:42:30+08:00 ] 127.0.0.1 /carshop/home/
INFO: [ app_init ] --START--
INFO: Run Behavior\BuildLiteBehavior [ RunTime:0.000019s ]
INFO: [ app_init ] --END-- [ RunTime:0.000166s ]
INFO: [ app_begin ] --START--
INFO: Run Behavior\ReadHtmlCacheBehavior [ RunTime:0.000529s ]
INFO: [ app_begin ] --END-- [ RunTime:0.000621s ]
INFO: [ view_parse ] --START--
INFO: [ template_filter ] --START--
INFO: Run Behavior\ContentReplaceBehavior [ RunTime:0.000115s ]
INFO: [ template_filter ] --END-- [ RunTime:0.000168s ]
INFO: Run Behavior\ParseTemplateBehavior [ RunTime:0.010513s ]
INFO: [ view_parse ] --END-- [ RunTime:0.010606s ]
INFO: [ view_filter ] --START--
INFO: Run Behavior\WriteHtmlCacheBehavior [ RunTime:0.000552s ]
INFO: [ view_filter ] --END-- [ RunTime:0.000602s ]
INFO: [ app_end ] --START--
INFO: Run Behavior\ShowPageTraceBehavior [ RunTime:0.000852s ]
INFO: [ app_end ] --END-- [ RunTime:0.000949s ]

[ 2019-03-31T03:42:30+08:00 ] 127.0.0.1 /carshop/home/images/er.gif
INFO: [ app_init ] --START--
INFO: Run Behavior\BuildLiteBehavior [ RunTime:0.000018s ]
INFO: [ app_init ] --END-- [ RunTime:0.000160s ]

[ 2019-03-31T03:42:30+08:00 ] 127.0.0.1 /carshop/home/js/jquery.lightbox-0.5.min.js
INFO: [ app_init ] --START--
INFO: Run Behavior\BuildLiteBehavior [ RunTime:0.000021s ]
INFO: [ app_init ] --END-- [ RunTime:0.000442s ]
INFO: [ app_begin ] --START--
INFO: Run Behavior\ReadHtmlCacheBehavior [ RunTime:0.001327s ]
INFO: [ app_begin ] --END-- [ RunTime:0.001416s ]
ERR: 无法加载控制器:Js

[ 2019-03-31T03:42:31+08:00 ] 127.0.0.1 /carshop/home/images/20150804112838-1533884976.jpg
INFO: [ app_init ] --START--
INFO: Run Behavior\BuildLiteBehavior [ RunTime:0.000020s ]
INFO: [ app_init ] --END-- [ RunTime:0.000145s ]

[ 2019-03-31T03:42:31+08:00 ] 127.0.0.1 /carshop/home/images/20150804112848-251193540.jpg
INFO: [ app_init ] --START--
INFO: Run Behavior\BuildLiteBehavior [ RunTime:0.000018s ]
INFO: [ app_init ] --END-- [ RunTime:0.000172s ]

[ 2019-03-31T03:42:31+08:00 ] 127.0.0.1 /carshop/home/images/20150804112945-946058568.jpg
INFO: [ app_init ] --START--
INFO: Run Behavior\BuildLiteBehavior [ RunTime:0.000023s ]
INFO: [ app_init ] --END-- [ RunTime:0.000445s ]

[ 2019-03-31T03:42:31+08:00 ] 127.0.0.1 /carshop/home/images/er.gif
INFO: [ app_init ] --START--
INFO: Run Behavior\BuildLiteBehavior [ RunTime:0.000018s ]
INFO: [ app_init ] --END-- [ RunTime:0.000168s ]

[ 2019-03-31T03:47:46+08:00 ] 127.0.0.1 /carshop/home/job/
INFO: [ app_init ] --START--
INFO: Run Behavior\BuildLiteBehavior [ RunTime:0.000013s ]
INFO: [ app_init ] --END-- [ RunTime:0.000201s ]
INFO: [ app_begin ] --START--
INFO: Run Behavior\ReadHtmlCacheBehavior [ RunTime:0.000315s ]
INFO: [ app_begin ] --END-- [ RunTime:0.000356s ]
ERR: 模板不存在:./Application/Home/View/Job/index.html

[ 2019-03-31T03:48:06+08:00 ] 127.0.0.1 /carshop/home/job/
INFO: [ app_init ] --START--
INFO: Run Behavior\BuildLiteBehavior [ RunTime:0.000014s ]
INFO: [ app_init ] --END-- [ RunTime:0.000113s ]
INFO: [ app_begin ] --START--
INFO: Run Behavior\ReadHtmlCacheBehavior [ RunTime:0.000094s ]
INFO: [ app_begin ] --END-- [ RunTime:0.000142s ]
INFO: [ view_parse ] --START--
INFO: [ template_filter ] --START--
INFO: Run Behavior\ContentReplaceBehavior [ RunTime:0.000135s ]
INFO: [ template_filter ] --END-- [ RunTime:0.000188s ]
INFO: Run Behavior\ParseTemplateBehavior [ RunTime:0.013738s ]
INFO: [ view_parse ] --END-- [ RunTime:0.013817s ]
INFO: [ view_filter ] --START--
INFO: Run Behavior\WriteHtmlCacheBehavior [ RunTime:0.000416s ]
INFO: [ view_filter ] --END-- [ RunTime:0.000483s ]
INFO: [ app_end ] --START--
INFO: Run Behavior\ShowPageTraceBehavior [ RunTime:0.000400s ]
INFO: [ app_end ] --END-- [ RunTime:0.000468s ]

[ 2019-03-31T03:48:06+08:00 ] 127.0.0.1 /carshop/home/job/style/urlredirect.js
INFO: [ app_init ] --START--
INFO: Run Behavior\BuildLiteBehavior [ RunTime:0.000022s ]
INFO: [ app_init ] --END-- [ RunTime:0.000325s ]
INFO: [ app_begin ] --START--
INFO: Run Behavior\ReadHtmlCacheBehavior [ RunTime:0.000155s ]
INFO: [ app_begin ] --END-- [ RunTime:0.000236s ]
ERR: 非法操作:style

[ 2019-03-31T03:48:06+08:00 ] 127.0.0.1 /carshop/home/job/style/functions.js
INFO: [ app_init ] --START--
INFO: Run Behavior\BuildLiteBehavior [ RunTime:0.000021s ]
INFO: [ app_init ] --END-- [ RunTime:0.000337s ]
INFO: [ app_begin ] --START--
INFO: Run Behavior\ReadHtmlCacheBehavior [ RunTime:0.000509s ]
INFO: [ app_begin ] --END-- [ RunTime:0.000592s ]
ERR: 非法操作:style

[ 2019-03-31T03:48:06+08:00 ] 127.0.0.1 /carshop/home/job/style/validForm/FormValid.js
INFO: [ app_init ] --START--
INFO: Run Behavior\BuildLiteBehavior [ RunTime:0.000020s ]
INFO: [ app_init ] --END-- [ RunTime:0.000295s ]
INFO: [ app_begin ] --START--
INFO: Run Behavior\ReadHtmlCacheBehavior [ RunTime:0.000511s ]
INFO: [ app_begin ] --END-- [ RunTime:0.000597s ]
ERR: 非法操作:style

[ 2019-03-31T03:48:06+08:00 ] 127.0.0.1 /carshop/home/job/style/search.js
INFO: [ app_init ] --START--
INFO: Run Behavior\BuildLiteBehavior [ RunTime:0.000022s ]
INFO: [ app_init ] --END-- [ RunTime:0.000176s ]
INFO: [ app_begin ] --START--
INFO: Run Behavior\ReadHtmlCacheBehavior [ RunTime:0.000140s ]
INFO: [ app_begin ] --END-- [ RunTime:0.000217s ]
ERR: 非法操作:style

[ 2019-03-31T03:48:06+08:00 ] 127.0.0.1 /carshop/home/job/style/menu.js
INFO: [ app_init ] --START--
INFO: Run Behavior\BuildLiteBehavior [ RunTime:0.000017s ]
INFO: [ app_init ] --END-- [ RunTime:0.000149s ]
INFO: [ app_begin ] --START--
INFO: Run Behavior\ReadHtmlCacheBehavior [ RunTime:0.000151s ]
INFO: [ app_begin ] --END-- [ RunTime:0.000226s ]
ERR: 非法操作:style

[ 2019-03-31T03:48:06+08:00 ] 127.0.0.1 /carshop/home/job/style/jQselect.js
INFO: [ app_init ] --START--
INFO: Run Behavior\BuildLiteBehavior [ RunTime:0.000018s ]
INFO: [ app_init ] --END-- [ RunTime:0.000164s ]
INFO: [ app_begin ] --START--
INFO: Run Behavior\ReadHtmlCacheBehavior [ RunTime:0.000125s ]
INFO: [ app_begin ] --END-- [ RunTime:0.000197s ]
ERR: 非法操作:style

[ 2019-03-31T03:48:06+08:00 ] 127.0.0.1 /carshop/home/job/style/slides.min.jquery.js
INFO: [ app_init ] --START--
INFO: Run Behavior\BuildLiteBehavior [ RunTime:0.000018s ]
INFO: [ app_init ] --END-- [ RunTime:0.000161s ]
INFO: [ app_begin ] --START--
INFO: Run Behavior\ReadHtmlCacheBehavior [ RunTime:0.000155s ]
INFO: [ app_begin ] --END-- [ RunTime:0.000227s ]
ERR: 非法操作:style

[ 2019-03-31T03:48:06+08:00 ] 127.0.0.1 /carshop/home/job/style/jquery.touchSlider.js
INFO: [ app_init ] --START--
INFO: Run Behavior\BuildLiteBehavior [ RunTime:0.000019s ]
INFO: [ app_init ] --END-- [ RunTime:0.000169s ]
INFO: [ app_begin ] --START--
INFO: Run Behavior\ReadHtmlCacheBehavior [ RunTime:0.000139s ]
INFO: [ app_begin ] --END-- [ RunTime:0.000209s ]
ERR: 非法操作:style

[ 2019-03-31T03:48:06+08:00 ] 127.0.0.1 /carshop/home/job/style/jbox.css
INFO: [ app_init ] --START--
INFO: Run Behavior\BuildLiteBehavior [ RunTime:0.000022s ]
INFO: [ app_init ] --END-- [ RunTime:0.000608s ]
INFO: [ app_begin ] --START--
INFO: Run Behavior\ReadHtmlCacheBehavior [ RunTime:0.001559s ]
INFO: [ app_begin ] --END-- [ RunTime:0.001652s ]
ERR: 非法操作:style

[ 2019-03-31T03:48:07+08:00 ] 127.0.0.1 /carshop/home/job/style/jbox/jquery.jBox-2.3.min.js
INFO: [ app_init ] --START--
INFO: Run Behavior\BuildLiteBehavior [ RunTime:0.000018s ]
INFO: [ app_init ] --END-- [ RunTime:0.000173s ]
INFO: [ app_begin ] --START--
INFO: Run Behavior\ReadHtmlCacheBehavior [ RunTime:0.000131s ]
INFO: [ app_begin ] --END-- [ RunTime:0.000199s ]
ERR: 非法操作:style

[ 2019-03-31T03:48:07+08:00 ] 127.0.0.1 /carshop/home/job/style/jquery.js
INFO: [ app_init ] --START--
INFO: Run Behavior\BuildLiteBehavior [ RunTime:0.000020s ]
INFO: [ app_init ] --END-- [ RunTime:0.000541s ]
INFO: [ app_begin ] --START--
INFO: Run Behavior\ReadHtmlCacheBehavior [ RunTime:0.001255s ]
INFO: [ app_begin ] --END-- [ RunTime:0.001386s ]
ERR: 非法操作:style

[ 2019-03-31T03:48:07+08:00 ] 127.0.0.1 /carshop/home/job/style/style.css
INFO: [ app_init ] --START--
INFO: Run Behavior\BuildLiteBehavior [ RunTime:0.000017s ]
INFO: [ app_init ] --END-- [ RunTime:0.000267s ]
INFO: [ app_begin ] --START--
INFO: Run Behavior\ReadHtmlCacheBehavior [ RunTime:0.000446s ]
INFO: [ app_begin ] --END-- [ RunTime:0.000524s ]
ERR: 非法操作:style

[ 2019-03-31T03:48:07+08:00 ] 127.0.0.1 /carshop/home/job/images/logo.png
INFO: [ app_init ] --START--
INFO: Run Behavior\BuildLiteBehavior [ RunTime:0.000018s ]
INFO: [ app_init ] --END-- [ RunTime:0.000162s ]

[ 2019-03-31T03:48:07+08:00 ] 127.0.0.1 /carshop/home/job/images/er.gif
INFO: [ app_init ] --START--
INFO: Run Behavior\BuildLiteBehavior [ RunTime:0.000015s ]
INFO: [ app_init ] --END-- [ RunTime:0.000128s ]

[ 2019-03-31T03:48:07+08:00 ] 127.0.0.1 /carshop/home/job/images/cont.jpg
INFO: [ app_init ] --START--
INFO: Run Behavior\BuildLiteBehavior [ RunTime:0.000021s ]
INFO: [ app_init ] --END-- [ RunTime:0.000374s ]

[ 2019-03-31T03:48:07+08:00 ] 127.0.0.1 /carshop/home/job/style/functions.js
INFO: [ app_init ] --START--
INFO: Run Behavior\BuildLiteBehavior [ RunTime:0.000019s ]
INFO: [ app_init ] --END-- [ RunTime:0.000383s ]
INFO: [ app_begin ] --START--
INFO: Run Behavior\ReadHtmlCacheBehavior [ RunTime:0.000912s ]
INFO: [ app_begin ] --END-- [ RunTime:0.000997s ]
ERR: 非法操作:style

[ 2019-03-31T03:48:07+08:00 ] 127.0.0.1 /carshop/home/job/style/validForm/FormValid.js
INFO: [ app_init ] --START--
INFO: Run Behavior\BuildLiteBehavior [ RunTime:0.000011s ]
INFO: [ app_init ] --END-- [ RunTime:0.000110s ]
INFO: [ app_begin ] --START--
INFO: Run Behavior\ReadHtmlCacheBehavior [ RunTime:0.000093s ]
INFO: [ app_begin ] --END-- [ RunTime:0.000140s ]
ERR: 非法操作:style

[ 2019-03-31T03:48:07+08:00 ] 127.0.0.1 /carshop/home/job/style/jbox/jquery.jBox-2.3.min.js
INFO: [ app_init ] --START--
INFO: Run Behavior\BuildLiteBehavior [ RunTime:0.000020s ]
INFO: [ app_init ] --END-- [ RunTime:0.000153s ]
INFO: [ app_begin ] --START--
INFO: Run Behavior\ReadHtmlCacheBehavior [ RunTime:0.000124s ]
INFO: [ app_begin ] --END-- [ RunTime:0.000185s ]
ERR: 非法操作:style

[ 2019-03-31T03:48:07+08:00 ] 127.0.0.1 /carshop/home/job/style/search.js
INFO: [ app_init ] --START--
INFO: Run Behavior\BuildLiteBehavior [ RunTime:0.000018s ]
INFO: [ app_init ] --END-- [ RunTime:0.000153s ]
INFO: [ app_begin ] --START--
INFO: Run Behavior\ReadHtmlCacheBehavior [ RunTime:0.000100s ]
INFO: [ app_begin ] --END-- [ RunTime:0.000154s ]
ERR: 非法操作:style

[ 2019-03-31T03:48:07+08:00 ] 127.0.0.1 /carshop/home/job/style/menu.js
INFO: [ app_init ] --START--
INFO: Run Behavior\BuildLiteBehavior [ RunTime:0.000013s ]
INFO: [ app_init ] --END-- [ RunTime:0.000274s ]
INFO: [ app_begin ] --START--
INFO: Run Behavior\ReadHtmlCacheBehavior [ RunTime:0.000960s ]
INFO: [ app_begin ] --END-- [ RunTime:0.001030s ]
ERR: 非法操作:style

[ 2019-03-31T03:48:07+08:00 ] 127.0.0.1 /carshop/home/job/style/jQselect.js
INFO: [ app_init ] --START--
INFO: Run Behavior\BuildLiteBehavior [ RunTime:0.000014s ]
INFO: [ app_init ] --END-- [ RunTime:0.000291s ]
INFO: [ app_begin ] --START--
INFO: Run Behavior\ReadHtmlCacheBehavior [ RunTime:0.000826s ]
INFO: [ app_begin ] --END-- [ RunTime:0.000890s ]
ERR: 非法操作:style

[ 2019-03-31T03:48:07+08:00 ] 127.0.0.1 /carshop/home/job/style/slides.min.jquery.js
INFO: [ app_init ] --START--
INFO: Run Behavior\BuildLiteBehavior [ RunTime:0.000017s ]
INFO: [ app_init ] --END-- [ RunTime:0.000147s ]
INFO: [ app_begin ] --START--
INFO: Run Behavior\ReadHtmlCacheBehavior [ RunTime:0.000128s ]
INFO: [ app_begin ] --END-- [ RunTime:0.000193s ]
ERR: 非法操作:style

[ 2019-03-31T03:48:07+08:00 ] 127.0.0.1 /carshop/home/job/style/jquery.touchSlider.js
INFO: [ app_init ] --START--
INFO: Run Behavior\BuildLiteBehavior [ RunTime:0.000011s ]
INFO: [ app_init ] --END-- [ RunTime:0.000108s ]
INFO: [ app_begin ] --START--
INFO: Run Behavior\ReadHtmlCacheBehavior [ RunTime:0.000087s ]
INFO: [ app_begin ] --END-- [ RunTime:0.000129s ]
ERR: 非法操作:style

[ 2019-03-31T03:48:07+08:00 ] 127.0.0.1 /carshop/home/job/images/logo.png
INFO: [ app_init ] --START--
INFO: Run Behavior\BuildLiteBehavior [ RunTime:0.000019s ]
INFO: [ app_init ] --END-- [ RunTime:0.000167s ]

[ 2019-03-31T03:48:07+08:00 ] 127.0.0.1 /carshop/home/job/images/20150804113438-369103644.jpg
INFO: [ app_init ] --START--
INFO: Run Behavior\BuildLiteBehavior [ RunTime:0.000017s ]
INFO: [ app_init ] --END-- [ RunTime:0.000153s ]

[ 2019-03-31T03:48:07+08:00 ] 127.0.0.1 /carshop/home/job/images/cont.jpg
INFO: [ app_init ] --START--
INFO: Run Behavior\BuildLiteBehavior [ RunTime:0.000019s ]
INFO: [ app_init ] --END-- [ RunTime:0.000415s ]

[ 2019-03-31T03:48:07+08:00 ] 127.0.0.1 /carshop/home/job/images/er.gif
INFO: [ app_init ] --START--
INFO: Run Behavior\BuildLiteBehavior [ RunTime:0.000024s ]
INFO: [ app_init ] --END-- [ RunTime:0.000465s ]

[ 2019-03-31T03:51:10+08:00 ] 127.0.0.1 /carshop/home/job/
INFO: [ app_init ] --START--
INFO: Run Behavior\BuildLiteBehavior [ RunTime:0.000028s ]
INFO: [ app_init ] --END-- [ RunTime:0.000524s ]
INFO: [ app_begin ] --START--
INFO: Run Behavior\ReadHtmlCacheBehavior [ RunTime:0.001165s ]
INFO: [ app_begin ] --END-- [ RunTime:0.001253s ]
INFO: [ view_parse ] --START--
INFO: [ template_filter ] --START--
INFO: Run Behavior\ContentReplaceBehavior [ RunTime:0.000216s ]
INFO: [ template_filter ] --END-- [ RunTime:0.000307s ]
INFO: Run Behavior\ParseTemplateBehavior [ RunTime:0.017061s ]
INFO: [ view_parse ] --END-- [ RunTime:0.017135s ]
INFO: [ view_filter ] --START--
INFO: Run Behavior\WriteHtmlCacheBehavior [ RunTime:0.000974s ]
INFO: [ view_filter ] --END-- [ RunTime:0.001024s ]
INFO: [ app_end ] --START--
INFO: Run Behavior\ShowPageTraceBehavior [ RunTime:0.000878s ]
INFO: [ app_end ] --END-- [ RunTime:0.000939s ]

[ 2019-03-31T03:51:10+08:00 ] 127.0.0.1 /carshop/home/job/images/er.gif
INFO: [ app_init ] --START--
INFO: Run Behavior\BuildLiteBehavior [ RunTime:0.000020s ]
INFO: [ app_init ] --END-- [ RunTime:0.000298s ]

[ 2019-03-31T03:51:10+08:00 ] 127.0.0.1 /carshop/home/job/images/cont.jpg
INFO: [ app_init ] --START--
INFO: Run Behavior\BuildLiteBehavior [ RunTime:0.000022s ]
INFO: [ app_init ] --END-- [ RunTime:0.000432s ]

[ 2019-03-31T03:51:11+08:00 ] 127.0.0.1 /carshop/home/job/images/cont.jpg
INFO: [ app_init ] --START--
INFO: Run Behavior\BuildLiteBehavior [ RunTime:0.000017s ]
INFO: [ app_init ] --END-- [ RunTime:0.000164s ]

[ 2019-03-31T03:51:11+08:00 ] 127.0.0.1 /carshop/home/job/images/er.gif
INFO: [ app_init ] --START--
INFO: Run Behavior\BuildLiteBehavior [ RunTime:0.000019s ]
INFO: [ app_init ] --END-- [ RunTime:0.000291s ]

[ 2019-03-31T03:51:11+08:00 ] 127.0.0.1 /carshop/home/job/images/20150804113438-369103644.jpg
INFO: [ app_init ] --START--
INFO: Run Behavior\BuildLiteBehavior [ RunTime:0.000015s ]
INFO: [ app_init ] --END-- [ RunTime:0.000297s ]

[ 2019-03-31T03:54:53+08:00 ] 127.0.0.1 /carshop/home/job/
INFO: [ app_init ] --START--
INFO: Run Behavior\BuildLiteBehavior [ RunTime:0.000014s ]
INFO: [ app_init ] --END-- [ RunTime:0.000204s ]
INFO: [ app_begin ] --START--
INFO: Run Behavior\ReadHtmlCacheBehavior [ RunTime:0.000432s ]
INFO: [ app_begin ] --END-- [ RunTime:0.000503s ]
INFO: [ view_parse ] --START--
INFO: [ template_filter ] --START--
INFO: Run Behavior\ContentReplaceBehavior [ RunTime:0.000225s ]
INFO: [ template_filter ] --END-- [ RunTime:0.000303s ]
NOTIC: [8] Undefined variable: navres C:\PHPWAMP_IN3\wwwroot\carshop\Application\Runtime\Cache\Home\615144e07a4e7a80e1e5d5b16112e4eb.php 第 131 行.
INFO: Run Behavior\ParseTemplateBehavior [ RunTime:0.016041s ]
INFO: [ view_parse ] --END-- [ RunTime:0.016106s ]
INFO: [ view_filter ] --START--
INFO: Run Behavior\WriteHtmlCacheBehavior [ RunTime:0.000724s ]
INFO: [ view_filter ] --END-- [ RunTime:0.000785s ]
INFO: [ app_end ] --START--
INFO: Run Behavior\ShowPageTraceBehavior [ RunTime:0.000694s ]
INFO: [ app_end ] --END-- [ RunTime:0.000780s ]

[ 2019-03-31T03:54:53+08:00 ] 127.0.0.1 /carshop/home/job/images/er.gif
INFO: [ app_init ] --START--
INFO: Run Behavior\BuildLiteBehavior [ RunTime:0.000022s ]
INFO: [ app_init ] --END-- [ RunTime:0.000471s ]

[ 2019-03-31T03:54:54+08:00 ] 127.0.0.1 /carshop/home/job/images/er.gif
INFO: [ app_init ] --START--
INFO: Run Behavior\BuildLiteBehavior [ RunTime:0.000022s ]
INFO: [ app_init ] --END-- [ RunTime:0.000462s ]

[ 2019-03-31T03:54:54+08:00 ] 127.0.0.1 /carshop/home/job/images/20150804113438-369103644.jpg
INFO: [ app_init ] --START--
INFO: Run Behavior\BuildLiteBehavior [ RunTime:0.000020s ]
INFO: [ app_init ] --END-- [ RunTime:0.000175s ]

[ 2019-03-31T03:56:53+08:00 ] 127.0.0.1 /carshop/home/job/
INFO: [ app_init ] --START--
INFO: Run Behavior\BuildLiteBehavior [ RunTime:0.000013s ]
INFO: [ app_init ] --END-- [ RunTime:0.000114s ]
INFO: [ app_begin ] --START--
INFO: Run Behavior\ReadHtmlCacheBehavior [ RunTime:0.000090s ]
INFO: [ app_begin ] --END-- [ RunTime:0.000137s ]
INFO: [ view_parse ] --START--
INFO: [ template_filter ] --START--
INFO: Run Behavior\ContentReplaceBehavior [ RunTime:0.000249s ]
INFO: [ template_filter ] --END-- [ RunTime:0.000319s ]
NOTIC: [8] Undefined variable: navres C:\PHPWAMP_IN3\wwwroot\carshop\Application\Runtime\Cache\Home\615144e07a4e7a80e1e5d5b16112e4eb.php 第 131 行.
NOTIC: [8] Undefined variable: navres C:\PHPWAMP_IN3\wwwroot\carshop\Application\Runtime\Cache\Home\615144e07a4e7a80e1e5d5b16112e4eb.php 第 471 行.
NOTIC: [8] Undefined variable: navres C:\PHPWAMP_IN3\wwwroot\carshop\Application\Runtime\Cache\Home\615144e07a4e7a80e1e5d5b16112e4eb.php 第 476 行.
NOTIC: [8] Undefined variable: navres C:\PHPWAMP_IN3\wwwroot\carshop\Application\Runtime\Cache\Home\615144e07a4e7a80e1e5d5b16112e4eb.php 第 484 行.
NOTIC: [8] Undefined variable: linkres C:\PHPWAMP_IN3\wwwroot\carshop\Application\Runtime\Cache\Home\615144e07a4e7a80e1e5d5b16112e4eb.php 第 499 行.
INFO: Run Behavior\ParseTemplateBehavior [ RunTime:0.025666s ]
INFO: [ view_parse ] --END-- [ RunTime:0.025729s ]
INFO: [ view_filter ] --START--
INFO: Run Behavior\WriteHtmlCacheBehavior [ RunTime:0.000552s ]
INFO: [ view_filter ] --END-- [ RunTime:0.000595s ]
INFO: [ app_end ] --START--
INFO: Run Behavior\ShowPageTraceBehavior [ RunTime:0.000458s ]
INFO: [ app_end ] --END-- [ RunTime:0.000509s ]

[ 2019-03-31T03:56:53+08:00 ] 127.0.0.1 /carshop/home/job/images/20150804113438-369103644.jpg
INFO: [ app_init ] --START--
INFO: Run Behavior\BuildLiteBehavior [ RunTime:0.000019s ]
INFO: [ app_init ] --END-- [ RunTime:0.000184s ]

[ 2019-03-31T03:57:03+08:00 ] 127.0.0.1 /carshop/home/job/
INFO: [ app_init ] --START--
INFO: Run Behavior\BuildLiteBehavior [ RunTime:0.000020s ]
INFO: [ app_init ] --END-- [ RunTime:0.000464s ]
INFO: [ app_begin ] --START--
INFO: Run Behavior\ReadHtmlCacheBehavior [ RunTime:0.001242s ]
INFO: [ app_begin ] --END-- [ RunTime:0.001333s ]
INFO: [ view_parse ] --START--
INFO: [ template_filter ] --START--
INFO: Run Behavior\ContentReplaceBehavior [ RunTime:0.000186s ]
INFO: [ template_filter ] --END-- [ RunTime:0.000240s ]
NOTIC: [8] Undefined variable: navres C:\PHPWAMP_IN3\wwwroot\carshop\Application\Runtime\Cache\Home\615144e07a4e7a80e1e5d5b16112e4eb.php 第 131 行.
NOTIC: [8] Undefined variable: navres C:\PHPWAMP_IN3\wwwroot\carshop\Application\Runtime\Cache\Home\615144e07a4e7a80e1e5d5b16112e4eb.php 第 471 行.
NOTIC: [8] Undefined variable: navres C:\PHPWAMP_IN3\wwwroot\carshop\Application\Runtime\Cache\Home\615144e07a4e7a80e1e5d5b16112e4eb.php 第 476 行.
NOTIC: [8] Undefined variable: navres C:\PHPWAMP_IN3\wwwroot\carshop\Application\Runtime\Cache\Home\615144e07a4e7a80e1e5d5b16112e4eb.php 第 484 行.
NOTIC: [8] Undefined variable: linkres C:\PHPWAMP_IN3\wwwroot\carshop\Application\Runtime\Cache\Home\615144e07a4e7a80e1e5d5b16112e4eb.php 第 499 行.
INFO: Run Behavior\ParseTemplateBehavior [ RunTime:0.025896s ]
INFO: [ view_parse ] --END-- [ RunTime:0.025963s ]
INFO: [ view_filter ] --START--
INFO: Run Behavior\WriteHtmlCacheBehavior [ RunTime:0.000847s ]
INFO: [ view_filter ] --END-- [ RunTime:0.000895s ]
INFO: [ app_end ] --START--
INFO: Run Behavior\ShowPageTraceBehavior [ RunTime:0.000884s ]
INFO: [ app_end ] --END-- [ RunTime:0.000945s ]

[ 2019-03-31T03:57:04+08:00 ] 127.0.0.1 /carshop/home/job/images/20150804113438-369103644.jpg
INFO: [ app_init ] --START--
INFO: Run Behavior\BuildLiteBehavior [ RunTime:0.000019s ]
INFO: [ app_init ] --END-- [ RunTime:0.000198s ]

[ 2019-03-31T03:57:19+08:00 ] 127.0.0.1 /carshop/home/
INFO: [ app_init ] --START--
INFO: Run Behavior\BuildLiteBehavior [ RunTime:0.000020s ]
INFO: [ app_init ] --END-- [ RunTime:0.000180s ]
INFO: [ app_begin ] --START--
INFO: Run Behavior\ReadHtmlCacheBehavior [ RunTime:0.000477s ]
INFO: [ app_begin ] --END-- [ RunTime:0.000553s ]
INFO: [ view_parse ] --START--
INFO: [ template_filter ] --START--
INFO: Run Behavior\ContentReplaceBehavior [ RunTime:0.000171s ]
INFO: [ template_filter ] --END-- [ RunTime:0.000252s ]
INFO: Run Behavior\ParseTemplateBehavior [ RunTime:0.013519s ]
INFO: [ view_parse ] --END-- [ RunTime:0.013608s ]
INFO: [ view_filter ] --START--
INFO: Run Behavior\WriteHtmlCacheBehavior [ RunTime:0.000940s ]
INFO: [ view_filter ] --END-- [ RunTime:0.001012s ]
INFO: [ app_end ] --START--
INFO: Run Behavior\ShowPageTraceBehavior [ RunTime:0.000554s ]
INFO: [ app_end ] --END-- [ RunTime:0.000601s ]

[ 2019-03-31T03:57:19+08:00 ] 127.0.0.1 /carshop/home/js/jquery.lightbox-0.5.min.js
INFO: [ app_init ] --START--
INFO: Run Behavior\BuildLiteBehavior [ RunTime:0.000021s ]
INFO: [ app_init ] --END-- [ RunTime:0.000432s ]
INFO: [ app_begin ] --START--
INFO: Run Behavior\ReadHtmlCacheBehavior [ RunTime:0.001176s ]
INFO: [ app_begin ] --END-- [ RunTime:0.001271s ]
ERR: 无法加载控制器:Js

[ 2019-03-31T03:57:19+08:00 ] 127.0.0.1 /carshop/home/images/er.gif
INFO: [ app_init ] --START--
INFO: Run Behavior\BuildLiteBehavior [ RunTime:0.000022s ]
INFO: [ app_init ] --END-- [ RunTime:0.000204s ]

[ 2019-03-31T03:57:19+08:00 ] 127.0.0.1 /carshop/home/js/jquery.lightbox-0.5.min.js
INFO: [ app_init ] --START--
INFO: Run Behavior\BuildLiteBehavior [ RunTime:0.000020s ]
INFO: [ app_init ] --END-- [ RunTime:0.000181s ]
INFO: [ app_begin ] --START--
INFO: Run Behavior\ReadHtmlCacheBehavior [ RunTime:0.000573s ]
INFO: [ app_begin ] --END-- [ RunTime:0.000664s ]
ERR: 无法加载控制器:Js

[ 2019-03-31T03:57:20+08:00 ] 127.0.0.1 /carshop/home/images/20150804112945-946058568.jpg
INFO: [ app_init ] --START--
INFO: Run Behavior\BuildLiteBehavior [ RunTime:0.000021s ]
INFO: [ app_init ] --END-- [ RunTime:0.000188s ]

[ 2019-03-31T03:57:20+08:00 ] 127.0.0.1 /carshop/home/images/20150804112848-251193540.jpg
INFO: [ app_init ] --START--
INFO: Run Behavior\BuildLiteBehavior [ RunTime:0.000018s ]
INFO: [ app_init ] --END-- [ RunTime:0.000419s ]

[ 2019-03-31T03:57:20+08:00 ] 127.0.0.1 /carshop/home/images/20150804112838-1533884976.jpg
INFO: [ app_init ] --START--
INFO: Run Behavior\BuildLiteBehavior [ RunTime:0.000019s ]
INFO: [ app_init ] --END-- [ RunTime:0.000162s ]

[ 2019-03-31T03:57:20+08:00 ] 127.0.0.1 /carshop/home/images/er.gif
INFO: [ app_init ] --START--
INFO: Run Behavior\BuildLiteBehavior [ RunTime:0.000023s ]
INFO: [ app_init ] --END-- [ RunTime:0.000459s ]

[ 2019-03-31T03:58:21+08:00 ] 127.0.0.1 /carshop/home/
INFO: [ app_init ] --START--
INFO: Run Behavior\BuildLiteBehavior [ RunTime:0.000020s ]
INFO: [ app_init ] --END-- [ RunTime:0.000404s ]
INFO: [ app_begin ] --START--
INFO: Run Behavior\ReadHtmlCacheBehavior [ RunTime:0.001057s ]
INFO: [ app_begin ] --END-- [ RunTime:0.001137s ]
INFO: [ view_parse ] --START--
INFO: [ template_filter ] --START--
INFO: Run Behavior\ContentReplaceBehavior [ RunTime:0.000129s ]
INFO: [ template_filter ] --END-- [ RunTime:0.000184s ]
INFO: Run Behavior\ParseTemplateBehavior [ RunTime:0.013219s ]
INFO: [ view_parse ] --END-- [ RunTime:0.013287s ]
INFO: [ view_filter ] --START--
INFO: Run Behavior\WriteHtmlCacheBehavior [ RunTime:0.000822s ]
INFO: [ view_filter ] --END-- [ RunTime:0.000868s ]
INFO: [ app_end ] --START--
INFO: Run Behavior\ShowPageTraceBehavior [ RunTime:0.001139s ]
INFO: [ app_end ] --END-- [ RunTime:0.001220s ]

[ 2019-03-31T03:58:21+08:00 ] 127.0.0.1 /carshop/home/js/jquery.lightbox-0.5.min.js
INFO: [ app_init ] --START--
INFO: Run Behavior\BuildLiteBehavior [ RunTime:0.000017s ]
INFO: [ app_init ] --END-- [ RunTime:0.000148s ]
INFO: [ app_begin ] --START--
INFO: Run Behavior\ReadHtmlCacheBehavior [ RunTime:0.000136s ]
INFO: [ app_begin ] --END-- [ RunTime:0.000206s ]
ERR: 无法加载控制器:Js

[ 2019-03-31T03:58:21+08:00 ] 127.0.0.1 /carshop/home/images/er.gif
INFO: [ app_init ] --START--
INFO: Run Behavior\BuildLiteBehavior [ RunTime:0.000016s ]
INFO: [ app_init ] --END-- [ RunTime:0.000140s ]

[ 2019-03-31T03:58:22+08:00 ] 127.0.0.1 /carshop/home/js/jquery.lightbox-0.5.min.js
INFO: [ app_init ] --START--
INFO: Run Behavior\BuildLiteBehavior [ RunTime:0.000021s ]
INFO: [ app_init ] --END-- [ RunTime:0.000234s ]
INFO: [ app_begin ] --START--
INFO: Run Behavior\ReadHtmlCacheBehavior [ RunTime:0.000379s ]
INFO: [ app_begin ] --END-- [ RunTime:0.000464s ]
ERR: 无法加载控制器:Js

[ 2019-03-31T03:58:22+08:00 ] 127.0.0.1 /carshop/home/images/20150804112848-251193540.jpg
INFO: [ app_init ] --START--
INFO: Run Behavior\BuildLiteBehavior [ RunTime:0.000019s ]
INFO: [ app_init ] --END-- [ RunTime:0.000183s ]

[ 2019-03-31T03:58:22+08:00 ] 127.0.0.1 /carshop/home/images/20150804112945-946058568.jpg
INFO: [ app_init ] --START--
INFO: Run Behavior\BuildLiteBehavior [ RunTime:0.000018s ]
INFO: [ app_init ] --END-- [ RunTime:0.000171s ]

[ 2019-03-31T03:58:22+08:00 ] 127.0.0.1 /carshop/home/images/20150804112838-1533884976.jpg
INFO: [ app_init ] --START--
INFO: Run Behavior\BuildLiteBehavior [ RunTime:0.000022s ]
INFO: [ app_init ] --END-- [ RunTime:0.000506s ]

[ 2019-03-31T03:58:22+08:00 ] 127.0.0.1 /carshop/home/images/er.gif
INFO: [ app_init ] --START--
INFO: Run Behavior\BuildLiteBehavior [ RunTime:0.000020s ]
INFO: [ app_init ] --END-- [ RunTime:0.000413s ]

[ 2019-03-31T04:00:33+08:00 ] 127.0.0.1 /carshop/home/job/
INFO: [ app_init ] --START--
INFO: Run Behavior\BuildLiteBehavior [ RunTime:0.000014s ]
INFO: [ app_init ] --END-- [ RunTime:0.000266s ]
INFO: [ app_begin ] --START--
INFO: Run Behavior\ReadHtmlCacheBehavior [ RunTime:0.000400s ]
INFO: [ app_begin ] --END-- [ RunTime:0.000466s ]
INFO: [ view_parse ] --START--
INFO: [ template_filter ] --START--
INFO: Run Behavior\ContentReplaceBehavior [ RunTime:0.000300s ]
INFO: [ template_filter ] --END-- [ RunTime:0.000402s ]
NOTIC: [8] Undefined variable: navres C:\PHPWAMP_IN3\wwwroot\carshop\Application\Runtime\Cache\Home\615144e07a4e7a80e1e5d5b16112e4eb.php 第 131 行.
NOTIC: [8] Undefined variable: topname C:\PHPWAMP_IN3\wwwroot\carshop\Application\Runtime\Cache\Home\615144e07a4e7a80e1e5d5b16112e4eb.php 第 154 行.
NOTIC: [8] Undefined variable: son2 C:\PHPWAMP_IN3\wwwroot\carshop\Application\Runtime\Cache\Home\615144e07a4e7a80e1e5d5b16112e4eb.php 第 159 行.
NOTIC: [2] Invalid argument supplied for foreach() C:\PHPWAMP_IN3\wwwroot\carshop\Application\Runtime\Cache\Home\615144e07a4e7a80e1e5d5b16112e4eb.php 第 159 行.
NOTIC: [8] Undefined variable: navres C:\PHPWAMP_IN3\wwwroot\carshop\Application\Runtime\Cache\Home\615144e07a4e7a80e1e5d5b16112e4eb.php 第 463 行.
NOTIC: [8] Undefined variable: navres C:\PHPWAMP_IN3\wwwroot\carshop\Application\Runtime\Cache\Home\615144e07a4e7a80e1e5d5b16112e4eb.php 第 468 行.
NOTIC: [8] Undefined variable: navres C:\PHPWAMP_IN3\wwwroot\carshop\Application\Runtime\Cache\Home\615144e07a4e7a80e1e5d5b16112e4eb.php 第 476 行.
NOTIC: [8] Undefined variable: linkres C:\PHPWAMP_IN3\wwwroot\carshop\Application\Runtime\Cache\Home\615144e07a4e7a80e1e5d5b16112e4eb.php 第 491 行.
INFO: Run Behavior\ParseTemplateBehavior [ RunTime:0.024575s ]
INFO: [ view_parse ] --END-- [ RunTime:0.024638s ]
INFO: [ view_filter ] --START--
INFO: Run Behavior\WriteHtmlCacheBehavior [ RunTime:0.000553s ]
INFO: [ view_filter ] --END-- [ RunTime:0.000597s ]
INFO: [ app_end ] --START--
INFO: Run Behavior\ShowPageTraceBehavior [ RunTime:0.000549s ]
INFO: [ app_end ] --END-- [ RunTime:0.000601s ]

[ 2019-03-31T04:00:33+08:00 ] 127.0.0.1 /carshop/home/job/images/20150804113438-369103644.jpg
INFO: [ app_init ] --START--
INFO: Run Behavior\BuildLiteBehavior [ RunTime:0.000020s ]
INFO: [ app_init ] --END-- [ RunTime:0.000312s ]

[ 2019-03-31T04:03:07+08:00 ] 127.0.0.1 /carshop/home/article
INFO: [ app_init ] --START--
INFO: Run Behavior\BuildLiteBehavior [ RunTime:0.000020s ]
INFO: [ app_init ] --END-- [ RunTime:0.000315s ]
INFO: [ app_begin ] --START--
INFO: Run Behavior\ReadHtmlCacheBehavior [ RunTime:0.000500s ]
INFO: [ app_begin ] --END-- [ RunTime:0.000580s ]
INFO: [ view_parse ] --START--
INFO: [ template_filter ] --START--
INFO: Run Behavior\ContentReplaceBehavior [ RunTime:0.000177s ]
INFO: [ template_filter ] --END-- [ RunTime:0.000261s ]
NOTIC: [8] Undefined variable: navres C:\PHPWAMP_IN3\wwwroot\carshop\Application\Runtime\Cache\Home\2ac6c1276904b87404ed678dbabb985c.php 第 134 行.
NOTIC: [8] Undefined variable: topname C:\PHPWAMP_IN3\wwwroot\carshop\Application\Runtime\Cache\Home\2ac6c1276904b87404ed678dbabb985c.php 第 145 行.
NOTIC: [8] Undefined variable: son2 C:\PHPWAMP_IN3\wwwroot\carshop\Application\Runtime\Cache\Home\2ac6c1276904b87404ed678dbabb985c.php 第 150 行.
NOTIC: [2] Invalid argument supplied for foreach() C:\PHPWAMP_IN3\wwwroot\carshop\Application\Runtime\Cache\Home\2ac6c1276904b87404ed678dbabb985c.php 第 150 行.
NOTIC: [8] Undefined variable: furl C:\PHPWAMP_IN3\wwwroot\carshop\Application\Runtime\Cache\Home\2ac6c1276904b87404ed678dbabb985c.php 第 179 行.
NOTIC: [8] Undefined variable: aurl C:\PHPWAMP_IN3\wwwroot\carshop\Application\Runtime\Cache\Home\2ac6c1276904b87404ed678dbabb985c.php 第 186 行.
NOTIC: [8] Undefined variable: pres C:\PHPWAMP_IN3\wwwroot\carshop\Application\Runtime\Cache\Home\2ac6c1276904b87404ed678dbabb985c.php 第 189 行.
NOTIC: [8] Undefined variable: articles C:\PHPWAMP_IN3\wwwroot\carshop\Application\Runtime\Cache\Home\2ac6c1276904b87404ed678dbabb985c.php 第 194 行.
NOTIC: [8] Undefined variable: articles C:\PHPWAMP_IN3\wwwroot\carshop\Application\Runtime\Cache\Home\2ac6c1276904b87404ed678dbabb985c.php 第 195 行.
NOTIC: [8] Undefined variable: articles C:\PHPWAMP_IN3\wwwroot\carshop\Application\Runtime\Cache\Home\2ac6c1276904b87404ed678dbabb985c.php 第 195 行.
NOTIC: [8] Undefined variable: articles C:\PHPWAMP_IN3\wwwroot\carshop\Application\Runtime\Cache\Home\2ac6c1276904b87404ed678dbabb985c.php 第 196 行.
NOTIC: [8] Undefined variable: aricles C:\PHPWAMP_IN3\wwwroot\carshop\Application\Runtime\Cache\Home\2ac6c1276904b87404ed678dbabb985c.php 第 198 行.
NOTIC: [8] Undefined variable: articles C:\PHPWAMP_IN3\wwwroot\carshop\Application\Runtime\Cache\Home\2ac6c1276904b87404ed678dbabb985c.php 第 204 行.
NOTIC: [8] Undefined variable: navres C:\PHPWAMP_IN3\wwwroot\carshop\Application\Runtime\Cache\Home\2ac6c1276904b87404ed678dbabb985c.php 第 220 行.
NOTIC: [8] Undefined variable: navres C:\PHPWAMP_IN3\wwwroot\carshop\Application\Runtime\Cache\Home\2ac6c1276904b87404ed678dbabb985c.php 第 225 行.
NOTIC: [8] Undefined variable: navres C:\PHPWAMP_IN3\wwwroot\carshop\Application\Runtime\Cache\Home\2ac6c1276904b87404ed678dbabb985c.php 第 233 行.
NOTIC: [8] Undefined variable: linkres C:\PHPWAMP_IN3\wwwroot\carshop\Application\Runtime\Cache\Home\2ac6c1276904b87404ed678dbabb985c.php 第 248 行.
INFO: Run Behavior\ParseTemplateBehavior [ RunTime:0.021786s ]
INFO: [ view_parse ] --END-- [ RunTime:0.021846s ]
INFO: [ view_filter ] --START--
INFO: Run Behavior\WriteHtmlCacheBehavior [ RunTime:0.000315s ]
INFO: [ view_filter ] --END-- [ RunTime:0.000358s ]
INFO: [ app_end ] --START--
INFO: Run Behavior\ShowPageTraceBehavior [ RunTime:0.000269s ]
INFO: [ app_end ] --END-- [ RunTime:0.000313s ]

[ 2019-03-31T04:03:07+08:00 ] 127.0.0.1 /carshop/home/js/fy.js
INFO: [ app_init ] --START--
INFO: Run Behavior\BuildLiteBehavior [ RunTime:0.000020s ]
INFO: [ app_init ] --END-- [ RunTime:0.000441s ]
INFO: [ app_begin ] --START--
INFO: Run Behavior\ReadHtmlCacheBehavior [ RunTime:0.001256s ]
INFO: [ app_begin ] --END-- [ RunTime:0.001345s ]
ERR: 无法加载控制器:Js

[ 2019-03-31T04:03:07+08:00 ] 127.0.0.1 /carshop/
INFO: [ app_init ] --START--
INFO: Run Behavior\BuildLiteBehavior [ RunTime:0.000027s ]
INFO: [ app_init ] --END-- [ RunTime:0.000357s ]
INFO: [ app_begin ] --START--
INFO: Run Behavior\ReadHtmlCacheBehavior [ RunTime:0.000516s ]
INFO: [ app_begin ] --END-- [ RunTime:0.000620s ]
INFO: [ view_parse ] --START--
INFO: [ template_filter ] --START--
INFO: Run Behavior\ContentReplaceBehavior [ RunTime:0.000116s ]
INFO: [ template_filter ] --END-- [ RunTime:0.000169s ]
INFO: Run Behavior\ParseTemplateBehavior [ RunTime:0.011820s ]
INFO: [ view_parse ] --END-- [ RunTime:0.011900s ]
INFO: [ view_filter ] --START--
INFO: Run Behavior\WriteHtmlCacheBehavior [ RunTime:0.000978s ]
INFO: [ view_filter ] --END-- [ RunTime:0.001055s ]
INFO: [ app_end ] --START--
INFO: Run Behavior\ShowPageTraceBehavior [ RunTime:0.000825s ]
INFO: [ app_end ] --END-- [ RunTime:0.000923s ]

[ 2019-03-31T04:03:07+08:00 ] 127.0.0.1 /carshop/home/js/fy.js
INFO: [ app_init ] --START--
INFO: Run Behavior\BuildLiteBehavior [ RunTime:0.000018s ]
INFO: [ app_init ] --END-- [ RunTime:0.000158s ]
INFO: [ app_begin ] --START--
INFO: Run Behavior\ReadHtmlCacheBehavior [ RunTime:0.000150s ]
INFO: [ app_begin ] --END-- [ RunTime:0.000232s ]
ERR: 无法加载控制器:Js

[ 2019-03-31T04:03:07+08:00 ] 127.0.0.1 /carshop/
INFO: [ app_init ] --START--
INFO: Run Behavior\BuildLiteBehavior [ RunTime:0.000022s ]
INFO: [ app_init ] --END-- [ RunTime:0.000185s ]
INFO: [ app_begin ] --START--
INFO: Run Behavior\ReadHtmlCacheBehavior [ RunTime:0.000182s ]
INFO: [ app_begin ] --END-- [ RunTime:0.000276s ]
INFO: [ view_parse ] --START--
INFO: [ template_filter ] --START--
INFO: Run Behavior\ContentReplaceBehavior [ RunTime:0.000174s ]
INFO: [ template_filter ] --END-- [ RunTime:0.000254s ]
INFO: Run Behavior\ParseTemplateBehavior [ RunTime:0.011977s ]
INFO: [ view_parse ] --END-- [ RunTime:0.012076s ]
INFO: [ view_filter ] --START--
INFO: Run Behavior\WriteHtmlCacheBehavior [ RunTime:0.000819s ]
INFO: [ view_filter ] --END-- [ RunTime:0.000896s ]
INFO: [ app_end ] --START--
INFO: Run Behavior\ShowPageTraceBehavior [ RunTime:0.000859s ]
INFO: [ app_end ] --END-- [ RunTime:0.000960s ]

[ 2019-03-31T04:08:19+08:00 ] 127.0.0.1 /carshop/home/article
INFO: [ app_init ] --START--
INFO: Run Behavior\BuildLiteBehavior [ RunTime:0.000024s ]
INFO: [ app_init ] --END-- [ RunTime:0.000379s ]
INFO: [ app_begin ] --START--
INFO: Run Behavior\ReadHtmlCacheBehavior [ RunTime:0.000470s ]
INFO: [ app_begin ] --END-- [ RunTime:0.000556s ]
INFO: [ view_parse ] --START--
INFO: [ template_filter ] --START--
INFO: Run Behavior\ContentReplaceBehavior [ RunTime:0.000268s ]
INFO: [ template_filter ] --END-- [ RunTime:0.000372s ]
NOTIC: [8] Undefined variable: navres C:\PHPWAMP_IN3\wwwroot\carshop\Application\Runtime\Cache\Home\2ac6c1276904b87404ed678dbabb985c.php 第 134 行.
NOTIC: [8] Undefined variable: topname C:\PHPWAMP_IN3\wwwroot\carshop\Application\Runtime\Cache\Home\2ac6c1276904b87404ed678dbabb985c.php 第 145 行.
NOTIC: [8] Undefined variable: son2 C:\PHPWAMP_IN3\wwwroot\carshop\Application\Runtime\Cache\Home\2ac6c1276904b87404ed678dbabb985c.php 第 150 行.
NOTIC: [2] Invalid argument supplied for foreach() C:\PHPWAMP_IN3\wwwroot\carshop\Application\Runtime\Cache\Home\2ac6c1276904b87404ed678dbabb985c.php 第 150 行.
NOTIC: [8] Undefined variable: furl C:\PHPWAMP_IN3\wwwroot\carshop\Application\Runtime\Cache\Home\2ac6c1276904b87404ed678dbabb985c.php 第 179 行.
NOTIC: [8] Undefined variable: aurl C:\PHPWAMP_IN3\wwwroot\carshop\Application\Runtime\Cache\Home\2ac6c1276904b87404ed678dbabb985c.php 第 186 行.
NOTIC: [8] Undefined variable: pres C:\PHPWAMP_IN3\wwwroot\carshop\Application\Runtime\Cache\Home\2ac6c1276904b87404ed678dbabb985c.php 第 189 行.
NOTIC: [8] Undefined variable: articles C:\PHPWAMP_IN3\wwwroot\carshop\Application\Runtime\Cache\Home\2ac6c1276904b87404ed678dbabb985c.php 第 194 行.
NOTIC: [8] Undefined variable: articles C:\PHPWAMP_IN3\wwwroot\carshop\Application\Runtime\Cache\Home\2ac6c1276904b87404ed678dbabb985c.php 第 195 行.
NOTIC: [8] Undefined variable: articles C:\PHPWAMP_IN3\wwwroot\carshop\Application\Runtime\Cache\Home\2ac6c1276904b87404ed678dbabb985c.php 第 195 行.
NOTIC: [8] Undefined variable: articles C:\PHPWAMP_IN3\wwwroot\carshop\Application\Runtime\Cache\Home\2ac6c1276904b87404ed678dbabb985c.php 第 196 行.
NOTIC: [8] Undefined variable: aricles C:\PHPWAMP_IN3\wwwroot\carshop\Application\Runtime\Cache\Home\2ac6c1276904b87404ed678dbabb985c.php 第 198 行.
NOTIC: [8] Undefined variable: articles C:\PHPWAMP_IN3\wwwroot\carshop\Application\Runtime\Cache\Home\2ac6c1276904b87404ed678dbabb985c.php 第 204 行.
NOTIC: [8] Undefined variable: navres C:\PHPWAMP_IN3\wwwroot\carshop\Application\Runtime\Cache\Home\2ac6c1276904b87404ed678dbabb985c.php 第 220 行.
NOTIC: [8] Undefined variable: navres C:\PHPWAMP_IN3\wwwroot\carshop\Application\Runtime\Cache\Home\2ac6c1276904b87404ed678dbabb985c.php 第 225 行.
NOTIC: [8] Undefined variable: navres C:\PHPWAMP_IN3\wwwroot\carshop\Application\Runtime\Cache\Home\2ac6c1276904b87404ed678dbabb985c.php 第 233 行.
NOTIC: [8] Undefined variable: linkres C:\PHPWAMP_IN3\wwwroot\carshop\Application\Runtime\Cache\Home\2ac6c1276904b87404ed678dbabb985c.php 第 248 行.
INFO: Run Behavior\ParseTemplateBehavior [ RunTime:0.019614s ]
INFO: [ view_parse ] --END-- [ RunTime:0.019679s ]
INFO: [ view_filter ] --START--
INFO: Run Behavior\WriteHtmlCacheBehavior [ RunTime:0.000526s ]
INFO: [ view_filter ] --END-- [ RunTime:0.000571s ]
INFO: [ app_end ] --START--
INFO: Run Behavior\ShowPageTraceBehavior [ RunTime:0.000495s ]
INFO: [ app_end ] --END-- [ RunTime:0.000540s ]

[ 2019-03-31T04:08:19+08:00 ] 127.0.0.1 /carshop/home/js/fy.js
INFO: [ app_init ] --START--
INFO: Run Behavior\BuildLiteBehavior [ RunTime:0.000022s ]
INFO: [ app_init ] --END-- [ RunTime:0.000187s ]
INFO: [ app_begin ] --START--
INFO: Run Behavior\ReadHtmlCacheBehavior [ RunTime:0.005358s ]
INFO: [ app_begin ] --END-- [ RunTime:0.005460s ]
ERR: 无法加载控制器:Js

[ 2019-03-31T04:08:19+08:00 ] 127.0.0.1 /carshop/
INFO: [ app_init ] --START--
INFO: Run Behavior\BuildLiteBehavior [ RunTime:0.000020s ]
INFO: [ app_init ] --END-- [ RunTime:0.000315s ]
INFO: [ app_begin ] --START--
INFO: Run Behavior\ReadHtmlCacheBehavior [ RunTime:0.000486s ]
INFO: [ app_begin ] --END-- [ RunTime:0.000574s ]
INFO: [ view_parse ] --START--
INFO: [ template_filter ] --START--
INFO: Run Behavior\ContentReplaceBehavior [ RunTime:0.000154s ]
INFO: [ template_filter ] --END-- [ RunTime:0.000225s ]
INFO: Run Behavior\ParseTemplateBehavior [ RunTime:0.012946s ]
INFO: [ view_parse ] --END-- [ RunTime:0.013087s ]
INFO: [ view_filter ] --START--
INFO: Run Behavior\WriteHtmlCacheBehavior [ RunTime:0.000455s ]
INFO: [ view_filter ] --END-- [ RunTime:0.000524s ]
INFO: [ app_end ] --START--
INFO: Run Behavior\ShowPageTraceBehavior [ RunTime:0.000429s ]
INFO: [ app_end ] --END-- [ RunTime:0.000509s ]

[ 2019-03-31T04:08:20+08:00 ] 127.0.0.1 /carshop/home/js/fy.js
INFO: [ app_init ] --START--
INFO: Run Behavior\BuildLiteBehavior [ RunTime:0.000022s ]
INFO: [ app_init ] --END-- [ RunTime:0.000181s ]
INFO: [ app_begin ] --START--
INFO: Run Behavior\ReadHtmlCacheBehavior [ RunTime:0.000155s ]
INFO: [ app_begin ] --END-- [ RunTime:0.000229s ]
ERR: 无法加载控制器:Js

[ 2019-03-31T04:08:20+08:00 ] 127.0.0.1 /carshop/
INFO: [ app_init ] --START--
INFO: Run Behavior\BuildLiteBehavior [ RunTime:0.000022s ]
INFO: [ app_init ] --END-- [ RunTime:0.000186s ]
INFO: [ app_begin ] --START--
INFO: Run Behavior\ReadHtmlCacheBehavior [ RunTime:0.000167s ]
INFO: [ app_begin ] --END-- [ RunTime:0.000253s ]
INFO: [ view_parse ] --START--
INFO: [ template_filter ] --START--
INFO: Run Behavior\ContentReplaceBehavior [ RunTime:0.000163s ]
INFO: [ template_filter ] --END-- [ RunTime:0.000248s ]
INFO: Run Behavior\ParseTemplateBehavior [ RunTime:0.012736s ]
INFO: [ view_parse ] --END-- [ RunTime:0.012836s ]
INFO: [ view_filter ] --START--
INFO: Run Behavior\WriteHtmlCacheBehavior [ RunTime:0.000174s ]
INFO: [ view_filter ] --END-- [ RunTime:0.000238s ]
INFO: [ app_end ] --START--
INFO: Run Behavior\ShowPageTraceBehavior [ RunTime:0.000150s ]
INFO: [ app_end ] --END-- [ RunTime:0.000221s ]

[ 2019-03-31T04:08:25+08:00 ] 127.0.0.1 /carshop/home/js/fy.js
INFO: [ app_init ] --START--
INFO: Run Behavior\BuildLiteBehavior [ RunTime:0.000021s ]
INFO: [ app_init ] --END-- [ RunTime:0.000202s ]
INFO: [ app_begin ] --START--
INFO: Run Behavior\ReadHtmlCacheBehavior [ RunTime:0.000158s ]
INFO: [ app_begin ] --END-- [ RunTime:0.000241s ]
ERR: 无法加载控制器:Js

[ 2019-03-31T04:08:26+08:00 ] 127.0.0.1 /carshop/home/js/fy.js
INFO: [ app_init ] --START--
INFO: Run Behavior\BuildLiteBehavior [ RunTime:0.000012s ]
INFO: [ app_init ] --END-- [ RunTime:0.000109s ]
INFO: [ app_begin ] --START--
INFO: Run Behavior\ReadHtmlCacheBehavior [ RunTime:0.000092s ]
INFO: [ app_begin ] --END-- [ RunTime:0.000149s ]
ERR: 无法加载控制器:Js

[ 2019-03-31T04:08:31+08:00 ] 127.0.0.1 /carshop/home/ry
INFO: [ app_init ] --START--
INFO: Run Behavior\BuildLiteBehavior [ RunTime:0.000019s ]
INFO: [ app_init ] --END-- [ RunTime:0.000169s ]
INFO: [ app_begin ] --START--
INFO: Run Behavior\ReadHtmlCacheBehavior [ RunTime:0.000150s ]
INFO: [ app_begin ] --END-- [ RunTime:0.000225s ]
INFO: [ view_parse ] --START--
INFO: [ template_filter ] --START--
INFO: Run Behavior\ContentReplaceBehavior [ RunTime:0.000137s ]
INFO: [ template_filter ] --END-- [ RunTime:0.000189s ]
NOTIC: [8] Undefined variable: navres C:\PHPWAMP_IN3\wwwroot\carshop\Application\Runtime\Cache\Home\baf4f4cb3ce169f386291e98251f0b6c.php 第 136 行.
NOTIC: [8] Undefined variable: topname C:\PHPWAMP_IN3\wwwroot\carshop\Application\Runtime\Cache\Home\baf4f4cb3ce169f386291e98251f0b6c.php 第 146 行.
NOTIC: [8] Undefined variable: son2 C:\PHPWAMP_IN3\wwwroot\carshop\Application\Runtime\Cache\Home\baf4f4cb3ce169f386291e98251f0b6c.php 第 151 行.
NOTIC: [2] Invalid argument supplied for foreach() C:\PHPWAMP_IN3\wwwroot\carshop\Application\Runtime\Cache\Home\baf4f4cb3ce169f386291e98251f0b6c.php 第 151 行.
NOTIC: [8] Undefined variable: selftop C:\PHPWAMP_IN3\wwwroot\carshop\Application\Runtime\Cache\Home\baf4f4cb3ce169f386291e98251f0b6c.php 第 178 行.
NOTIC: [8] Undefined variable: pres C:\PHPWAMP_IN3\wwwroot\carshop\Application\Runtime\Cache\Home\baf4f4cb3ce169f386291e98251f0b6c.php 第 179 行.
NOTIC: [8] Undefined variable: list C:\PHPWAMP_IN3\wwwroot\carshop\Application\Runtime\Cache\Home\baf4f4cb3ce169f386291e98251f0b6c.php 第 184 行.
NOTIC: [8] Undefined variable: page C:\PHPWAMP_IN3\wwwroot\carshop\Application\Runtime\Cache\Home\baf4f4cb3ce169f386291e98251f0b6c.php 第 193 行.
NOTIC: [8] Undefined variable: navres C:\PHPWAMP_IN3\wwwroot\carshop\Application\Runtime\Cache\Home\baf4f4cb3ce169f386291e98251f0b6c.php 第 208 行.
NOTIC: [8] Undefined variable: navres C:\PHPWAMP_IN3\wwwroot\carshop\Application\Runtime\Cache\Home\baf4f4cb3ce169f386291e98251f0b6c.php 第 213 行.
NOTIC: [8] Undefined variable: navres C:\PHPWAMP_IN3\wwwroot\carshop\Application\Runtime\Cache\Home\baf4f4cb3ce169f386291e98251f0b6c.php 第 221 行.
NOTIC: [8] Undefined variable: linkres C:\PHPWAMP_IN3\wwwroot\carshop\Application\Runtime\Cache\Home\baf4f4cb3ce169f386291e98251f0b6c.php 第 236 行.
INFO: Run Behavior\ParseTemplateBehavior [ RunTime:0.019128s ]
INFO: [ view_parse ] --END-- [ RunTime:0.019213s ]
INFO: [ view_filter ] --START--
INFO: Run Behavior\WriteHtmlCacheBehavior [ RunTime:0.000227s ]
INFO: [ view_filter ] --END-- [ RunTime:0.000291s ]
INFO: [ app_end ] --START--
INFO: Run Behavior\ShowPageTraceBehavior [ RunTime:0.000139s ]
INFO: [ app_end ] --END-- [ RunTime:0.000197s ]

[ 2019-03-31T04:08:39+08:00 ] 127.0.0.1 /carshop/home/zplist
INFO: [ app_init ] --START--
INFO: Run Behavior\BuildLiteBehavior [ RunTime:0.000021s ]
INFO: [ app_init ] --END-- [ RunTime:0.000287s ]
INFO: [ app_begin ] --START--
INFO: Run Behavior\ReadHtmlCacheBehavior [ RunTime:0.000484s ]
INFO: [ app_begin ] --END-- [ RunTime:0.000560s ]
INFO: [ view_parse ] --START--
INFO: [ template_filter ] --START--
INFO: Run Behavior\ContentReplaceBehavior [ RunTime:0.000229s ]
INFO: [ template_filter ] --END-- [ RunTime:0.000312s ]
NOTIC: [8] Undefined variable: navres C:\PHPWAMP_IN3\wwwroot\carshop\Application\Runtime\Cache\Home\a725b31f0cd63b69a227c1dbbab8aa77.php 第 134 行.
NOTIC: [8] Undefined variable: topname C:\PHPWAMP_IN3\wwwroot\carshop\Application\Runtime\Cache\Home\a725b31f0cd63b69a227c1dbbab8aa77.php 第 144 行.
NOTIC: [8] Undefined variable: son2 C:\PHPWAMP_IN3\wwwroot\carshop\Application\Runtime\Cache\Home\a725b31f0cd63b69a227c1dbbab8aa77.php 第 149 行.
NOTIC: [2] Invalid argument supplied for foreach() C:\PHPWAMP_IN3\wwwroot\carshop\Application\Runtime\Cache\Home\a725b31f0cd63b69a227c1dbbab8aa77.php 第 149 行.
NOTIC: [8] Undefined variable: selftop C:\PHPWAMP_IN3\wwwroot\carshop\Application\Runtime\Cache\Home\a725b31f0cd63b69a227c1dbbab8aa77.php 第 176 行.
NOTIC: [8] Undefined variable: pres C:\PHPWAMP_IN3\wwwroot\carshop\Application\Runtime\Cache\Home\a725b31f0cd63b69a227c1dbbab8aa77.php 第 177 行.
NOTIC: [8] Undefined variable: list C:\PHPWAMP_IN3\wwwroot\carshop\Application\Runtime\Cache\Home\a725b31f0cd63b69a227c1dbbab8aa77.php 第 183 行.
NOTIC: [8] Undefined variable: page C:\PHPWAMP_IN3\wwwroot\carshop\Application\Runtime\Cache\Home\a725b31f0cd63b69a227c1dbbab8aa77.php 第 207 行.
NOTIC: [8] Undefined variable: navres C:\PHPWAMP_IN3\wwwroot\carshop\Application\Runtime\Cache\Home\a725b31f0cd63b69a227c1dbbab8aa77.php 第 220 行.
NOTIC: [8] Undefined variable: navres C:\PHPWAMP_IN3\wwwroot\carshop\Application\Runtime\Cache\Home\a725b31f0cd63b69a227c1dbbab8aa77.php 第 225 行.
NOTIC: [8] Undefined variable: navres C:\PHPWAMP_IN3\wwwroot\carshop\Application\Runtime\Cache\Home\a725b31f0cd63b69a227c1dbbab8aa77.php 第 233 行.
NOTIC: [8] Undefined variable: linkres C:\PHPWAMP_IN3\wwwroot\carshop\Application\Runtime\Cache\Home\a725b31f0cd63b69a227c1dbbab8aa77.php 第 248 行.
INFO: Run Behavior\ParseTemplateBehavior [ RunTime:0.021858s ]
INFO: [ view_parse ] --END-- [ RunTime:0.021934s ]
INFO: [ view_filter ] --START--
INFO: Run Behavior\WriteHtmlCacheBehavior [ RunTime:0.000572s ]
INFO: [ view_filter ] --END-- [ RunTime:0.000643s ]
INFO: [ app_end ] --START--
INFO: Run Behavior\ShowPageTraceBehavior [ RunTime:0.000524s ]
INFO: [ app_end ] --END-- [ RunTime:0.000583s ]

[ 2019-03-31T04:08:46+08:00 ] 127.0.0.1 /carshop/home/message
INFO: [ app_init ] --START--
INFO: Run Behavior\BuildLiteBehavior [ RunTime:0.000014s ]
INFO: [ app_init ] --END-- [ RunTime:0.000297s ]
INFO: [ app_begin ] --START--
INFO: Run Behavior\ReadHtmlCacheBehavior [ RunTime:0.001089s ]
INFO: [ app_begin ] --END-- [ RunTime:0.001169s ]
INFO: [ view_parse ] --START--
INFO: [ template_filter ] --START--
INFO: Run Behavior\ContentReplaceBehavior [ RunTime:0.000180s ]
INFO: [ template_filter ] --END-- [ RunTime:0.000233s ]
NOTIC: [8] Undefined variable: navres C:\PHPWAMP_IN3\wwwroot\carshop\Application\Runtime\Cache\Home\455a6242d1c94ccc41106a388080363b.php 第 135 行.
NOTIC: [8] Undefined variable: topname C:\PHPWAMP_IN3\wwwroot\carshop\Application\Runtime\Cache\Home\455a6242d1c94ccc41106a388080363b.php 第 158 行.
NOTIC: [8] Undefined variable: son2 C:\PHPWAMP_IN3\wwwroot\carshop\Application\Runtime\Cache\Home\455a6242d1c94ccc41106a388080363b.php 第 163 行.
NOTIC: [2] Invalid argument supplied for foreach() C:\PHPWAMP_IN3\wwwroot\carshop\Application\Runtime\Cache\Home\455a6242d1c94ccc41106a388080363b.php 第 163 行.
NOTIC: [8] Undefined variable: selftop C:\PHPWAMP_IN3\wwwroot\carshop\Application\Runtime\Cache\Home\455a6242d1c94ccc41106a388080363b.php 第 190 行.
NOTIC: [8] Undefined variable: pres C:\PHPWAMP_IN3\wwwroot\carshop\Application\Runtime\Cache\Home\455a6242d1c94ccc41106a388080363b.php 第 191 行.
NOTIC: [8] Undefined variable: mres C:\PHPWAMP_IN3\wwwroot\carshop\Application\Runtime\Cache\Home\455a6242d1c94ccc41106a388080363b.php 第 196 行.
NOTIC: [8] Undefined variable: navres C:\PHPWAMP_IN3\wwwroot\carshop\Application\Runtime\Cache\Home\455a6242d1c94ccc41106a388080363b.php 第 263 行.
NOTIC: [8] Undefined variable: navres C:\PHPWAMP_IN3\wwwroot\carshop\Application\Runtime\Cache\Home\455a6242d1c94ccc41106a388080363b.php 第 268 行.
NOTIC: [8] Undefined variable: navres C:\PHPWAMP_IN3\wwwroot\carshop\Application\Runtime\Cache\Home\455a6242d1c94ccc41106a388080363b.php 第 276 行.
NOTIC: [8] Undefined variable: linkres C:\PHPWAMP_IN3\wwwroot\carshop\Application\Runtime\Cache\Home\455a6242d1c94ccc41106a388080363b.php 第 291 行.
INFO: Run Behavior\ParseTemplateBehavior [ RunTime:0.030163s ]
INFO: [ view_parse ] --END-- [ RunTime:0.030229s ]
INFO: [ view_filter ] --START--
INFO: Run Behavior\WriteHtmlCacheBehavior [ RunTime:0.000874s ]
INFO: [ view_filter ] --END-- [ RunTime:0.000925s ]
INFO: [ app_end ] --START--
INFO: Run Behavior\ShowPageTraceBehavior [ RunTime:0.000844s ]
INFO: [ app_end ] --END-- [ RunTime:0.000900s ]

[ 2019-03-31T04:08:46+08:00 ] 127.0.0.1 /carshop/index.php/Home/Message/code
INFO: [ app_init ] --START--
INFO: Run Behavior\BuildLiteBehavior [ RunTime:0.000018s ]
INFO: [ app_init ] --END-- [ RunTime:0.000157s ]
INFO: [ app_begin ] --START--
INFO: Run Behavior\ReadHtmlCacheBehavior [ RunTime:0.000136s ]
INFO: [ app_begin ] --END-- [ RunTime:0.000206s ]
ERR: 非法操作:code

[ 2019-03-31T04:08:47+08:00 ] 127.0.0.1 /carshop/index.php/Home/Message/code
INFO: [ app_init ] --START--
INFO: Run Behavior\BuildLiteBehavior [ RunTime:0.000019s ]
INFO: [ app_init ] --END-- [ RunTime:0.000173s ]
INFO: [ app_begin ] --START--
INFO: Run Behavior\ReadHtmlCacheBehavior [ RunTime:0.000145s ]
INFO: [ app_begin ] --END-- [ RunTime:0.000219s ]
ERR: 非法操作:code

[ 2019-03-31T04:10:04+08:00 ] 127.0.0.1 /carshop/home/index.php
INFO: [ app_init ] --START--
INFO: Run Behavior\BuildLiteBehavior [ RunTime:0.000013s ]
INFO: [ app_init ] --END-- [ RunTime:0.000143s ]
INFO: [ app_begin ] --START--
INFO: Run Behavior\ReadHtmlCacheBehavior [ RunTime:0.000099s ]
INFO: [ app_begin ] --END-- [ RunTime:0.000159s ]
ERR: 无法加载控制器:Index.php

[ 2019-03-31T04:10:12+08:00 ] 127.0.0.1 /carshop/home/
INFO: [ app_init ] --START--
INFO: Run Behavior\BuildLiteBehavior [ RunTime:0.000018s ]
INFO: [ app_init ] --END-- [ RunTime:0.000154s ]
INFO: [ app_begin ] --START--
INFO: Run Behavior\ReadHtmlCacheBehavior [ RunTime:0.000171s ]
INFO: [ app_begin ] --END-- [ RunTime:0.000249s ]
INFO: [ view_parse ] --START--
INFO: [ template_filter ] --START--
INFO: Run Behavior\ContentReplaceBehavior [ RunTime:0.000118s ]
INFO: [ template_filter ] --END-- [ RunTime:0.000171s ]
INFO: Run Behavior\ParseTemplateBehavior [ RunTime:0.011606s ]
INFO: [ view_parse ] --END-- [ RunTime:0.011681s ]
INFO: [ view_filter ] --START--
INFO: Run Behavior\WriteHtmlCacheBehavior [ RunTime:0.000111s ]
INFO: [ view_filter ] --END-- [ RunTime:0.000145s ]
INFO: [ app_end ] --START--
INFO: Run Behavior\ShowPageTraceBehavior [ RunTime:0.000140s ]
INFO: [ app_end ] --END-- [ RunTime:0.000191s ]

[ 2019-03-31T04:10:12+08:00 ] 127.0.0.1 /carshop/home/js/jquery.lightbox-0.5.min.js
INFO: [ app_init ] --START--
INFO: Run Behavior\BuildLiteBehavior [ RunTime:0.000020s ]
INFO: [ app_init ] --END-- [ RunTime:0.000312s ]
INFO: [ app_begin ] --START--
INFO: Run Behavior\ReadHtmlCacheBehavior [ RunTime:0.000693s ]
INFO: [ app_begin ] --END-- [ RunTime:0.000782s ]
ERR: 无法加载控制器:Js

[ 2019-03-31T04:10:12+08:00 ] 127.0.0.1 /carshop/home/images/er.gif
INFO: [ app_init ] --START--
INFO: Run Behavior\BuildLiteBehavior [ RunTime:0.000018s ]
INFO: [ app_init ] --END-- [ RunTime:0.000391s ]

[ 2019-03-31T04:10:12+08:00 ] 127.0.0.1 /carshop/home/js/jquery.lightbox-0.5.min.js
INFO: [ app_init ] --START--
INFO: Run Behavior\BuildLiteBehavior [ RunTime:0.000019s ]
INFO: [ app_init ] --END-- [ RunTime:0.000154s ]
INFO: [ app_begin ] --START--
INFO: Run Behavior\ReadHtmlCacheBehavior [ RunTime:0.000125s ]
INFO: [ app_begin ] --END-- [ RunTime:0.000194s ]
ERR: 无法加载控制器:Js

[ 2019-03-31T04:10:12+08:00 ] 127.0.0.1 /carshop/home/images/20150804112848-251193540.jpg
INFO: [ app_init ] --START--
INFO: Run Behavior\BuildLiteBehavior [ RunTime:0.000021s ]
INFO: [ app_init ] --END-- [ RunTime:0.000442s ]

[ 2019-03-31T04:10:12+08:00 ] 127.0.0.1 /carshop/home/images/20150804112945-946058568.jpg
INFO: [ app_init ] --START--
INFO: Run Behavior\BuildLiteBehavior [ RunTime:0.000020s ]
INFO: [ app_init ] --END-- [ RunTime:0.000171s ]

[ 2019-03-31T04:10:12+08:00 ] 127.0.0.1 /carshop/home/images/20150804112838-1533884976.jpg
INFO: [ app_init ] --START--
INFO: Run Behavior\BuildLiteBehavior [ RunTime:0.000024s ]
INFO: [ app_init ] --END-- [ RunTime:0.000472s ]

[ 2019-03-31T04:10:13+08:00 ] 127.0.0.1 /carshop/home/images/er.gif
INFO: [ app_init ] --START--
INFO: Run Behavior\BuildLiteBehavior [ RunTime:0.000019s ]
INFO: [ app_init ] --END-- [ RunTime:0.000174s ]

