[ 2019-05-09T14:18:11+08:00 ] 127.0.0.1 /carshop/
INFO: [ app_init ] --START--
INFO: Run Behavior\BuildLiteBehavior [ RunTime:0.000018s ]
INFO: [ app_init ] --END-- [ RunTime:0.000946s ]
INFO: [ app_begin ] --START--
INFO: Run Behavior\ReadHtmlCacheBehavior [ RunTime:0.001018s ]
INFO: [ app_begin ] --END-- [ RunTime:0.001099s ]
SQL: SHOW COLUMNS FROM `cs_cate` [ RunTime:0.0149s ]
SQL: SELECT `id`,`name`,`type` FROM `cs_cate` WHERE `parentid` = 0 AND `pc` = 1 ORDER BY sort asc  [ RunTime:0.0029s ]
SQL: SHOW COLUMNS FROM `cs_link` [ RunTime:0.0087s ]
SQL: SELECT `title`,`url` FROM `cs_link`  [ RunTime:0.0003s ]
SQL: SHOW COLUMNS FROM `cs_article` [ RunTime:0.0075s ]
SQL: SELECT `id`,`title`,`pic`,`rizu` FROM `cs_article` WHERE ( cateid=70 ) ORDER BY id desc LIMIT 3   [ RunTime:0.0014s ]
SQL: SELECT `id`,`title`,`pic`,`rizu` FROM `cs_article` WHERE ( cateid=68 ) ORDER BY id desc  [ RunTime:0.0004s ]
SQL: SELECT `id`,`title`,`content` FROM `cs_article` WHERE ( cateid=67 ) LIMIT 1   [ RunTime:0.0002s ]
SQL: SELECT `id`,`title`,`content` FROM `cs_article` WHERE ( cateid=69 ) LIMIT 3   [ RunTime:0.0002s ]
INFO: [ view_parse ] --START--
INFO: [ template_filter ] --START--
INFO: Run Behavior\ContentReplaceBehavior [ RunTime:0.000391s ]
INFO: [ template_filter ] --END-- [ RunTime:0.000458s ]
NOTIC: [8] Undefined index: time C:\PHPWAMP_IN3\wwwroot\carshop\Application\Runtime\Cache\Home\2a94b8bda04ff446dcedd42276fc99ee.php 第 161 行.
NOTIC: [8] Undefined index: time C:\PHPWAMP_IN3\wwwroot\carshop\Application\Runtime\Cache\Home\2a94b8bda04ff446dcedd42276fc99ee.php 第 161 行.
NOTIC: [8] Undefined index: time C:\PHPWAMP_IN3\wwwroot\carshop\Application\Runtime\Cache\Home\2a94b8bda04ff446dcedd42276fc99ee.php 第 161 行.
INFO: Run Behavior\ParseTemplateBehavior [ RunTime:0.039379s ]
INFO: [ view_parse ] --END-- [ RunTime:0.039446s ]
INFO: [ view_filter ] --START--
INFO: Run Behavior\WriteHtmlCacheBehavior [ RunTime:0.002262s ]
INFO: [ view_filter ] --END-- [ RunTime:0.002325s ]
INFO: [ app_end ] --START--
INFO: Run Behavior\ShowPageTraceBehavior [ RunTime:0.000993s ]
INFO: [ app_end ] --END-- [ RunTime:0.001050s ]

[ 2019-05-09T14:18:22+08:00 ] 127.0.0.1 /carshop/index.php/Home/Article/Index/arid/41
INFO: [ app_init ] --START--
INFO: Run Behavior\BuildLiteBehavior [ RunTime:0.000016s ]
INFO: [ app_init ] --END-- [ RunTime:0.000433s ]
INFO: [ app_begin ] --START--
INFO: Run Behavior\ReadHtmlCacheBehavior [ RunTime:0.000611s ]
INFO: [ app_begin ] --END-- [ RunTime:0.000675s ]
SQL: SHOW COLUMNS FROM `cs_article` [ RunTime:0.0083s ]
SQL: SELECT * FROM `cs_article` WHERE `id` = 41 LIMIT 1   [ RunTime:0.0003s ]
SQL: SHOW COLUMNS FROM `cs_cate` [ RunTime:0.0064s ]
SQL: SELECT * FROM `cs_cate` WHERE `id` = 70 LIMIT 1   [ RunTime:0.0003s ]
SQL: SELECT * FROM `cs_cate` WHERE ( parentid=70 )  [ RunTime:0.0002s ]
SQL: SELECT * FROM `cs_cate` WHERE ( id=68 ) LIMIT 1   [ RunTime:0.0002s ]
SQL: SELECT * FROM `cs_cate` WHERE ( parentid=68 )  [ RunTime:0.0002s ]
SQL: SELECT `id`,`name`,`type` FROM `cs_cate` WHERE `parentid` = 0 AND `pc` = 1 ORDER BY sort asc  [ RunTime:0.0003s ]
SQL: SHOW COLUMNS FROM `cs_link` [ RunTime:0.0206s ]
SQL: SELECT `title`,`url` FROM `cs_link`  [ RunTime:0.0002s ]
SQL: SELECT * FROM `cs_cate` WHERE `id` = 70 LIMIT 1   [ RunTime:0.0002s ]
SQL: SELECT * FROM `cs_cate` WHERE `id` = 70 LIMIT 1   [ RunTime:0.0002s ]
SQL: SELECT * FROM `cs_article` WHERE `id` = 41 LIMIT 1   [ RunTime:0.0003s ]
SQL: SELECT * FROM `cs_article` WHERE ( id<41 ) ORDER BY id desc LIMIT 1   [ RunTime:0.0005s ]
SQL: SELECT * FROM `cs_article` WHERE ( id>41 ) ORDER BY id asc LIMIT 1   [ RunTime:0.0003s ]
INFO: [ view_parse ] --START--
INFO: [ template_filter ] --START--
INFO: Run Behavior\ContentReplaceBehavior [ RunTime:0.000144s ]
INFO: [ template_filter ] --END-- [ RunTime:0.000215s ]
NOTIC: [8] Undefined index: cateid C:\PHPWAMP_IN3\wwwroot\carshop\Application\Runtime\Cache\Home\8a51af3a258d61b79ed3c064580ce7d9.php 第 154 行.
NOTIC: [8] Undefined variable: son3pid C:\PHPWAMP_IN3\wwwroot\carshop\Application\Runtime\Cache\Home\8a51af3a258d61b79ed3c064580ce7d9.php 第 154 行.
NOTIC: [8] Undefined index: cateid C:\PHPWAMP_IN3\wwwroot\carshop\Application\Runtime\Cache\Home\8a51af3a258d61b79ed3c064580ce7d9.php 第 154 行.
NOTIC: [8] Undefined variable: son3pid C:\PHPWAMP_IN3\wwwroot\carshop\Application\Runtime\Cache\Home\8a51af3a258d61b79ed3c064580ce7d9.php 第 154 行.
NOTIC: [8] Undefined index: cateid C:\PHPWAMP_IN3\wwwroot\carshop\Application\Runtime\Cache\Home\8a51af3a258d61b79ed3c064580ce7d9.php 第 154 行.
NOTIC: [8] Undefined variable: son3pid C:\PHPWAMP_IN3\wwwroot\carshop\Application\Runtime\Cache\Home\8a51af3a258d61b79ed3c064580ce7d9.php 第 154 行.
NOTIC: [8] Undefined index: cateid C:\PHPWAMP_IN3\wwwroot\carshop\Application\Runtime\Cache\Home\8a51af3a258d61b79ed3c064580ce7d9.php 第 154 行.
NOTIC: [8] Undefined variable: son3pid C:\PHPWAMP_IN3\wwwroot\carshop\Application\Runtime\Cache\Home\8a51af3a258d61b79ed3c064580ce7d9.php 第 154 行.
NOTIC: [8] Undefined variable: aricles C:\PHPWAMP_IN3\wwwroot\carshop\Application\Runtime\Cache\Home\8a51af3a258d61b79ed3c064580ce7d9.php 第 197 行.
INFO: Run Behavior\ParseTemplateBehavior [ RunTime:0.020993s ]
INFO: [ view_parse ] --END-- [ RunTime:0.021051s ]
INFO: [ view_filter ] --START--
INFO: Run Behavior\WriteHtmlCacheBehavior [ RunTime:0.000398s ]
INFO: [ view_filter ] --END-- [ RunTime:0.000445s ]
INFO: [ app_end ] --START--
INFO: Run Behavior\ShowPageTraceBehavior [ RunTime:0.000568s ]
INFO: [ app_end ] --END-- [ RunTime:0.000619s ]

[ 2019-05-09T14:18:23+08:00 ] 127.0.0.1 /carshop/index.php/Home/Article/Index/arid/js/fy.js
INFO: [ app_init ] --START--
INFO: Run Behavior\BuildLiteBehavior [ RunTime:0.000016s ]
INFO: [ app_init ] --END-- [ RunTime:0.000483s ]
INFO: [ app_begin ] --START--
INFO: Run Behavior\ReadHtmlCacheBehavior [ RunTime:0.000808s ]
INFO: [ app_begin ] --END-- [ RunTime:0.000882s ]
SQL: SHOW COLUMNS FROM `cs_article` [ RunTime:0.0076s ]
SQL: SELECT * FROM `cs_article` WHERE `id` = 0 LIMIT 1   [ RunTime:0.0003s ]
SQL: SHOW COLUMNS FROM `cs_cate` [ RunTime:0.0064s ]
SQL: SELECT `id`,`name`,`type` FROM `cs_cate` WHERE `parentid` = 0 AND `pc` = 1 ORDER BY sort asc  [ RunTime:0.0004s ]
SQL: SHOW COLUMNS FROM `cs_link` [ RunTime:0.0066s ]
SQL: SELECT `title`,`url` FROM `cs_link`  [ RunTime:0.0003s ]
SQL: SELECT * FROM `cs_article` WHERE `id` = 0 LIMIT 1   [ RunTime:0.0002s ]
ERR: 1054:Unknown column 'js' in 'where clause'
 [ SQL语句 ] : SELECT * FROM `cs_article` WHERE ( id<js ) ORDER BY id desc LIMIT 1  
ERR: 1054:Unknown column 'js' in 'where clause'
 [ SQL语句 ] : SELECT * FROM `cs_article` WHERE ( id<js ) ORDER BY id desc LIMIT 1  

[ 2019-05-09T14:18:24+08:00 ] 127.0.0.1 /carshop/index.php/Home/Article/Index/arid/js/fy.js
INFO: [ app_init ] --START--
INFO: Run Behavior\BuildLiteBehavior [ RunTime:0.000016s ]
INFO: [ app_init ] --END-- [ RunTime:0.000564s ]
INFO: [ app_begin ] --START--
INFO: Run Behavior\ReadHtmlCacheBehavior [ RunTime:0.000674s ]
INFO: [ app_begin ] --END-- [ RunTime:0.000745s ]
SQL: SHOW COLUMNS FROM `cs_article` [ RunTime:0.0084s ]
SQL: SELECT * FROM `cs_article` WHERE `id` = 0 LIMIT 1   [ RunTime:0.0003s ]
SQL: SHOW COLUMNS FROM `cs_cate` [ RunTime:0.0060s ]
SQL: SELECT `id`,`name`,`type` FROM `cs_cate` WHERE `parentid` = 0 AND `pc` = 1 ORDER BY sort asc  [ RunTime:0.0004s ]
SQL: SHOW COLUMNS FROM `cs_link` [ RunTime:0.0062s ]
SQL: SELECT `title`,`url` FROM `cs_link`  [ RunTime:0.0002s ]
SQL: SELECT * FROM `cs_article` WHERE `id` = 0 LIMIT 1   [ RunTime:0.0003s ]
ERR: 1054:Unknown column 'js' in 'where clause'
 [ SQL语句 ] : SELECT * FROM `cs_article` WHERE ( id<js ) ORDER BY id desc LIMIT 1  
ERR: 1054:Unknown column 'js' in 'where clause'
 [ SQL语句 ] : SELECT * FROM `cs_article` WHERE ( id<js ) ORDER BY id desc LIMIT 1  

[ 2019-05-09T15:19:36+08:00 ] 127.0.0.1 /carshop/index.php/Home/Page/index/cateid/84
INFO: [ app_init ] --START--
INFO: Run Behavior\BuildLiteBehavior [ RunTime:0.000023s ]
INFO: [ app_init ] --END-- [ RunTime:0.000866s ]
INFO: [ app_begin ] --START--
INFO: Run Behavior\ReadHtmlCacheBehavior [ RunTime:0.000838s ]
INFO: [ app_begin ] --END-- [ RunTime:0.000912s ]
SQL: SHOW COLUMNS FROM `cs_cate` [ RunTime:0.0079s ]
SQL: SELECT * FROM `cs_cate` WHERE `id` = 84 LIMIT 1   [ RunTime:0.0004s ]
SQL: SELECT * FROM `cs_cate` WHERE ( parentid=84 )  [ RunTime:0.0002s ]
SQL: SELECT * FROM `cs_cate` WHERE ( id=68 ) LIMIT 1   [ RunTime:0.0006s ]
SQL: SELECT * FROM `cs_cate` WHERE ( parentid=68 )  [ RunTime:0.0011s ]
SQL: SELECT `id`,`name`,`type` FROM `cs_cate` WHERE `parentid` = 0 AND `pc` = 1 ORDER BY sort asc  [ RunTime:0.0004s ]
SQL: SHOW COLUMNS FROM `cs_link` [ RunTime:0.0060s ]
SQL: SELECT `title`,`url` FROM `cs_link`  [ RunTime:0.0002s ]
SQL: SELECT * FROM `cs_cate` WHERE `id` = 84 LIMIT 1   [ RunTime:0.0002s ]
SQL: SELECT * FROM `cs_cate` WHERE `id` = 84 LIMIT 1   [ RunTime:0.0002s ]
SQL: SELECT * FROM `cs_cate` WHERE `id` = 84 LIMIT 1   [ RunTime:0.0002s ]
INFO: [ view_parse ] --START--
INFO: [ template_filter ] --START--
INFO: Run Behavior\ContentReplaceBehavior [ RunTime:0.000133s ]
INFO: [ template_filter ] --END-- [ RunTime:0.000222s ]
NOTIC: [8] Undefined variable: son3pid C:\PHPWAMP_IN3\wwwroot\carshop\Application\Runtime\Cache\Home\68bce0ec7afdf8798ef65138f610dc8c.php 第 153 行.
NOTIC: [8] Undefined variable: son3pid C:\PHPWAMP_IN3\wwwroot\carshop\Application\Runtime\Cache\Home\68bce0ec7afdf8798ef65138f610dc8c.php 第 153 行.
NOTIC: [8] Undefined variable: son3pid C:\PHPWAMP_IN3\wwwroot\carshop\Application\Runtime\Cache\Home\68bce0ec7afdf8798ef65138f610dc8c.php 第 153 行.
NOTIC: [8] Undefined variable: son3pid C:\PHPWAMP_IN3\wwwroot\carshop\Application\Runtime\Cache\Home\68bce0ec7afdf8798ef65138f610dc8c.php 第 153 行.
INFO: Run Behavior\ParseTemplateBehavior [ RunTime:0.032058s ]
INFO: [ view_parse ] --END-- [ RunTime:0.032122s ]
INFO: [ view_filter ] --START--
INFO: Run Behavior\WriteHtmlCacheBehavior [ RunTime:0.000571s ]
INFO: [ view_filter ] --END-- [ RunTime:0.000617s ]
INFO: [ app_end ] --START--
INFO: Run Behavior\ShowPageTraceBehavior [ RunTime:0.000603s ]
INFO: [ app_end ] --END-- [ RunTime:0.000648s ]

[ 2019-05-09T17:56:41+08:00 ] 127.0.0.1 /carshop/
INFO: [ app_init ] --START--
INFO: Run Behavior\BuildLiteBehavior [ RunTime:0.000017s ]
INFO: [ app_init ] --END-- [ RunTime:0.000877s ]
INFO: [ app_begin ] --START--
INFO: Run Behavior\ReadHtmlCacheBehavior [ RunTime:0.001465s ]
INFO: [ app_begin ] --END-- [ RunTime:0.001542s ]
SQL: SHOW COLUMNS FROM `cs_cate` [ RunTime:0.0093s ]
SQL: SELECT `id`,`name`,`type` FROM `cs_cate` WHERE `parentid` = 0 AND `pc` = 1 ORDER BY sort asc  [ RunTime:0.0008s ]
SQL: SHOW COLUMNS FROM `cs_link` [ RunTime:0.0081s ]
SQL: SELECT `title`,`url` FROM `cs_link`  [ RunTime:0.0003s ]
SQL: SHOW COLUMNS FROM `cs_article` [ RunTime:0.0068s ]
SQL: SELECT `id`,`title`,`pic`,`rizu` FROM `cs_article` WHERE ( cateid=70 ) ORDER BY id desc LIMIT 3   [ RunTime:0.0010s ]
SQL: SELECT `id`,`title`,`pic`,`rizu` FROM `cs_article` WHERE ( cateid=68 ) ORDER BY id desc  [ RunTime:0.0005s ]
SQL: SELECT `id`,`title`,`content` FROM `cs_article` WHERE ( cateid=67 ) LIMIT 1   [ RunTime:0.0002s ]
SQL: SELECT `id`,`title`,`content` FROM `cs_article` WHERE ( cateid=69 ) LIMIT 3   [ RunTime:0.0002s ]
INFO: [ view_parse ] --START--
INFO: [ template_filter ] --START--
INFO: Run Behavior\ContentReplaceBehavior [ RunTime:0.000169s ]
INFO: [ template_filter ] --END-- [ RunTime:0.000311s ]
NOTIC: [8] Undefined index: time C:\PHPWAMP_IN3\wwwroot\carshop\Application\Runtime\Cache\Home\2a94b8bda04ff446dcedd42276fc99ee.php 第 161 行.
NOTIC: [8] Undefined index: time C:\PHPWAMP_IN3\wwwroot\carshop\Application\Runtime\Cache\Home\2a94b8bda04ff446dcedd42276fc99ee.php 第 161 行.
NOTIC: [8] Undefined index: time C:\PHPWAMP_IN3\wwwroot\carshop\Application\Runtime\Cache\Home\2a94b8bda04ff446dcedd42276fc99ee.php 第 161 行.
INFO: Run Behavior\ParseTemplateBehavior [ RunTime:0.047848s ]
INFO: [ view_parse ] --END-- [ RunTime:0.047909s ]
INFO: [ view_filter ] --START--
INFO: Run Behavior\WriteHtmlCacheBehavior [ RunTime:0.001101s ]
INFO: [ view_filter ] --END-- [ RunTime:0.001160s ]
INFO: [ app_end ] --START--
INFO: Run Behavior\ShowPageTraceBehavior [ RunTime:0.001041s ]
INFO: [ app_end ] --END-- [ RunTime:0.001099s ]

[ 2019-05-09T17:57:04+08:00 ] 127.0.0.1 /carshop/index.php
INFO: [ app_init ] --START--
INFO: Run Behavior\BuildLiteBehavior [ RunTime:0.000015s ]
INFO: [ app_init ] --END-- [ RunTime:0.000376s ]
INFO: [ app_begin ] --START--
INFO: Run Behavior\ReadHtmlCacheBehavior [ RunTime:0.000628s ]
INFO: [ app_begin ] --END-- [ RunTime:0.000691s ]
SQL: SHOW COLUMNS FROM `cs_cate` [ RunTime:0.0096s ]
SQL: SELECT `id`,`name`,`type` FROM `cs_cate` WHERE `parentid` = 0 AND `pc` = 1 ORDER BY sort asc  [ RunTime:0.0004s ]
SQL: SHOW COLUMNS FROM `cs_link` [ RunTime:0.0065s ]
SQL: SELECT `title`,`url` FROM `cs_link`  [ RunTime:0.0002s ]
SQL: SHOW COLUMNS FROM `cs_article` [ RunTime:0.0061s ]
SQL: SELECT `id`,`title`,`pic`,`rizu` FROM `cs_article` WHERE ( cateid=70 ) ORDER BY id desc LIMIT 3   [ RunTime:0.0005s ]
SQL: SELECT `id`,`title`,`pic`,`rizu` FROM `cs_article` WHERE ( cateid=68 ) ORDER BY id desc  [ RunTime:0.0004s ]
SQL: SELECT `id`,`title`,`content` FROM `cs_article` WHERE ( cateid=67 ) LIMIT 1   [ RunTime:0.0002s ]
SQL: SELECT `id`,`title`,`content` FROM `cs_article` WHERE ( cateid=69 ) LIMIT 3   [ RunTime:0.0003s ]
INFO: [ view_parse ] --START--
INFO: [ template_filter ] --START--
INFO: Run Behavior\ContentReplaceBehavior [ RunTime:0.000134s ]
INFO: [ template_filter ] --END-- [ RunTime:0.000220s ]
NOTIC: [8] Undefined index: time C:\PHPWAMP_IN3\wwwroot\carshop\Application\Runtime\Cache\Home\2a94b8bda04ff446dcedd42276fc99ee.php 第 161 行.
NOTIC: [8] Undefined index: time C:\PHPWAMP_IN3\wwwroot\carshop\Application\Runtime\Cache\Home\2a94b8bda04ff446dcedd42276fc99ee.php 第 161 行.
NOTIC: [8] Undefined index: time C:\PHPWAMP_IN3\wwwroot\carshop\Application\Runtime\Cache\Home\2a94b8bda04ff446dcedd42276fc99ee.php 第 161 行.
INFO: Run Behavior\ParseTemplateBehavior [ RunTime:0.020558s ]
INFO: [ view_parse ] --END-- [ RunTime:0.020619s ]
INFO: [ view_filter ] --START--
INFO: Run Behavior\WriteHtmlCacheBehavior [ RunTime:0.000357s ]
INFO: [ view_filter ] --END-- [ RunTime:0.000402s ]
INFO: [ app_end ] --START--
INFO: Run Behavior\ShowPageTraceBehavior [ RunTime:0.000510s ]
INFO: [ app_end ] --END-- [ RunTime:0.000560s ]

