[ 2019-04-02T00:01:00+08:00 ] 127.0.0.1 /carshop/Application/Home/Public/pc/style/validForm/FormValid.js
INFO: [ app_init ] --START--
INFO: Run Behavior\BuildLiteBehavior [ RunTime:0.000022s ]
INFO: [ app_init ] --END-- [ RunTime:0.000309s ]
ERR: 无法加载模块:Application

[ 2019-04-02T00:01:00+08:00 ] 127.0.0.1 /carshop/Application/Home/Public/pc/style/jbox/jquery.jBox-2.3.min.js
INFO: [ app_init ] --START--
INFO: Run Behavior\BuildLiteBehavior [ RunTime:0.000026s ]
INFO: [ app_init ] --END-- [ RunTime:0.000649s ]
ERR: 无法加载模块:Application

[ 2019-04-02T00:01:00+08:00 ] 127.0.0.1 /carshop/index.php/js/jquery.lightbox-0.5.min.js
INFO: [ app_init ] --START--
INFO: Run Behavior\BuildLiteBehavior [ RunTime:0.000024s ]
INFO: [ app_init ] --END-- [ RunTime:0.000509s ]
ERR: 无法加载模块:Js

[ 2019-04-02T00:01:00+08:00 ] 127.0.0.1 /carshop/index.php/images/er.gif
INFO: [ app_init ] --START--
INFO: Run Behavior\BuildLiteBehavior [ RunTime:0.000019s ]
INFO: [ app_init ] --END-- [ RunTime:0.000215s ]
ERR: 无法加载模块:Images

[ 2019-04-02T00:01:00+08:00 ] 127.0.0.1 /carshop/Application/Home/Public/pc/images/images/20150810101649-98561866441741584.jpg
INFO: [ app_init ] --START--
INFO: Run Behavior\BuildLiteBehavior [ RunTime:0.000023s ]
INFO: [ app_init ] --END-- [ RunTime:0.000436s ]
ERR: 无法加载模块:Application

[ 2019-04-02T00:01:00+08:00 ] 127.0.0.1 /carshop/Application/Home/Public/pc/images/images/20150804142600-629205096.jpg
INFO: [ app_init ] --START--
INFO: Run Behavior\BuildLiteBehavior [ RunTime:0.000022s ]
INFO: [ app_init ] --END-- [ RunTime:0.000538s ]
ERR: 无法加载模块:Application

[ 2019-04-02T00:01:00+08:00 ] 127.0.0.1 /carshop/Application/Home/Public/pc/style/validForm/FormValid.js
INFO: [ app_init ] --START--
INFO: Run Behavior\BuildLiteBehavior [ RunTime:0.000013s ]
INFO: [ app_init ] --END-- [ RunTime:0.000213s ]
ERR: 无法加载模块:Application

[ 2019-04-02T00:01:00+08:00 ] 127.0.0.1 /carshop/Application/Home/Public/pc/style/jbox/jquery.jBox-2.3.min.js
INFO: [ app_init ] --START--
INFO: Run Behavior\BuildLiteBehavior [ RunTime:0.000015s ]
INFO: [ app_init ] --END-- [ RunTime:0.000131s ]
ERR: 无法加载模块:Application

[ 2019-04-02T00:01:01+08:00 ] 127.0.0.1 /carshop/index.php/js/jquery.lightbox-0.5.min.js
INFO: [ app_init ] --START--
INFO: Run Behavior\BuildLiteBehavior [ RunTime:0.000018s ]
INFO: [ app_init ] --END-- [ RunTime:0.000171s ]
ERR: 无法加载模块:Js

[ 2019-04-02T00:01:01+08:00 ] 127.0.0.1 /carshop/Application/Home/Public/pc/images/images/20150810101649-98561866441741584.jpg
INFO: [ app_init ] --START--
INFO: Run Behavior\BuildLiteBehavior [ RunTime:0.000022s ]
INFO: [ app_init ] --END-- [ RunTime:0.000193s ]
ERR: 无法加载模块:Application

[ 2019-04-02T00:01:01+08:00 ] 127.0.0.1 /carshop/index.php/images/er.gif
INFO: [ app_init ] --START--
INFO: Run Behavior\BuildLiteBehavior [ RunTime:0.000021s ]
INFO: [ app_init ] --END-- [ RunTime:0.000456s ]
ERR: 无法加载模块:Images

[ 2019-04-02T00:01:01+08:00 ] 127.0.0.1 /carshop/Application/Home/Public/pc/images/images/20150804142600-629205096.jpg
INFO: [ app_init ] --START--
INFO: Run Behavior\BuildLiteBehavior [ RunTime:0.000019s ]
INFO: [ app_init ] --END-- [ RunTime:0.000198s ]
ERR: 无法加载模块:Application

[ 2019-04-02T00:03:39+08:00 ] 127.0.0.1 /carshop/index.php/style/subpage.css
INFO: [ app_init ] --START--
INFO: Run Behavior\BuildLiteBehavior [ RunTime:0.000021s ]
INFO: [ app_init ] --END-- [ RunTime:0.000429s ]
ERR: 无法加载模块:Style

[ 2019-04-02T00:03:39+08:00 ] 127.0.0.1 /carshop/index.php/style/jquery.js
INFO: [ app_init ] --START--
INFO: Run Behavior\BuildLiteBehavior [ RunTime:0.000021s ]
INFO: [ app_init ] --END-- [ RunTime:0.000329s ]
ERR: 无法加载模块:Style

[ 2019-04-02T00:03:39+08:00 ] 127.0.0.1 /carshop/index.php/style/swiper.js
INFO: [ app_init ] --START--
INFO: Run Behavior\BuildLiteBehavior [ RunTime:0.000019s ]
INFO: [ app_init ] --END-- [ RunTime:0.000183s ]
ERR: 无法加载模块:Style

[ 2019-04-02T00:03:39+08:00 ] 127.0.0.1 /carshop/index.php/style/swiper.css
INFO: [ app_init ] --START--
INFO: Run Behavior\BuildLiteBehavior [ RunTime:0.000085s ]
INFO: [ app_init ] --END-- [ RunTime:0.000592s ]
ERR: 无法加载模块:Style

[ 2019-04-02T00:03:39+08:00 ] 127.0.0.1 /carshop/index.php/style/lihe.js
INFO: [ app_init ] --START--
INFO: Run Behavior\BuildLiteBehavior [ RunTime:0.000019s ]
INFO: [ app_init ] --END-- [ RunTime:0.000186s ]
ERR: 无法加载模块:Style

[ 2019-04-02T00:03:39+08:00 ] 127.0.0.1 /carshop/index.php/style/nav.js
INFO: [ app_init ] --START--
INFO: Run Behavior\BuildLiteBehavior [ RunTime:0.000022s ]
INFO: [ app_init ] --END-- [ RunTime:0.000329s ]
ERR: 无法加载模块:Style

[ 2019-04-02T00:03:39+08:00 ] 127.0.0.1 /carshop/index.php/style/master.css
INFO: [ app_init ] --START--
INFO: Run Behavior\BuildLiteBehavior [ RunTime:0.000021s ]
INFO: [ app_init ] --END-- [ RunTime:0.000444s ]
ERR: 无法加载模块:Style

[ 2019-04-02T00:03:39+08:00 ] 127.0.0.1 /carshop/index.php/style/cart_icon.js
INFO: [ app_init ] --START--
INFO: Run Behavior\BuildLiteBehavior [ RunTime:0.000021s ]
INFO: [ app_init ] --END-- [ RunTime:0.000422s ]
ERR: 无法加载模块:Style

[ 2019-04-02T00:03:39+08:00 ] 127.0.0.1 /carshop/index.php/style/child_vip.css
INFO: [ app_init ] --START--
INFO: Run Behavior\BuildLiteBehavior [ RunTime:0.000021s ]
INFO: [ app_init ] --END-- [ RunTime:0.000503s ]
ERR: 无法加载模块:Style

[ 2019-04-02T00:03:39+08:00 ] 127.0.0.1 /carshop/index.php/images/BAAE4C726F3E1A3E34ED76AC4AC4A8E9.jpg
INFO: [ app_init ] --START--
INFO: Run Behavior\BuildLiteBehavior [ RunTime:0.000024s ]
INFO: [ app_init ] --END-- [ RunTime:0.000383s ]
ERR: 无法加载模块:Images

[ 2019-04-02T00:03:39+08:00 ] 127.0.0.1 /carshop/index.php/images/F44A825EA3058BB9CCA8A37D22C619E6.jpg
INFO: [ app_init ] --START--
INFO: Run Behavior\BuildLiteBehavior [ RunTime:0.000018s ]
INFO: [ app_init ] --END-- [ RunTime:0.000177s ]
ERR: 无法加载模块:Images

[ 2019-04-02T00:03:39+08:00 ] 127.0.0.1 /carshop/index.php/images/E9B74D0114665E84D9580C171F6B7A83.jpg
INFO: [ app_init ] --START--
INFO: Run Behavior\BuildLiteBehavior [ RunTime:0.000018s ]
INFO: [ app_init ] --END-- [ RunTime:0.000174s ]
ERR: 无法加载模块:Images

[ 2019-04-02T00:03:39+08:00 ] 127.0.0.1 /carshop/index.php/images/logo_03.png
INFO: [ app_init ] --START--
INFO: Run Behavior\BuildLiteBehavior [ RunTime:0.000016s ]
INFO: [ app_init ] --END-- [ RunTime:0.000416s ]
ERR: 无法加载模块:Images

[ 2019-04-02T00:03:39+08:00 ] 127.0.0.1 /carshop/index.php/images/44AF9247D7FBBF2D267881EDB45A3796.jpg
INFO: [ app_init ] --START--
INFO: Run Behavior\BuildLiteBehavior [ RunTime:0.000021s ]
INFO: [ app_init ] --END-- [ RunTime:0.000193s ]
ERR: 无法加载模块:Images

[ 2019-04-02T00:03:39+08:00 ] 127.0.0.1 /carshop/index.php/images/A96BABD5D27E130704DA1FC32D41D92C.jpg
INFO: [ app_init ] --START--
INFO: Run Behavior\BuildLiteBehavior [ RunTime:0.000020s ]
INFO: [ app_init ] --END-- [ RunTime:0.000417s ]
ERR: 无法加载模块:Images

[ 2019-04-02T00:03:39+08:00 ] 127.0.0.1 /carshop/index.php/images/B58B9FE239CC7065C991B9B273675B45.jpg
INFO: [ app_init ] --START--
INFO: Run Behavior\BuildLiteBehavior [ RunTime:0.000017s ]
INFO: [ app_init ] --END-- [ RunTime:0.000178s ]
ERR: 无法加载模块:Images

[ 2019-04-02T00:03:39+08:00 ] 127.0.0.1 /carshop/index.php/images/18C2DF695494F7B982341460E3718102.jpg
INFO: [ app_init ] --START--
INFO: Run Behavior\BuildLiteBehavior [ RunTime:0.000017s ]
INFO: [ app_init ] --END-- [ RunTime:0.000449s ]
ERR: 无法加载模块:Images

[ 2019-04-02T00:03:39+08:00 ] 127.0.0.1 /carshop/index.php/images/8A6B1622242744F4619AB05364247FE6.gif
INFO: [ app_init ] --START--
INFO: Run Behavior\BuildLiteBehavior [ RunTime:0.000020s ]
INFO: [ app_init ] --END-- [ RunTime:0.000431s ]
ERR: 无法加载模块:Images

[ 2019-04-02T00:03:39+08:00 ] 127.0.0.1 /carshop/index.php/images/271BC3DF3EEC295F4EE8C009F3A2ED6E.jpg
INFO: [ app_init ] --START--
INFO: Run Behavior\BuildLiteBehavior [ RunTime:0.000018s ]
INFO: [ app_init ] --END-- [ RunTime:0.000175s ]
ERR: 无法加载模块:Images

[ 2019-04-02T00:03:39+08:00 ] 127.0.0.1 /carshop/index.php/images/04805B1B2C3FB0DD9918F35073B2AAE6.jpg
INFO: [ app_init ] --START--
INFO: Run Behavior\BuildLiteBehavior [ RunTime:0.000020s ]
INFO: [ app_init ] --END-- [ RunTime:0.000428s ]
ERR: 无法加载模块:Images

[ 2019-04-02T00:03:39+08:00 ] 127.0.0.1 /carshop/index.php/style/subpage.css
INFO: [ app_init ] --START--
INFO: Run Behavior\BuildLiteBehavior [ RunTime:0.000017s ]
INFO: [ app_init ] --END-- [ RunTime:0.000164s ]
ERR: 无法加载模块:Style

[ 2019-04-02T00:03:39+08:00 ] 127.0.0.1 /carshop/index.php/style/jquery.js
INFO: [ app_init ] --START--
INFO: Run Behavior\BuildLiteBehavior [ RunTime:0.000015s ]
INFO: [ app_init ] --END-- [ RunTime:0.000412s ]
ERR: 无法加载模块:Style

[ 2019-04-02T00:03:39+08:00 ] 127.0.0.1 /carshop/index.php/style/swiper.css
INFO: [ app_init ] --START--
INFO: Run Behavior\BuildLiteBehavior [ RunTime:0.000023s ]
INFO: [ app_init ] --END-- [ RunTime:0.000494s ]
ERR: 无法加载模块:Style

[ 2019-04-02T00:03:39+08:00 ] 127.0.0.1 /carshop/index.php/style/nav.js
INFO: [ app_init ] --START--
INFO: Run Behavior\BuildLiteBehavior [ RunTime:0.000022s ]
INFO: [ app_init ] --END-- [ RunTime:0.000668s ]
ERR: 无法加载模块:Style

[ 2019-04-02T00:03:39+08:00 ] 127.0.0.1 /carshop/index.php/style/cart_icon.js
INFO: [ app_init ] --START--
INFO: Run Behavior\BuildLiteBehavior [ RunTime:0.000015s ]
INFO: [ app_init ] --END-- [ RunTime:0.000157s ]
ERR: 无法加载模块:Style

[ 2019-04-02T00:03:39+08:00 ] 127.0.0.1 /carshop/index.php/style/swiper.js
INFO: [ app_init ] --START--
INFO: Run Behavior\BuildLiteBehavior [ RunTime:0.000016s ]
INFO: [ app_init ] --END-- [ RunTime:0.000145s ]
ERR: 无法加载模块:Style

[ 2019-04-02T00:03:39+08:00 ] 127.0.0.1 /carshop/index.php/style/lihe.js
INFO: [ app_init ] --START--
INFO: Run Behavior\BuildLiteBehavior [ RunTime:0.000022s ]
INFO: [ app_init ] --END-- [ RunTime:0.000577s ]
ERR: 无法加载模块:Style

[ 2019-04-02T00:03:39+08:00 ] 127.0.0.1 /carshop/index.php/images/8A6B1622242744F4619AB05364247FE6.gif
INFO: [ app_init ] --START--
INFO: Run Behavior\BuildLiteBehavior [ RunTime:0.000022s ]
INFO: [ app_init ] --END-- [ RunTime:0.000231s ]
ERR: 无法加载模块:Images

[ 2019-04-02T00:03:39+08:00 ] 127.0.0.1 /carshop/index.php/images/BAAE4C726F3E1A3E34ED76AC4AC4A8E9.jpg
INFO: [ app_init ] --START--
INFO: Run Behavior\BuildLiteBehavior [ RunTime:0.000020s ]
INFO: [ app_init ] --END-- [ RunTime:0.000194s ]
ERR: 无法加载模块:Images

[ 2019-04-02T00:03:39+08:00 ] 127.0.0.1 /carshop/index.php/images/F44A825EA3058BB9CCA8A37D22C619E6.jpg
INFO: [ app_init ] --START--
INFO: Run Behavior\BuildLiteBehavior [ RunTime:0.000022s ]
INFO: [ app_init ] --END-- [ RunTime:0.000223s ]
ERR: 无法加载模块:Images

[ 2019-04-02T00:03:39+08:00 ] 127.0.0.1 /carshop/index.php/images/logo_03.png
INFO: [ app_init ] --START--
INFO: Run Behavior\BuildLiteBehavior [ RunTime:0.000021s ]
INFO: [ app_init ] --END-- [ RunTime:0.000650s ]
ERR: 无法加载模块:Images

[ 2019-04-02T00:03:39+08:00 ] 127.0.0.1 /carshop/index.php/images/E9B74D0114665E84D9580C171F6B7A83.jpg
INFO: [ app_init ] --START--
INFO: Run Behavior\BuildLiteBehavior [ RunTime:0.000019s ]
INFO: [ app_init ] --END-- [ RunTime:0.000528s ]
ERR: 无法加载模块:Images

[ 2019-04-02T00:03:39+08:00 ] 127.0.0.1 /carshop/index.php/images/A96BABD5D27E130704DA1FC32D41D92C.jpg
INFO: [ app_init ] --START--
INFO: Run Behavior\BuildLiteBehavior [ RunTime:0.000018s ]
INFO: [ app_init ] --END-- [ RunTime:0.000411s ]
ERR: 无法加载模块:Images

[ 2019-04-02T00:03:39+08:00 ] 127.0.0.1 /carshop/index.php/images/44AF9247D7FBBF2D267881EDB45A3796.jpg
INFO: [ app_init ] --START--
INFO: Run Behavior\BuildLiteBehavior [ RunTime:0.000020s ]
INFO: [ app_init ] --END-- [ RunTime:0.000174s ]
ERR: 无法加载模块:Images

[ 2019-04-02T00:03:39+08:00 ] 127.0.0.1 /carshop/index.php/images/271BC3DF3EEC295F4EE8C009F3A2ED6E.jpg
INFO: [ app_init ] --START--
INFO: Run Behavior\BuildLiteBehavior [ RunTime:0.000020s ]
INFO: [ app_init ] --END-- [ RunTime:0.000189s ]
ERR: 无法加载模块:Images

[ 2019-04-02T00:03:39+08:00 ] 127.0.0.1 /carshop/index.php/images/04805B1B2C3FB0DD9918F35073B2AAE6.jpg
INFO: [ app_init ] --START--
INFO: Run Behavior\BuildLiteBehavior [ RunTime:0.000020s ]
INFO: [ app_init ] --END-- [ RunTime:0.000547s ]
ERR: 无法加载模块:Images

[ 2019-04-02T00:03:39+08:00 ] 127.0.0.1 /carshop/index.php/images/B58B9FE239CC7065C991B9B273675B45.jpg
INFO: [ app_init ] --START--
INFO: Run Behavior\BuildLiteBehavior [ RunTime:0.000026s ]
INFO: [ app_init ] --END-- [ RunTime:0.000480s ]
ERR: 无法加载模块:Images

[ 2019-04-02T00:26:09+08:00 ] 127.0.0.1 /carshop/Public/pc/images/E9B74D0114665E84D9580C171F6B7A83.jpg
INFO: [ app_init ] --START--
INFO: Run Behavior\BuildLiteBehavior [ RunTime:0.000019s ]
INFO: [ app_init ] --END-- [ RunTime:0.000183s ]
ERR: 无法加载模块:Public

[ 2019-04-02T00:26:09+08:00 ] 127.0.0.1 /carshop/Application/Home/Public/pc/style/validForm/FormValid.js
INFO: [ app_init ] --START--
INFO: Run Behavior\BuildLiteBehavior [ RunTime:0.000020s ]
INFO: [ app_init ] --END-- [ RunTime:0.000454s ]
ERR: 无法加载模块:Application

[ 2019-04-02T00:26:09+08:00 ] 127.0.0.1 /carshop/Application/Home/Public/pc/style/jbox/jquery.jBox-2.3.min.js
INFO: [ app_init ] --START--
INFO: Run Behavior\BuildLiteBehavior [ RunTime:0.000018s ]
INFO: [ app_init ] --END-- [ RunTime:0.000453s ]
ERR: 无法加载模块:Application

[ 2019-04-02T00:26:09+08:00 ] 127.0.0.1 /carshop/js/jquery.lightbox-0.5.min.js
INFO: [ app_init ] --START--
INFO: Run Behavior\BuildLiteBehavior [ RunTime:0.000023s ]
INFO: [ app_init ] --END-- [ RunTime:0.000479s ]
ERR: 无法加载模块:Js

[ 2019-04-02T00:26:09+08:00 ] 127.0.0.1 /carshop/Public/pc/images/BAAE4C726F3E1A3E34ED76AC4AC4A8E9.jpg
INFO: [ app_init ] --START--
INFO: Run Behavior\BuildLiteBehavior [ RunTime:0.000024s ]
INFO: [ app_init ] --END-- [ RunTime:0.000559s ]
ERR: 无法加载模块:Public

[ 2019-04-02T00:26:10+08:00 ] 127.0.0.1 /carshop/Application/Home/Public/pc/style/jbox/jquery.jBox-2.3.min.js
INFO: [ app_init ] --START--
INFO: Run Behavior\BuildLiteBehavior [ RunTime:0.000015s ]
INFO: [ app_init ] --END-- [ RunTime:0.000335s ]
ERR: 无法加载模块:Application

[ 2019-04-02T00:26:10+08:00 ] 127.0.0.1 /carshop/Public/pc/images/E9B74D0114665E84D9580C171F6B7A83.jpg
INFO: [ app_init ] --START--
INFO: Run Behavior\BuildLiteBehavior [ RunTime:0.000019s ]
INFO: [ app_init ] --END-- [ RunTime:0.000391s ]
ERR: 无法加载模块:Public

[ 2019-04-02T00:26:10+08:00 ] 127.0.0.1 /carshop/Public/pc/images/BAAE4C726F3E1A3E34ED76AC4AC4A8E9.jpg
INFO: [ app_init ] --START--
INFO: Run Behavior\BuildLiteBehavior [ RunTime:0.000023s ]
INFO: [ app_init ] --END-- [ RunTime:0.000504s ]
ERR: 无法加载模块:Public

[ 2019-04-02T00:26:10+08:00 ] 127.0.0.1 /carshop/js/jquery.lightbox-0.5.min.js
INFO: [ app_init ] --START--
INFO: Run Behavior\BuildLiteBehavior [ RunTime:0.000026s ]
INFO: [ app_init ] --END-- [ RunTime:0.000595s ]
ERR: 无法加载模块:Js

[ 2019-04-02T00:26:49+08:00 ] 127.0.0.1 /carshop/js/jquery.lightbox-0.5.min.js
INFO: [ app_init ] --START--
INFO: Run Behavior\BuildLiteBehavior [ RunTime:0.000022s ]
INFO: [ app_init ] --END-- [ RunTime:0.000481s ]
ERR: 无法加载模块:Js

[ 2019-04-02T00:26:49+08:00 ] 127.0.0.1 /carshop/Application/Home/Public/pc/style/validForm/FormValid.js
INFO: [ app_init ] --START--
INFO: Run Behavior\BuildLiteBehavior [ RunTime:0.000019s ]
INFO: [ app_init ] --END-- [ RunTime:0.000181s ]
ERR: 无法加载模块:Application

[ 2019-04-02T00:26:49+08:00 ] 127.0.0.1 /carshop/Application/Home/Public/pc/style/jbox/jquery.jBox-2.3.min.js
INFO: [ app_init ] --START--
INFO: Run Behavior\BuildLiteBehavior [ RunTime:0.000022s ]
INFO: [ app_init ] --END-- [ RunTime:0.000445s ]
ERR: 无法加载模块:Application

[ 2019-04-02T00:26:50+08:00 ] 127.0.0.1 /carshop/Application/Home/Public/pc/style/jbox/jquery.jBox-2.3.min.js
INFO: [ app_init ] --START--
INFO: Run Behavior\BuildLiteBehavior [ RunTime:0.000020s ]
INFO: [ app_init ] --END-- [ RunTime:0.000297s ]
ERR: 无法加载模块:Application

[ 2019-04-02T00:26:50+08:00 ] 127.0.0.1 /carshop/js/jquery.lightbox-0.5.min.js
INFO: [ app_init ] --START--
INFO: Run Behavior\BuildLiteBehavior [ RunTime:0.000018s ]
INFO: [ app_init ] --END-- [ RunTime:0.000190s ]
ERR: 无法加载模块:Js

[ 2019-04-02T00:27:23+08:00 ] 127.0.0.1 /carshop/Application/Home/Public/pc/style/jbox/jquery.jBox-2.3.min.js
INFO: [ app_init ] --START--
INFO: Run Behavior\BuildLiteBehavior [ RunTime:0.000021s ]
INFO: [ app_init ] --END-- [ RunTime:0.000193s ]
ERR: 无法加载模块:Application

[ 2019-04-02T00:27:23+08:00 ] 127.0.0.1 /carshop/js/jquery.lightbox-0.5.min.js
INFO: [ app_init ] --START--
INFO: Run Behavior\BuildLiteBehavior [ RunTime:0.000020s ]
INFO: [ app_init ] --END-- [ RunTime:0.000230s ]
ERR: 无法加载模块:Js

[ 2019-04-02T00:27:23+08:00 ] 127.0.0.1 /carshop/Application/Home/Public/pc/style/validForm/FormValid.js
INFO: [ app_init ] --START--
INFO: Run Behavior\BuildLiteBehavior [ RunTime:0.000022s ]
INFO: [ app_init ] --END-- [ RunTime:0.000480s ]
ERR: 无法加载模块:Application

[ 2019-04-02T00:27:23+08:00 ] 127.0.0.1 /carshop/Application/Home/Public/pc/style/validForm/FormValid.js
INFO: [ app_init ] --START--
INFO: Run Behavior\BuildLiteBehavior [ RunTime:0.000014s ]
INFO: [ app_init ] --END-- [ RunTime:0.000124s ]
ERR: 无法加载模块:Application

[ 2019-04-02T00:27:23+08:00 ] 127.0.0.1 /carshop/Application/Home/Public/pc/style/jbox/jquery.jBox-2.3.min.js
INFO: [ app_init ] --START--
INFO: Run Behavior\BuildLiteBehavior [ RunTime:0.000012s ]
INFO: [ app_init ] --END-- [ RunTime:0.000118s ]
ERR: 无法加载模块:Application

[ 2019-04-02T00:27:23+08:00 ] 127.0.0.1 /carshop/js/jquery.lightbox-0.5.min.js
INFO: [ app_init ] --START--
INFO: Run Behavior\BuildLiteBehavior [ RunTime:0.000020s ]
INFO: [ app_init ] --END-- [ RunTime:0.000224s ]
ERR: 无法加载模块:Js

[ 2019-04-02T00:53:51+08:00 ] 127.0.0.1 /carshop/Public/pc/style/jbox/jquery.jBox-2.3.min.js
INFO: [ app_init ] --START--
INFO: Run Behavior\BuildLiteBehavior [ RunTime:0.000022s ]
INFO: [ app_init ] --END-- [ RunTime:0.000333s ]
ERR: 无法加载模块:Public

[ 2019-04-02T00:53:51+08:00 ] 127.0.0.1 /carshop/Public/pc/style/validForm/FormValid.js
INFO: [ app_init ] --START--
INFO: Run Behavior\BuildLiteBehavior [ RunTime:0.000014s ]
INFO: [ app_init ] --END-- [ RunTime:0.000386s ]
ERR: 无法加载模块:Public

[ 2019-04-02T00:58:32+08:00 ] 127.0.0.1 /carshop/Public/pc/style/validForm/FormValid.js
INFO: [ app_init ] --START--
INFO: Run Behavior\BuildLiteBehavior [ RunTime:0.000023s ]
INFO: [ app_init ] --END-- [ RunTime:0.000467s ]
ERR: 无法加载模块:Public

[ 2019-04-02T00:58:32+08:00 ] 127.0.0.1 /carshop/Public/pc/style/jbox/jquery.jBox-2.3.min.js
INFO: [ app_init ] --START--
INFO: Run Behavior\BuildLiteBehavior [ RunTime:0.000024s ]
INFO: [ app_init ] --END-- [ RunTime:0.000484s ]
ERR: 无法加载模块:Public

[ 2019-04-02T01:13:32+08:00 ] 127.0.0.1 /carshop/Public/mobile/style/form.js
INFO: [ app_init ] --START--
INFO: Run Behavior\BuildLiteBehavior [ RunTime:0.000023s ]
INFO: [ app_init ] --END-- [ RunTime:0.000525s ]
ERR: 无法加载模块:Public

[ 2019-04-02T06:35:47+08:00 ] 127.0.0.1 /carshop/Application/Home/Public/pc/style/jbox/jquery.jBox-2.3.min.js
INFO: [ app_init ] --START--
INFO: Run Behavior\BuildLiteBehavior [ RunTime:0.000026s ]
INFO: [ app_init ] --END-- [ RunTime:0.000711s ]
ERR: 无法加载模块:Application

[ 2019-04-02T06:35:47+08:00 ] 127.0.0.1 /carshop/js/jquery.lightbox-0.5.min.js
INFO: [ app_init ] --START--
INFO: Run Behavior\BuildLiteBehavior [ RunTime:0.000022s ]
INFO: [ app_init ] --END-- [ RunTime:0.000580s ]
ERR: 无法加载模块:Js

[ 2019-04-02T06:35:47+08:00 ] 127.0.0.1 /carshop/Application/Home/Public/pc/style/validForm/FormValid.js
INFO: [ app_init ] --START--
INFO: Run Behavior\BuildLiteBehavior [ RunTime:0.000018s ]
INFO: [ app_init ] --END-- [ RunTime:0.000395s ]
ERR: 无法加载模块:Application

[ 2019-04-02T06:35:47+08:00 ] 127.0.0.1 /carshop/Application/Home/Public/pc/style/jbox/jquery.jBox-2.3.min.js
INFO: [ app_init ] --START--
INFO: Run Behavior\BuildLiteBehavior [ RunTime:0.000014s ]
INFO: [ app_init ] --END-- [ RunTime:0.000304s ]
ERR: 无法加载模块:Application

[ 2019-04-02T06:35:47+08:00 ] 127.0.0.1 /carshop/js/jquery.lightbox-0.5.min.js
INFO: [ app_init ] --START--
INFO: Run Behavior\BuildLiteBehavior [ RunTime:0.000020s ]
INFO: [ app_init ] --END-- [ RunTime:0.000436s ]
ERR: 无法加载模块:Js

[ 2019-04-02T06:50:19+08:00 ] 127.0.0.1 /carshop./Public/Uploads/2016-05-06/572c25f280ede.jpg
INFO: [ app_init ] --START--
INFO: Run Behavior\BuildLiteBehavior [ RunTime:0.000020s ]
INFO: [ app_init ] --END-- [ RunTime:0.000417s ]
ERR: 无法加载模块:Public

[ 2019-04-02T06:50:19+08:00 ] 127.0.0.1 /carshop./Public/Uploads/2016-05-06/572c260d27369.jpg
INFO: [ app_init ] --START--
INFO: Run Behavior\BuildLiteBehavior [ RunTime:0.000019s ]
INFO: [ app_init ] --END-- [ RunTime:0.000371s ]
ERR: 无法加载模块:Public

[ 2019-04-02T06:50:49+08:00 ] 127.0.0.1 /carshop./Public/Uploads/2016-05-06/572c25f280ede.jpg
INFO: [ app_init ] --START--
INFO: Run Behavior\BuildLiteBehavior [ RunTime:0.000021s ]
INFO: [ app_init ] --END-- [ RunTime:0.000429s ]
ERR: 无法加载模块:Public

[ 2019-04-02T06:50:49+08:00 ] 127.0.0.1 /carshop./Public/Uploads/2016-05-06/572c260d27369.jpg
INFO: [ app_init ] --START--
INFO: Run Behavior\BuildLiteBehavior [ RunTime:0.000021s ]
INFO: [ app_init ] --END-- [ RunTime:0.000438s ]
ERR: 无法加载模块:Public

[ 2019-04-02T06:50:49+08:00 ] 127.0.0.1 /carshop./Public/Uploads/2016-05-06/572c262a12607.jpg
INFO: [ app_init ] --START--
INFO: Run Behavior\BuildLiteBehavior [ RunTime:0.000017s ]
INFO: [ app_init ] --END-- [ RunTime:0.000415s ]
ERR: 无法加载模块:Public

[ 2019-04-02T06:50:49+08:00 ] 127.0.0.1 /carshop./Public/Uploads/2016-05-06/572c2644de5d6.jpg
INFO: [ app_init ] --START--
INFO: Run Behavior\BuildLiteBehavior [ RunTime:0.000023s ]
INFO: [ app_init ] --END-- [ RunTime:0.000428s ]
ERR: 无法加载模块:Public

[ 2019-04-02T06:50:49+08:00 ] 127.0.0.1 /carshop./Public/Uploads/2016-05-06/572c260d27369.jpg
INFO: [ app_init ] --START--
INFO: Run Behavior\BuildLiteBehavior [ RunTime:0.000023s ]
INFO: [ app_init ] --END-- [ RunTime:0.000410s ]
ERR: 无法加载模块:Public

[ 2019-04-02T06:50:49+08:00 ] 127.0.0.1 /carshop./Public/Uploads/2016-05-06/572c25f280ede.jpg
INFO: [ app_init ] --START--
INFO: Run Behavior\BuildLiteBehavior [ RunTime:0.000020s ]
INFO: [ app_init ] --END-- [ RunTime:0.000383s ]
ERR: 无法加载模块:Public

[ 2019-04-02T06:50:53+08:00 ] 127.0.0.1 /carshop./Public/Uploads/2016-05-06/572c25f280ede.jpg
INFO: [ app_init ] --START--
INFO: Run Behavior\BuildLiteBehavior [ RunTime:0.000021s ]
INFO: [ app_init ] --END-- [ RunTime:0.000491s ]
ERR: 无法加载模块:Public

[ 2019-04-02T06:51:13+08:00 ] 127.0.0.1 /carshop./Public/Uploads/2016-05-06/572c260d27369.jpg
INFO: [ app_init ] --START--
INFO: Run Behavior\BuildLiteBehavior [ RunTime:0.000021s ]
INFO: [ app_init ] --END-- [ RunTime:0.000442s ]
ERR: 无法加载模块:Public

[ 2019-04-02T06:51:13+08:00 ] 127.0.0.1 /carshop./Public/Uploads/2016-05-06/572c260d27369.jpg
INFO: [ app_init ] --START--
INFO: Run Behavior\BuildLiteBehavior [ RunTime:0.000018s ]
INFO: [ app_init ] --END-- [ RunTime:0.000378s ]
ERR: 无法加载模块:Public

[ 2019-04-02T06:51:17+08:00 ] 127.0.0.1 /carshop./Public/Uploads/2016-05-06/572c260d27369.jpg
INFO: [ app_init ] --START--
INFO: Run Behavior\BuildLiteBehavior [ RunTime:0.000020s ]
INFO: [ app_init ] --END-- [ RunTime:0.000423s ]
ERR: 无法加载模块:Public

[ 2019-04-02T06:51:17+08:00 ] 127.0.0.1 /carshop./Public/Uploads/2016-05-06/572c260d27369.jpg
INFO: [ app_init ] --START--
INFO: Run Behavior\BuildLiteBehavior [ RunTime:0.000023s ]
INFO: [ app_init ] --END-- [ RunTime:0.000474s ]
ERR: 无法加载模块:Public

[ 2019-04-02T06:51:34+08:00 ] 127.0.0.1 /carshop./Public/Uploads/2016-05-06/572c262a12607.jpg
INFO: [ app_init ] --START--
INFO: Run Behavior\BuildLiteBehavior [ RunTime:0.000013s ]
INFO: [ app_init ] --END-- [ RunTime:0.000276s ]
ERR: 无法加载模块:Public

[ 2019-04-02T06:51:34+08:00 ] 127.0.0.1 /carshop./Public/Uploads/2016-05-06/572c2644de5d6.jpg
INFO: [ app_init ] --START--
INFO: Run Behavior\BuildLiteBehavior [ RunTime:0.000016s ]
INFO: [ app_init ] --END-- [ RunTime:0.000367s ]
ERR: 无法加载模块:Public

[ 2019-04-02T06:51:37+08:00 ] 127.0.0.1 /carshop./Public/Uploads/2016-05-06/572c265c62ab5.jpg
INFO: [ app_init ] --START--
INFO: Run Behavior\BuildLiteBehavior [ RunTime:0.000014s ]
INFO: [ app_init ] --END-- [ RunTime:0.000284s ]
ERR: 无法加载模块:Public

[ 2019-04-02T06:51:58+08:00 ] 127.0.0.1 /carshop./Public/Uploads/2016-05-06/572c262a12607.jpg
INFO: [ app_init ] --START--
INFO: Run Behavior\BuildLiteBehavior [ RunTime:0.000020s ]
INFO: [ app_init ] --END-- [ RunTime:0.000397s ]
ERR: 无法加载模块:Public

[ 2019-04-02T06:51:58+08:00 ] 127.0.0.1 /carshop./Public/Uploads/2016-05-06/572c2644de5d6.jpg
INFO: [ app_init ] --START--
INFO: Run Behavior\BuildLiteBehavior [ RunTime:0.000021s ]
INFO: [ app_init ] --END-- [ RunTime:0.000511s ]
ERR: 无法加载模块:Public

[ 2019-04-02T06:54:32+08:00 ] 127.0.0.1 /carshop/Public/Uploads/2016-05-06/572c262a12607.jpg
INFO: [ app_init ] --START--
INFO: Run Behavior\BuildLiteBehavior [ RunTime:0.000014s ]
INFO: [ app_init ] --END-- [ RunTime:0.000304s ]
ERR: 无法加载模块:Public

[ 2019-04-02T06:54:50+08:00 ] 127.0.0.1 /carshop/Public/pc/style/validForm/FormValid.js
INFO: [ app_init ] --START--
INFO: Run Behavior\BuildLiteBehavior [ RunTime:0.000022s ]
INFO: [ app_init ] --END-- [ RunTime:0.000400s ]
ERR: 无法加载模块:Public

[ 2019-04-02T06:54:50+08:00 ] 127.0.0.1 /carshop/Public/pc/style/js/jquery.lightbox-0.5.min.js
INFO: [ app_init ] --START--
INFO: Run Behavior\BuildLiteBehavior [ RunTime:0.000042s ]
INFO: [ app_init ] --END-- [ RunTime:0.001753s ]
ERR: 无法加载模块:Public

[ 2019-04-02T06:54:50+08:00 ] 127.0.0.1 /carshop/Public/pc/style/jbox/jquery.jBox-2.3.min.js
INFO: [ app_init ] --START--
INFO: Run Behavior\BuildLiteBehavior [ RunTime:0.000023s ]
INFO: [ app_init ] --END-- [ RunTime:0.000449s ]
ERR: 无法加载模块:Public

[ 2019-04-02T06:54:50+08:00 ] 127.0.0.1 /carshop/Public/pc/style/jbox/jquery.jBox-2.3.min.js
INFO: [ app_init ] --START--
INFO: Run Behavior\BuildLiteBehavior [ RunTime:0.000017s ]
INFO: [ app_init ] --END-- [ RunTime:0.000363s ]
ERR: 无法加载模块:Public

[ 2019-04-02T06:54:50+08:00 ] 127.0.0.1 /carshop/Public/pc/style/js/jquery.lightbox-0.5.min.js
INFO: [ app_init ] --START--
INFO: Run Behavior\BuildLiteBehavior [ RunTime:0.000020s ]
INFO: [ app_init ] --END-- [ RunTime:0.000428s ]
ERR: 无法加载模块:Public

[ 2019-04-02T06:54:58+08:00 ] 127.0.0.1 /carshop/Public/pc/style/js/jquery.lightbox-0.5.min.js
INFO: [ app_init ] --START--
INFO: Run Behavior\BuildLiteBehavior [ RunTime:0.000020s ]
INFO: [ app_init ] --END-- [ RunTime:0.000439s ]
ERR: 无法加载模块:Public

[ 2019-04-02T06:54:58+08:00 ] 127.0.0.1 /carshop/Public/pc/style/validForm/FormValid.js
INFO: [ app_init ] --START--
INFO: Run Behavior\BuildLiteBehavior [ RunTime:0.000019s ]
INFO: [ app_init ] --END-- [ RunTime:0.000417s ]
ERR: 无法加载模块:Public

[ 2019-04-02T06:54:58+08:00 ] 127.0.0.1 /carshop/Public/pc/style/jbox/jquery.jBox-2.3.min.js
INFO: [ app_init ] --START--
INFO: Run Behavior\BuildLiteBehavior [ RunTime:0.000022s ]
INFO: [ app_init ] --END-- [ RunTime:0.000495s ]
ERR: 无法加载模块:Public

[ 2019-04-02T06:54:58+08:00 ] 127.0.0.1 /carshop/Public/pc/style/jbox/jquery.jBox-2.3.min.js
INFO: [ app_init ] --START--
INFO: Run Behavior\BuildLiteBehavior [ RunTime:0.000014s ]
INFO: [ app_init ] --END-- [ RunTime:0.000279s ]
ERR: 无法加载模块:Public

[ 2019-04-02T06:54:58+08:00 ] 127.0.0.1 /carshop/Public/pc/style/js/jquery.lightbox-0.5.min.js
INFO: [ app_init ] --START--
INFO: Run Behavior\BuildLiteBehavior [ RunTime:0.000022s ]
INFO: [ app_init ] --END-- [ RunTime:0.000401s ]
ERR: 无法加载模块:Public

[ 2019-04-02T06:55:00+08:00 ] 127.0.0.1 /carshop/Public/pc/style/jbox/jquery.jBox-2.3.min.js
INFO: [ app_init ] --START--
INFO: Run Behavior\BuildLiteBehavior [ RunTime:0.000020s ]
INFO: [ app_init ] --END-- [ RunTime:0.000432s ]
ERR: 无法加载模块:Public

[ 2019-04-02T06:55:00+08:00 ] 127.0.0.1 /carshop/Public/pc/style/js/jquery.lightbox-0.5.min.js
INFO: [ app_init ] --START--
INFO: Run Behavior\BuildLiteBehavior [ RunTime:0.000019s ]
INFO: [ app_init ] --END-- [ RunTime:0.000526s ]
ERR: 无法加载模块:Public

[ 2019-04-02T06:55:01+08:00 ] 127.0.0.1 /carshop/Public/pc/style/validForm/FormValid.js
INFO: [ app_init ] --START--
INFO: Run Behavior\BuildLiteBehavior [ RunTime:0.000020s ]
INFO: [ app_init ] --END-- [ RunTime:0.000490s ]
ERR: 无法加载模块:Public

[ 2019-04-02T06:55:01+08:00 ] 127.0.0.1 /carshop/Public/pc/style/jbox/jquery.jBox-2.3.min.js
INFO: [ app_init ] --START--
INFO: Run Behavior\BuildLiteBehavior [ RunTime:0.000021s ]
INFO: [ app_init ] --END-- [ RunTime:0.000442s ]
ERR: 无法加载模块:Public

[ 2019-04-02T06:55:01+08:00 ] 127.0.0.1 /carshop/Public/pc/style/js/jquery.lightbox-0.5.min.js
INFO: [ app_init ] --START--
INFO: Run Behavior\BuildLiteBehavior [ RunTime:0.000019s ]
INFO: [ app_init ] --END-- [ RunTime:0.000398s ]
ERR: 无法加载模块:Public

[ 2019-04-02T06:55:06+08:00 ] 127.0.0.1 /carshop/Public/pc/style/validForm/FormValid.js
INFO: [ app_init ] --START--
INFO: Run Behavior\BuildLiteBehavior [ RunTime:0.000020s ]
INFO: [ app_init ] --END-- [ RunTime:0.000452s ]
ERR: 无法加载模块:Public

[ 2019-04-02T06:55:06+08:00 ] 127.0.0.1 /carshop/Public/pc/style/js/jquery.lightbox-0.5.min.js
INFO: [ app_init ] --START--
INFO: Run Behavior\BuildLiteBehavior [ RunTime:0.000021s ]
INFO: [ app_init ] --END-- [ RunTime:0.000432s ]
ERR: 无法加载模块:Public

[ 2019-04-02T06:55:06+08:00 ] 127.0.0.1 /carshop/Public/pc/style/jbox/jquery.jBox-2.3.min.js
INFO: [ app_init ] --START--
INFO: Run Behavior\BuildLiteBehavior [ RunTime:0.000019s ]
INFO: [ app_init ] --END-- [ RunTime:0.000456s ]
ERR: 无法加载模块:Public

[ 2019-04-02T06:55:06+08:00 ] 127.0.0.1 /carshop/Public/pc/style/validForm/FormValid.js
INFO: [ app_init ] --START--
INFO: Run Behavior\BuildLiteBehavior [ RunTime:0.000020s ]
INFO: [ app_init ] --END-- [ RunTime:0.000436s ]
ERR: 无法加载模块:Public

[ 2019-04-02T06:55:06+08:00 ] 127.0.0.1 /carshop/Public/pc/style/jbox/jquery.jBox-2.3.min.js
INFO: [ app_init ] --START--
INFO: Run Behavior\BuildLiteBehavior [ RunTime:0.000024s ]
INFO: [ app_init ] --END-- [ RunTime:0.000466s ]
ERR: 无法加载模块:Public

[ 2019-04-02T06:55:06+08:00 ] 127.0.0.1 /carshop/Public/pc/style/js/jquery.lightbox-0.5.min.js
INFO: [ app_init ] --START--
INFO: Run Behavior\BuildLiteBehavior [ RunTime:0.000020s ]
INFO: [ app_init ] --END-- [ RunTime:0.000442s ]
ERR: 无法加载模块:Public

[ 2019-04-02T06:55:14+08:00 ] 127.0.0.1 /carshop/Application/Home/Public/pc/style/jbox/jquery.jBox-2.3.min.js
INFO: [ app_init ] --START--
INFO: Run Behavior\BuildLiteBehavior [ RunTime:0.000019s ]
INFO: [ app_init ] --END-- [ RunTime:0.000401s ]
ERR: 无法加载模块:Application

[ 2019-04-02T06:55:14+08:00 ] 127.0.0.1 /carshop/js/jquery.lightbox-0.5.min.js
INFO: [ app_init ] --START--
INFO: Run Behavior\BuildLiteBehavior [ RunTime:0.000038s ]
INFO: [ app_init ] --END-- [ RunTime:0.000438s ]
ERR: 无法加载模块:Js

[ 2019-04-02T06:55:14+08:00 ] 127.0.0.1 /carshop/Application/Home/Public/pc/style/validForm/FormValid.js
INFO: [ app_init ] --START--
INFO: Run Behavior\BuildLiteBehavior [ RunTime:0.000021s ]
INFO: [ app_init ] --END-- [ RunTime:0.000477s ]
ERR: 无法加载模块:Application

[ 2019-04-02T06:55:14+08:00 ] 127.0.0.1 /carshop/Application/Home/Public/pc/style/validForm/FormValid.js
INFO: [ app_init ] --START--
INFO: Run Behavior\BuildLiteBehavior [ RunTime:0.000019s ]
INFO: [ app_init ] --END-- [ RunTime:0.000326s ]
ERR: 无法加载模块:Application

[ 2019-04-02T06:55:14+08:00 ] 127.0.0.1 /carshop/Application/Home/Public/pc/style/jbox/jquery.jBox-2.3.min.js
INFO: [ app_init ] --START--
INFO: Run Behavior\BuildLiteBehavior [ RunTime:0.000013s ]
INFO: [ app_init ] --END-- [ RunTime:0.000305s ]
ERR: 无法加载模块:Application

[ 2019-04-02T06:55:14+08:00 ] 127.0.0.1 /carshop/js/jquery.lightbox-0.5.min.js
INFO: [ app_init ] --START--
INFO: Run Behavior\BuildLiteBehavior [ RunTime:0.000021s ]
INFO: [ app_init ] --END-- [ RunTime:0.000435s ]
ERR: 无法加载模块:Js

[ 2019-04-02T06:55:36+08:00 ] 127.0.0.1 /carshop./Public/Uploads/2016-05-06/572c262a12607.jpg
INFO: [ app_init ] --START--
INFO: Run Behavior\BuildLiteBehavior [ RunTime:0.000019s ]
INFO: [ app_init ] --END-- [ RunTime:0.000427s ]
ERR: 无法加载模块:Public

[ 2019-04-02T06:55:36+08:00 ] 127.0.0.1 /carshop./Public/Uploads/2016-05-06/572c2644de5d6.jpg
INFO: [ app_init ] --START--
INFO: Run Behavior\BuildLiteBehavior [ RunTime:0.000022s ]
INFO: [ app_init ] --END-- [ RunTime:0.000480s ]
ERR: 无法加载模块:Public

[ 2019-04-02T06:55:36+08:00 ] 127.0.0.1 /carshop./Public/Uploads/2016-05-06/572c265c62ab5.jpg
INFO: [ app_init ] --START--
INFO: Run Behavior\BuildLiteBehavior [ RunTime:0.000018s ]
INFO: [ app_init ] --END-- [ RunTime:0.000404s ]
ERR: 无法加载模块:Public

[ 2019-04-02T06:55:42+08:00 ] 127.0.0.1 /carshop./Public/Uploads/2016-05-06/572c262a12607.jpg
INFO: [ app_init ] --START--
INFO: Run Behavior\BuildLiteBehavior [ RunTime:0.000021s ]
INFO: [ app_init ] --END-- [ RunTime:0.000427s ]
ERR: 无法加载模块:Public

[ 2019-04-02T06:55:42+08:00 ] 127.0.0.1 /carshop./Public/Uploads/2016-05-06/572c262a12607.jpg
INFO: [ app_init ] --START--
INFO: Run Behavior\BuildLiteBehavior [ RunTime:0.000020s ]
INFO: [ app_init ] --END-- [ RunTime:0.000417s ]
ERR: 无法加载模块:Public

[ 2019-04-02T06:56:05+08:00 ] 127.0.0.1 /carshop./Public/Uploads/2016-05-06/572c265c62ab5.jpg
INFO: [ app_init ] --START--
INFO: Run Behavior\BuildLiteBehavior [ RunTime:0.000022s ]
INFO: [ app_init ] --END-- [ RunTime:0.000428s ]
ERR: 无法加载模块:Public

[ 2019-04-02T06:56:05+08:00 ] 127.0.0.1 /carshop./Public/Uploads/2016-05-06/572c2644de5d6.jpg
INFO: [ app_init ] --START--
INFO: Run Behavior\BuildLiteBehavior [ RunTime:0.000018s ]
INFO: [ app_init ] --END-- [ RunTime:0.000450s ]
ERR: 无法加载模块:Public

[ 2019-04-02T06:56:05+08:00 ] 127.0.0.1 /carshop./Public/Uploads/2016-05-06/572c2644de5d6.jpg
INFO: [ app_init ] --START--
INFO: Run Behavior\BuildLiteBehavior [ RunTime:0.000020s ]
INFO: [ app_init ] --END-- [ RunTime:0.000474s ]
ERR: 无法加载模块:Public

[ 2019-04-02T06:56:05+08:00 ] 127.0.0.1 /carshop./Public/Uploads/2016-05-06/572c265c62ab5.jpg
INFO: [ app_init ] --START--
INFO: Run Behavior\BuildLiteBehavior [ RunTime:0.000021s ]
INFO: [ app_init ] --END-- [ RunTime:0.000434s ]
ERR: 无法加载模块:Public

[ 2019-04-02T06:56:13+08:00 ] 127.0.0.1 /carshop./Public/Uploads/2016-05-06/572c2644de5d6.jpg
INFO: [ app_init ] --START--
INFO: Run Behavior\BuildLiteBehavior [ RunTime:0.000020s ]
INFO: [ app_init ] --END-- [ RunTime:0.000402s ]
ERR: 无法加载模块:Public

[ 2019-04-02T06:57:00+08:00 ] 127.0.0.1 /carshop/Public/mobile/style/form.js
INFO: [ app_init ] --START--
INFO: Run Behavior\BuildLiteBehavior [ RunTime:0.000021s ]
INFO: [ app_init ] --END-- [ RunTime:0.000448s ]
ERR: 无法加载模块:Public

[ 2019-04-02T07:02:19+08:00 ] 127.0.0.1 /carshop/Public/mobile/style/form.js
INFO: [ app_init ] --START--
INFO: Run Behavior\BuildLiteBehavior [ RunTime:0.000027s ]
INFO: [ app_init ] --END-- [ RunTime:0.000514s ]
ERR: 无法加载模块:Public

[ 2019-04-02T07:02:19+08:00 ] 127.0.0.1 /carshop/Public/mobile/style/form.js
INFO: [ app_init ] --START--
INFO: Run Behavior\BuildLiteBehavior [ RunTime:0.000013s ]
INFO: [ app_init ] --END-- [ RunTime:0.000291s ]
ERR: 无法加载模块:Public

[ 2019-04-02T07:06:33+08:00 ] 127.0.0.1 /carshop/Public/mobile/style/form.js
INFO: [ app_init ] --START--
INFO: Run Behavior\BuildLiteBehavior [ RunTime:0.000020s ]
INFO: [ app_init ] --END-- [ RunTime:0.000490s ]
ERR: 无法加载模块:Public

[ 2019-04-02T07:06:33+08:00 ] 127.0.0.1 /carshop/Public/mobile/style/form.js
INFO: [ app_init ] --START--
INFO: Run Behavior\BuildLiteBehavior [ RunTime:0.000018s ]
INFO: [ app_init ] --END-- [ RunTime:0.000386s ]
ERR: 无法加载模块:Public

[ 2019-04-02T07:07:29+08:00 ] 127.0.0.1 /carshop/Public/mobile/style/form.js
INFO: [ app_init ] --START--
INFO: Run Behavior\BuildLiteBehavior [ RunTime:0.000021s ]
INFO: [ app_init ] --END-- [ RunTime:0.000322s ]
ERR: 无法加载模块:Public

[ 2019-04-02T07:07:29+08:00 ] 127.0.0.1 /carshop/Public/mobile/style/form.js
INFO: [ app_init ] --START--
INFO: Run Behavior\BuildLiteBehavior [ RunTime:0.000018s ]
INFO: [ app_init ] --END-- [ RunTime:0.000361s ]
ERR: 无法加载模块:Public

[ 2019-04-02T07:09:09+08:00 ] 127.0.0.1 /carshop/Public/mobile/style/form.js
INFO: [ app_init ] --START--
INFO: Run Behavior\BuildLiteBehavior [ RunTime:0.000018s ]
INFO: [ app_init ] --END-- [ RunTime:0.000182s ]
ERR: 无法加载模块:Public

[ 2019-04-02T07:09:09+08:00 ] 127.0.0.1 /carshop/Public/mobile/style/form.js
INFO: [ app_init ] --START--
INFO: Run Behavior\BuildLiteBehavior [ RunTime:0.000017s ]
INFO: [ app_init ] --END-- [ RunTime:0.000163s ]
ERR: 无法加载模块:Public

[ 2019-04-02T07:10:11+08:00 ] 127.0.0.1 /carshop/Public/mobile/style/form.js
INFO: [ app_init ] --START--
INFO: Run Behavior\BuildLiteBehavior [ RunTime:0.000023s ]
INFO: [ app_init ] --END-- [ RunTime:0.000459s ]
ERR: 无法加载模块:Public

[ 2019-04-02T07:10:11+08:00 ] 127.0.0.1 /carshop/Public/mobile/style/form.js
INFO: [ app_init ] --START--
INFO: Run Behavior\BuildLiteBehavior [ RunTime:0.000014s ]
INFO: [ app_init ] --END-- [ RunTime:0.000221s ]
ERR: 无法加载模块:Public

[ 2019-04-02T07:10:33+08:00 ] 127.0.0.1 /carshop/Public/mobile/style/form.js
INFO: [ app_init ] --START--
INFO: Run Behavior\BuildLiteBehavior [ RunTime:0.000058s ]
INFO: [ app_init ] --END-- [ RunTime:0.000707s ]
ERR: 无法加载模块:Public

[ 2019-04-02T07:10:33+08:00 ] 127.0.0.1 /carshop/Public/mobile/style/form.js
INFO: [ app_init ] --START--
INFO: Run Behavior\BuildLiteBehavior [ RunTime:0.000013s ]
INFO: [ app_init ] --END-- [ RunTime:0.000277s ]
ERR: 无法加载模块:Public

[ 2019-04-02T07:11:38+08:00 ] 127.0.0.1 /carshop/Public/mobile/style/form.js
INFO: [ app_init ] --START--
INFO: Run Behavior\BuildLiteBehavior [ RunTime:0.000020s ]
INFO: [ app_init ] --END-- [ RunTime:0.000499s ]
ERR: 无法加载模块:Public

[ 2019-04-02T07:11:38+08:00 ] 127.0.0.1 /carshop/Public/mobile/style/form.js
INFO: [ app_init ] --START--
INFO: Run Behavior\BuildLiteBehavior [ RunTime:0.000018s ]
INFO: [ app_init ] --END-- [ RunTime:0.000406s ]
ERR: 无法加载模块:Public

[ 2019-04-02T07:12:09+08:00 ] 127.0.0.1 /carshop/Public/mobile/style/form.js
INFO: [ app_init ] --START--
INFO: Run Behavior\BuildLiteBehavior [ RunTime:0.000021s ]
INFO: [ app_init ] --END-- [ RunTime:0.000467s ]
ERR: 无法加载模块:Public

[ 2019-04-02T07:13:12+08:00 ] 127.0.0.1 /carshop/Public/mobile/style/form.js
INFO: [ app_init ] --START--
INFO: Run Behavior\BuildLiteBehavior [ RunTime:0.000024s ]
INFO: [ app_init ] --END-- [ RunTime:0.000420s ]
ERR: 无法加载模块:Public

[ 2019-04-02T07:13:12+08:00 ] 127.0.0.1 /carshop/Public/mobile/style/form.js
INFO: [ app_init ] --START--
INFO: Run Behavior\BuildLiteBehavior [ RunTime:0.000021s ]
INFO: [ app_init ] --END-- [ RunTime:0.000423s ]
ERR: 无法加载模块:Public

[ 2019-04-02T07:23:46+08:00 ] 127.0.0.1 /carshop/Public/mobile/style/form.js
INFO: [ app_init ] --START--
INFO: Run Behavior\BuildLiteBehavior [ RunTime:0.000019s ]
INFO: [ app_init ] --END-- [ RunTime:0.000433s ]
ERR: 无法加载模块:Public

[ 2019-04-02T07:23:46+08:00 ] 127.0.0.1 /carshop/Public/mobile/style/form.js
INFO: [ app_init ] --START--
INFO: Run Behavior\BuildLiteBehavior [ RunTime:0.000019s ]
INFO: [ app_init ] --END-- [ RunTime:0.000394s ]
ERR: 无法加载模块:Public

[ 2019-04-02T07:41:53+08:00 ] 127.0.0.1 /carshop/Public/mobile/style/form.js
INFO: [ app_init ] --START--
INFO: Run Behavior\BuildLiteBehavior [ RunTime:0.000019s ]
INFO: [ app_init ] --END-- [ RunTime:0.000454s ]
ERR: 无法加载模块:Public

[ 2019-04-02T07:41:53+08:00 ] 127.0.0.1 /carshop/Public/mobile/style/form.js
INFO: [ app_init ] --START--
INFO: Run Behavior\BuildLiteBehavior [ RunTime:0.000021s ]
INFO: [ app_init ] --END-- [ RunTime:0.000437s ]
ERR: 无法加载模块:Public

[ 2019-04-02T07:42:49+08:00 ] 127.0.0.1 /carshop/Public/mobile/style/form.js
INFO: [ app_init ] --START--
INFO: Run Behavior\BuildLiteBehavior [ RunTime:0.000019s ]
INFO: [ app_init ] --END-- [ RunTime:0.000417s ]
ERR: 无法加载模块:Public

[ 2019-04-02T07:42:49+08:00 ] 127.0.0.1 /carshop/Public/mobile/style/form.js
INFO: [ app_init ] --START--
INFO: Run Behavior\BuildLiteBehavior [ RunTime:0.000019s ]
INFO: [ app_init ] --END-- [ RunTime:0.000386s ]
ERR: 无法加载模块:Public

[ 2019-04-02T08:23:02+08:00 ] 127.0.0.1 /carshop./Public/Uploads/2016-05-06/572c2644de5d6.jpg
INFO: [ app_init ] --START--
INFO: Run Behavior\BuildLiteBehavior [ RunTime:0.000017s ]
INFO: [ app_init ] --END-- [ RunTime:0.000403s ]
ERR: 无法加载模块:Public

[ 2019-04-02T08:39:02+08:00 ] 127.0.0.1 /carshop./Public/Uploads/2016-05-06/572c2644de5d6.jpg
INFO: [ app_init ] --START--
INFO: Run Behavior\BuildLiteBehavior [ RunTime:0.000014s ]
INFO: [ app_init ] --END-- [ RunTime:0.000312s ]
ERR: 无法加载模块:Public

[ 2019-04-02T08:39:28+08:00 ] 127.0.0.1 /carshop./Public/Uploads/2016-05-06/572c265c62ab5.jpg
INFO: [ app_init ] --START--
INFO: Run Behavior\BuildLiteBehavior [ RunTime:0.000013s ]
INFO: [ app_init ] --END-- [ RunTime:0.000300s ]
ERR: 无法加载模块:Public

[ 2019-04-02T08:49:57+08:00 ] 127.0.0.1 /carshop/Public/Uploads/2016-05-06/572c2644de5d6.jpg
INFO: [ app_init ] --START--
INFO: Run Behavior\BuildLiteBehavior [ RunTime:0.000020s ]
INFO: [ app_init ] --END-- [ RunTime:0.000317s ]
ERR: 无法加载模块:Public

[ 2019-04-02T08:49:57+08:00 ] 127.0.0.1 /carshop/Public/Uploads/2016-05-06/572c265c62ab5.jpg
INFO: [ app_init ] --START--
INFO: Run Behavior\BuildLiteBehavior [ RunTime:0.000021s ]
INFO: [ app_init ] --END-- [ RunTime:0.000519s ]
ERR: 无法加载模块:Public

[ 2019-04-02T08:49:57+08:00 ] 127.0.0.1 /carshop/Public/Uploads/2016-05-06/572c2644de5d6.jpg
INFO: [ app_init ] --START--
INFO: Run Behavior\BuildLiteBehavior [ RunTime:0.000018s ]
INFO: [ app_init ] --END-- [ RunTime:0.000411s ]
ERR: 无法加载模块:Public

[ 2019-04-02T08:49:57+08:00 ] 127.0.0.1 /carshop/Public/Uploads/2016-05-06/572c265c62ab5.jpg
INFO: [ app_init ] --START--
INFO: Run Behavior\BuildLiteBehavior [ RunTime:0.000018s ]
INFO: [ app_init ] --END-- [ RunTime:0.000416s ]
ERR: 无法加载模块:Public

[ 2019-04-02T08:52:48+08:00 ] 127.0.0.1 /carshop/Public/Uploads/2016-05-06/572c265c62ab5.jpg
INFO: [ app_init ] --START--
INFO: Run Behavior\BuildLiteBehavior [ RunTime:0.000020s ]
INFO: [ app_init ] --END-- [ RunTime:0.000439s ]
ERR: 无法加载模块:Public

[ 2019-04-02T08:52:48+08:00 ] 127.0.0.1 /carshop/Public/Uploads/2016-05-06/572c2644de5d6.jpg
INFO: [ app_init ] --START--
INFO: Run Behavior\BuildLiteBehavior [ RunTime:0.000016s ]
INFO: [ app_init ] --END-- [ RunTime:0.000364s ]
ERR: 无法加载模块:Public

[ 2019-04-02T08:52:48+08:00 ] 127.0.0.1 /carshop/Public/Uploads/2016-05-06/572c265c62ab5.jpg
INFO: [ app_init ] --START--
INFO: Run Behavior\BuildLiteBehavior [ RunTime:0.000025s ]
INFO: [ app_init ] --END-- [ RunTime:0.000559s ]
ERR: 无法加载模块:Public

[ 2019-04-02T08:52:48+08:00 ] 127.0.0.1 /carshop/Public/Uploads/2016-05-06/572c2644de5d6.jpg
INFO: [ app_init ] --START--
INFO: Run Behavior\BuildLiteBehavior [ RunTime:0.000066s ]
INFO: [ app_init ] --END-- [ RunTime:0.000573s ]
ERR: 无法加载模块:Public

[ 2019-04-02T08:52:51+08:00 ] 127.0.0.1 /carshop/Public/Uploads/2016-05-06/572c265c62ab5.jpg
INFO: [ app_init ] --START--
INFO: Run Behavior\BuildLiteBehavior [ RunTime:0.000021s ]
INFO: [ app_init ] --END-- [ RunTime:0.000506s ]
ERR: 无法加载模块:Public

[ 2019-04-02T08:52:51+08:00 ] 127.0.0.1 /carshop/Public/Uploads/2016-05-06/572c265c62ab5.jpg
INFO: [ app_init ] --START--
INFO: Run Behavior\BuildLiteBehavior [ RunTime:0.000021s ]
INFO: [ app_init ] --END-- [ RunTime:0.000420s ]
ERR: 无法加载模块:Public

[ 2019-04-02T08:53:22+08:00 ] 127.0.0.1 /carshop/Public/Uploads/2016-05-06/572c2644de5d6.jpg
INFO: [ app_init ] --START--
INFO: Run Behavior\BuildLiteBehavior [ RunTime:0.000023s ]
INFO: [ app_init ] --END-- [ RunTime:0.000417s ]
ERR: 无法加载模块:Public

[ 2019-04-02T08:53:22+08:00 ] 127.0.0.1 /carshop/Public/Uploads/2016-05-06/572c265c62ab5.jpg
INFO: [ app_init ] --START--
INFO: Run Behavior\BuildLiteBehavior [ RunTime:0.000018s ]
INFO: [ app_init ] --END-- [ RunTime:0.000406s ]
ERR: 无法加载模块:Public

[ 2019-04-02T08:53:23+08:00 ] 127.0.0.1 /carshop/Public/Uploads/2016-05-06/572c2644de5d6.jpg
INFO: [ app_init ] --START--
INFO: Run Behavior\BuildLiteBehavior [ RunTime:0.000025s ]
INFO: [ app_init ] --END-- [ RunTime:0.000509s ]
ERR: 无法加载模块:Public

[ 2019-04-02T08:53:23+08:00 ] 127.0.0.1 /carshop/Public/Uploads/2016-05-06/572c265c62ab5.jpg
INFO: [ app_init ] --START--
INFO: Run Behavior\BuildLiteBehavior [ RunTime:0.000025s ]
INFO: [ app_init ] --END-- [ RunTime:0.000473s ]
ERR: 无法加载模块:Public

[ 2019-04-02T09:01:17+08:00 ] 127.0.0.1 /carshop/Public/Uploads/2016-05-06/572c265c62ab5.jpg
INFO: [ app_init ] --START--
INFO: Run Behavior\BuildLiteBehavior [ RunTime:0.000020s ]
INFO: [ app_init ] --END-- [ RunTime:0.000429s ]
ERR: 无法加载模块:Public

[ 2019-04-02T09:01:17+08:00 ] 127.0.0.1 /carshop/Public/Uploads/2016-05-06/572c2644de5d6.jpg
INFO: [ app_init ] --START--
INFO: Run Behavior\BuildLiteBehavior [ RunTime:0.000024s ]
INFO: [ app_init ] --END-- [ RunTime:0.000441s ]
ERR: 无法加载模块:Public

[ 2019-04-02T09:01:18+08:00 ] 127.0.0.1 /carshop/Public/Uploads/2016-05-06/572c265c62ab5.jpg
INFO: [ app_init ] --START--
INFO: Run Behavior\BuildLiteBehavior [ RunTime:0.000017s ]
INFO: [ app_init ] --END-- [ RunTime:0.000402s ]
ERR: 无法加载模块:Public

[ 2019-04-02T09:01:18+08:00 ] 127.0.0.1 /carshop/Public/Uploads/2016-05-06/572c2644de5d6.jpg
INFO: [ app_init ] --START--
INFO: Run Behavior\BuildLiteBehavior [ RunTime:0.000021s ]
INFO: [ app_init ] --END-- [ RunTime:0.000403s ]
ERR: 无法加载模块:Public

[ 2019-04-02T09:02:29+08:00 ] 127.0.0.1 /carshop/Public/Uploads/2016-05-06/572c265c62ab5.jpg
INFO: [ app_init ] --START--
INFO: Run Behavior\BuildLiteBehavior [ RunTime:0.000019s ]
INFO: [ app_init ] --END-- [ RunTime:0.000435s ]
ERR: 无法加载模块:Public

[ 2019-04-02T09:02:29+08:00 ] 127.0.0.1 /carshop/Public/Uploads/2016-05-06/572c2644de5d6.jpg
INFO: [ app_init ] --START--
INFO: Run Behavior\BuildLiteBehavior [ RunTime:0.000018s ]
INFO: [ app_init ] --END-- [ RunTime:0.000423s ]
ERR: 无法加载模块:Public

[ 2019-04-02T09:02:30+08:00 ] 127.0.0.1 /carshop/Public/Uploads/2016-05-06/572c2644de5d6.jpg
INFO: [ app_init ] --START--
INFO: Run Behavior\BuildLiteBehavior [ RunTime:0.000033s ]
INFO: [ app_init ] --END-- [ RunTime:0.000584s ]
ERR: 无法加载模块:Public

[ 2019-04-02T09:02:30+08:00 ] 127.0.0.1 /carshop/Public/Uploads/2016-05-06/572c265c62ab5.jpg
INFO: [ app_init ] --START--
INFO: Run Behavior\BuildLiteBehavior [ RunTime:0.000022s ]
INFO: [ app_init ] --END-- [ RunTime:0.000457s ]
ERR: 无法加载模块:Public

[ 2019-04-02T09:03:28+08:00 ] 127.0.0.1 /carshop/Public/Uploads/2016-05-06/572c265c62ab5.jpg
INFO: [ app_init ] --START--
INFO: Run Behavior\BuildLiteBehavior [ RunTime:0.000018s ]
INFO: [ app_init ] --END-- [ RunTime:0.000389s ]
ERR: 无法加载模块:Public

[ 2019-04-02T09:03:28+08:00 ] 127.0.0.1 /carshop/Public/Uploads/2016-05-06/572c2644de5d6.jpg
INFO: [ app_init ] --START--
INFO: Run Behavior\BuildLiteBehavior [ RunTime:0.000020s ]
INFO: [ app_init ] --END-- [ RunTime:0.000519s ]
ERR: 无法加载模块:Public

[ 2019-04-02T09:03:29+08:00 ] 127.0.0.1 /carshop/Public/Uploads/2016-05-06/572c265c62ab5.jpg
INFO: [ app_init ] --START--
INFO: Run Behavior\BuildLiteBehavior [ RunTime:0.000022s ]
INFO: [ app_init ] --END-- [ RunTime:0.000450s ]
ERR: 无法加载模块:Public

[ 2019-04-02T09:03:29+08:00 ] 127.0.0.1 /carshop/Public/Uploads/2016-05-06/572c2644de5d6.jpg
INFO: [ app_init ] --START--
INFO: Run Behavior\BuildLiteBehavior [ RunTime:0.000022s ]
INFO: [ app_init ] --END-- [ RunTime:0.000398s ]
ERR: 无法加载模块:Public

[ 2019-04-02T09:05:25+08:00 ] 127.0.0.1 /carshop/Public/Uploads/2016-05-06/572c265c62ab5.jpg
INFO: [ app_init ] --START--
INFO: Run Behavior\BuildLiteBehavior [ RunTime:0.000023s ]
INFO: [ app_init ] --END-- [ RunTime:0.000465s ]
ERR: 无法加载模块:Public

[ 2019-04-02T09:05:25+08:00 ] 127.0.0.1 /carshop/Public/Uploads/2016-05-06/572c2644de5d6.jpg
INFO: [ app_init ] --START--
INFO: Run Behavior\BuildLiteBehavior [ RunTime:0.000021s ]
INFO: [ app_init ] --END-- [ RunTime:0.000433s ]
ERR: 无法加载模块:Public

[ 2019-04-02T09:05:25+08:00 ] 127.0.0.1 /carshop/Public/Uploads/2016-05-06/572c265c62ab5.jpg
INFO: [ app_init ] --START--
INFO: Run Behavior\BuildLiteBehavior [ RunTime:0.000018s ]
INFO: [ app_init ] --END-- [ RunTime:0.000377s ]
ERR: 无法加载模块:Public

[ 2019-04-02T09:05:25+08:00 ] 127.0.0.1 /carshop/Public/Uploads/2016-05-06/572c2644de5d6.jpg
INFO: [ app_init ] --START--
INFO: Run Behavior\BuildLiteBehavior [ RunTime:0.000022s ]
INFO: [ app_init ] --END-- [ RunTime:0.000509s ]
ERR: 无法加载模块:Public

[ 2019-04-02T09:05:32+08:00 ] 127.0.0.1 /carshop/Public/Uploads/2016-05-06/572c265c62ab5.jpg
INFO: [ app_init ] --START--
INFO: Run Behavior\BuildLiteBehavior [ RunTime:0.000018s ]
INFO: [ app_init ] --END-- [ RunTime:0.000166s ]
ERR: 无法加载模块:Public

[ 2019-04-02T09:05:32+08:00 ] 127.0.0.1 /carshop/Public/Uploads/2016-05-06/572c2644de5d6.jpg
INFO: [ app_init ] --START--
INFO: Run Behavior\BuildLiteBehavior [ RunTime:0.000024s ]
INFO: [ app_init ] --END-- [ RunTime:0.000458s ]
ERR: 无法加载模块:Public

[ 2019-04-02T09:05:32+08:00 ] 127.0.0.1 /carshop/Public/Uploads/2016-05-06/572c2644de5d6.jpg
INFO: [ app_init ] --START--
INFO: Run Behavior\BuildLiteBehavior [ RunTime:0.000019s ]
INFO: [ app_init ] --END-- [ RunTime:0.000162s ]
ERR: 无法加载模块:Public

[ 2019-04-02T09:05:32+08:00 ] 127.0.0.1 /carshop/Public/Uploads/2016-05-06/572c265c62ab5.jpg
INFO: [ app_init ] --START--
INFO: Run Behavior\BuildLiteBehavior [ RunTime:0.000021s ]
INFO: [ app_init ] --END-- [ RunTime:0.000437s ]
ERR: 无法加载模块:Public

[ 2019-04-02T09:08:39+08:00 ] 127.0.0.1 /carshop/Public/Uploads/2016-05-06/572c2644de5d6.jpg
INFO: [ app_init ] --START--
INFO: Run Behavior\BuildLiteBehavior [ RunTime:0.000021s ]
INFO: [ app_init ] --END-- [ RunTime:0.000445s ]
ERR: 无法加载模块:Public

[ 2019-04-02T09:08:39+08:00 ] 127.0.0.1 /carshop/Public/Uploads/2016-05-06/572c265c62ab5.jpg
INFO: [ app_init ] --START--
INFO: Run Behavior\BuildLiteBehavior [ RunTime:0.000017s ]
INFO: [ app_init ] --END-- [ RunTime:0.000387s ]
ERR: 无法加载模块:Public

[ 2019-04-02T09:08:39+08:00 ] 127.0.0.1 /carshop/Public/Uploads/2016-05-06/572c2644de5d6.jpg
INFO: [ app_init ] --START--
INFO: Run Behavior\BuildLiteBehavior [ RunTime:0.000027s ]
INFO: [ app_init ] --END-- [ RunTime:0.000471s ]
ERR: 无法加载模块:Public

[ 2019-04-02T09:08:39+08:00 ] 127.0.0.1 /carshop/Public/Uploads/2016-05-06/572c265c62ab5.jpg
INFO: [ app_init ] --START--
INFO: Run Behavior\BuildLiteBehavior [ RunTime:0.000023s ]
INFO: [ app_init ] --END-- [ RunTime:0.000565s ]
ERR: 无法加载模块:Public

[ 2019-04-02T09:11:40+08:00 ] 127.0.0.1 /carshop/Public/Uploads/2016-05-06/572c265c62ab5.jpg
INFO: [ app_init ] --START--
INFO: Run Behavior\BuildLiteBehavior [ RunTime:0.000022s ]
INFO: [ app_init ] --END-- [ RunTime:0.000355s ]
ERR: 无法加载模块:Public

[ 2019-04-02T09:11:40+08:00 ] 127.0.0.1 /carshop/Public/Uploads/2016-05-06/572c2644de5d6.jpg
INFO: [ app_init ] --START--
INFO: Run Behavior\BuildLiteBehavior [ RunTime:0.000024s ]
INFO: [ app_init ] --END-- [ RunTime:0.000482s ]
ERR: 无法加载模块:Public

[ 2019-04-02T09:11:40+08:00 ] 127.0.0.1 /carshop/Public/Uploads/2016-05-06/572c2644de5d6.jpg
INFO: [ app_init ] --START--
INFO: Run Behavior\BuildLiteBehavior [ RunTime:0.000024s ]
INFO: [ app_init ] --END-- [ RunTime:0.000462s ]
ERR: 无法加载模块:Public

[ 2019-04-02T09:11:40+08:00 ] 127.0.0.1 /carshop/Public/Uploads/2016-05-06/572c265c62ab5.jpg
INFO: [ app_init ] --START--
INFO: Run Behavior\BuildLiteBehavior [ RunTime:0.000024s ]
INFO: [ app_init ] --END-- [ RunTime:0.000462s ]
ERR: 无法加载模块:Public

[ 2019-04-02T09:11:52+08:00 ] 127.0.0.1 /carshop/Public/Uploads/2016-05-06/572c2644de5d6.jpg
INFO: [ app_init ] --START--
INFO: Run Behavior\BuildLiteBehavior [ RunTime:0.000020s ]
INFO: [ app_init ] --END-- [ RunTime:0.000167s ]
ERR: 无法加载模块:Public

[ 2019-04-02T09:11:52+08:00 ] 127.0.0.1 /carshop/Public/Uploads/2016-05-06/572c265c62ab5.jpg
INFO: [ app_init ] --START--
INFO: Run Behavior\BuildLiteBehavior [ RunTime:0.000022s ]
INFO: [ app_init ] --END-- [ RunTime:0.000422s ]
ERR: 无法加载模块:Public

[ 2019-04-02T09:11:52+08:00 ] 127.0.0.1 /carshop/Public/Uploads/2016-05-06/572c2644de5d6.jpg
INFO: [ app_init ] --START--
INFO: Run Behavior\BuildLiteBehavior [ RunTime:0.000020s ]
INFO: [ app_init ] --END-- [ RunTime:0.000188s ]
ERR: 无法加载模块:Public

[ 2019-04-02T09:11:52+08:00 ] 127.0.0.1 /carshop/Public/Uploads/2016-05-06/572c265c62ab5.jpg
INFO: [ app_init ] --START--
INFO: Run Behavior\BuildLiteBehavior [ RunTime:0.000023s ]
INFO: [ app_init ] --END-- [ RunTime:0.000448s ]
ERR: 无法加载模块:Public

[ 2019-04-02T09:12:50+08:00 ] 127.0.0.1 /carshop/Public/Uploads/2016-05-06/572c265c62ab5.jpg
INFO: [ app_init ] --START--
INFO: Run Behavior\BuildLiteBehavior [ RunTime:0.000021s ]
INFO: [ app_init ] --END-- [ RunTime:0.000194s ]
ERR: 无法加载模块:Public

[ 2019-04-02T09:12:50+08:00 ] 127.0.0.1 /carshop/Public/Uploads/2016-05-06/572c2644de5d6.jpg
INFO: [ app_init ] --START--
INFO: Run Behavior\BuildLiteBehavior [ RunTime:0.000022s ]
INFO: [ app_init ] --END-- [ RunTime:0.000461s ]
ERR: 无法加载模块:Public

[ 2019-04-02T09:12:51+08:00 ] 127.0.0.1 /carshop/Public/Uploads/2016-05-06/572c2644de5d6.jpg
INFO: [ app_init ] --START--
INFO: Run Behavior\BuildLiteBehavior [ RunTime:0.000021s ]
INFO: [ app_init ] --END-- [ RunTime:0.000183s ]
ERR: 无法加载模块:Public

[ 2019-04-02T09:12:51+08:00 ] 127.0.0.1 /carshop/Public/Uploads/2016-05-06/572c265c62ab5.jpg
INFO: [ app_init ] --START--
INFO: Run Behavior\BuildLiteBehavior [ RunTime:0.000023s ]
INFO: [ app_init ] --END-- [ RunTime:0.000485s ]
ERR: 无法加载模块:Public

[ 2019-04-02T22:48:19+08:00 ] 127.0.0.1 /carshop/Public/Uploads/2016-05-06/572c2644de5d6.jpg
INFO: [ app_init ] --START--
INFO: Run Behavior\BuildLiteBehavior [ RunTime:0.000025s ]
INFO: [ app_init ] --END-- [ RunTime:0.000427s ]
ERR: 无法加载模块:Public

[ 2019-04-02T22:48:19+08:00 ] 127.0.0.1 /carshop/Public/Uploads/2016-05-06/572c265c62ab5.jpg
INFO: [ app_init ] --START--
INFO: Run Behavior\BuildLiteBehavior [ RunTime:0.000023s ]
INFO: [ app_init ] --END-- [ RunTime:0.000463s ]
ERR: 无法加载模块:Public

[ 2019-04-02T22:48:20+08:00 ] 127.0.0.1 /carshop/Public/Uploads/2016-05-06/572c2644de5d6.jpg
INFO: [ app_init ] --START--
INFO: Run Behavior\BuildLiteBehavior [ RunTime:0.000023s ]
INFO: [ app_init ] --END-- [ RunTime:0.000439s ]
ERR: 无法加载模块:Public

[ 2019-04-02T22:48:20+08:00 ] 127.0.0.1 /carshop/Public/Uploads/2016-05-06/572c265c62ab5.jpg
INFO: [ app_init ] --START--
INFO: Run Behavior\BuildLiteBehavior [ RunTime:0.000021s ]
INFO: [ app_init ] --END-- [ RunTime:0.000521s ]
ERR: 无法加载模块:Public

[ 2019-04-02T22:49:58+08:00 ] 127.0.0.1 /carshop/Public/Uploads/2016-05-06/572c265c62ab5.jpg
INFO: [ app_init ] --START--
INFO: Run Behavior\BuildLiteBehavior [ RunTime:0.000020s ]
INFO: [ app_init ] --END-- [ RunTime:0.000321s ]
ERR: 无法加载模块:Public

[ 2019-04-02T22:49:58+08:00 ] 127.0.0.1 /carshop/Public/Uploads/2016-05-06/572c2644de5d6.jpg
INFO: [ app_init ] --START--
INFO: Run Behavior\BuildLiteBehavior [ RunTime:0.000022s ]
INFO: [ app_init ] --END-- [ RunTime:0.000466s ]
ERR: 无法加载模块:Public

[ 2019-04-02T22:49:58+08:00 ] 127.0.0.1 /carshop/Public/Uploads/2016-05-06/572c265c62ab5.jpg
INFO: [ app_init ] --START--
INFO: Run Behavior\BuildLiteBehavior [ RunTime:0.000019s ]
INFO: [ app_init ] --END-- [ RunTime:0.000210s ]
ERR: 无法加载模块:Public

[ 2019-04-02T22:49:58+08:00 ] 127.0.0.1 /carshop/Public/Uploads/2016-05-06/572c2644de5d6.jpg
INFO: [ app_init ] --START--
INFO: Run Behavior\BuildLiteBehavior [ RunTime:0.000020s ]
INFO: [ app_init ] --END-- [ RunTime:0.000473s ]
ERR: 无法加载模块:Public

[ 2019-04-02T22:50:32+08:00 ] 127.0.0.1 /carshop/Public/Uploads/2016-05-06/572c265c62ab5.jpg
INFO: [ app_init ] --START--
INFO: Run Behavior\BuildLiteBehavior [ RunTime:0.000021s ]
INFO: [ app_init ] --END-- [ RunTime:0.000318s ]
ERR: 无法加载模块:Public

[ 2019-04-02T22:50:32+08:00 ] 127.0.0.1 /carshop/Public/Uploads/2016-05-06/572c2644de5d6.jpg
INFO: [ app_init ] --START--
INFO: Run Behavior\BuildLiteBehavior [ RunTime:0.000021s ]
INFO: [ app_init ] --END-- [ RunTime:0.000469s ]
ERR: 无法加载模块:Public

[ 2019-04-02T22:50:32+08:00 ] 127.0.0.1 /carshop/Public/Uploads/2016-05-06/572c265c62ab5.jpg
INFO: [ app_init ] --START--
INFO: Run Behavior\BuildLiteBehavior [ RunTime:0.000021s ]
INFO: [ app_init ] --END-- [ RunTime:0.000431s ]
ERR: 无法加载模块:Public

[ 2019-04-02T22:50:32+08:00 ] 127.0.0.1 /carshop/Public/Uploads/2016-05-06/572c2644de5d6.jpg
INFO: [ app_init ] --START--
INFO: Run Behavior\BuildLiteBehavior [ RunTime:0.000021s ]
INFO: [ app_init ] --END-- [ RunTime:0.000470s ]
ERR: 无法加载模块:Public

[ 2019-04-02T22:50:54+08:00 ] 127.0.0.1 /carshop/Public/Uploads/2016-05-06/572c2644de5d6.jpg
INFO: [ app_init ] --START--
INFO: Run Behavior\BuildLiteBehavior [ RunTime:0.000019s ]
INFO: [ app_init ] --END-- [ RunTime:0.000452s ]
ERR: 无法加载模块:Public

[ 2019-04-02T22:50:54+08:00 ] 127.0.0.1 /carshop/Public/Uploads/2016-05-06/572c265c62ab5.jpg
INFO: [ app_init ] --START--
INFO: Run Behavior\BuildLiteBehavior [ RunTime:0.000019s ]
INFO: [ app_init ] --END-- [ RunTime:0.000415s ]
ERR: 无法加载模块:Public

[ 2019-04-02T22:50:54+08:00 ] 127.0.0.1 /carshop/Public/Uploads/2016-05-06/572c2644de5d6.jpg
INFO: [ app_init ] --START--
INFO: Run Behavior\BuildLiteBehavior [ RunTime:0.000019s ]
INFO: [ app_init ] --END-- [ RunTime:0.000171s ]
ERR: 无法加载模块:Public

[ 2019-04-02T22:50:54+08:00 ] 127.0.0.1 /carshop/Public/Uploads/2016-05-06/572c265c62ab5.jpg
INFO: [ app_init ] --START--
INFO: Run Behavior\BuildLiteBehavior [ RunTime:0.000018s ]
INFO: [ app_init ] --END-- [ RunTime:0.000381s ]
ERR: 无法加载模块:Public

[ 2019-04-02T22:51:11+08:00 ] 127.0.0.1 /carshop/Public/Uploads/2016-05-06/572c265c62ab5.jpg
INFO: [ app_init ] --START--
INFO: Run Behavior\BuildLiteBehavior [ RunTime:0.000018s ]
INFO: [ app_init ] --END-- [ RunTime:0.000422s ]
ERR: 无法加载模块:Public

[ 2019-04-02T22:51:11+08:00 ] 127.0.0.1 /carshop/Public/Uploads/2016-05-06/572c2644de5d6.jpg
INFO: [ app_init ] --START--
INFO: Run Behavior\BuildLiteBehavior [ RunTime:0.000025s ]
INFO: [ app_init ] --END-- [ RunTime:0.000466s ]
ERR: 无法加载模块:Public

[ 2019-04-02T22:51:11+08:00 ] 127.0.0.1 /carshop/Public/Uploads/2016-05-06/572c265c62ab5.jpg
INFO: [ app_init ] --START--
INFO: Run Behavior\BuildLiteBehavior [ RunTime:0.000024s ]
INFO: [ app_init ] --END-- [ RunTime:0.000458s ]
ERR: 无法加载模块:Public

[ 2019-04-02T22:52:49+08:00 ] 127.0.0.1 /carshop/Public/Uploads/2016-05-06/572c2644de5d6.jpg
INFO: [ app_init ] --START--
INFO: Run Behavior\BuildLiteBehavior [ RunTime:0.000022s ]
INFO: [ app_init ] --END-- [ RunTime:0.000311s ]
ERR: 无法加载模块:Public

[ 2019-04-02T22:52:49+08:00 ] 127.0.0.1 /carshop/Public/Uploads/2016-05-06/572c265c62ab5.jpg
INFO: [ app_init ] --START--
INFO: Run Behavior\BuildLiteBehavior [ RunTime:0.000021s ]
INFO: [ app_init ] --END-- [ RunTime:0.000403s ]
ERR: 无法加载模块:Public

[ 2019-04-02T22:52:49+08:00 ] 127.0.0.1 /carshop/Public/Uploads/2016-05-06/572c265c62ab5.jpg
INFO: [ app_init ] --START--
INFO: Run Behavior\BuildLiteBehavior [ RunTime:0.000017s ]
INFO: [ app_init ] --END-- [ RunTime:0.000139s ]
ERR: 无法加载模块:Public

[ 2019-04-02T22:52:49+08:00 ] 127.0.0.1 /carshop/Public/Uploads/2016-05-06/572c2644de5d6.jpg
INFO: [ app_init ] --START--
INFO: Run Behavior\BuildLiteBehavior [ RunTime:0.000018s ]
INFO: [ app_init ] --END-- [ RunTime:0.000411s ]
ERR: 无法加载模块:Public

[ 2019-04-02T22:59:32+08:00 ] 127.0.0.1 /carshop./Public/Uploads/2016-04-28/5720e25f1d53e.jpg
INFO: [ app_init ] --START--
INFO: Run Behavior\BuildLiteBehavior [ RunTime:0.000019s ]
INFO: [ app_init ] --END-- [ RunTime:0.000409s ]
ERR: 无法加载模块:Public

[ 2019-04-02T23:00:12+08:00 ] 127.0.0.1 /carshop./Public/Uploads/2016-04-28/5720e25f1d53e.jpg
INFO: [ app_init ] --START--
INFO: Run Behavior\BuildLiteBehavior [ RunTime:0.000021s ]
INFO: [ app_init ] --END-- [ RunTime:0.000302s ]
ERR: 无法加载模块:Public

[ 2019-04-02T23:00:17+08:00 ] 127.0.0.1 /carshop./Public/Uploads/2016-04-28/5720e284db8d7.jpg
INFO: [ app_init ] --START--
INFO: Run Behavior\BuildLiteBehavior [ RunTime:0.000021s ]
INFO: [ app_init ] --END-- [ RunTime:0.000192s ]
ERR: 无法加载模块:Public

[ 2019-04-02T23:02:43+08:00 ] 127.0.0.1 /carshop/Public/Uploads/2016-04-28/5720e284db8d7.jpg
INFO: [ app_init ] --START--
INFO: Run Behavior\BuildLiteBehavior [ RunTime:0.000024s ]
INFO: [ app_init ] --END-- [ RunTime:0.000487s ]
ERR: 无法加载模块:Public

[ 2019-04-02T23:02:43+08:00 ] 127.0.0.1 /carshop/Public/Uploads/2016-04-28/5720e284db8d7.jpg
INFO: [ app_init ] --START--
INFO: Run Behavior\BuildLiteBehavior [ RunTime:0.000024s ]
INFO: [ app_init ] --END-- [ RunTime:0.000504s ]
ERR: 无法加载模块:Public

[ 2019-04-02T23:05:28+08:00 ] 127.0.0.1 /carshop/js/jquery.lightbox-0.5.min.js
INFO: [ app_init ] --START--
INFO: Run Behavior\BuildLiteBehavior [ RunTime:0.000025s ]
INFO: [ app_init ] --END-- [ RunTime:0.000540s ]
ERR: 无法加载模块:Js

[ 2019-04-02T23:05:28+08:00 ] 127.0.0.1 /carshop/Application/Home/Public/pc/style/validForm/FormValid.js
INFO: [ app_init ] --START--
INFO: Run Behavior\BuildLiteBehavior [ RunTime:0.000027s ]
INFO: [ app_init ] --END-- [ RunTime:0.014068s ]
ERR: 无法加载模块:Application

[ 2019-04-02T23:05:28+08:00 ] 127.0.0.1 /carshop/Application/Home/Public/pc/style/jbox/jquery.jBox-2.3.min.js
INFO: [ app_init ] --START--
INFO: Run Behavior\BuildLiteBehavior [ RunTime:0.000028s ]
INFO: [ app_init ] --END-- [ RunTime:0.000470s ]
ERR: 无法加载模块:Application

[ 2019-04-02T23:05:28+08:00 ] 127.0.0.1 /carshop/Application/Home/Public/pc/style/validForm/FormValid.js
INFO: [ app_init ] --START--
INFO: Run Behavior\BuildLiteBehavior [ RunTime:0.000013s ]
INFO: [ app_init ] --END-- [ RunTime:0.000288s ]
ERR: 无法加载模块:Application

[ 2019-04-02T23:05:28+08:00 ] 127.0.0.1 /carshop/Application/Home/Public/pc/style/jbox/jquery.jBox-2.3.min.js
INFO: [ app_init ] --START--
INFO: Run Behavior\BuildLiteBehavior [ RunTime:0.000013s ]
INFO: [ app_init ] --END-- [ RunTime:0.000287s ]
ERR: 无法加载模块:Application

[ 2019-04-02T23:05:28+08:00 ] 127.0.0.1 /carshop/js/jquery.lightbox-0.5.min.js
INFO: [ app_init ] --START--
INFO: Run Behavior\BuildLiteBehavior [ RunTime:0.000023s ]
INFO: [ app_init ] --END-- [ RunTime:0.000443s ]
ERR: 无法加载模块:Js

[ 2019-04-02T23:06:06+08:00 ] 127.0.0.1 /carshop/Public/pc/style/jbox/jquery.jBox-2.3.min.js
INFO: [ app_init ] --START--
INFO: Run Behavior\BuildLiteBehavior [ RunTime:0.000022s ]
INFO: [ app_init ] --END-- [ RunTime:0.000443s ]
ERR: 无法加载模块:Public

[ 2019-04-02T23:06:06+08:00 ] 127.0.0.1 /carshop/Public/pc/style/validForm/FormValid.js
INFO: [ app_init ] --START--
INFO: Run Behavior\BuildLiteBehavior [ RunTime:0.000020s ]
INFO: [ app_init ] --END-- [ RunTime:0.000415s ]
ERR: 无法加载模块:Public

[ 2019-04-02T23:06:06+08:00 ] 127.0.0.1 /carshop/Public/pc/style/js/jquery.lightbox-0.5.min.js
INFO: [ app_init ] --START--
INFO: Run Behavior\BuildLiteBehavior [ RunTime:0.000021s ]
INFO: [ app_init ] --END-- [ RunTime:0.000464s ]
ERR: 无法加载模块:Public

[ 2019-04-02T23:06:06+08:00 ] 127.0.0.1 /carshop/Public/pc/style/validForm/FormValid.js
INFO: [ app_init ] --START--
INFO: Run Behavior\BuildLiteBehavior [ RunTime:0.000013s ]
INFO: [ app_init ] --END-- [ RunTime:0.000274s ]
ERR: 无法加载模块:Public

[ 2019-04-02T23:06:06+08:00 ] 127.0.0.1 /carshop/Public/pc/style/jbox/jquery.jBox-2.3.min.js
INFO: [ app_init ] --START--
INFO: Run Behavior\BuildLiteBehavior [ RunTime:0.000018s ]
INFO: [ app_init ] --END-- [ RunTime:0.000373s ]
ERR: 无法加载模块:Public

[ 2019-04-02T23:06:06+08:00 ] 127.0.0.1 /carshop/Public/pc/style/js/jquery.lightbox-0.5.min.js
INFO: [ app_init ] --START--
INFO: Run Behavior\BuildLiteBehavior [ RunTime:0.000023s ]
INFO: [ app_init ] --END-- [ RunTime:0.000438s ]
ERR: 无法加载模块:Public

[ 2019-04-02T23:06:10+08:00 ] 127.0.0.1 /carshop/Public/pc/style/jbox/jquery.jBox-2.3.min.js
INFO: [ app_init ] --START--
INFO: Run Behavior\BuildLiteBehavior [ RunTime:0.000019s ]
INFO: [ app_init ] --END-- [ RunTime:0.000436s ]
ERR: 无法加载模块:Public

[ 2019-04-02T23:06:10+08:00 ] 127.0.0.1 /carshop/Public/pc/style/validForm/FormValid.js
INFO: [ app_init ] --START--
INFO: Run Behavior\BuildLiteBehavior [ RunTime:0.000020s ]
INFO: [ app_init ] --END-- [ RunTime:0.000425s ]
ERR: 无法加载模块:Public

[ 2019-04-02T23:06:10+08:00 ] 127.0.0.1 /carshop/Public/pc/style/validForm/FormValid.js
INFO: [ app_init ] --START--
INFO: Run Behavior\BuildLiteBehavior [ RunTime:0.000015s ]
INFO: [ app_init ] --END-- [ RunTime:0.000444s ]
ERR: 无法加载模块:Public

[ 2019-04-02T23:06:10+08:00 ] 127.0.0.1 /carshop/Public/pc/style/jbox/jquery.jBox-2.3.min.js
INFO: [ app_init ] --START--
INFO: Run Behavior\BuildLiteBehavior [ RunTime:0.000013s ]
INFO: [ app_init ] --END-- [ RunTime:0.000317s ]
ERR: 无法加载模块:Public

[ 2019-04-02T23:16:51+08:00 ] 127.0.0.1 /carshop/Public/Uploads/2016-05-06/572c265c62ab5.jpg
INFO: [ app_init ] --START--
INFO: Run Behavior\BuildLiteBehavior [ RunTime:0.000020s ]
INFO: [ app_init ] --END-- [ RunTime:0.000432s ]
ERR: 无法加载模块:Public

[ 2019-04-02T23:16:51+08:00 ] 127.0.0.1 /carshop/Public/Uploads/2016-05-06/572c2644de5d6.jpg
INFO: [ app_init ] --START--
INFO: Run Behavior\BuildLiteBehavior [ RunTime:0.000019s ]
INFO: [ app_init ] --END-- [ RunTime:0.000421s ]
ERR: 无法加载模块:Public

