[ 2019-03-30T01:43:00+08:00 ] 127.0.0.1 /carshop/Application/Home/Public/style/jbox/jquery.jBox-2.3.min.js
INFO: [ app_init ] --START--
INFO: Run Behavior\BuildLiteBehavior [ RunTime:0.000023s ]
INFO: [ app_init ] --END-- [ RunTime:0.000384s ]
ERR: Êó†Ê≥ïÂä†ËΩΩÊ®°Âùó:Application

[ 2019-03-30T01:43:00+08:00 ] 127.0.0.1 /carshop/index.php/js/jquery.lightbox-0.5.min.js
INFO: [ app_init ] --START--
INFO: Run Behavior\BuildLiteBehavior [ RunTime:0.000022s ]
INFO: [ app_init ] --END-- [ RunTime:0.000202s ]
ERR: Êó†Ê≥ïÂä†ËΩΩÊ®°Âùó:Js

[ 2019-03-30T01:43:00+08:00 ] 127.0.0.1 /carshop/Application/Home/Public/style/validForm/FormValid.js
INFO: [ app_init ] --START--
INFO: Run Behavior\BuildLiteBehavior [ RunTime:0.000026s ]
INFO: [ app_init ] --END-- [ RunTime:0.000812s ]
ERR: Êó†Ê≥ïÂä†ËΩΩÊ®°Âùó:Application

[ 2019-03-30T01:43:00+08:00 ] 127.0.0.1 /carshop/index.php/images/20150810100856-61052986513823272.jpg
INFO: [ app_init ] --START--
INFO: Run Behavior\BuildLiteBehavior [ RunTime:0.000024s ]
INFO: [ app_init ] --END-- [ RunTime:0.000311s ]
ERR: Êó†Ê≥ïÂä†ËΩΩÊ®°Âùó:Images

[ 2019-03-30T01:43:00+08:00 ] 127.0.0.1 /carshop/index.php/images/20150810100905-58394173160195352.jpg
INFO: [ app_init ] --START--
INFO: Run Behavior\BuildLiteBehavior [ RunTime:0.000022s ]
INFO: [ app_init ] --END-- [ RunTime:0.000330s ]
ERR: Êó†Ê≥ïÂä†ËΩΩÊ®°Âùó:Images

[ 2019-03-30T01:43:00+08:00 ] 127.0.0.1 /carshop/index.php/images/logo.png
INFO: [ app_init ] --START--
INFO: Run Behavior\BuildLiteBehavior [ RunTime:0.000023s ]
INFO: [ app_init ] --END-- [ RunTime:0.000400s ]
ERR: Êó†Ê≥ïÂä†ËΩΩÊ®°Âùó:Images

[ 2019-03-30T01:43:00+08:00 ] 127.0.0.1 /carshop/index.php/images/20150810100919-38210531882941720.jpg
INFO: [ app_init ] --START--
INFO: Run Behavior\BuildLiteBehavior [ RunTime:0.000026s ]
INFO: [ app_init ] --END-- [ RunTime:0.000400s ]
ERR: Êó†Ê≥ïÂä†ËΩΩÊ®°Âùó:Images

[ 2019-03-30T01:43:00+08:00 ] 127.0.0.1 /carshop/index.php/images/20150810101106-46672245394438504.jpg
INFO: [ app_init ] --START--
INFO: Run Behavior\BuildLiteBehavior [ RunTime:0.000020s ]
INFO: [ app_init ] --END-- [ RunTime:0.000189s ]
ERR: Êó†Ê≥ïÂä†ËΩΩÊ®°Âùó:Images

[ 2019-03-30T01:43:00+08:00 ] 127.0.0.1 /carshop/index.php/images/20150810101634-35172443836927412.jpg
INFO: [ app_init ] --START--
INFO: Run Behavior\BuildLiteBehavior [ RunTime:0.000019s ]
INFO: [ app_init ] --END-- [ RunTime:0.000182s ]
ERR: Êó†Ê≥ïÂä†ËΩΩÊ®°Âùó:Images

[ 2019-03-30T01:43:00+08:00 ] 127.0.0.1 /carshop/index.php/images/20150810101641-64434476010501384.jpg
INFO: [ app_init ] --START--
INFO: Run Behavior\BuildLiteBehavior [ RunTime:0.000023s ]
INFO: [ app_init ] --END-- [ RunTime:0.000245s ]
ERR: Êó†Ê≥ïÂä†ËΩΩÊ®°Âùó:Images

[ 2019-03-30T01:43:00+08:00 ] 127.0.0.1 /carshop/index.php/images/20150810101649-98561866441741584.jpg
INFO: [ app_init ] --START--
INFO: Run Behavior\BuildLiteBehavior [ RunTime:0.000020s ]
INFO: [ app_init ] --END-- [ RunTime:0.000212s ]
ERR: Êó†Ê≥ïÂä†ËΩΩÊ®°Âùó:Images

[ 2019-03-30T01:43:00+08:00 ] 127.0.0.1 /carshop/index.php/images/20150804142615-1490638500.jpg
INFO: [ app_init ] --START--
INFO: Run Behavior\BuildLiteBehavior [ RunTime:0.000015s ]
INFO: [ app_init ] --END-- [ RunTime:0.000141s ]
ERR: Êó†Ê≥ïÂä†ËΩΩÊ®°Âùó:Images

[ 2019-03-30T01:43:00+08:00 ] 127.0.0.1 /carshop/index.php/images/20150804142607-500806644.jpg
INFO: [ app_init ] --START--
INFO: Run Behavior\BuildLiteBehavior [ RunTime:0.000017s ]
INFO: [ app_init ] --END-- [ RunTime:0.000156s ]
ERR: Êó†Ê≥ïÂä†ËΩΩÊ®°Âùó:Images

[ 2019-03-30T01:43:00+08:00 ] 127.0.0.1 /carshop/index.php/images/20150804142600-629205096.jpg
INFO: [ app_init ] --START--
INFO: Run Behavior\BuildLiteBehavior [ RunTime:0.000017s ]
INFO: [ app_init ] --END-- [ RunTime:0.000162s ]
ERR: Êó†Ê≥ïÂä†ËΩΩÊ®°Âùó:Images

[ 2019-03-30T01:43:00+08:00 ] 127.0.0.1 /carshop/index.php/images/20150804152838-947160084.jpg
INFO: [ app_init ] --START--
INFO: Run Behavior\BuildLiteBehavior [ RunTime:0.000030s ]
INFO: [ app_init ] --END-- [ RunTime:0.000732s ]
ERR: Êó†Ê≥ïÂä†ËΩΩÊ®°Âùó:Images

[ 2019-03-30T01:43:00+08:00 ] 127.0.0.1 /carshop/index.php/images/er.gif
INFO: [ app_init ] --START--
INFO: Run Behavior\BuildLiteBehavior [ RunTime:0.000021s ]
INFO: [ app_init ] --END-- [ RunTime:0.000349s ]
ERR: Êó†Ê≥ïÂä†ËΩΩÊ®°Âùó:Images

[ 2019-03-30T01:43:00+08:00 ] 127.0.0.1 /carshop/index.php/images/20150804142611-1195336428.jpg
INFO: [ app_init ] --START--
INFO: Run Behavior\BuildLiteBehavior [ RunTime:0.000035s ]
INFO: [ app_init ] --END-- [ RunTime:0.004184s ]
ERR: Êó†Ê≥ïÂä†ËΩΩÊ®°Âùó:Images

[ 2019-03-30T01:43:00+08:00 ] 127.0.0.1 /carshop/Application/Home/Public/style/jbox/jquery.jBox-2.3.min.js
INFO: [ app_init ] --START--
INFO: Run Behavior\BuildLiteBehavior [ RunTime:0.000018s ]
INFO: [ app_init ] --END-- [ RunTime:0.000178s ]
ERR: Êó†Ê≥ïÂä†ËΩΩÊ®°Âùó:Application

[ 2019-03-30T01:43:00+08:00 ] 127.0.0.1 /carshop/index.php/images/logo.png
INFO: [ app_init ] --START--
INFO: Run Behavior\BuildLiteBehavior [ RunTime:0.000018s ]
INFO: [ app_init ] --END-- [ RunTime:0.000184s ]
ERR: Êó†Ê≥ïÂä†ËΩΩÊ®°Âùó:Images

[ 2019-03-30T01:43:00+08:00 ] 127.0.0.1 /carshop/index.php/images/20150810100856-61052986513823272.jpg
INFO: [ app_init ] --START--
INFO: Run Behavior\BuildLiteBehavior [ RunTime:0.000018s ]
INFO: [ app_init ] --END-- [ RunTime:0.000190s ]
ERR: Êó†Ê≥ïÂä†ËΩΩÊ®°Âùó:Images

[ 2019-03-30T01:43:00+08:00 ] 127.0.0.1 /carshop/index.php/js/jquery.lightbox-0.5.min.js
INFO: [ app_init ] --START--
INFO: Run Behavior\BuildLiteBehavior [ RunTime:0.000018s ]
INFO: [ app_init ] --END-- [ RunTime:0.000256s ]
ERR: Êó†Ê≥ïÂä†ËΩΩÊ®°Âùó:Js

[ 2019-03-30T01:43:00+08:00 ] 127.0.0.1 /carshop/index.php/images/20150810100905-58394173160195352.jpg
INFO: [ app_init ] --START--
INFO: Run Behavior\BuildLiteBehavior [ RunTime:0.000018s ]
INFO: [ app_init ] --END-- [ RunTime:0.000200s ]
ERR: Êó†Ê≥ïÂä†ËΩΩÊ®°Âùó:Images

[ 2019-03-30T01:43:00+08:00 ] 127.0.0.1 /carshop/index.php/images/20150810100919-38210531882941720.jpg
INFO: [ app_init ] --START--
INFO: Run Behavior\BuildLiteBehavior [ RunTime:0.000018s ]
INFO: [ app_init ] --END-- [ RunTime:0.000186s ]
ERR: Êó†Ê≥ïÂä†ËΩΩÊ®°Âùó:Images

[ 2019-03-30T01:43:00+08:00 ] 127.0.0.1 /carshop/index.php/images/20150804112945-946058568.jpg
INFO: [ app_init ] --START--
INFO: Run Behavior\BuildLiteBehavior [ RunTime:0.000015s ]
INFO: [ app_init ] --END-- [ RunTime:0.000162s ]
ERR: Êó†Ê≥ïÂä†ËΩΩÊ®°Âùó:Images


[ 2019-03-30T01:43:00+08:00 ] 127.0.0.1 /carshop/index.php/images/20150804112848-251193540.jpg
INFO: [ app_init ] --START--
INFO: Run Behavior\BuildLiteBehavior [ RunTime:0.000020s ]
INFO: [ app_init ] --END-- [ RunTime:0.000187s ]
ERR: Êó†Ê≥ïÂä†ËΩΩÊ®°Âùó:Images

[ 2019-03-30T01:43:00+08:00 ] 127.0.0.1 /carshop/index.php/images/20150810101106-46672245394438504.jpg
INFO: [ app_init ] --START--
INFO: Run Behavior\BuildLiteBehavior [ RunTime:0.000028s ]
INFO: [ app_init ] --END-- [ RunTime:0.000213s ]
ERR: Êó†Ê≥ïÂä†ËΩΩÊ®°Âùó:Images

[ 2019-03-30T01:43:00+08:00 ] 127.0.0.1 /carshop/index.php/images/20150810101634-35172443836927412.jpg
INFO: [ app_init ] --START--
INFO: Run Behavior\BuildLiteBehavior [ RunTime:0.000020s ]
INFO: [ app_init ] --END-- [ RunTime:0.000197s ]
ERR: Êó†Ê≥ïÂä†ËΩΩÊ®°Âùó:Images

[ 2019-03-30T01:43:00+08:00 ] 127.0.0.1 /carshop/index.php/images/20150810101649-98561866441741584.jpg
INFO: [ app_init ] --START--
INFO: Run Behavior\BuildLiteBehavior [ RunTime:0.000019s ]
INFO: [ app_init ] --END-- [ RunTime:0.000175s ]
ERR: Êó†Ê≥ïÂä†ËΩΩÊ®°Âùó:Images

[ 2019-03-30T01:43:00+08:00 ] 127.0.0.1 /carshop/index.php/images/20150810101641-64434476010501384.jpg
INFO: [ app_init ] --START--
INFO: Run Behavior\BuildLiteBehavior [ RunTime:0.000019s ]
INFO: [ app_init ] --END-- [ RunTime:0.000242s ]
ERR: Êó†Ê≥ïÂä†ËΩΩÊ®°Âùó:Images

[ 2019-03-30T01:43:00+08:00 ] 127.0.0.1 /carshop/index.php/images/20150804142607-500806644.jpg
INFO: [ app_init ] --START--
INFO: Run Behavior\BuildLiteBehavior [ RunTime:0.000023s ]
INFO: [ app_init ] --END-- [ RunTime:0.000227s ]
ERR: Êó†Ê≥ïÂä†ËΩΩÊ®°Âùó:Images

[ 2019-03-30T01:43:00+08:00 ] 127.0.0.1 /carshop/index.php/images/20150804142611-1195336428.jpg
INFO: [ app_init ] --START--
INFO: Run Behavior\BuildLiteBehavior [ RunTime:0.000018s ]
INFO: [ app_init ] --END-- [ RunTime:0.000177s ]
ERR: Êó†Ê≥ïÂä†ËΩΩÊ®°Âùó:Images

[ 2019-03-30T01:43:00+08:00 ] 127.0.0.1 /carshop/index.php/images/20150804142615-1490638500.jpg
INFO: [ app_init ] --START--
INFO: Run Behavior\BuildLiteBehavior [ RunTime:0.000017s ]
INFO: [ app_init ] --END-- [ RunTime:0.000167s ]
ERR: Êó†Ê≥ïÂä†ËΩΩÊ®°Âùó:Images

[ 2019-03-30T01:43:00+08:00 ] 127.0.0.1 /carshop/index.php/images/20150804152838-947160084.jpg
INFO: [ app_init ] --START--
INFO: Run Behavior\BuildLiteBehavior [ RunTime:0.000019s ]
INFO: [ app_init ] --END-- [ RunTime:0.000169s ]
ERR: Êó†Ê≥ïÂä†ËΩΩÊ®°Âùó:Images

[ 2019-03-30T01:43:00+08:00 ] 127.0.0.1 /carshop/index.php/images/er.gif
INFO: [ app_init ] --START--
INFO: Run Behavior\BuildLiteBehavior [ RunTime:0.000018s ]
INFO: [ app_init ] --END-- [ RunTime:0.000189s ]
ERR: Êó†Ê≥ïÂä†ËΩΩÊ®°Âùó:Images

[ 2019-03-30T01:43:18+08:00 ] 127.0.0.1 /carshop/Application/Home/Public/style/validForm/FormValid.js
INFO: [ app_init ] --START--
INFO: Run Behavior\BuildLiteBehavior [ RunTime:0.000019s ]
INFO: [ app_init ] --END-- [ RunTime:0.000186s ]
ERR: Êó†Ê≥ïÂä†ËΩΩÊ®°Âùó:Application

[ 2019-03-30T01:43:18+08:00 ] 127.0.0.1 /carshop/Application/Home/Public/style/jbox/jquery.jBox-2.3.min.js
INFO: [ app_init ] --START--
INFO: Run Behavior\BuildLiteBehavior [ RunTime:0.000019s ]
INFO: [ app_init ] --END-- [ RunTime:0.000172s ]
ERR: Êó†Ê≥ïÂä†ËΩΩÊ®°Âùó:Application

[ 2019-03-30T01:43:18+08:00 ] 127.0.0.1 /carshop/index.php/images/logo.png
INFO: [ app_init ] --START--
INFO: Run Behavior\BuildLiteBehavior [ RunTime:0.000019s ]
INFO: [ app_init ] --END-- [ RunTime:0.000177s ]
ERR: Êó†Ê≥ïÂä†ËΩΩÊ®°Âùó:Images

[ 2019-03-30T01:43:18+08:00 ] 127.0.0.1 /carshop/index.php/images/20150810100905-58394173160195352.jpg
INFO: [ app_init ] --START--
INFO: Run Behavior\BuildLiteBehavior [ RunTime:0.000021s ]
INFO: [ app_init ] --END-- [ RunTime:0.000196s ]
ERR: Êó†Ê≥ïÂä†ËΩΩÊ®°Âùó:Images

[ 2019-03-30T01:43:18+08:00 ] 127.0.0.1 /carshop/index.php/images/20150810100919-38210531882941720.jpg
INFO: [ app_init ] --START--
INFO: Run Behavior\BuildLiteBehavior [ RunTime:0.000017s ]
INFO: [ app_init ] --END-- [ RunTime:0.000183s ]
ERR: Êó†Ê≥ïÂä†ËΩΩÊ®°Âùó:Images

[ 2019-03-30T01:43:18+08:00 ] 127.0.0.1 /carshop/index.php/js/jquery.lightbox-0.5.min.js
INFO: [ app_init ] --START--
INFO: Run Behavior\BuildLiteBehavior [ RunTime:0.000023s ]
INFO: [ app_init ] --END-- [ RunTime:0.000199s ]
ERR: Êó†Ê≥ïÂä†ËΩΩÊ®°Âùó:Js

[ 2019-03-30T01:43:18+08:00 ] 127.0.0.1 /carshop/index.php/images/20150810101641-64434476010501384.jpg
INFO: [ app_init ] --START--
INFO: Run Behavior\BuildLiteBehavior [ RunTime:0.000021s ]
INFO: [ app_init ] --END-- [ RunTime:0.000314s ]
ERR: Êó†Ê≥ïÂä†ËΩΩÊ®°Âùó:Images

[ 2019-03-30T01:43:18+08:00 ] 127.0.0.1 /carshop/index.php/images/20150810101649-98561866441741584.jpg
INFO: [ app_init ] --START--
INFO: Run Behavior\BuildLiteBehavior [ RunTime:0.000022s ]
INFO: [ app_init ] --END-- [ RunTime:0.000191s ]
ERR: Êó†Ê≥ïÂä†ËΩΩÊ®°Âùó:Images

[ 2019-03-30T01:43:18+08:00 ] 127.0.0.1 /carshop/index.php/images/20150804142607-500806644.jpg
INFO: [ app_init ] --START--
INFO: Run Behavior\BuildLiteBehavior [ RunTime:0.000016s ]
INFO: [ app_init ] --END-- [ RunTime:0.000186s ]
ERR: Êó†Ê≥ïÂä†ËΩΩÊ®°Âùó:Images

[ 2019-03-30T01:43:18+08:00 ] 127.0.0.1 /carshop/index.php/images/20150804142615-1490638500.jpg
INFO: [ app_init ] --START--
INFO: Run Behavior\BuildLiteBehavior [ RunTime:0.000018s ]
INFO: [ app_init ] --END-- [ RunTime:0.000175s ]
ERR: Êó†Ê≥ïÂä†ËΩΩÊ®°Âùó:Images

[ 2019-03-30T01:43:18+08:00 ] 127.0.0.1 /carshop/index.php/images/20150804152838-947160084.jpg
INFO: [ app_init ] --START--
INFO: Run Behavior\BuildLiteBehavior [ RunTime:0.000017s ]
INFO: [ app_init ] --END-- [ RunTime:0.000165s ]
ERR: Êó†Ê≥ïÂä†ËΩΩÊ®°Âùó:Images

[ 2019-03-30T01:43:18+08:00 ] 127.0.0.1 /carshop/index.php/images/20150810101106-46672245394438504.jpg
INFO: [ app_init ] --START--
INFO: Run Behavior\BuildLiteBehavior [ RunTime:0.000020s ]
INFO: [ app_init ] --END-- [ RunTime:0.000187s ]
ERR: Êó†Ê≥ïÂä†ËΩΩÊ®°Âùó:Images

[ 2019-03-30T01:43:18+08:00 ] 127.0.0.1 /carshop/index.php/images/er.gif
INFO: [ app_init ] --START--
INFO: Run Behavior\BuildLiteBehavior [ RunTime:0.000022s ]
INFO: [ app_init ] --END-- [ RunTime:0.000212s ]
ERR: Êó†Ê≥ïÂä†ËΩΩÊ®°Âùó:Images

[ 2019-03-30T01:43:18+08:00 ] 127.0.0.1 /carshop/index.php/images/20150810100856-61052986513823272.jpg
INFO: [ app_init ] --START--
INFO: Run Behavior\BuildLiteBehavior [ RunTime:0.000021s ]
INFO: [ app_init ] --END-- [ RunTime:0.000190s ]
ERR: Êó†Ê≥ïÂä†ËΩΩÊ®°Âùó:Images

[ 2019-03-30T01:43:18+08:00 ] 127.0.0.1 /carshop/index.php/images/20150804142611-1195336428.jpg
INFO: [ app_init ] --START--
INFO: Run Behavior\BuildLiteBehavior [ RunTime:0.000018s ]
INFO: [ app_init ] --END-- [ RunTime:0.000174s ]
ERR: Êó†Ê≥ïÂä†ËΩΩÊ®°Âùó:Images

[ 2019-03-30T01:43:18+08:00 ] 127.0.0.1 /carshop/index.php/images/20150810101634-35172443836927412.jpg
INFO: [ app_init ] --START--
INFO: Run Behavior\BuildLiteBehavior [ RunTime:0.000022s ]
INFO: [ app_init ] --END-- [ RunTime:0.000400s ]
ERR: Êó†Ê≥ïÂä†ËΩΩÊ®°Âùó:Images

[ 2019-03-30T01:43:19+08:00 ] 127.0.0.1 /carshop/Application/Home/Public/style/validForm/FormValid.js
INFO: [ app_init ] --START--
INFO: Run Behavior\BuildLiteBehavior [ RunTime:0.000020s ]
INFO: [ app_init ] --END-- [ RunTime:0.000183s ]
ERR: Êó†Ê≥ïÂä†ËΩΩÊ®°Âùó:Application

[ 2019-03-30T01:43:19+08:00 ] 127.0.0.1 /carshop/Application/Home/Public/style/jbox/jquery.jBox-2.3.min.js
INFO: [ app_init ] --START--
INFO: Run Behavior\BuildLiteBehavior [ RunTime:0.000011s ]
INFO: [ app_init ] --END-- [ RunTime:0.000116s ]
ERR: Êó†Ê≥ïÂä†ËΩΩÊ®°Âùó:Application

[ 2019-03-30T01:43:19+08:00 ] 127.0.0.1 /carshop/index.php/images/logo.png
INFO: [ app_init ] --START--
INFO: Run Behavior\BuildLiteBehavior [ RunTime:0.000016s ]
INFO: [ app_init ] --END-- [ RunTime:0.000162s ]
ERR: Êó†Ê≥ïÂä†ËΩΩÊ®°Âùó:Images

[ 2019-03-30T01:43:19+08:00 ] 127.0.0.1 /carshop/index.php/images/20150810100856-61052986513823272.jpg
INFO: [ app_init ] --START--
INFO: Run Behavior\BuildLiteBehavior [ RunTime:0.000021s ]
INFO: [ app_init ] --END-- [ RunTime:0.000194s ]
ERR: Êó†Ê≥ïÂä†ËΩΩÊ®°Âùó:Images

[ 2019-03-30T01:43:19+08:00 ] 127.0.0.1 /carshop/index.php/images/20150810100905-58394173160195352.jpg
INFO: [ app_init ] --START--
INFO: Run Behavior\BuildLiteBehavior [ RunTime:0.000019s ]
INFO: [ app_init ] --END-- [ RunTime:0.000188s ]
ERR: Êó†Ê≥ïÂä†ËΩΩÊ®°Âùó:Images

[ 2019-03-30T01:43:19+08:00 ] 127.0.0.1 /carshop/index.php/images/20150810100919-38210531882941720.jpg
INFO: [ app_init ] --START--
INFO: Run Behavior\BuildLiteBehavior [ RunTime:0.000020s ]
INFO: [ app_init ] --END-- [ RunTime:0.000185s ]
ERR: Êó†Ê≥ïÂä†ËΩΩÊ®°Âùó:Images

[ 2019-03-30T01:43:19+08:00 ] 127.0.0.1 /carshop/index.php/js/jquery.lightbox-0.5.min.js
INFO: [ app_init ] --START--
INFO: Run Behavior\BuildLiteBehavior [ RunTime:0.000019s ]
INFO: [ app_init ] --END-- [ RunTime:0.000192s ]
ERR: Êó†Ê≥ïÂä†ËΩΩÊ®°Âùó:Js

[ 2019-03-30T01:43:19+08:00 ] 127.0.0.1 /carshop/index.php/images/20150804112945-946058568.jpg
INFO: [ app_init ] --START--
INFO: Run Behavior\BuildLiteBehavior [ RunTime:0.000021s ]
INFO: [ app_init ] --END-- [ RunTime:0.000198s ]
ERR: Êó†Ê≥ïÂä†ËΩΩÊ®°Âùó:Images

[ 2019-03-30T01:43:19+08:00 ] 127.0.0.1 /carshop/index.php/images/20150804112838-1533884976.jpg
INFO: [ app_init ] --START--
INFO: Run Behavior\BuildLiteBehavior [ RunTime:0.000020s ]
INFO: [ app_init ] --END-- [ RunTime:0.000177s ]
ERR: Êó†Ê≥ïÂä†ËΩΩÊ®°Âùó:Images

[ 2019-03-30T01:43:19+08:00 ] 127.0.0.1 /carshop/index.php/images/20150804112848-251193540.jpg
INFO: [ app_init ] --START--
INFO: Run Behavior\BuildLiteBehavior [ RunTime:0.000029s ]
INFO: [ app_init ] --END-- [ RunTime:0.000412s ]
ERR: Êó†Ê≥ïÂä†ËΩΩÊ®°Âùó:Images

[ 2019-03-30T01:43:19+08:00 ] 127.0.0.1 /carshop/index.php/images/20150810101106-46672245394438504.jpg
INFO: [ app_init ] --START--
INFO: Run Behavior\BuildLiteBehavior [ RunTime:0.000018s ]
INFO: [ app_init ] --END-- [ RunTime:0.000171s ]
ERR: Êó†Ê≥ïÂä†ËΩΩÊ®°Âùó:Images

[ 2019-03-30T01:43:19+08:00 ] 127.0.0.1 /carshop/index.php/images/20150810101634-35172443836927412.jpg
INFO: [ app_init ] --START--
INFO: Run Behavior\BuildLiteBehavior [ RunTime:0.000022s ]
INFO: [ app_init ] --END-- [ RunTime:0.000307s ]
ERR: Êó†Ê≥ïÂä†ËΩΩÊ®°Âùó:Images

[ 2019-03-30T01:43:19+08:00 ] 127.0.0.1 /carshop/index.php/images/20150810101649-98561866441741584.jpg
INFO: [ app_init ] --START--
INFO: Run Behavior\BuildLiteBehavior [ RunTime:0.000020s ]
INFO: [ app_init ] --END-- [ RunTime:0.000224s ]
ERR: Êó†Ê≥ïÂä†ËΩΩÊ®°Âùó:Images

[ 2019-03-30T01:43:19+08:00 ] 127.0.0.1 /carshop/index.php/images/er.gif
INFO: [ app_init ] --START--
INFO: Run Behavior\BuildLiteBehavior [ RunTime:0.000016s ]
INFO: [ app_init ] --END-- [ RunTime:0.000158s ]
ERR: Êó†Ê≥ïÂä†ËΩΩÊ®°Âùó:Images

ä†ËΩΩÊ®°Âùó:Images

[ 2019-03-30T01:43:19+08:00 ] 127.0.0.1 /carshop/index.php/images/20150804142615-1490638500.jpg
INFO: [ app_init ] --START--
INFO: Run Behavior\BuildLiteBehavior [ RunTime:0.000019s ]
INFO: [ app_init ] --END-- [ RunTime:0.000178s ]
ERR: Êó†Ê≥ïÂä†ËΩΩÊ®°Âùó:Images

[ 2019-03-30T01:43:19+08:00 ] 127.0.0.1 /carshop/index.php/images/20150804142611-1195336428.jpg
INFO: [ app_init ] --START--
INFO: Run Behavior\BuildLiteBehavior [ RunTime:0.000019s ]
INFO: [ app_init ] --END-- [ RunTime:0.000189s ]
ERR: Êó†Ê≥ïÂä†ËΩΩÊ®°Âùó:Images

[ 2019-03-30T01:43:19+08:00 ] 127.0.0.1 /carshop/index.php/images/20150804142607-500806644.jpg
INFO: [ app_init ] --START--
INFO: Run Behavior\BuildLiteBehavior [ RunTime:0.000016s ]
INFO: [ app_init ] --END-- [ RunTime:0.000171s ]
ERR: Êó†Ê≥ïÂä†ËΩΩÊ®°Âùó:Images

[ 2019-03-30T01:43:19+08:00 ] 127.0.0.1 /carshop/index.php/images/20150804142600-629205096.jpg
INFO: [ app_init ] --START--
INFO: Run Behavior\BuildLiteBehavior [ RunTime:0.000017s ]
INFO: [ app_init ] --END-- [ RunTime:0.000181s ]
ERR: Êó†Ê≥ïÂä†ËΩΩÊ®°Âùó:Images

