[ 2019-03-28T23:45:27+08:00 ] 127.0.0.1 /carshop./Public/Uploads/2016-04-07/570650c43db3b.jpg
INFO: [ app_init ] --START--
INFO: Run Behavior\BuildLiteBehavior [ RunTime:0.000020s ]
INFO: [ app_init ] --END-- [ RunTime:0.000312s ]
ERR: 无法加载模块:Public

[ 2019-03-28T23:45:27+08:00 ] 127.0.0.1 /carshop./Public/Uploads/2016-04-07/570650c43db3b.jpg
INFO: [ app_init ] --START--
INFO: Run Behavior\BuildLiteBehavior [ RunTime:0.000016s ]
INFO: [ app_init ] --END-- [ RunTime:0.000142s ]
ERR: 无法加载模块:Public

[ 2019-03-28T23:47:12+08:00 ] 127.0.0.1 /carshop./Public/Uploads/2016-04-07/570650c43db3b.jpg
INFO: [ app_init ] --START--
INFO: Run Behavior\BuildLiteBehavior [ RunTime:0.000024s ]
INFO: [ app_init ] --END-- [ RunTime:0.000305s ]
ERR: 无法加载模块:Public

[ 2019-03-28T23:47:12+08:00 ] 127.0.0.1 /carshop./Public/Uploads/2016-04-07/570650c43db3b.jpg
INFO: [ app_init ] --START--
INFO: Run Behavior\BuildLiteBehavior [ RunTime:0.000020s ]
INFO: [ app_init ] --END-- [ RunTime:0.000196s ]
ERR: 无法加载模块:Public

[ 2019-03-28T23:47:56+08:00 ] 127.0.0.1 /carshop./Public/Uploads/2016-04-07/570650c43db3b.jpg
INFO: [ app_init ] --START--
INFO: Run Behavior\BuildLiteBehavior [ RunTime:0.000018s ]
INFO: [ app_init ] --END-- [ RunTime:0.000165s ]
ERR: 无法加载模块:Public

[ 2019-03-28T23:47:56+08:00 ] 127.0.0.1 /carshop./Public/Uploads/2016-04-07/570650c43db3b.jpg
INFO: [ app_init ] --START--
INFO: Run Behavior\BuildLiteBehavior [ RunTime:0.000020s ]
INFO: [ app_init ] --END-- [ RunTime:0.000332s ]
ERR: 无法加载模块:Public

[ 2019-03-28T23:48:01+08:00 ] 127.0.0.1 /carshop./Public/Uploads/2016-05-03/5728bb5fc39d9.jpg
INFO: [ app_init ] --START--
INFO: Run Behavior\BuildLiteBehavior [ RunTime:0.000021s ]
INFO: [ app_init ] --END-- [ RunTime:0.000191s ]
ERR: 无法加载模块:Public

[ 2019-03-28T23:48:01+08:00 ] 127.0.0.1 /carshop./Public/Uploads/2016-05-03/5728bb5fc39d9.jpg
INFO: [ app_init ] --START--
INFO: Run Behavior\BuildLiteBehavior [ RunTime:0.000018s ]
INFO: [ app_init ] --END-- [ RunTime:0.000160s ]
ERR: 无法加载模块:Public

[ 2019-03-28T23:48:06+08:00 ] 127.0.0.1 /carshop./Public/Uploads/2016-04-27/5720440116c2c.jpg
INFO: [ app_init ] --START--
INFO: Run Behavior\BuildLiteBehavior [ RunTime:0.000021s ]
INFO: [ app_init ] --END-- [ RunTime:0.000212s ]
ERR: 无法加载模块:Public

[ 2019-03-28T23:48:06+08:00 ] 127.0.0.1 /carshop./Public/Uploads/2016-04-27/5720442390d32.jpg
INFO: [ app_init ] --START--
INFO: Run Behavior\BuildLiteBehavior [ RunTime:0.000032s ]
INFO: [ app_init ] --END-- [ RunTime:0.000583s ]
ERR: 无法加载模块:Public

[ 2019-03-28T23:48:06+08:00 ] 127.0.0.1 /carshop./Public/Uploads/2016-04-27/5720440116c2c.jpg
INFO: [ app_init ] --START--
INFO: Run Behavior\BuildLiteBehavior [ RunTime:0.000016s ]
INFO: [ app_init ] --END-- [ RunTime:0.000138s ]
ERR: 无法加载模块:Public

[ 2019-03-28T23:48:06+08:00 ] 127.0.0.1 /carshop./Public/Uploads/2016-04-27/5720442390d32.jpg
INFO: [ app_init ] --START--
INFO: Run Behavior\BuildLiteBehavior [ RunTime:0.000018s ]
INFO: [ app_init ] --END-- [ RunTime:0.000157s ]
ERR: 无法加载模块:Public

[ 2019-03-28T23:48:17+08:00 ] 127.0.0.1 /carshop./Public/Uploads/2016-05-06/572c262a12607.jpg
INFO: [ app_init ] --START--
INFO: Run Behavior\BuildLiteBehavior [ RunTime:0.000019s ]
INFO: [ app_init ] --END-- [ RunTime:0.000155s ]
ERR: 无法加载模块:Public

[ 2019-03-28T23:48:17+08:00 ] 127.0.0.1 /carshop./Public/Uploads/2016-05-06/572c260d27369.jpg
INFO: [ app_init ] --START--
INFO: Run Behavior\BuildLiteBehavior [ RunTime:0.000019s ]
INFO: [ app_init ] --END-- [ RunTime:0.000163s ]
ERR: 无法加载模块:Public

[ 2019-03-28T23:48:17+08:00 ] 127.0.0.1 /carshop./Public/Uploads/2016-05-06/572c265c62ab5.jpg
INFO: [ app_init ] --START--
INFO: Run Behavior\BuildLiteBehavior [ RunTime:0.000019s ]
INFO: [ app_init ] --END-- [ RunTime:0.000277s ]
ERR: 无法加载模块:Public

[ 2019-03-28T23:48:17+08:00 ] 127.0.0.1 /carshop./Public/Uploads/2016-05-06/572c25f280ede.jpg
INFO: [ app_init ] --START--
INFO: Run Behavior\BuildLiteBehavior [ RunTime:0.000018s ]
INFO: [ app_init ] --END-- [ RunTime:0.000397s ]
ERR: 无法加载模块:Public

[ 2019-03-28T23:48:17+08:00 ] 127.0.0.1 /carshop./Public/Uploads/2016-05-06/572c2644de5d6.jpg
INFO: [ app_init ] --START--
INFO: Run Behavior\BuildLiteBehavior [ RunTime:0.000022s ]
INFO: [ app_init ] --END-- [ RunTime:0.000367s ]
ERR: 无法加载模块:Public

[ 2019-03-28T23:48:17+08:00 ] 127.0.0.1 /carshop./Public/Uploads/2016-05-06/572c260d27369.jpg
INFO: [ app_init ] --START--
INFO: Run Behavior\BuildLiteBehavior [ RunTime:0.000019s ]
INFO: [ app_init ] --END-- [ RunTime:0.000164s ]
ERR: 无法加载模块:Public

[ 2019-03-28T23:48:17+08:00 ] 127.0.0.1 /carshop./Public/Uploads/2016-05-06/572c2644de5d6.jpg
INFO: [ app_init ] --START--
INFO: Run Behavior\BuildLiteBehavior [ RunTime:0.000015s ]
INFO: [ app_init ] --END-- [ RunTime:0.000136s ]
ERR: 无法加载模块:Public

[ 2019-03-28T23:48:17+08:00 ] 127.0.0.1 /carshop./Public/Uploads/2016-05-06/572c265c62ab5.jpg
INFO: [ app_init ] --START--
INFO: Run Behavior\BuildLiteBehavior [ RunTime:0.000017s ]
INFO: [ app_init ] --END-- [ RunTime:0.000154s ]
ERR: 无法加载模块:Public

[ 2019-03-28T23:48:17+08:00 ] 127.0.0.1 /carshop./Public/Uploads/2016-05-06/572c262a12607.jpg
INFO: [ app_init ] --START--
INFO: Run Behavior\BuildLiteBehavior [ RunTime:0.000017s ]
INFO: [ app_init ] --END-- [ RunTime:0.000152s ]
ERR: 无法加载模块:Public

[ 2019-03-28T23:48:17+08:00 ] 127.0.0.1 /carshop./Public/Uploads/2016-05-06/572c25f280ede.jpg
INFO: [ app_init ] --START--
INFO: Run Behavior\BuildLiteBehavior [ RunTime:0.000023s ]
INFO: [ app_init ] --END-- [ RunTime:0.000512s ]
ERR: 无法加载模块:Public

[ 2019-03-28T23:48:23+08:00 ] 127.0.0.1 /carshop./Public/Uploads/2016-04-07/570650c43db3b.jpg
INFO: [ app_init ] --START--
INFO: Run Behavior\BuildLiteBehavior [ RunTime:0.000023s ]
INFO: [ app_init ] --END-- [ RunTime:0.000437s ]
ERR: 无法加载模块:Public

[ 2019-03-28T23:48:24+08:00 ] 127.0.0.1 /carshop./Public/Uploads/2016-04-07/570650c43db3b.jpg
INFO: [ app_init ] --START--
INFO: Run Behavior\BuildLiteBehavior [ RunTime:0.000014s ]
INFO: [ app_init ] --END-- [ RunTime:0.000284s ]
ERR: 无法加载模块:Public

[ 2019-03-28T23:51:24+08:00 ] 127.0.0.1 /carshop./Public/Uploads/2016-04-07/570650c43db3b.jpg
INFO: [ app_init ] --START--
INFO: Run Behavior\BuildLiteBehavior [ RunTime:0.000022s ]
INFO: [ app_init ] --END-- [ RunTime:0.000438s ]
ERR: 无法加载模块:Public

[ 2019-03-28T23:51:24+08:00 ] 127.0.0.1 /carshop./Public/Uploads/2016-04-07/570650c43db3b.jpg
INFO: [ app_init ] --START--
INFO: Run Behavior\BuildLiteBehavior [ RunTime:0.000024s ]
INFO: [ app_init ] --END-- [ RunTime:0.000448s ]
ERR: 无法加载模块:Public

[ 2019-03-28T23:51:33+08:00 ] 127.0.0.1 /carshop./Public/Uploads/2016-05-03/5728bb5fc39d9.jpg
INFO: [ app_init ] --START--
INFO: Run Behavior\BuildLiteBehavior [ RunTime:0.000021s ]
INFO: [ app_init ] --END-- [ RunTime:0.000448s ]
ERR: 无法加载模块:Public

[ 2019-03-28T23:51:33+08:00 ] 127.0.0.1 /carshop./Public/Uploads/2016-05-03/5728bb5fc39d9.jpg
INFO: [ app_init ] --START--
INFO: Run Behavior\BuildLiteBehavior [ RunTime:0.000023s ]
INFO: [ app_init ] --END-- [ RunTime:0.000463s ]
ERR: 无法加载模块:Public

[ 2019-03-28T23:53:13+08:00 ] 127.0.0.1 /carshop./Public/Uploads/2016-05-03/5728bb5fc39d9.jpg
INFO: [ app_init ] --START--
INFO: Run Behavior\BuildLiteBehavior [ RunTime:0.000027s ]
INFO: [ app_init ] --END-- [ RunTime:0.000694s ]
ERR: 无法加载模块:Public

[ 2019-03-28T23:53:13+08:00 ] 127.0.0.1 /carshop./Public/Uploads/2016-05-03/5728bb5fc39d9.jpg
INFO: [ app_init ] --START--
INFO: Run Behavior\BuildLiteBehavior [ RunTime:0.000023s ]
INFO: [ app_init ] --END-- [ RunTime:0.000422s ]
ERR: 无法加载模块:Public

[ 2019-03-28T23:53:28+08:00 ] 127.0.0.1 /carshop./Public/Uploads/2016-04-27/572043b5b427e.jpg
INFO: [ app_init ] --START--
INFO: Run Behavior\BuildLiteBehavior [ RunTime:0.000019s ]
INFO: [ app_init ] --END-- [ RunTime:0.000280s ]
ERR: 无法加载模块:Public

[ 2019-03-28T23:53:28+08:00 ] 127.0.0.1 /carshop./Public/Uploads/2016-04-27/5720440116c2c.jpg
INFO: [ app_init ] --START--
INFO: Run Behavior\BuildLiteBehavior [ RunTime:0.000026s ]
INFO: [ app_init ] --END-- [ RunTime:0.000537s ]
ERR: 无法加载模块:Public

[ 2019-03-28T23:53:28+08:00 ] 127.0.0.1 /carshop./Public/Uploads/2016-04-27/572043b5b427e.jpg
INFO: [ app_init ] --START--
INFO: Run Behavior\BuildLiteBehavior [ RunTime:0.000017s ]
INFO: [ app_init ] --END-- [ RunTime:0.000153s ]
ERR: 无法加载模块:Public

[ 2019-03-28T23:53:28+08:00 ] 127.0.0.1 /carshop./Public/Uploads/2016-04-27/5720440116c2c.jpg
INFO: [ app_init ] --START--
INFO: Run Behavior\BuildLiteBehavior [ RunTime:0.000019s ]
INFO: [ app_init ] --END-- [ RunTime:0.000387s ]
ERR: 无法加载模块:Public

[ 2019-03-28T23:59:06+08:00 ] 127.0.0.1 /carshop./Public/Uploads/2016-04-27/572043b5b427e.jpg
INFO: [ app_init ] --START--
INFO: Run Behavior\BuildLiteBehavior [ RunTime:0.000017s ]
INFO: [ app_init ] --END-- [ RunTime:0.000252s ]
ERR: 无法加载模块:Public

[ 2019-03-28T23:59:06+08:00 ] 127.0.0.1 /carshop./Public/Uploads/2016-04-27/5720440116c2c.jpg
INFO: [ app_init ] --START--
INFO: Run Behavior\BuildLiteBehavior [ RunTime:0.000016s ]
INFO: [ app_init ] --END-- [ RunTime:0.000255s ]
ERR: 无法加载模块:Public

[ 2019-03-28T23:59:06+08:00 ] 127.0.0.1 /carshop./Public/Uploads/2016-04-27/572043b5b427e.jpg
INFO: [ app_init ] --START--
INFO: Run Behavior\BuildLiteBehavior [ RunTime:0.000018s ]
INFO: [ app_init ] --END-- [ RunTime:0.000169s ]
ERR: 无法加载模块:Public

[ 2019-03-28T23:59:06+08:00 ] 127.0.0.1 /carshop./Public/Uploads/2016-04-27/5720440116c2c.jpg
INFO: [ app_init ] --START--
INFO: Run Behavior\BuildLiteBehavior [ RunTime:0.000020s ]
INFO: [ app_init ] --END-- [ RunTime:0.000189s ]
ERR: 无法加载模块:Public

[ 2019-03-28T23:59:21+08:00 ] 127.0.0.1 /carshop./Public/Uploads/2016-05-03/5728bb5fc39d9.jpg
INFO: [ app_init ] --START--
INFO: Run Behavior\BuildLiteBehavior [ RunTime:0.000019s ]
INFO: [ app_init ] --END-- [ RunTime:0.000176s ]
ERR: 无法加载模块:Public

[ 2019-03-28T23:59:21+08:00 ] 127.0.0.1 /carshop./Public/Uploads/2016-05-03/5728bb5fc39d9.jpg
INFO: [ app_init ] --START--
INFO: Run Behavior\BuildLiteBehavior [ RunTime:0.000018s ]
INFO: [ app_init ] --END-- [ RunTime:0.000160s ]
ERR: 无法加载模块:Public

[ 2019-03-28T23:59:25+08:00 ] 127.0.0.1 /carshop./Public/Uploads/2016-04-27/5720440116c2c.jpg
INFO: [ app_init ] --START--
INFO: Run Behavior\BuildLiteBehavior [ RunTime:0.000020s ]
INFO: [ app_init ] --END-- [ RunTime:0.000238s ]
ERR: 无法加载模块:Public

[ 2019-03-28T23:59:25+08:00 ] 127.0.0.1 /carshop./Public/Uploads/2016-04-27/572043b5b427e.jpg
INFO: [ app_init ] --START--
INFO: Run Behavior\BuildLiteBehavior [ RunTime:0.000022s ]
INFO: [ app_init ] --END-- [ RunTime:0.000442s ]
ERR: 无法加载模块:Public

[ 2019-03-28T23:59:25+08:00 ] 127.0.0.1 /carshop./Public/Uploads/2016-04-27/572043b5b427e.jpg
INFO: [ app_init ] --START--
INFO: Run Behavior\BuildLiteBehavior [ RunTime:0.000019s ]
INFO: [ app_init ] --END-- [ RunTime:0.000171s ]
ERR: 无法加载模块:Public

[ 2019-03-28T23:59:25+08:00 ] 127.0.0.1 /carshop./Public/Uploads/2016-04-27/5720440116c2c.jpg
INFO: [ app_init ] --START--
INFO: Run Behavior\BuildLiteBehavior [ RunTime:0.000023s ]
INFO: [ app_init ] --END-- [ RunTime:0.000178s ]
ERR: 无法加载模块:Public

[ 2019-03-28T23:59:30+08:00 ] 127.0.0.1 /carshop./Public/Uploads/2016-05-06/572c260d27369.jpg
INFO: [ app_init ] --START--
INFO: Run Behavior\BuildLiteBehavior [ RunTime:0.000019s ]
INFO: [ app_init ] --END-- [ RunTime:0.000183s ]
ERR: 无法加载模块:Public

[ 2019-03-28T23:59:30+08:00 ] 127.0.0.1 /carshop./Public/Uploads/2016-05-06/572c265c62ab5.jpg
INFO: [ app_init ] --START--
INFO: Run Behavior\BuildLiteBehavior [ RunTime:0.000020s ]
INFO: [ app_init ] --END-- [ RunTime:0.000203s ]
ERR: 无法加载模块:Public

[ 2019-03-28T23:59:30+08:00 ] 127.0.0.1 /carshop./Public/Uploads/2016-05-06/572c2644de5d6.jpg
INFO: [ app_init ] --START--
INFO: Run Behavior\BuildLiteBehavior [ RunTime:0.000019s ]
INFO: [ app_init ] --END-- [ RunTime:0.000326s ]
ERR: 无法加载模块:Public

[ 2019-03-28T23:59:30+08:00 ] 127.0.0.1 /carshop./Public/Uploads/2016-05-06/572c262a12607.jpg
INFO: [ app_init ] --START--
INFO: Run Behavior\BuildLiteBehavior [ RunTime:0.000019s ]
INFO: [ app_init ] --END-- [ RunTime:0.000168s ]
ERR: 无法加载模块:Public

[ 2019-03-28T23:59:30+08:00 ] 127.0.0.1 /carshop./Public/Uploads/2016-05-06/572c2644de5d6.jpg
INFO: [ app_init ] --START--
INFO: Run Behavior\BuildLiteBehavior [ RunTime:0.000016s ]
INFO: [ app_init ] --END-- [ RunTime:0.000155s ]
ERR: 无法加载模块:Public

[ 2019-03-28T23:59:30+08:00 ] 127.0.0.1 /carshop./Public/Uploads/2016-05-06/572c265c62ab5.jpg
INFO: [ app_init ] --START--
INFO: Run Behavior\BuildLiteBehavior [ RunTime:0.000019s ]
INFO: [ app_init ] --END-- [ RunTime:0.000159s ]
ERR: 无法加载模块:Public

[ 2019-03-28T23:59:30+08:00 ] 127.0.0.1 /carshop./Public/Uploads/2016-05-06/572c262a12607.jpg
INFO: [ app_init ] --START--
INFO: Run Behavior\BuildLiteBehavior [ RunTime:0.000020s ]
INFO: [ app_init ] --END-- [ RunTime:0.000200s ]
ERR: 无法加载模块:Public

[ 2019-03-28T23:59:30+08:00 ] 127.0.0.1 /carshop./Public/Uploads/2016-05-06/572c260d27369.jpg
INFO: [ app_init ] --START--
INFO: Run Behavior\BuildLiteBehavior [ RunTime:0.000022s ]
INFO: [ app_init ] --END-- [ RunTime:0.000511s ]
ERR: 无法加载模块:Public

[ 2019-03-28T23:59:38+08:00 ] 127.0.0.1 /carshop./Public/Uploads/2016-05-03/5728bb5fc39d9.jpg
INFO: [ app_init ] --START--
INFO: Run Behavior\BuildLiteBehavior [ RunTime:0.000024s ]
INFO: [ app_init ] --END-- [ RunTime:0.001042s ]
ERR: 无法加载模块:Public

[ 2019-03-28T23:59:38+08:00 ] 127.0.0.1 /carshop./Public/Uploads/2016-05-03/5728bb5fc39d9.jpg
INFO: [ app_init ] --START--
INFO: Run Behavior\BuildLiteBehavior [ RunTime:0.000023s ]
INFO: [ app_init ] --END-- [ RunTime:0.000459s ]
ERR: 无法加载模块:Public

