[ 2019-05-10T14:59:12+08:00 ] 127.0.0.1 /carshop/index.php/admin
INFO: [ app_init ] --START--
INFO: Run Behavior\BuildLiteBehavior [ RunTime:0.000018s ]
INFO: [ app_init ] --END-- [ RunTime:0.000625s ]
INFO: [ app_begin ] --START--
INFO: Run Behavior\ReadHtmlCacheBehavior [ RunTime:0.000570s ]
INFO: [ app_begin ] --END-- [ RunTime:0.000641s ]
INFO: [ view_parse ] --START--
INFO: [ template_filter ] --START--
INFO: Run Behavior\ContentReplaceBehavior [ RunTime:0.000061s ]
INFO: [ template_filter ] --END-- [ RunTime:0.000158s ]
INFO: Run Behavior\ParseTemplateBehavior [ RunTime:0.007906s ]
INFO: [ view_parse ] --END-- [ RunTime:0.007992s ]
INFO: [ view_filter ] --START--
INFO: Run Behavior\WriteHtmlCacheBehavior [ RunTime:0.000410s ]
INFO: [ view_filter ] --END-- [ RunTime:0.000475s ]

[ 2019-05-10T14:59:16+08:00 ] 127.0.0.1 /carshop/index.php/Admin/Login/index.html
INFO: [ app_init ] --START--
INFO: Run Behavior\BuildLiteBehavior [ RunTime:0.000016s ]
INFO: [ app_init ] --END-- [ RunTime:0.000449s ]
INFO: [ app_begin ] --START--
INFO: Run Behavior\ReadHtmlCacheBehavior [ RunTime:0.000779s ]
INFO: [ app_begin ] --END-- [ RunTime:0.000876s ]
INFO: [ view_parse ] --START--
INFO: [ template_filter ] --START--
INFO: Run Behavior\ContentReplaceBehavior [ RunTime:0.000050s ]
INFO: [ template_filter ] --END-- [ RunTime:0.000130s ]
INFO: Run Behavior\ParseTemplateBehavior [ RunTime:0.007318s ]
INFO: [ view_parse ] --END-- [ RunTime:0.007400s ]
INFO: [ view_filter ] --START--
INFO: Run Behavior\WriteHtmlCacheBehavior [ RunTime:0.000346s ]
INFO: [ view_filter ] --END-- [ RunTime:0.000401s ]
INFO: [ app_end ] --START--
INFO: Run Behavior\ShowPageTraceBehavior [ RunTime:0.000539s ]
INFO: [ app_end ] --END-- [ RunTime:0.000589s ]

[ 2019-05-10T14:59:16+08:00 ] 127.0.0.1 /carshop/index.php/Admin/Login/verify
INFO: [ app_init ] --START--
INFO: Run Behavior\BuildLiteBehavior [ RunTime:0.000023s ]
INFO: [ app_init ] --END-- [ RunTime:0.000570s ]
INFO: [ app_begin ] --START--
INFO: Run Behavior\ReadHtmlCacheBehavior [ RunTime:0.000686s ]
INFO: [ app_begin ] --END-- [ RunTime:0.000768s ]
INFO: [ app_end ] --START--
INFO: Run Behavior\ShowPageTraceBehavior [ RunTime:0.000786s ]
INFO: [ app_end ] --END-- [ RunTime:0.000902s ]

[ 2019-05-10T14:59:25+08:00 ] 127.0.0.1 /carshop/index.php/Admin/Login/index.html
INFO: [ app_init ] --START--
INFO: Run Behavior\BuildLiteBehavior [ RunTime:0.000015s ]
INFO: [ app_init ] --END-- [ RunTime:0.000409s ]
INFO: [ app_begin ] --START--
INFO: Run Behavior\ReadHtmlCacheBehavior [ RunTime:0.000703s ]
INFO: [ app_begin ] --END-- [ RunTime:0.000800s ]
NOTIC: [8] Use of undefined constant unique - assumed 'unique' C:\PHPWAMP_IN3\wwwroot\carshop\ThinkPHP\Common\functions.php 第 588 行.
NOTIC: [8] Use of undefined constant unique - assumed 'unique' C:\PHPWAMP_IN3\wwwroot\carshop\ThinkPHP\Common\functions.php 第 588 行.
SQL: SHOW COLUMNS FROM `cs_admin` [ RunTime:0.0080s ]
NOTIC: [8] Undefined index: validate C:\PHPWAMP_IN3\wwwroot\carshop\ThinkPHP\Library\Think\Model.class.php 第 1185 行.
NOTIC: [8] Undefined index: auto C:\PHPWAMP_IN3\wwwroot\carshop\ThinkPHP\Library\Think\Model.class.php 第 1128 行.
SQL: SELECT * FROM `cs_admin` WHERE ( username='admin' ) LIMIT 1   [ RunTime:0.0005s ]
INFO: [ view_parse ] --START--
INFO: [ template_filter ] --START--
INFO: Run Behavior\ContentReplaceBehavior [ RunTime:0.000048s ]
INFO: [ template_filter ] --END-- [ RunTime:0.000121s ]
INFO: Run Behavior\ParseTemplateBehavior [ RunTime:0.010881s ]
INFO: [ view_parse ] --END-- [ RunTime:0.010988s ]
INFO: [ view_filter ] --START--
INFO: Run Behavior\WriteHtmlCacheBehavior [ RunTime:0.000383s ]
INFO: [ view_filter ] --END-- [ RunTime:0.000437s ]

[ 2019-05-10T14:59:28+08:00 ] 127.0.0.1 /carshop/index.php/Admin/Login/index.html
INFO: [ app_init ] --START--
INFO: Run Behavior\BuildLiteBehavior [ RunTime:0.000018s ]
INFO: [ app_init ] --END-- [ RunTime:0.000496s ]
INFO: [ app_begin ] --START--
INFO: Run Behavior\ReadHtmlCacheBehavior [ RunTime:0.000622s ]
INFO: [ app_begin ] --END-- [ RunTime:0.000697s ]
INFO: [ view_parse ] --START--
INFO: [ template_filter ] --START--
INFO: Run Behavior\ContentReplaceBehavior [ RunTime:0.000047s ]
INFO: [ template_filter ] --END-- [ RunTime:0.000117s ]
INFO: Run Behavior\ParseTemplateBehavior [ RunTime:0.005342s ]
INFO: [ view_parse ] --END-- [ RunTime:0.005420s ]
INFO: [ view_filter ] --START--
INFO: Run Behavior\WriteHtmlCacheBehavior [ RunTime:0.000492s ]
INFO: [ view_filter ] --END-- [ RunTime:0.000649s ]
INFO: [ app_end ] --START--
INFO: Run Behavior\ShowPageTraceBehavior [ RunTime:0.000825s ]
INFO: [ app_end ] --END-- [ RunTime:0.000986s ]

[ 2019-05-10T14:59:28+08:00 ] 127.0.0.1 /carshop/index.php/Admin/Login/verify
INFO: [ app_init ] --START--
INFO: Run Behavior\BuildLiteBehavior [ RunTime:0.000026s ]
INFO: [ app_init ] --END-- [ RunTime:0.000642s ]
INFO: [ app_begin ] --START--
INFO: Run Behavior\ReadHtmlCacheBehavior [ RunTime:0.000837s ]
INFO: [ app_begin ] --END-- [ RunTime:0.000941s ]
INFO: [ app_end ] --START--
INFO: Run Behavior\ShowPageTraceBehavior [ RunTime:0.000884s ]
INFO: [ app_end ] --END-- [ RunTime:0.000994s ]

[ 2019-05-10T14:59:41+08:00 ] 127.0.0.1 /carshop/index.php/Admin/Login/index.html
INFO: [ app_init ] --START--
INFO: Run Behavior\BuildLiteBehavior [ RunTime:0.000021s ]
INFO: [ app_init ] --END-- [ RunTime:0.000606s ]
INFO: [ app_begin ] --START--
INFO: Run Behavior\ReadHtmlCacheBehavior [ RunTime:0.000662s ]
INFO: [ app_begin ] --END-- [ RunTime:0.000744s ]
NOTIC: [8] Use of undefined constant unique - assumed 'unique' C:\PHPWAMP_IN3\wwwroot\carshop\ThinkPHP\Common\functions.php 第 588 行.
NOTIC: [8] Use of undefined constant unique - assumed 'unique' C:\PHPWAMP_IN3\wwwroot\carshop\ThinkPHP\Common\functions.php 第 588 行.
SQL: SHOW COLUMNS FROM `cs_admin` [ RunTime:0.0076s ]
NOTIC: [8] Undefined index: validate C:\PHPWAMP_IN3\wwwroot\carshop\ThinkPHP\Library\Think\Model.class.php 第 1185 行.
INFO: [ view_parse ] --START--
INFO: [ template_filter ] --START--
INFO: Run Behavior\ContentReplaceBehavior [ RunTime:0.000067s ]
INFO: [ template_filter ] --END-- [ RunTime:0.000255s ]
INFO: Run Behavior\ParseTemplateBehavior [ RunTime:0.006874s ]
INFO: [ view_parse ] --END-- [ RunTime:0.006991s ]
INFO: [ view_filter ] --START--
INFO: Run Behavior\WriteHtmlCacheBehavior [ RunTime:0.000436s ]
INFO: [ view_filter ] --END-- [ RunTime:0.000490s ]

[ 2019-05-10T14:59:44+08:00 ] 127.0.0.1 /carshop/index.php/Admin/Login/index.html
INFO: [ app_init ] --START--
INFO: Run Behavior\BuildLiteBehavior [ RunTime:0.000016s ]
INFO: [ app_init ] --END-- [ RunTime:0.000459s ]
INFO: [ app_begin ] --START--
INFO: Run Behavior\ReadHtmlCacheBehavior [ RunTime:0.000506s ]
INFO: [ app_begin ] --END-- [ RunTime:0.000571s ]
INFO: [ view_parse ] --START--
INFO: [ template_filter ] --START--
INFO: Run Behavior\ContentReplaceBehavior [ RunTime:0.000159s ]
INFO: [ template_filter ] --END-- [ RunTime:0.000285s ]
INFO: Run Behavior\ParseTemplateBehavior [ RunTime:0.008255s ]
INFO: [ view_parse ] --END-- [ RunTime:0.008379s ]
INFO: [ view_filter ] --START--
INFO: Run Behavior\WriteHtmlCacheBehavior [ RunTime:0.000683s ]
INFO: [ view_filter ] --END-- [ RunTime:0.000796s ]
INFO: [ app_end ] --START--
INFO: Run Behavior\ShowPageTraceBehavior [ RunTime:0.000561s ]
INFO: [ app_end ] --END-- [ RunTime:0.000616s ]

[ 2019-05-10T14:59:44+08:00 ] 127.0.0.1 /carshop/index.php/Admin/Login/verify
INFO: [ app_init ] --START--
INFO: Run Behavior\BuildLiteBehavior [ RunTime:0.000023s ]
INFO: [ app_init ] --END-- [ RunTime:0.000595s ]
INFO: [ app_begin ] --START--
INFO: Run Behavior\ReadHtmlCacheBehavior [ RunTime:0.000770s ]
INFO: [ app_begin ] --END-- [ RunTime:0.000868s ]
INFO: [ app_end ] --START--
INFO: Run Behavior\ShowPageTraceBehavior [ RunTime:0.000938s ]
INFO: [ app_end ] --END-- [ RunTime:0.001065s ]

[ 2019-05-10T14:59:56+08:00 ] 127.0.0.1 /carshop/index.php/Admin/Login/index.html
INFO: [ app_init ] --START--
INFO: Run Behavior\BuildLiteBehavior [ RunTime:0.000022s ]
INFO: [ app_init ] --END-- [ RunTime:0.000605s ]
INFO: [ app_begin ] --START--
INFO: Run Behavior\ReadHtmlCacheBehavior [ RunTime:0.000643s ]
INFO: [ app_begin ] --END-- [ RunTime:0.000732s ]
NOTIC: [8] Use of undefined constant unique - assumed 'unique' C:\PHPWAMP_IN3\wwwroot\carshop\ThinkPHP\Common\functions.php 第 588 行.
NOTIC: [8] Use of undefined constant unique - assumed 'unique' C:\PHPWAMP_IN3\wwwroot\carshop\ThinkPHP\Common\functions.php 第 588 行.
SQL: SHOW COLUMNS FROM `cs_admin` [ RunTime:0.0085s ]
NOTIC: [8] Undefined index: validate C:\PHPWAMP_IN3\wwwroot\carshop\ThinkPHP\Library\Think\Model.class.php 第 1185 行.
NOTIC: [8] Undefined index: auto C:\PHPWAMP_IN3\wwwroot\carshop\ThinkPHP\Library\Think\Model.class.php 第 1128 行.
SQL: SELECT * FROM `cs_admin` WHERE ( username='admin' ) LIMIT 1   [ RunTime:0.0004s ]
NOTIC: [8] Use of undefined constant unique - assumed 'unique' C:\PHPWAMP_IN3\wwwroot\carshop\ThinkPHP\Common\functions.php 第 588 行.
SQL: SHOW COLUMNS FROM `cs_role` [ RunTime:0.0099s ]
NOTIC: [8] Use of undefined constant unique - assumed 'unique' C:\PHPWAMP_IN3\wwwroot\carshop\ThinkPHP\Common\functions.php 第 588 行.
SQL: SHOW COLUMNS FROM `cs_privilege` [ RunTime:0.0095s ]
SQL: SELECT `rolename`,`pri_id_list` FROM `cs_role` WHERE `id` = 1 LIMIT 1   [ RunTime:0.0009s ]
SQL: SELECT * FROM `cs_privilege` WHERE ( parentid=0 )  [ RunTime:0.0007s ]
SQL: SELECT * FROM `cs_privilege` WHERE ( parentid=17 )  [ RunTime:0.0003s ]
SQL: SELECT * FROM `cs_privilege` WHERE ( parentid=32 )  [ RunTime:0.0003s ]
SQL: SELECT * FROM `cs_privilege` WHERE ( parentid=44 )  [ RunTime:0.0003s ]
SQL: SELECT * FROM `cs_privilege` WHERE ( parentid=49 )  [ RunTime:0.0002s ]
INFO: [ view_parse ] --START--
INFO: [ template_filter ] --START--
INFO: Run Behavior\ContentReplaceBehavior [ RunTime:0.000047s ]
INFO: [ template_filter ] --END-- [ RunTime:0.000124s ]
INFO: Run Behavior\ParseTemplateBehavior [ RunTime:0.005367s ]
INFO: [ view_parse ] --END-- [ RunTime:0.005437s ]
INFO: [ view_filter ] --START--
INFO: Run Behavior\WriteHtmlCacheBehavior [ RunTime:0.000302s ]
INFO: [ view_filter ] --END-- [ RunTime:0.000343s ]
INFO: [ app_end ] --START--
INFO: Run Behavior\ShowPageTraceBehavior [ RunTime:0.000460s ]
INFO: [ app_end ] --END-- [ RunTime:0.000504s ]

[ 2019-05-10T14:59:57+08:00 ] 127.0.0.1 /carshop/index.php/Admin/index/index.html
INFO: [ app_init ] --START--
INFO: Run Behavior\BuildLiteBehavior [ RunTime:0.000024s ]
INFO: [ app_init ] --END-- [ RunTime:0.000658s ]
INFO: [ app_begin ] --START--
INFO: Run Behavior\ReadHtmlCacheBehavior [ RunTime:0.000845s ]
INFO: [ app_begin ] --END-- [ RunTime:0.000960s ]
INFO: [ view_parse ] --START--
INFO: [ template_filter ] --START--
INFO: Run Behavior\ContentReplaceBehavior [ RunTime:0.000125s ]
INFO: [ template_filter ] --END-- [ RunTime:0.000267s ]
INFO: Run Behavior\ParseTemplateBehavior [ RunTime:0.015085s ]
INFO: [ view_parse ] --END-- [ RunTime:0.015172s ]
INFO: [ view_filter ] --START--
INFO: Run Behavior\WriteHtmlCacheBehavior [ RunTime:0.000365s ]
INFO: [ view_filter ] --END-- [ RunTime:0.000421s ]
INFO: [ app_end ] --START--
INFO: Run Behavior\ShowPageTraceBehavior [ RunTime:0.000847s ]
INFO: [ app_end ] --END-- [ RunTime:0.000937s ]

[ 2019-05-10T15:00:01+08:00 ] 127.0.0.1 /carshop/index.php/Admin/Article/lst
INFO: [ app_init ] --START--
INFO: Run Behavior\BuildLiteBehavior [ RunTime:0.000021s ]
INFO: [ app_init ] --END-- [ RunTime:0.000599s ]
INFO: [ app_begin ] --START--
INFO: Run Behavior\ReadHtmlCacheBehavior [ RunTime:0.000659s ]
INFO: [ app_begin ] --END-- [ RunTime:0.000736s ]
SQL: SHOW COLUMNS FROM `cs_article` [ RunTime:0.0068s ]
SQL: SHOW COLUMNS FROM `cs_cate` [ RunTime:0.0067s ]
NOTIC: [2] Invalid argument supplied for foreach() C:\PHPWAMP_IN3\wwwroot\carshop\ThinkPHP\Library\Think\Db\Driver.class.php 第 504 行.
SQL: SELECT COUNT(*) AS tp_count FROM cs_article article LEFT JOIN cs_cate cate ON article.cateid=cate.id LIMIT 1   [ RunTime:0.0035s ]
NOTIC: [2] Invalid argument supplied for foreach() C:\PHPWAMP_IN3\wwwroot\carshop\ThinkPHP\Library\Think\Db\Driver.class.php 第 504 行.
SQL: SELECT article.id AS id,article.title AS title,article.rem AS rem,article.pic AS pic,cate.name AS name FROM cs_article article LEFT JOIN cs_cate cate ON article.cateid=cate.id ORDER BY article.id asc LIMIT 0,10   [ RunTime:0.0012s ]
NOTIC: [8] Use of undefined constant unique - assumed 'unique' C:\PHPWAMP_IN3\wwwroot\carshop\ThinkPHP\Common\functions.php 第 588 行.
SQL: SHOW COLUMNS FROM `cs_cate` [ RunTime:0.0068s ]
SQL: SELECT * FROM `cs_cate` ORDER BY sort asc  [ RunTime:0.0007s ]
INFO: [ view_parse ] --START--
INFO: [ template_filter ] --START--
INFO: Run Behavior\ContentReplaceBehavior [ RunTime:0.000085s ]
INFO: [ template_filter ] --END-- [ RunTime:0.000160s ]
NOTIC: [8] Undefined offset: 0 C:\PHPWAMP_IN3\wwwroot\carshop\Application\Runtime\Cache\Admin\3233ce5cce332a117b52d9b8831cbcfa.php 第 90 行.
NOTIC: [8] Undefined offset: 0 C:\PHPWAMP_IN3\wwwroot\carshop\Application\Runtime\Cache\Admin\3233ce5cce332a117b52d9b8831cbcfa.php 第 90 行.
NOTIC: [8] Undefined offset: 0 C:\PHPWAMP_IN3\wwwroot\carshop\Application\Runtime\Cache\Admin\3233ce5cce332a117b52d9b8831cbcfa.php 第 90 行.
NOTIC: [8] Undefined offset: 0 C:\PHPWAMP_IN3\wwwroot\carshop\Application\Runtime\Cache\Admin\3233ce5cce332a117b52d9b8831cbcfa.php 第 90 行.
NOTIC: [8] Undefined offset: 0 C:\PHPWAMP_IN3\wwwroot\carshop\Application\Runtime\Cache\Admin\3233ce5cce332a117b52d9b8831cbcfa.php 第 90 行.
NOTIC: [8] Undefined offset: 0 C:\PHPWAMP_IN3\wwwroot\carshop\Application\Runtime\Cache\Admin\3233ce5cce332a117b52d9b8831cbcfa.php 第 90 行.
NOTIC: [8] Undefined offset: 0 C:\PHPWAMP_IN3\wwwroot\carshop\Application\Runtime\Cache\Admin\3233ce5cce332a117b52d9b8831cbcfa.php 第 90 行.
NOTIC: [8] Undefined offset: 0 C:\PHPWAMP_IN3\wwwroot\carshop\Application\Runtime\Cache\Admin\3233ce5cce332a117b52d9b8831cbcfa.php 第 90 行.
NOTIC: [8] Undefined offset: 0 C:\PHPWAMP_IN3\wwwroot\carshop\Application\Runtime\Cache\Admin\3233ce5cce332a117b52d9b8831cbcfa.php 第 90 行.
NOTIC: [8] Undefined offset: 0 C:\PHPWAMP_IN3\wwwroot\carshop\Application\Runtime\Cache\Admin\3233ce5cce332a117b52d9b8831cbcfa.php 第 90 行.
NOTIC: [8] Undefined offset: 0 C:\PHPWAMP_IN3\wwwroot\carshop\Application\Runtime\Cache\Admin\3233ce5cce332a117b52d9b8831cbcfa.php 第 90 行.
NOTIC: [8] Undefined offset: 0 C:\PHPWAMP_IN3\wwwroot\carshop\Application\Runtime\Cache\Admin\3233ce5cce332a117b52d9b8831cbcfa.php 第 90 行.
NOTIC: [8] Undefined offset: 0 C:\PHPWAMP_IN3\wwwroot\carshop\Application\Runtime\Cache\Admin\3233ce5cce332a117b52d9b8831cbcfa.php 第 90 行.
NOTIC: [8] Undefined offset: 0 C:\PHPWAMP_IN3\wwwroot\carshop\Application\Runtime\Cache\Admin\3233ce5cce332a117b52d9b8831cbcfa.php 第 90 行.
NOTIC: [8] Undefined offset: 0 C:\PHPWAMP_IN3\wwwroot\carshop\Application\Runtime\Cache\Admin\3233ce5cce332a117b52d9b8831cbcfa.php 第 90 行.
NOTIC: [8] Undefined offset: 0 C:\PHPWAMP_IN3\wwwroot\carshop\Application\Runtime\Cache\Admin\3233ce5cce332a117b52d9b8831cbcfa.php 第 90 行.
NOTIC: [8] Undefined offset: 0 C:\PHPWAMP_IN3\wwwroot\carshop\Application\Runtime\Cache\Admin\3233ce5cce332a117b52d9b8831cbcfa.php 第 90 行.
NOTIC: [8] Undefined offset: 0 C:\PHPWAMP_IN3\wwwroot\carshop\Application\Runtime\Cache\Admin\3233ce5cce332a117b52d9b8831cbcfa.php 第 90 行.
NOTIC: [8] Undefined offset: 0 C:\PHPWAMP_IN3\wwwroot\carshop\Application\Runtime\Cache\Admin\3233ce5cce332a117b52d9b8831cbcfa.php 第 90 行.
NOTIC: [8] Undefined offset: 0 C:\PHPWAMP_IN3\wwwroot\carshop\Application\Runtime\Cache\Admin\3233ce5cce332a117b52d9b8831cbcfa.php 第 90 行.
NOTIC: [8] Undefined offset: 0 C:\PHPWAMP_IN3\wwwroot\carshop\Application\Runtime\Cache\Admin\3233ce5cce332a117b52d9b8831cbcfa.php 第 90 行.
NOTIC: [8] Undefined offset: 0 C:\PHPWAMP_IN3\wwwroot\carshop\Application\Runtime\Cache\Admin\3233ce5cce332a117b52d9b8831cbcfa.php 第 90 行.
NOTIC: [8] Undefined offset: 0 C:\PHPWAMP_IN3\wwwroot\carshop\Application\Runtime\Cache\Admin\3233ce5cce332a117b52d9b8831cbcfa.php 第 90 行.
NOTIC: [8] Undefined offset: 0 C:\PHPWAMP_IN3\wwwroot\carshop\Application\Runtime\Cache\Admin\3233ce5cce332a117b52d9b8831cbcfa.php 第 90 行.
NOTIC: [8] Undefined offset: 0 C:\PHPWAMP_IN3\wwwroot\carshop\Application\Runtime\Cache\Admin\3233ce5cce332a117b52d9b8831cbcfa.php 第 90 行.
NOTIC: [8] Undefined offset: 0 C:\PHPWAMP_IN3\wwwroot\carshop\Application\Runtime\Cache\Admin\3233ce5cce332a117b52d9b8831cbcfa.php 第 90 行.
NOTIC: [8] Undefined offset: 0 C:\PHPWAMP_IN3\wwwroot\carshop\Application\Runtime\Cache\Admin\3233ce5cce332a117b52d9b8831cbcfa.php 第 90 行.
NOTIC: [8] Undefined offset: 0 C:\PHPWAMP_IN3\wwwroot\carshop\Application\Runtime\Cache\Admin\3233ce5cce332a117b52d9b8831cbcfa.php 第 90 行.
NOTIC: [8] Undefined offset: 0 C:\PHPWAMP_IN3\wwwroot\carshop\Application\Runtime\Cache\Admin\3233ce5cce332a117b52d9b8831cbcfa.php 第 90 行.
NOTIC: [8] Undefined offset: 0 C:\PHPWAMP_IN3\wwwroot\carshop\Application\Runtime\Cache\Admin\3233ce5cce332a117b52d9b8831cbcfa.php 第 90 行.
NOTIC: [8] Undefined offset: 0 C:\PHPWAMP_IN3\wwwroot\carshop\Application\Runtime\Cache\Admin\3233ce5cce332a117b52d9b8831cbcfa.php 第 90 行.
NOTIC: [8] Undefined offset: 0 C:\PHPWAMP_IN3\wwwroot\carshop\Application\Runtime\Cache\Admin\3233ce5cce332a117b52d9b8831cbcfa.php 第 90 行.
NOTIC: [8] Undefined offset: 0 C:\PHPWAMP_IN3\wwwroot\carshop\Application\Runtime\Cache\Admin\3233ce5cce332a117b52d9b8831cbcfa.php 第 90 行.
NOTIC: [8] Undefined offset: 0 C:\PHPWAMP_IN3\wwwroot\carshop\Application\Runtime\Cache\Admin\3233ce5cce332a117b52d9b8831cbcfa.php 第 90 行.
INFO: Run Behavior\ParseTemplateBehavior [ RunTime:0.015325s ]
INFO: [ view_parse ] --END-- [ RunTime:0.015409s ]
INFO: [ view_filter ] --START--
INFO: Run Behavior\WriteHtmlCacheBehavior [ RunTime:0.000468s ]
INFO: [ view_filter ] --END-- [ RunTime:0.000512s ]
INFO: [ app_end ] --START--
INFO: Run Behavior\ShowPageTraceBehavior [ RunTime:0.000758s ]
INFO: [ app_end ] --END-- [ RunTime:0.000834s ]

[ 2019-05-10T15:00:06+08:00 ] 127.0.0.1 /carshop/index.php/Admin/Article/add
INFO: [ app_init ] --START--
INFO: Run Behavior\BuildLiteBehavior [ RunTime:0.000017s ]
INFO: [ app_init ] --END-- [ RunTime:0.000429s ]
INFO: [ app_begin ] --START--
INFO: Run Behavior\ReadHtmlCacheBehavior [ RunTime:0.000779s ]
INFO: [ app_begin ] --END-- [ RunTime:0.000882s ]
NOTIC: [8] Use of undefined constant unique - assumed 'unique' C:\PHPWAMP_IN3\wwwroot\carshop\ThinkPHP\Common\functions.php 第 588 行.
SQL: SHOW COLUMNS FROM `cs_article` [ RunTime:0.0070s ]
NOTIC: [8] Use of undefined constant unique - assumed 'unique' C:\PHPWAMP_IN3\wwwroot\carshop\ThinkPHP\Common\functions.php 第 588 行.
SQL: SHOW COLUMNS FROM `cs_cate` [ RunTime:0.0061s ]
SQL: SELECT * FROM `cs_cate` ORDER BY sort asc  [ RunTime:0.0012s ]
INFO: [ view_parse ] --START--
INFO: [ template_filter ] --START--
INFO: Run Behavior\ContentReplaceBehavior [ RunTime:0.000162s ]
INFO: [ template_filter ] --END-- [ RunTime:0.000242s ]
NOTIC: [8] Undefined offset: 0 C:\PHPWAMP_IN3\wwwroot\carshop\Application\Runtime\Cache\Admin\e16cf278f1c326e72baf6415dbd5ab87.php 第 94 行.
NOTIC: [8] Undefined offset: 0 C:\PHPWAMP_IN3\wwwroot\carshop\Application\Runtime\Cache\Admin\e16cf278f1c326e72baf6415dbd5ab87.php 第 94 行.
NOTIC: [8] Undefined offset: 0 C:\PHPWAMP_IN3\wwwroot\carshop\Application\Runtime\Cache\Admin\e16cf278f1c326e72baf6415dbd5ab87.php 第 94 行.
NOTIC: [8] Undefined offset: 0 C:\PHPWAMP_IN3\wwwroot\carshop\Application\Runtime\Cache\Admin\e16cf278f1c326e72baf6415dbd5ab87.php 第 94 行.
NOTIC: [8] Undefined offset: 0 C:\PHPWAMP_IN3\wwwroot\carshop\Application\Runtime\Cache\Admin\e16cf278f1c326e72baf6415dbd5ab87.php 第 94 行.
NOTIC: [8] Undefined offset: 0 C:\PHPWAMP_IN3\wwwroot\carshop\Application\Runtime\Cache\Admin\e16cf278f1c326e72baf6415dbd5ab87.php 第 94 行.
NOTIC: [8] Undefined offset: 0 C:\PHPWAMP_IN3\wwwroot\carshop\Application\Runtime\Cache\Admin\e16cf278f1c326e72baf6415dbd5ab87.php 第 94 行.
NOTIC: [8] Undefined offset: 0 C:\PHPWAMP_IN3\wwwroot\carshop\Application\Runtime\Cache\Admin\e16cf278f1c326e72baf6415dbd5ab87.php 第 94 行.
NOTIC: [8] Undefined offset: 0 C:\PHPWAMP_IN3\wwwroot\carshop\Application\Runtime\Cache\Admin\e16cf278f1c326e72baf6415dbd5ab87.php 第 94 行.
NOTIC: [8] Undefined offset: 0 C:\PHPWAMP_IN3\wwwroot\carshop\Application\Runtime\Cache\Admin\e16cf278f1c326e72baf6415dbd5ab87.php 第 94 行.
NOTIC: [8] Undefined offset: 0 C:\PHPWAMP_IN3\wwwroot\carshop\Application\Runtime\Cache\Admin\e16cf278f1c326e72baf6415dbd5ab87.php 第 94 行.
NOTIC: [8] Undefined offset: 0 C:\PHPWAMP_IN3\wwwroot\carshop\Application\Runtime\Cache\Admin\e16cf278f1c326e72baf6415dbd5ab87.php 第 94 行.
NOTIC: [8] Undefined offset: 0 C:\PHPWAMP_IN3\wwwroot\carshop\Application\Runtime\Cache\Admin\e16cf278f1c326e72baf6415dbd5ab87.php 第 94 行.
NOTIC: [8] Undefined offset: 0 C:\PHPWAMP_IN3\wwwroot\carshop\Application\Runtime\Cache\Admin\e16cf278f1c326e72baf6415dbd5ab87.php 第 94 行.
NOTIC: [8] Undefined offset: 0 C:\PHPWAMP_IN3\wwwroot\carshop\Application\Runtime\Cache\Admin\e16cf278f1c326e72baf6415dbd5ab87.php 第 94 行.
NOTIC: [8] Undefined offset: 0 C:\PHPWAMP_IN3\wwwroot\carshop\Application\Runtime\Cache\Admin\e16cf278f1c326e72baf6415dbd5ab87.php 第 94 行.
NOTIC: [8] Undefined offset: 0 C:\PHPWAMP_IN3\wwwroot\carshop\Application\Runtime\Cache\Admin\e16cf278f1c326e72baf6415dbd5ab87.php 第 94 行.
NOTIC: [8] Undefined offset: 0 C:\PHPWAMP_IN3\wwwroot\carshop\Application\Runtime\Cache\Admin\e16cf278f1c326e72baf6415dbd5ab87.php 第 94 行.
NOTIC: [8] Undefined offset: 0 C:\PHPWAMP_IN3\wwwroot\carshop\Application\Runtime\Cache\Admin\e16cf278f1c326e72baf6415dbd5ab87.php 第 94 行.
NOTIC: [8] Undefined offset: 0 C:\PHPWAMP_IN3\wwwroot\carshop\Application\Runtime\Cache\Admin\e16cf278f1c326e72baf6415dbd5ab87.php 第 94 行.
NOTIC: [8] Undefined offset: 0 C:\PHPWAMP_IN3\wwwroot\carshop\Application\Runtime\Cache\Admin\e16cf278f1c326e72baf6415dbd5ab87.php 第 94 行.
NOTIC: [8] Undefined offset: 0 C:\PHPWAMP_IN3\wwwroot\carshop\Application\Runtime\Cache\Admin\e16cf278f1c326e72baf6415dbd5ab87.php 第 94 行.
NOTIC: [8] Undefined offset: 0 C:\PHPWAMP_IN3\wwwroot\carshop\Application\Runtime\Cache\Admin\e16cf278f1c326e72baf6415dbd5ab87.php 第 94 行.
NOTIC: [8] Undefined offset: 0 C:\PHPWAMP_IN3\wwwroot\carshop\Application\Runtime\Cache\Admin\e16cf278f1c326e72baf6415dbd5ab87.php 第 94 行.
NOTIC: [8] Undefined offset: 0 C:\PHPWAMP_IN3\wwwroot\carshop\Application\Runtime\Cache\Admin\e16cf278f1c326e72baf6415dbd5ab87.php 第 94 行.
NOTIC: [8] Undefined offset: 0 C:\PHPWAMP_IN3\wwwroot\carshop\Application\Runtime\Cache\Admin\e16cf278f1c326e72baf6415dbd5ab87.php 第 94 行.
NOTIC: [8] Undefined offset: 0 C:\PHPWAMP_IN3\wwwroot\carshop\Application\Runtime\Cache\Admin\e16cf278f1c326e72baf6415dbd5ab87.php 第 94 行.
NOTIC: [8] Undefined offset: 0 C:\PHPWAMP_IN3\wwwroot\carshop\Application\Runtime\Cache\Admin\e16cf278f1c326e72baf6415dbd5ab87.php 第 94 行.
NOTIC: [8] Undefined offset: 0 C:\PHPWAMP_IN3\wwwroot\carshop\Application\Runtime\Cache\Admin\e16cf278f1c326e72baf6415dbd5ab87.php 第 94 行.
NOTIC: [8] Undefined offset: 0 C:\PHPWAMP_IN3\wwwroot\carshop\Application\Runtime\Cache\Admin\e16cf278f1c326e72baf6415dbd5ab87.php 第 94 行.
NOTIC: [8] Undefined offset: 0 C:\PHPWAMP_IN3\wwwroot\carshop\Application\Runtime\Cache\Admin\e16cf278f1c326e72baf6415dbd5ab87.php 第 94 行.
NOTIC: [8] Undefined offset: 0 C:\PHPWAMP_IN3\wwwroot\carshop\Application\Runtime\Cache\Admin\e16cf278f1c326e72baf6415dbd5ab87.php 第 94 行.
NOTIC: [8] Undefined offset: 0 C:\PHPWAMP_IN3\wwwroot\carshop\Application\Runtime\Cache\Admin\e16cf278f1c326e72baf6415dbd5ab87.php 第 94 行.
NOTIC: [8] Undefined offset: 0 C:\PHPWAMP_IN3\wwwroot\carshop\Application\Runtime\Cache\Admin\e16cf278f1c326e72baf6415dbd5ab87.php 第 94 行.
INFO: Run Behavior\ParseTemplateBehavior [ RunTime:0.014224s ]
INFO: [ view_parse ] --END-- [ RunTime:0.014307s ]
INFO: [ view_filter ] --START--
INFO: Run Behavior\WriteHtmlCacheBehavior [ RunTime:0.000421s ]
INFO: [ view_filter ] --END-- [ RunTime:0.000467s ]
INFO: [ app_end ] --START--
INFO: Run Behavior\ShowPageTraceBehavior [ RunTime:0.000733s ]
INFO: [ app_end ] --END-- [ RunTime:0.000820s ]

[ 2019-05-10T15:00:20+08:00 ] 127.0.0.1 /carshop/index.php/Admin/Link/lst
INFO: [ app_init ] --START--
INFO: Run Behavior\BuildLiteBehavior [ RunTime:0.000014s ]
INFO: [ app_init ] --END-- [ RunTime:0.000402s ]
INFO: [ app_begin ] --START--
INFO: Run Behavior\ReadHtmlCacheBehavior [ RunTime:0.000489s ]
INFO: [ app_begin ] --END-- [ RunTime:0.000546s ]
NOTIC: [8] Use of undefined constant unique - assumed 'unique' C:\PHPWAMP_IN3\wwwroot\carshop\ThinkPHP\Common\functions.php 第 588 行.
SQL: SHOW COLUMNS FROM `cs_link` [ RunTime:0.0072s ]
SQL: SELECT * FROM `cs_link` ORDER BY sort asc  [ RunTime:0.0003s ]
INFO: [ view_parse ] --START--
INFO: [ template_filter ] --START--
INFO: Run Behavior\ContentReplaceBehavior [ RunTime:0.000106s ]
INFO: [ template_filter ] --END-- [ RunTime:0.000202s ]
INFO: Run Behavior\ParseTemplateBehavior [ RunTime:0.013861s ]
INFO: [ view_parse ] --END-- [ RunTime:0.013956s ]
INFO: [ view_filter ] --START--
INFO: Run Behavior\WriteHtmlCacheBehavior [ RunTime:0.000525s ]
INFO: [ view_filter ] --END-- [ RunTime:0.000604s ]
INFO: [ app_end ] --START--
INFO: Run Behavior\ShowPageTraceBehavior [ RunTime:0.000817s ]
INFO: [ app_end ] --END-- [ RunTime:0.000911s ]

[ 2019-05-10T15:00:23+08:00 ] 127.0.0.1 /carshop/index.php/Admin/Link/add
INFO: [ app_init ] --START--
INFO: Run Behavior\BuildLiteBehavior [ RunTime:0.000016s ]
INFO: [ app_init ] --END-- [ RunTime:0.000400s ]
INFO: [ app_begin ] --START--
INFO: Run Behavior\ReadHtmlCacheBehavior [ RunTime:0.000492s ]
INFO: [ app_begin ] --END-- [ RunTime:0.000551s ]
NOTIC: [8] Use of undefined constant unique - assumed 'unique' C:\PHPWAMP_IN3\wwwroot\carshop\ThinkPHP\Common\functions.php 第 588 行.
SQL: SHOW COLUMNS FROM `cs_link` [ RunTime:0.0061s ]
INFO: [ view_parse ] --START--
INFO: [ template_filter ] --START--
INFO: Run Behavior\ContentReplaceBehavior [ RunTime:0.000074s ]
INFO: [ template_filter ] --END-- [ RunTime:0.000157s ]
INFO: Run Behavior\ParseTemplateBehavior [ RunTime:0.016391s ]
INFO: [ view_parse ] --END-- [ RunTime:0.016469s ]
INFO: [ view_filter ] --START--
INFO: Run Behavior\WriteHtmlCacheBehavior [ RunTime:0.000495s ]
INFO: [ view_filter ] --END-- [ RunTime:0.000563s ]
INFO: [ app_end ] --START--
INFO: Run Behavior\ShowPageTraceBehavior [ RunTime:0.000802s ]
INFO: [ app_end ] --END-- [ RunTime:0.000889s ]

[ 2019-05-10T15:00:26+08:00 ] 127.0.0.1 /carshop/index.php/Admin/Job/lst
INFO: [ app_init ] --START--
INFO: Run Behavior\BuildLiteBehavior [ RunTime:0.000016s ]
INFO: [ app_init ] --END-- [ RunTime:0.000444s ]
INFO: [ app_begin ] --START--
INFO: Run Behavior\ReadHtmlCacheBehavior [ RunTime:0.000658s ]
INFO: [ app_begin ] --END-- [ RunTime:0.000740s ]
SQL: SHOW COLUMNS FROM `cs_job` [ RunTime:0.0099s ]
SQL: SELECT COUNT(*) AS tp_count FROM `cs_job` LIMIT 1   [ RunTime:0.0003s ]
SQL: SELECT `id`,`title`,`name`,`sex`,`bplace`,`education` FROM `cs_job` LIMIT 0,5   [ RunTime:0.0004s ]
INFO: [ view_parse ] --START--
INFO: [ template_filter ] --START--
INFO: Run Behavior\ContentReplaceBehavior [ RunTime:0.000109s ]
INFO: [ template_filter ] --END-- [ RunTime:0.000216s ]
INFO: Run Behavior\ParseTemplateBehavior [ RunTime:0.012422s ]
INFO: [ view_parse ] --END-- [ RunTime:0.012493s ]
INFO: [ view_filter ] --START--
INFO: Run Behavior\WriteHtmlCacheBehavior [ RunTime:0.000382s ]
INFO: [ view_filter ] --END-- [ RunTime:0.000436s ]
INFO: [ app_end ] --START--
INFO: Run Behavior\ShowPageTraceBehavior [ RunTime:0.000691s ]
INFO: [ app_end ] --END-- [ RunTime:0.000772s ]

[ 2019-05-10T15:00:30+08:00 ] 127.0.0.1 /carshop/index.php/Admin/Article/lst
INFO: [ app_init ] --START--
INFO: Run Behavior\BuildLiteBehavior [ RunTime:0.000019s ]
INFO: [ app_init ] --END-- [ RunTime:0.000621s ]
INFO: [ app_begin ] --START--
INFO: Run Behavior\ReadHtmlCacheBehavior [ RunTime:0.000525s ]
INFO: [ app_begin ] --END-- [ RunTime:0.000587s ]
SQL: SHOW COLUMNS FROM `cs_article` [ RunTime:0.0081s ]
SQL: SHOW COLUMNS FROM `cs_cate` [ RunTime:0.0063s ]
NOTIC: [2] Invalid argument supplied for foreach() C:\PHPWAMP_IN3\wwwroot\carshop\ThinkPHP\Library\Think\Db\Driver.class.php 第 504 行.
SQL: SELECT COUNT(*) AS tp_count FROM cs_article article LEFT JOIN cs_cate cate ON article.cateid=cate.id LIMIT 1   [ RunTime:0.0003s ]
NOTIC: [2] Invalid argument supplied for foreach() C:\PHPWAMP_IN3\wwwroot\carshop\ThinkPHP\Library\Think\Db\Driver.class.php 第 504 行.
SQL: SELECT article.id AS id,article.title AS title,article.rem AS rem,article.pic AS pic,cate.name AS name FROM cs_article article LEFT JOIN cs_cate cate ON article.cateid=cate.id ORDER BY article.id asc LIMIT 0,10   [ RunTime:0.0004s ]
NOTIC: [8] Use of undefined constant unique - assumed 'unique' C:\PHPWAMP_IN3\wwwroot\carshop\ThinkPHP\Common\functions.php 第 588 行.
SQL: SHOW COLUMNS FROM `cs_cate` [ RunTime:0.0063s ]
SQL: SELECT * FROM `cs_cate` ORDER BY sort asc  [ RunTime:0.0008s ]
INFO: [ view_parse ] --START--
INFO: [ template_filter ] --START--
INFO: Run Behavior\ContentReplaceBehavior [ RunTime:0.000088s ]
INFO: [ template_filter ] --END-- [ RunTime:0.000185s ]
NOTIC: [8] Undefined offset: 0 C:\PHPWAMP_IN3\wwwroot\carshop\Application\Runtime\Cache\Admin\3233ce5cce332a117b52d9b8831cbcfa.php 第 90 行.
NOTIC: [8] Undefined offset: 0 C:\PHPWAMP_IN3\wwwroot\carshop\Application\Runtime\Cache\Admin\3233ce5cce332a117b52d9b8831cbcfa.php 第 90 行.
NOTIC: [8] Undefined offset: 0 C:\PHPWAMP_IN3\wwwroot\carshop\Application\Runtime\Cache\Admin\3233ce5cce332a117b52d9b8831cbcfa.php 第 90 行.
NOTIC: [8] Undefined offset: 0 C:\PHPWAMP_IN3\wwwroot\carshop\Application\Runtime\Cache\Admin\3233ce5cce332a117b52d9b8831cbcfa.php 第 90 行.
NOTIC: [8] Undefined offset: 0 C:\PHPWAMP_IN3\wwwroot\carshop\Application\Runtime\Cache\Admin\3233ce5cce332a117b52d9b8831cbcfa.php 第 90 行.
NOTIC: [8] Undefined offset: 0 C:\PHPWAMP_IN3\wwwroot\carshop\Application\Runtime\Cache\Admin\3233ce5cce332a117b52d9b8831cbcfa.php 第 90 行.
NOTIC: [8] Undefined offset: 0 C:\PHPWAMP_IN3\wwwroot\carshop\Application\Runtime\Cache\Admin\3233ce5cce332a117b52d9b8831cbcfa.php 第 90 行.
NOTIC: [8] Undefined offset: 0 C:\PHPWAMP_IN3\wwwroot\carshop\Application\Runtime\Cache\Admin\3233ce5cce332a117b52d9b8831cbcfa.php 第 90 行.
NOTIC: [8] Undefined offset: 0 C:\PHPWAMP_IN3\wwwroot\carshop\Application\Runtime\Cache\Admin\3233ce5cce332a117b52d9b8831cbcfa.php 第 90 行.
NOTIC: [8] Undefined offset: 0 C:\PHPWAMP_IN3\wwwroot\carshop\Application\Runtime\Cache\Admin\3233ce5cce332a117b52d9b8831cbcfa.php 第 90 行.
NOTIC: [8] Undefined offset: 0 C:\PHPWAMP_IN3\wwwroot\carshop\Application\Runtime\Cache\Admin\3233ce5cce332a117b52d9b8831cbcfa.php 第 90 行.
NOTIC: [8] Undefined offset: 0 C:\PHPWAMP_IN3\wwwroot\carshop\Application\Runtime\Cache\Admin\3233ce5cce332a117b52d9b8831cbcfa.php 第 90 行.
NOTIC: [8] Undefined offset: 0 C:\PHPWAMP_IN3\wwwroot\carshop\Application\Runtime\Cache\Admin\3233ce5cce332a117b52d9b8831cbcfa.php 第 90 行.
NOTIC: [8] Undefined offset: 0 C:\PHPWAMP_IN3\wwwroot\carshop\Application\Runtime\Cache\Admin\3233ce5cce332a117b52d9b8831cbcfa.php 第 90 行.
NOTIC: [8] Undefined offset: 0 C:\PHPWAMP_IN3\wwwroot\carshop\Application\Runtime\Cache\Admin\3233ce5cce332a117b52d9b8831cbcfa.php 第 90 行.
NOTIC: [8] Undefined offset: 0 C:\PHPWAMP_IN3\wwwroot\carshop\Application\Runtime\Cache\Admin\3233ce5cce332a117b52d9b8831cbcfa.php 第 90 行.
NOTIC: [8] Undefined offset: 0 C:\PHPWAMP_IN3\wwwroot\carshop\Application\Runtime\Cache\Admin\3233ce5cce332a117b52d9b8831cbcfa.php 第 90 行.
NOTIC: [8] Undefined offset: 0 C:\PHPWAMP_IN3\wwwroot\carshop\Application\Runtime\Cache\Admin\3233ce5cce332a117b52d9b8831cbcfa.php 第 90 行.
NOTIC: [8] Undefined offset: 0 C:\PHPWAMP_IN3\wwwroot\carshop\Application\Runtime\Cache\Admin\3233ce5cce332a117b52d9b8831cbcfa.php 第 90 行.
NOTIC: [8] Undefined offset: 0 C:\PHPWAMP_IN3\wwwroot\carshop\Application\Runtime\Cache\Admin\3233ce5cce332a117b52d9b8831cbcfa.php 第 90 行.
NOTIC: [8] Undefined offset: 0 C:\PHPWAMP_IN3\wwwroot\carshop\Application\Runtime\Cache\Admin\3233ce5cce332a117b52d9b8831cbcfa.php 第 90 行.
NOTIC: [8] Undefined offset: 0 C:\PHPWAMP_IN3\wwwroot\carshop\Application\Runtime\Cache\Admin\3233ce5cce332a117b52d9b8831cbcfa.php 第 90 行.
NOTIC: [8] Undefined offset: 0 C:\PHPWAMP_IN3\wwwroot\carshop\Application\Runtime\Cache\Admin\3233ce5cce332a117b52d9b8831cbcfa.php 第 90 行.
NOTIC: [8] Undefined offset: 0 C:\PHPWAMP_IN3\wwwroot\carshop\Application\Runtime\Cache\Admin\3233ce5cce332a117b52d9b8831cbcfa.php 第 90 行.
NOTIC: [8] Undefined offset: 0 C:\PHPWAMP_IN3\wwwroot\carshop\Application\Runtime\Cache\Admin\3233ce5cce332a117b52d9b8831cbcfa.php 第 90 行.
NOTIC: [8] Undefined offset: 0 C:\PHPWAMP_IN3\wwwroot\carshop\Application\Runtime\Cache\Admin\3233ce5cce332a117b52d9b8831cbcfa.php 第 90 行.
NOTIC: [8] Undefined offset: 0 C:\PHPWAMP_IN3\wwwroot\carshop\Application\Runtime\Cache\Admin\3233ce5cce332a117b52d9b8831cbcfa.php 第 90 行.
NOTIC: [8] Undefined offset: 0 C:\PHPWAMP_IN3\wwwroot\carshop\Application\Runtime\Cache\Admin\3233ce5cce332a117b52d9b8831cbcfa.php 第 90 行.
NOTIC: [8] Undefined offset: 0 C:\PHPWAMP_IN3\wwwroot\carshop\Application\Runtime\Cache\Admin\3233ce5cce332a117b52d9b8831cbcfa.php 第 90 行.
NOTIC: [8] Undefined offset: 0 C:\PHPWAMP_IN3\wwwroot\carshop\Application\Runtime\Cache\Admin\3233ce5cce332a117b52d9b8831cbcfa.php 第 90 行.
NOTIC: [8] Undefined offset: 0 C:\PHPWAMP_IN3\wwwroot\carshop\Application\Runtime\Cache\Admin\3233ce5cce332a117b52d9b8831cbcfa.php 第 90 行.
NOTIC: [8] Undefined offset: 0 C:\PHPWAMP_IN3\wwwroot\carshop\Application\Runtime\Cache\Admin\3233ce5cce332a117b52d9b8831cbcfa.php 第 90 行.
NOTIC: [8] Undefined offset: 0 C:\PHPWAMP_IN3\wwwroot\carshop\Application\Runtime\Cache\Admin\3233ce5cce332a117b52d9b8831cbcfa.php 第 90 行.
NOTIC: [8] Undefined offset: 0 C:\PHPWAMP_IN3\wwwroot\carshop\Application\Runtime\Cache\Admin\3233ce5cce332a117b52d9b8831cbcfa.php 第 90 行.
INFO: Run Behavior\ParseTemplateBehavior [ RunTime:0.014800s ]
INFO: [ view_parse ] --END-- [ RunTime:0.014876s ]
INFO: [ view_filter ] --START--
INFO: Run Behavior\WriteHtmlCacheBehavior [ RunTime:0.000395s ]
INFO: [ view_filter ] --END-- [ RunTime:0.000460s ]
INFO: [ app_end ] --START--
INFO: Run Behavior\ShowPageTraceBehavior [ RunTime:0.000827s ]
INFO: [ app_end ] --END-- [ RunTime:0.000994s ]

[ 2019-05-10T15:00:37+08:00 ] 127.0.0.1 /carshop/index.php/Admin/Cate/lst
INFO: [ app_init ] --START--
INFO: Run Behavior\BuildLiteBehavior [ RunTime:0.000018s ]
INFO: [ app_init ] --END-- [ RunTime:0.000496s ]
INFO: [ app_begin ] --START--
INFO: Run Behavior\ReadHtmlCacheBehavior [ RunTime:0.000531s ]
INFO: [ app_begin ] --END-- [ RunTime:0.000609s ]
NOTIC: [8] Use of undefined constant unique - assumed 'unique' C:\PHPWAMP_IN3\wwwroot\carshop\ThinkPHP\Common\functions.php 第 588 行.
SQL: SHOW COLUMNS FROM `cs_cate` [ RunTime:0.0087s ]
SQL: SELECT * FROM `cs_cate` ORDER BY sort asc  [ RunTime:0.0007s ]
INFO: [ view_parse ] --START--
INFO: [ template_filter ] --START--
INFO: Run Behavior\ContentReplaceBehavior [ RunTime:0.000088s ]
INFO: [ template_filter ] --END-- [ RunTime:0.000164s ]
NOTIC: [8] Undefined offset: 0 C:\PHPWAMP_IN3\wwwroot\carshop\Application\Runtime\Cache\Admin\1e31b38d8d9702701609b47afd2fec77.php 第 129 行.
NOTIC: [8] Undefined offset: 0 C:\PHPWAMP_IN3\wwwroot\carshop\Application\Runtime\Cache\Admin\1e31b38d8d9702701609b47afd2fec77.php 第 129 行.
NOTIC: [8] Undefined offset: 0 C:\PHPWAMP_IN3\wwwroot\carshop\Application\Runtime\Cache\Admin\1e31b38d8d9702701609b47afd2fec77.php 第 129 行.
NOTIC: [8] Undefined offset: 0 C:\PHPWAMP_IN3\wwwroot\carshop\Application\Runtime\Cache\Admin\1e31b38d8d9702701609b47afd2fec77.php 第 129 行.
NOTIC: [8] Undefined offset: 0 C:\PHPWAMP_IN3\wwwroot\carshop\Application\Runtime\Cache\Admin\1e31b38d8d9702701609b47afd2fec77.php 第 129 行.
NOTIC: [8] Undefined offset: 0 C:\PHPWAMP_IN3\wwwroot\carshop\Application\Runtime\Cache\Admin\1e31b38d8d9702701609b47afd2fec77.php 第 129 行.
NOTIC: [8] Undefined offset: 0 C:\PHPWAMP_IN3\wwwroot\carshop\Application\Runtime\Cache\Admin\1e31b38d8d9702701609b47afd2fec77.php 第 129 行.
NOTIC: [8] Undefined offset: 0 C:\PHPWAMP_IN3\wwwroot\carshop\Application\Runtime\Cache\Admin\1e31b38d8d9702701609b47afd2fec77.php 第 129 行.
NOTIC: [8] Undefined offset: 0 C:\PHPWAMP_IN3\wwwroot\carshop\Application\Runtime\Cache\Admin\1e31b38d8d9702701609b47afd2fec77.php 第 129 行.
NOTIC: [8] Undefined offset: 0 C:\PHPWAMP_IN3\wwwroot\carshop\Application\Runtime\Cache\Admin\1e31b38d8d9702701609b47afd2fec77.php 第 129 行.
NOTIC: [8] Undefined offset: 0 C:\PHPWAMP_IN3\wwwroot\carshop\Application\Runtime\Cache\Admin\1e31b38d8d9702701609b47afd2fec77.php 第 129 行.
NOTIC: [8] Undefined offset: 0 C:\PHPWAMP_IN3\wwwroot\carshop\Application\Runtime\Cache\Admin\1e31b38d8d9702701609b47afd2fec77.php 第 129 行.
NOTIC: [8] Undefined offset: 0 C:\PHPWAMP_IN3\wwwroot\carshop\Application\Runtime\Cache\Admin\1e31b38d8d9702701609b47afd2fec77.php 第 129 行.
NOTIC: [8] Undefined offset: 0 C:\PHPWAMP_IN3\wwwroot\carshop\Application\Runtime\Cache\Admin\1e31b38d8d9702701609b47afd2fec77.php 第 129 行.
NOTIC: [8] Undefined offset: 0 C:\PHPWAMP_IN3\wwwroot\carshop\Application\Runtime\Cache\Admin\1e31b38d8d9702701609b47afd2fec77.php 第 129 行.
NOTIC: [8] Undefined offset: 0 C:\PHPWAMP_IN3\wwwroot\carshop\Application\Runtime\Cache\Admin\1e31b38d8d9702701609b47afd2fec77.php 第 129 行.
NOTIC: [8] Undefined offset: 0 C:\PHPWAMP_IN3\wwwroot\carshop\Application\Runtime\Cache\Admin\1e31b38d8d9702701609b47afd2fec77.php 第 129 行.
NOTIC: [8] Undefined offset: 0 C:\PHPWAMP_IN3\wwwroot\carshop\Application\Runtime\Cache\Admin\1e31b38d8d9702701609b47afd2fec77.php 第 129 行.
NOTIC: [8] Undefined offset: 0 C:\PHPWAMP_IN3\wwwroot\carshop\Application\Runtime\Cache\Admin\1e31b38d8d9702701609b47afd2fec77.php 第 129 行.
NOTIC: [8] Undefined offset: 0 C:\PHPWAMP_IN3\wwwroot\carshop\Application\Runtime\Cache\Admin\1e31b38d8d9702701609b47afd2fec77.php 第 129 行.
NOTIC: [8] Undefined offset: 0 C:\PHPWAMP_IN3\wwwroot\carshop\Application\Runtime\Cache\Admin\1e31b38d8d9702701609b47afd2fec77.php 第 129 行.
NOTIC: [8] Undefined offset: 0 C:\PHPWAMP_IN3\wwwroot\carshop\Application\Runtime\Cache\Admin\1e31b38d8d9702701609b47afd2fec77.php 第 129 行.
NOTIC: [8] Undefined offset: 0 C:\PHPWAMP_IN3\wwwroot\carshop\Application\Runtime\Cache\Admin\1e31b38d8d9702701609b47afd2fec77.php 第 129 行.
NOTIC: [8] Undefined offset: 0 C:\PHPWAMP_IN3\wwwroot\carshop\Application\Runtime\Cache\Admin\1e31b38d8d9702701609b47afd2fec77.php 第 129 行.
NOTIC: [8] Undefined offset: 0 C:\PHPWAMP_IN3\wwwroot\carshop\Application\Runtime\Cache\Admin\1e31b38d8d9702701609b47afd2fec77.php 第 129 行.
NOTIC: [8] Undefined offset: 0 C:\PHPWAMP_IN3\wwwroot\carshop\Application\Runtime\Cache\Admin\1e31b38d8d9702701609b47afd2fec77.php 第 129 行.
NOTIC: [8] Undefined offset: 0 C:\PHPWAMP_IN3\wwwroot\carshop\Application\Runtime\Cache\Admin\1e31b38d8d9702701609b47afd2fec77.php 第 129 行.
NOTIC: [8] Undefined offset: 0 C:\PHPWAMP_IN3\wwwroot\carshop\Application\Runtime\Cache\Admin\1e31b38d8d9702701609b47afd2fec77.php 第 129 行.
NOTIC: [8] Undefined offset: 0 C:\PHPWAMP_IN3\wwwroot\carshop\Application\Runtime\Cache\Admin\1e31b38d8d9702701609b47afd2fec77.php 第 129 行.
NOTIC: [8] Undefined offset: 0 C:\PHPWAMP_IN3\wwwroot\carshop\Application\Runtime\Cache\Admin\1e31b38d8d9702701609b47afd2fec77.php 第 129 行.
NOTIC: [8] Undefined offset: 0 C:\PHPWAMP_IN3\wwwroot\carshop\Application\Runtime\Cache\Admin\1e31b38d8d9702701609b47afd2fec77.php 第 129 行.
NOTIC: [8] Undefined offset: 0 C:\PHPWAMP_IN3\wwwroot\carshop\Application\Runtime\Cache\Admin\1e31b38d8d9702701609b47afd2fec77.php 第 129 行.
NOTIC: [8] Undefined offset: 0 C:\PHPWAMP_IN3\wwwroot\carshop\Application\Runtime\Cache\Admin\1e31b38d8d9702701609b47afd2fec77.php 第 129 行.
NOTIC: [8] Undefined offset: 0 C:\PHPWAMP_IN3\wwwroot\carshop\Application\Runtime\Cache\Admin\1e31b38d8d9702701609b47afd2fec77.php 第 129 行.
INFO: Run Behavior\ParseTemplateBehavior [ RunTime:0.023111s ]
INFO: [ view_parse ] --END-- [ RunTime:0.023190s ]
INFO: [ view_filter ] --START--
INFO: Run Behavior\WriteHtmlCacheBehavior [ RunTime:0.000393s ]
INFO: [ view_filter ] --END-- [ RunTime:0.000440s ]
INFO: [ app_end ] --START--
INFO: Run Behavior\ShowPageTraceBehavior [ RunTime:0.000717s ]
INFO: [ app_end ] --END-- [ RunTime:0.000805s ]

[ 2019-05-10T15:00:40+08:00 ] 127.0.0.1 /carshop/index.php/Admin/Cate/add
INFO: [ app_init ] --START--
INFO: Run Behavior\BuildLiteBehavior [ RunTime:0.000026s ]
INFO: [ app_init ] --END-- [ RunTime:0.000621s ]
INFO: [ app_begin ] --START--
INFO: Run Behavior\ReadHtmlCacheBehavior [ RunTime:0.000792s ]
INFO: [ app_begin ] --END-- [ RunTime:0.000891s ]
NOTIC: [8] Use of undefined constant unique - assumed 'unique' C:\PHPWAMP_IN3\wwwroot\carshop\ThinkPHP\Common\functions.php 第 588 行.
SQL: SHOW COLUMNS FROM `cs_cate` [ RunTime:0.0082s ]
SQL: SELECT * FROM `cs_cate` ORDER BY sort asc  [ RunTime:0.0007s ]
INFO: [ view_parse ] --START--
INFO: [ template_filter ] --START--
INFO: Run Behavior\ContentReplaceBehavior [ RunTime:0.000085s ]
INFO: [ template_filter ] --END-- [ RunTime:0.000153s ]
NOTIC: [8] Undefined offset: 0 C:\PHPWAMP_IN3\wwwroot\carshop\Application\Runtime\Cache\Admin\1e63603cb0c0765e0de965aee951a747.php 第 94 行.
NOTIC: [8] Undefined offset: 0 C:\PHPWAMP_IN3\wwwroot\carshop\Application\Runtime\Cache\Admin\1e63603cb0c0765e0de965aee951a747.php 第 94 行.
NOTIC: [8] Undefined offset: 0 C:\PHPWAMP_IN3\wwwroot\carshop\Application\Runtime\Cache\Admin\1e63603cb0c0765e0de965aee951a747.php 第 94 行.
NOTIC: [8] Undefined offset: 0 C:\PHPWAMP_IN3\wwwroot\carshop\Application\Runtime\Cache\Admin\1e63603cb0c0765e0de965aee951a747.php 第 94 行.
NOTIC: [8] Undefined offset: 0 C:\PHPWAMP_IN3\wwwroot\carshop\Application\Runtime\Cache\Admin\1e63603cb0c0765e0de965aee951a747.php 第 94 行.
NOTIC: [8] Undefined offset: 0 C:\PHPWAMP_IN3\wwwroot\carshop\Application\Runtime\Cache\Admin\1e63603cb0c0765e0de965aee951a747.php 第 94 行.
NOTIC: [8] Undefined offset: 0 C:\PHPWAMP_IN3\wwwroot\carshop\Application\Runtime\Cache\Admin\1e63603cb0c0765e0de965aee951a747.php 第 94 行.
NOTIC: [8] Undefined offset: 0 C:\PHPWAMP_IN3\wwwroot\carshop\Application\Runtime\Cache\Admin\1e63603cb0c0765e0de965aee951a747.php 第 94 行.
NOTIC: [8] Undefined offset: 0 C:\PHPWAMP_IN3\wwwroot\carshop\Application\Runtime\Cache\Admin\1e63603cb0c0765e0de965aee951a747.php 第 94 行.
NOTIC: [8] Undefined offset: 0 C:\PHPWAMP_IN3\wwwroot\carshop\Application\Runtime\Cache\Admin\1e63603cb0c0765e0de965aee951a747.php 第 94 行.
NOTIC: [8] Undefined offset: 0 C:\PHPWAMP_IN3\wwwroot\carshop\Application\Runtime\Cache\Admin\1e63603cb0c0765e0de965aee951a747.php 第 94 行.
NOTIC: [8] Undefined offset: 0 C:\PHPWAMP_IN3\wwwroot\carshop\Application\Runtime\Cache\Admin\1e63603cb0c0765e0de965aee951a747.php 第 94 行.
NOTIC: [8] Undefined offset: 0 C:\PHPWAMP_IN3\wwwroot\carshop\Application\Runtime\Cache\Admin\1e63603cb0c0765e0de965aee951a747.php 第 94 行.
NOTIC: [8] Undefined offset: 0 C:\PHPWAMP_IN3\wwwroot\carshop\Application\Runtime\Cache\Admin\1e63603cb0c0765e0de965aee951a747.php 第 94 行.
NOTIC: [8] Undefined offset: 0 C:\PHPWAMP_IN3\wwwroot\carshop\Application\Runtime\Cache\Admin\1e63603cb0c0765e0de965aee951a747.php 第 94 行.
NOTIC: [8] Undefined offset: 0 C:\PHPWAMP_IN3\wwwroot\carshop\Application\Runtime\Cache\Admin\1e63603cb0c0765e0de965aee951a747.php 第 94 行.
NOTIC: [8] Undefined offset: 0 C:\PHPWAMP_IN3\wwwroot\carshop\Application\Runtime\Cache\Admin\1e63603cb0c0765e0de965aee951a747.php 第 94 行.
NOTIC: [8] Undefined offset: 0 C:\PHPWAMP_IN3\wwwroot\carshop\Application\Runtime\Cache\Admin\1e63603cb0c0765e0de965aee951a747.php 第 94 行.
NOTIC: [8] Undefined offset: 0 C:\PHPWAMP_IN3\wwwroot\carshop\Application\Runtime\Cache\Admin\1e63603cb0c0765e0de965aee951a747.php 第 94 行.
NOTIC: [8] Undefined offset: 0 C:\PHPWAMP_IN3\wwwroot\carshop\Application\Runtime\Cache\Admin\1e63603cb0c0765e0de965aee951a747.php 第 94 行.
NOTIC: [8] Undefined offset: 0 C:\PHPWAMP_IN3\wwwroot\carshop\Application\Runtime\Cache\Admin\1e63603cb0c0765e0de965aee951a747.php 第 94 行.
NOTIC: [8] Undefined offset: 0 C:\PHPWAMP_IN3\wwwroot\carshop\Application\Runtime\Cache\Admin\1e63603cb0c0765e0de965aee951a747.php 第 94 行.
NOTIC: [8] Undefined offset: 0 C:\PHPWAMP_IN3\wwwroot\carshop\Application\Runtime\Cache\Admin\1e63603cb0c0765e0de965aee951a747.php 第 94 行.
NOTIC: [8] Undefined offset: 0 C:\PHPWAMP_IN3\wwwroot\carshop\Application\Runtime\Cache\Admin\1e63603cb0c0765e0de965aee951a747.php 第 94 行.
NOTIC: [8] Undefined offset: 0 C:\PHPWAMP_IN3\wwwroot\carshop\Application\Runtime\Cache\Admin\1e63603cb0c0765e0de965aee951a747.php 第 94 行.
NOTIC: [8] Undefined offset: 0 C:\PHPWAMP_IN3\wwwroot\carshop\Application\Runtime\Cache\Admin\1e63603cb0c0765e0de965aee951a747.php 第 94 行.
NOTIC: [8] Undefined offset: 0 C:\PHPWAMP_IN3\wwwroot\carshop\Application\Runtime\Cache\Admin\1e63603cb0c0765e0de965aee951a747.php 第 94 行.
NOTIC: [8] Undefined offset: 0 C:\PHPWAMP_IN3\wwwroot\carshop\Application\Runtime\Cache\Admin\1e63603cb0c0765e0de965aee951a747.php 第 94 行.
NOTIC: [8] Undefined offset: 0 C:\PHPWAMP_IN3\wwwroot\carshop\Application\Runtime\Cache\Admin\1e63603cb0c0765e0de965aee951a747.php 第 94 行.
NOTIC: [8] Undefined offset: 0 C:\PHPWAMP_IN3\wwwroot\carshop\Application\Runtime\Cache\Admin\1e63603cb0c0765e0de965aee951a747.php 第 94 行.
NOTIC: [8] Undefined offset: 0 C:\PHPWAMP_IN3\wwwroot\carshop\Application\Runtime\Cache\Admin\1e63603cb0c0765e0de965aee951a747.php 第 94 行.
NOTIC: [8] Undefined offset: 0 C:\PHPWAMP_IN3\wwwroot\carshop\Application\Runtime\Cache\Admin\1e63603cb0c0765e0de965aee951a747.php 第 94 行.
NOTIC: [8] Undefined offset: 0 C:\PHPWAMP_IN3\wwwroot\carshop\Application\Runtime\Cache\Admin\1e63603cb0c0765e0de965aee951a747.php 第 94 行.
NOTIC: [8] Undefined offset: 0 C:\PHPWAMP_IN3\wwwroot\carshop\Application\Runtime\Cache\Admin\1e63603cb0c0765e0de965aee951a747.php 第 94 行.
INFO: Run Behavior\ParseTemplateBehavior [ RunTime:0.021624s ]
INFO: [ view_parse ] --END-- [ RunTime:0.021686s ]
INFO: [ view_filter ] --START--
INFO: Run Behavior\WriteHtmlCacheBehavior [ RunTime:0.000434s ]
INFO: [ view_filter ] --END-- [ RunTime:0.000483s ]
INFO: [ app_end ] --START--
INFO: Run Behavior\ShowPageTraceBehavior [ RunTime:0.000707s ]
INFO: [ app_end ] --END-- [ RunTime:0.000784s ]

